[0.082s] Invoking command in '/sbel/gazebo-demo/build/prius_description': CMAKE_PREFIX_PATH=${CMAKE_PREFIX_PATH}:/opt/ros/humble /usr/bin/cmake /sbel/gazebo-demo/prius_description -DAMENT_CMAKE_SYMLINK_INSTALL=1 -DCMAKE_INSTALL_PREFIX=/sbel/gazebo-demo/install/prius_description
[0.092s] -- Found ament_cmake: 1.3.5 (/opt/ros/humble/share/ament_cmake/cmake)
[0.191s] -- Override CMake install command with custom implementation using symlinks instead of copying resources
[0.214s] [31mCMake Error at CMakeLists.txt:5 (find_package):
[0.214s]   By not providing "Findxacro.cmake" in CMAKE_MODULE_PATH this project has
[0.214s]   asked CMake to find a package configuration file provided by "xacro", but
[0.214s]   CMake did not find one.
[0.214s] 
[0.214s]   Could not find a package configuration file provided by "xacro" with any of
[0.214s]   the following names:
[0.214s] 
[0.214s]     xacroConfig.cmake
[0.214s]     xacro-config.cmake
[0.215s] 
[0.215s]   Add the installation prefix of "xacro" to CMAKE_PREFIX_PATH or set
[0.215s]   "xacro_DIR" to a directory containing one of the above files.  If "xacro"
[0.215s]   provides a separate development package or SDK, be sure it has been
[0.215s]   installed.
[0.215s] 
[0.215s] [0m
[0.215s] -- Configuring incomplete, errors occurred!
[0.215s] See also "/sbel/gazebo-demo/build/prius_description/CMakeFiles/CMakeOutput.log".
[0.217s] Invoked command in '/sbel/gazebo-demo/build/prius_description' returned '1': CMAKE_PREFIX_PATH=${CMAKE_PREFIX_PATH}:/opt/ros/humble /usr/bin/cmake /sbel/gazebo-demo/prius_description -DAMENT_CMAKE_SYMLINK_INSTALL=1 -DCMAKE_INSTALL_PREFIX=/sbel/gazebo-demo/install/prius_description
