[0.983s] DEBUG:colcon:Command line arguments: ['/usr/bin/colcon', 'build']
[0.983s] DEBUG:colcon:Parsed command line arguments: Namespace(log_base=None, log_level=None, verb_name='build', build_base='build', install_base='install', merge_install=False, symlink_install=False, test_result_base=None, continue_on_error=False, executor='parallel', parallel_workers=16, event_handlers=None, ignore_user_meta=False, metas=['./colcon.meta'], base_paths=['.'], packages_ignore=None, packages_ignore_regex=None, paths=None, packages_up_to=None, packages_up_to_regex=None, packages_above=None, packages_above_and_dependencies=None, packages_above_depth=None, packages_select_by_dep=None, packages_skip_by_dep=None, packages_skip_up_to=None, packages_select_build_failed=False, packages_skip_build_finished=False, packages_select_test_failures=False, packages_skip_test_passed=False, packages_select=None, packages_skip=None, packages_select_regex=None, packages_skip_regex=None, packages_start=None, packages_end=None, allow_overriding=[], cmake_args=None, cmake_target=None, cmake_target_skip_unavailable=False, cmake_clean_cache=False, cmake_clean_first=False, cmake_force_configure=False, ament_cmake_args=None, catkin_cmake_args=None, catkin_skip_building_tests=False, verb_parser=<colcon_defaults.argument_parser.defaults.DefaultArgumentsDecorator object at 0x796fbb890c40>, verb_extension=<colcon_core.verb.build.BuildVerb object at 0x796fbb8932b0>, main=<bound method BuildVerb.main of <colcon_core.verb.build.BuildVerb object at 0x796fbb8932b0>>)
[1.031s] Level 1:colcon.colcon_core.package_discovery:discover_packages(colcon_meta) check parameters
[1.031s] Level 1:colcon.colcon_core.package_discovery:discover_packages(recursive) check parameters
[1.031s] Level 1:colcon.colcon_core.package_discovery:discover_packages(ignore) check parameters
[1.031s] Level 1:colcon.colcon_core.package_discovery:discover_packages(path) check parameters
[1.031s] Level 1:colcon.colcon_core.package_discovery:discover_packages(colcon_meta) discover
[1.031s] Level 1:colcon.colcon_core.package_discovery:discover_packages(recursive) discover
[1.031s] INFO:colcon.colcon_core.package_discovery:Crawling recursively for packages in '/sbel/gazebo-demo'
[1.031s] Level 1:colcon.colcon_core.package_identification:_identify(.) by extensions ['ignore', 'ignore_ament_install']
[1.031s] Level 1:colcon.colcon_core.package_identification:_identify(.) by extension 'ignore'
[1.031s] Level 1:colcon.colcon_core.package_identification:_identify(.) by extension 'ignore_ament_install'
[1.031s] Level 1:colcon.colcon_core.package_identification:_identify(.) by extensions ['colcon_pkg']
[1.032s] Level 1:colcon.colcon_core.package_identification:_identify(.) by extension 'colcon_pkg'
[1.032s] Level 1:colcon.colcon_core.package_identification:_identify(.) by extensions ['colcon_meta']
[1.032s] Level 1:colcon.colcon_core.package_identification:_identify(.) by extension 'colcon_meta'
[1.032s] Level 1:colcon.colcon_core.package_identification:_identify(.) by extensions ['ros']
[1.032s] Level 1:colcon.colcon_core.package_identification:_identify(.) by extension 'ros'
[1.045s] Level 1:colcon.colcon_core.package_identification:_identify(.) by extensions ['cmake', 'python']
[1.045s] Level 1:colcon.colcon_core.package_identification:_identify(.) by extension 'cmake'
[1.045s] Level 1:colcon.colcon_core.package_identification:_identify(.) by extension 'python'
[1.045s] Level 1:colcon.colcon_core.package_identification:_identify(.) by extensions ['python_setup_py']
[1.045s] Level 1:colcon.colcon_core.package_identification:_identify(.) by extension 'python_setup_py'
[1.045s] Level 1:colcon.colcon_core.package_identification:_identify(assets) by extensions ['ignore', 'ignore_ament_install']
[1.046s] Level 1:colcon.colcon_core.package_identification:_identify(assets) by extension 'ignore'
[1.046s] Level 1:colcon.colcon_core.package_identification:_identify(assets) by extension 'ignore_ament_install'
[1.046s] Level 1:colcon.colcon_core.package_identification:_identify(assets) by extensions ['colcon_pkg']
[1.046s] Level 1:colcon.colcon_core.package_identification:_identify(assets) by extension 'colcon_pkg'
[1.046s] Level 1:colcon.colcon_core.package_identification:_identify(assets) by extensions ['colcon_meta']
[1.046s] Level 1:colcon.colcon_core.package_identification:_identify(assets) by extension 'colcon_meta'
[1.046s] Level 1:colcon.colcon_core.package_identification:_identify(assets) by extensions ['ros']
[1.046s] Level 1:colcon.colcon_core.package_identification:_identify(assets) by extension 'ros'
[1.046s] Level 1:colcon.colcon_core.package_identification:_identify(assets) by extensions ['cmake', 'python']
[1.046s] Level 1:colcon.colcon_core.package_identification:_identify(assets) by extension 'cmake'
[1.046s] Level 1:colcon.colcon_core.package_identification:_identify(assets) by extension 'python'
[1.046s] Level 1:colcon.colcon_core.package_identification:_identify(assets) by extensions ['python_setup_py']
[1.046s] Level 1:colcon.colcon_core.package_identification:_identify(assets) by extension 'python_setup_py'
[1.046s] Level 1:colcon.colcon_core.package_identification:_identify(build) by extensions ['ignore', 'ignore_ament_install']
[1.046s] Level 1:colcon.colcon_core.package_identification:_identify(build) by extension 'ignore'
[1.047s] Level 1:colcon.colcon_core.package_identification:_identify(build) ignored
[1.047s] Level 1:colcon.colcon_core.package_identification:_identify(car_demo) by extensions ['ignore', 'ignore_ament_install']
[1.047s] Level 1:colcon.colcon_core.package_identification:_identify(car_demo) by extension 'ignore'
[1.047s] Level 1:colcon.colcon_core.package_identification:_identify(car_demo) by extension 'ignore_ament_install'
[1.048s] Level 1:colcon.colcon_core.package_identification:_identify(car_demo) by extensions ['colcon_pkg']
[1.048s] Level 1:colcon.colcon_core.package_identification:_identify(car_demo) by extension 'colcon_pkg'
[1.048s] Level 1:colcon.colcon_core.package_identification:_identify(car_demo) by extensions ['colcon_meta']
[1.048s] Level 1:colcon.colcon_core.package_identification:_identify(car_demo) by extension 'colcon_meta'
[1.048s] Level 1:colcon.colcon_core.package_identification:_identify(car_demo) by extensions ['ros']
[1.048s] Level 1:colcon.colcon_core.package_identification:_identify(car_demo) by extension 'ros'
[1.051s] DEBUG:colcon.colcon_core.package_identification:Package 'car_demo' with type 'ros.ament_cmake' and name 'car_demo'
[1.051s] Level 1:colcon.colcon_core.package_identification:_identify(install) by extensions ['ignore', 'ignore_ament_install']
[1.051s] Level 1:colcon.colcon_core.package_identification:_identify(install) by extension 'ignore'
[1.051s] Level 1:colcon.colcon_core.package_identification:_identify(install) ignored
[1.051s] Level 1:colcon.colcon_core.package_identification:_identify(log) by extensions ['ignore', 'ignore_ament_install']
[1.051s] Level 1:colcon.colcon_core.package_identification:_identify(log) by extension 'ignore'
[1.052s] Level 1:colcon.colcon_core.package_identification:_identify(log) ignored
[1.052s] Level 1:colcon.colcon_core.package_identification:_identify(prius_description) by extensions ['ignore', 'ignore_ament_install']
[1.052s] Level 1:colcon.colcon_core.package_identification:_identify(prius_description) by extension 'ignore'
[1.052s] Level 1:colcon.colcon_core.package_identification:_identify(prius_description) by extension 'ignore_ament_install'
[1.053s] Level 1:colcon.colcon_core.package_identification:_identify(prius_description) by extensions ['colcon_pkg']
[1.053s] Level 1:colcon.colcon_core.package_identification:_identify(prius_description) by extension 'colcon_pkg'
[1.053s] Level 1:colcon.colcon_core.package_identification:_identify(prius_description) by extensions ['colcon_meta']
[1.054s] Level 1:colcon.colcon_core.package_identification:_identify(prius_description) by extension 'colcon_meta'
[1.054s] Level 1:colcon.colcon_core.package_identification:_identify(prius_description) by extensions ['ros']
[1.054s] Level 1:colcon.colcon_core.package_identification:_identify(prius_description) by extension 'ros'
[1.055s] DEBUG:colcon.colcon_core.package_identification:Package 'prius_description' with type 'ros.ament_cmake' and name 'prius_description'
[1.056s] Level 1:colcon.colcon_core.package_identification:_identify(prius_msgs) by extensions ['ignore', 'ignore_ament_install']
[1.056s] Level 1:colcon.colcon_core.package_identification:_identify(prius_msgs) by extension 'ignore'
[1.056s] Level 1:colcon.colcon_core.package_identification:_identify(prius_msgs) by extension 'ignore_ament_install'
[1.057s] Level 1:colcon.colcon_core.package_identification:_identify(prius_msgs) by extensions ['colcon_pkg']
[1.057s] Level 1:colcon.colcon_core.package_identification:_identify(prius_msgs) by extension 'colcon_pkg'
[1.057s] Level 1:colcon.colcon_core.package_identification:_identify(prius_msgs) by extensions ['colcon_meta']
[1.057s] Level 1:colcon.colcon_core.package_identification:_identify(prius_msgs) by extension 'colcon_meta'
[1.057s] Level 1:colcon.colcon_core.package_identification:_identify(prius_msgs) by extensions ['ros']
[1.057s] Level 1:colcon.colcon_core.package_identification:_identify(prius_msgs) by extension 'ros'
[1.058s] DEBUG:colcon.colcon_core.package_identification:Package 'prius_msgs' with type 'ros.ament_cmake' and name 'prius_msgs'
[1.058s] Level 1:colcon.colcon_core.package_discovery:discover_packages(recursive) using defaults
[1.058s] Level 1:colcon.colcon_core.package_discovery:discover_packages(ignore) discover
[1.059s] Level 1:colcon.colcon_core.package_discovery:discover_packages(ignore) using defaults
[1.059s] Level 1:colcon.colcon_core.package_discovery:discover_packages(path) discover
[1.059s] Level 1:colcon.colcon_core.package_discovery:discover_packages(path) using defaults
[1.147s] Level 1:colcon.colcon_core.package_discovery:discover_packages(prefix_path) check parameters
[1.148s] Level 1:colcon.colcon_core.package_discovery:discover_packages(prefix_path) discover
[1.180s] DEBUG:colcon.colcon_installed_package_information.package_discovery:Found 1 installed packages in /chrono_ros_interfaces/install
[1.196s] DEBUG:colcon.colcon_installed_package_information.package_discovery:Found 291 installed packages in /opt/ros/humble
[1.197s] Level 1:colcon.colcon_core.package_discovery:discover_packages(prefix_path) using defaults
[1.293s] Level 5:colcon.colcon_core.verb:set package 'prius_description' build argument 'cmake_args' from command line to 'None'
[1.293s] Level 5:colcon.colcon_core.verb:set package 'prius_description' build argument 'cmake_target' from command line to 'None'
[1.293s] Level 5:colcon.colcon_core.verb:set package 'prius_description' build argument 'cmake_target_skip_unavailable' from command line to 'False'
[1.293s] Level 5:colcon.colcon_core.verb:set package 'prius_description' build argument 'cmake_clean_cache' from command line to 'False'
[1.293s] Level 5:colcon.colcon_core.verb:set package 'prius_description' build argument 'cmake_clean_first' from command line to 'False'
[1.293s] Level 5:colcon.colcon_core.verb:set package 'prius_description' build argument 'cmake_force_configure' from command line to 'False'
[1.293s] Level 5:colcon.colcon_core.verb:set package 'prius_description' build argument 'ament_cmake_args' from command line to 'None'
[1.293s] Level 5:colcon.colcon_core.verb:set package 'prius_description' build argument 'catkin_cmake_args' from command line to 'None'
[1.293s] Level 5:colcon.colcon_core.verb:set package 'prius_description' build argument 'catkin_skip_building_tests' from command line to 'False'
[1.294s] DEBUG:colcon.colcon_core.verb:Building package 'prius_description' with the following arguments: {'ament_cmake_args': None, 'build_base': '/sbel/gazebo-demo/build/prius_description', 'catkin_cmake_args': None, 'catkin_skip_building_tests': False, 'cmake_args': None, 'cmake_clean_cache': False, 'cmake_clean_first': False, 'cmake_force_configure': False, 'cmake_target': None, 'cmake_target_skip_unavailable': False, 'install_base': '/sbel/gazebo-demo/install/prius_description', 'merge_install': False, 'path': '/sbel/gazebo-demo/prius_description', 'symlink_install': False, 'test_result_base': None}
[1.307s] Level 5:colcon.colcon_core.verb:set package 'prius_msgs' build argument 'cmake_args' from command line to 'None'
[1.307s] Level 5:colcon.colcon_core.verb:set package 'prius_msgs' build argument 'cmake_target' from command line to 'None'
[1.307s] Level 5:colcon.colcon_core.verb:set package 'prius_msgs' build argument 'cmake_target_skip_unavailable' from command line to 'False'
[1.308s] Level 5:colcon.colcon_core.verb:set package 'prius_msgs' build argument 'cmake_clean_cache' from command line to 'False'
[1.308s] Level 5:colcon.colcon_core.verb:set package 'prius_msgs' build argument 'cmake_clean_first' from command line to 'False'
[1.308s] Level 5:colcon.colcon_core.verb:set package 'prius_msgs' build argument 'cmake_force_configure' from command line to 'False'
[1.308s] Level 5:colcon.colcon_core.verb:set package 'prius_msgs' build argument 'ament_cmake_args' from command line to 'None'
[1.308s] Level 5:colcon.colcon_core.verb:set package 'prius_msgs' build argument 'catkin_cmake_args' from command line to 'None'
[1.309s] Level 5:colcon.colcon_core.verb:set package 'prius_msgs' build argument 'catkin_skip_building_tests' from command line to 'False'
[1.309s] DEBUG:colcon.colcon_core.verb:Building package 'prius_msgs' with the following arguments: {'ament_cmake_args': None, 'build_base': '/sbel/gazebo-demo/build/prius_msgs', 'catkin_cmake_args': None, 'catkin_skip_building_tests': False, 'cmake_args': None, 'cmake_clean_cache': False, 'cmake_clean_first': False, 'cmake_force_configure': False, 'cmake_target': None, 'cmake_target_skip_unavailable': False, 'install_base': '/sbel/gazebo-demo/install/prius_msgs', 'merge_install': False, 'path': '/sbel/gazebo-demo/prius_msgs', 'symlink_install': False, 'test_result_base': None}
[1.322s] Level 5:colcon.colcon_core.verb:set package 'car_demo' build argument 'cmake_args' from command line to 'None'
[1.322s] Level 5:colcon.colcon_core.verb:set package 'car_demo' build argument 'cmake_target' from command line to 'None'
[1.322s] Level 5:colcon.colcon_core.verb:set package 'car_demo' build argument 'cmake_target_skip_unavailable' from command line to 'False'
[1.322s] Level 5:colcon.colcon_core.verb:set package 'car_demo' build argument 'cmake_clean_cache' from command line to 'False'
[1.322s] Level 5:colcon.colcon_core.verb:set package 'car_demo' build argument 'cmake_clean_first' from command line to 'False'
[1.322s] Level 5:colcon.colcon_core.verb:set package 'car_demo' build argument 'cmake_force_configure' from command line to 'False'
[1.322s] Level 5:colcon.colcon_core.verb:set package 'car_demo' build argument 'ament_cmake_args' from command line to 'None'
[1.322s] Level 5:colcon.colcon_core.verb:set package 'car_demo' build argument 'catkin_cmake_args' from command line to 'None'
[1.322s] Level 5:colcon.colcon_core.verb:set package 'car_demo' build argument 'catkin_skip_building_tests' from command line to 'False'
[1.322s] DEBUG:colcon.colcon_core.verb:Building package 'car_demo' with the following arguments: {'ament_cmake_args': None, 'build_base': '/sbel/gazebo-demo/build/car_demo', 'catkin_cmake_args': None, 'catkin_skip_building_tests': False, 'cmake_args': None, 'cmake_clean_cache': False, 'cmake_clean_first': False, 'cmake_force_configure': False, 'cmake_target': None, 'cmake_target_skip_unavailable': False, 'install_base': '/sbel/gazebo-demo/install/car_demo', 'merge_install': False, 'path': '/sbel/gazebo-demo/car_demo', 'symlink_install': False, 'test_result_base': None}
[1.336s] INFO:colcon.colcon_core.executor:Executing jobs using 'parallel' executor
[1.350s] DEBUG:colcon.colcon_parallel_executor.executor.parallel:run_until_complete
[1.350s] INFO:colcon.colcon_ros.task.ament_cmake.build:Building ROS package in '/sbel/gazebo-demo/prius_description' with build type 'ament_cmake'
[1.350s] INFO:colcon.colcon_cmake.task.cmake.build:Building CMake package in '/sbel/gazebo-demo/prius_description'
[1.366s] INFO:colcon.colcon_core.plugin_system:Skipping extension 'colcon_core.shell.bat': Not used on non-Windows systems
[1.366s] INFO:colcon.colcon_core.shell:Skip shell extension 'powershell' for command environment: Not usable outside of PowerShell
[1.366s] DEBUG:colcon.colcon_core.shell:Skip shell extension 'dsv' for command environment
[1.414s] INFO:colcon.colcon_ros.task.ament_cmake.build:Building ROS package in '/sbel/gazebo-demo/prius_msgs' with build type 'ament_cmake'
[1.414s] INFO:colcon.colcon_cmake.task.cmake.build:Building CMake package in '/sbel/gazebo-demo/prius_msgs'
[1.428s] INFO:colcon.colcon_core.shell:Skip shell extension 'powershell' for command environment: Not usable outside of PowerShell
[1.428s] DEBUG:colcon.colcon_core.shell:Skip shell extension 'dsv' for command environment
[1.486s] DEBUG:colcon.colcon_core.event_handler.log_command:Invoking command in '/sbel/gazebo-demo/build/prius_description': CMAKE_PREFIX_PATH=${CMAKE_PREFIX_PATH}:/opt/ros/humble /usr/bin/cmake --build /sbel/gazebo-demo/build/prius_description -- -j16 -l16
[1.490s] DEBUG:colcon.colcon_core.event_handler.log_command:Invoking command in '/sbel/gazebo-demo/build/prius_msgs': CMAKE_PREFIX_PATH=${CMAKE_PREFIX_PATH}:/opt/ros/humble /usr/bin/cmake --build /sbel/gazebo-demo/build/prius_msgs -- -j16 -l16
[1.537s] DEBUG:colcon.colcon_core.event_handler.log_command:Invoked command in '/sbel/gazebo-demo/build/prius_description' returned '0': CMAKE_PREFIX_PATH=${CMAKE_PREFIX_PATH}:/opt/ros/humble /usr/bin/cmake --build /sbel/gazebo-demo/build/prius_description -- -j16 -l16
[1.581s] DEBUG:colcon.colcon_core.event_handler.log_command:Invoking command in '/sbel/gazebo-demo/build/prius_description': CMAKE_PREFIX_PATH=${CMAKE_PREFIX_PATH}:/opt/ros/humble /usr/bin/cmake --install /sbel/gazebo-demo/build/prius_description
[1.612s] Level 1:colcon.colcon_core.environment:create_environment_scripts_only(prius_description)
[1.616s] DEBUG:colcon.colcon_core.event_handler.log_command:Invoked command in '/sbel/gazebo-demo/build/prius_description' returned '0': CMAKE_PREFIX_PATH=${CMAKE_PREFIX_PATH}:/opt/ros/humble /usr/bin/cmake --install /sbel/gazebo-demo/build/prius_description
[1.633s] Level 1:colcon.colcon_core.environment:checking '/sbel/gazebo-demo/install/prius_description' for CMake module files
[1.634s] Level 1:colcon.colcon_core.environment:checking '/sbel/gazebo-demo/install/prius_description' for CMake config files
[1.634s] Level 1:colcon.colcon_core.shell:create_environment_hook('prius_description', 'cmake_prefix_path')
[1.650s] INFO:colcon.colcon_core.shell:Creating environment hook '/sbel/gazebo-demo/install/prius_description/share/prius_description/hook/cmake_prefix_path.ps1'
[1.652s] INFO:colcon.colcon_core.shell:Creating environment descriptor '/sbel/gazebo-demo/install/prius_description/share/prius_description/hook/cmake_prefix_path.dsv'
[1.652s] INFO:colcon.colcon_core.shell:Creating environment hook '/sbel/gazebo-demo/install/prius_description/share/prius_description/hook/cmake_prefix_path.sh'
[1.653s] Level 1:colcon.colcon_core.environment:checking '/sbel/gazebo-demo/install/prius_description/bin'
[1.653s] Level 1:colcon.colcon_core.environment:checking '/sbel/gazebo-demo/install/prius_description/lib/pkgconfig/prius_description.pc'
[1.654s] Level 1:colcon.colcon_core.environment:checking '/sbel/gazebo-demo/install/prius_description/lib/python3.10/site-packages'
[1.654s] Level 1:colcon.colcon_core.environment:checking '/sbel/gazebo-demo/install/prius_description/bin'
[1.668s] INFO:colcon.colcon_core.shell:Creating package script '/sbel/gazebo-demo/install/prius_description/share/prius_description/package.ps1'
[1.669s] INFO:colcon.colcon_core.shell:Creating package descriptor '/sbel/gazebo-demo/install/prius_description/share/prius_description/package.dsv'
[1.669s] INFO:colcon.colcon_core.shell:Creating package script '/sbel/gazebo-demo/install/prius_description/share/prius_description/package.sh'
[1.669s] INFO:colcon.colcon_core.shell:Creating package script '/sbel/gazebo-demo/install/prius_description/share/prius_description/package.bash'
[1.670s] INFO:colcon.colcon_core.shell:Creating package script '/sbel/gazebo-demo/install/prius_description/share/prius_description/package.zsh'
[1.670s] Level 1:colcon.colcon_core.environment:create_file_with_runtime_dependencies(/sbel/gazebo-demo/install/prius_description/share/colcon-core/packages/prius_description)
[1.718s] Level 1:colcon.colcon_core.environment:create_environment_scripts_only(prius_description)
[1.746s] Level 1:colcon.colcon_core.environment:checking '/sbel/gazebo-demo/install/prius_description' for CMake module files
[1.747s] Level 1:colcon.colcon_core.environment:checking '/sbel/gazebo-demo/install/prius_description' for CMake config files
[1.747s] Level 1:colcon.colcon_core.shell:create_environment_hook('prius_description', 'cmake_prefix_path')
[1.765s] INFO:colcon.colcon_core.shell:Creating environment hook '/sbel/gazebo-demo/install/prius_description/share/prius_description/hook/cmake_prefix_path.ps1'
[1.766s] INFO:colcon.colcon_core.shell:Creating environment descriptor '/sbel/gazebo-demo/install/prius_description/share/prius_description/hook/cmake_prefix_path.dsv'
[1.767s] INFO:colcon.colcon_core.shell:Creating environment hook '/sbel/gazebo-demo/install/prius_description/share/prius_description/hook/cmake_prefix_path.sh'
[1.768s] Level 1:colcon.colcon_core.environment:checking '/sbel/gazebo-demo/install/prius_description/bin'
[1.768s] Level 1:colcon.colcon_core.environment:checking '/sbel/gazebo-demo/install/prius_description/lib/pkgconfig/prius_description.pc'
[1.768s] Level 1:colcon.colcon_core.environment:checking '/sbel/gazebo-demo/install/prius_description/lib/python3.10/site-packages'
[1.769s] Level 1:colcon.colcon_core.environment:checking '/sbel/gazebo-demo/install/prius_description/bin'
[1.789s] INFO:colcon.colcon_core.shell:Creating package script '/sbel/gazebo-demo/install/prius_description/share/prius_description/package.ps1'
[1.790s] INFO:colcon.colcon_core.shell:Creating package descriptor '/sbel/gazebo-demo/install/prius_description/share/prius_description/package.dsv'
[1.790s] INFO:colcon.colcon_core.shell:Creating package script '/sbel/gazebo-demo/install/prius_description/share/prius_description/package.sh'
[1.791s] INFO:colcon.colcon_core.shell:Creating package script '/sbel/gazebo-demo/install/prius_description/share/prius_description/package.bash'
[1.791s] INFO:colcon.colcon_core.shell:Creating package script '/sbel/gazebo-demo/install/prius_description/share/prius_description/package.zsh'
[1.792s] Level 1:colcon.colcon_core.environment:create_file_with_runtime_dependencies(/sbel/gazebo-demo/install/prius_description/share/colcon-core/packages/prius_description)
[1.900s] DEBUG:colcon.colcon_core.event_handler.log_command:Invoked command in '/sbel/gazebo-demo/build/prius_msgs' returned '0': CMAKE_PREFIX_PATH=${CMAKE_PREFIX_PATH}:/opt/ros/humble /usr/bin/cmake --build /sbel/gazebo-demo/build/prius_msgs -- -j16 -l16
[1.998s] DEBUG:colcon.colcon_core.event_handler.log_command:Invoking command in '/sbel/gazebo-demo/build/prius_msgs': CMAKE_PREFIX_PATH=${CMAKE_PREFIX_PATH}:/opt/ros/humble /usr/bin/cmake --install /sbel/gazebo-demo/build/prius_msgs
[2.063s] Level 1:colcon.colcon_core.environment:create_environment_scripts_only(prius_msgs)
[2.063s] DEBUG:colcon.colcon_core.event_handler.log_command:Invoked command in '/sbel/gazebo-demo/build/prius_msgs' returned '0': CMAKE_PREFIX_PATH=${CMAKE_PREFIX_PATH}:/opt/ros/humble /usr/bin/cmake --install /sbel/gazebo-demo/build/prius_msgs
[2.077s] Level 1:colcon.colcon_core.environment:checking '/sbel/gazebo-demo/install/prius_msgs' for CMake module files
[2.078s] Level 1:colcon.colcon_core.environment:checking '/sbel/gazebo-demo/install/prius_msgs' for CMake config files
[2.078s] Level 1:colcon.colcon_core.shell:create_environment_hook('prius_msgs', 'cmake_prefix_path')
[2.093s] INFO:colcon.colcon_core.shell:Creating environment hook '/sbel/gazebo-demo/install/prius_msgs/share/prius_msgs/hook/cmake_prefix_path.ps1'
[2.093s] INFO:colcon.colcon_core.shell:Creating environment descriptor '/sbel/gazebo-demo/install/prius_msgs/share/prius_msgs/hook/cmake_prefix_path.dsv'
[2.093s] INFO:colcon.colcon_core.shell:Creating environment hook '/sbel/gazebo-demo/install/prius_msgs/share/prius_msgs/hook/cmake_prefix_path.sh'
[2.094s] Level 1:colcon.colcon_core.environment:checking '/sbel/gazebo-demo/install/prius_msgs/lib'
[2.094s] Level 1:colcon.colcon_core.shell:create_environment_hook('prius_msgs', 'ld_library_path_lib')
[2.108s] INFO:colcon.colcon_core.shell:Creating environment hook '/sbel/gazebo-demo/install/prius_msgs/share/prius_msgs/hook/ld_library_path_lib.ps1'
[2.109s] INFO:colcon.colcon_core.shell:Creating environment descriptor '/sbel/gazebo-demo/install/prius_msgs/share/prius_msgs/hook/ld_library_path_lib.dsv'
[2.109s] INFO:colcon.colcon_core.shell:Creating environment hook '/sbel/gazebo-demo/install/prius_msgs/share/prius_msgs/hook/ld_library_path_lib.sh'
[2.110s] Level 1:colcon.colcon_core.environment:checking '/sbel/gazebo-demo/install/prius_msgs/bin'
[2.110s] Level 1:colcon.colcon_core.environment:checking '/sbel/gazebo-demo/install/prius_msgs/lib/pkgconfig/prius_msgs.pc'
[2.110s] Level 1:colcon.colcon_core.environment:checking '/sbel/gazebo-demo/install/prius_msgs/lib/python3.10/site-packages'
[2.110s] Level 1:colcon.colcon_core.environment:checking '/sbel/gazebo-demo/install/prius_msgs/bin'
[2.124s] INFO:colcon.colcon_core.shell:Creating package script '/sbel/gazebo-demo/install/prius_msgs/share/prius_msgs/package.ps1'
[2.126s] INFO:colcon.colcon_core.shell:Creating package descriptor '/sbel/gazebo-demo/install/prius_msgs/share/prius_msgs/package.dsv'
[2.126s] INFO:colcon.colcon_core.shell:Creating package script '/sbel/gazebo-demo/install/prius_msgs/share/prius_msgs/package.sh'
[2.127s] INFO:colcon.colcon_core.shell:Creating package script '/sbel/gazebo-demo/install/prius_msgs/share/prius_msgs/package.bash'
[2.127s] INFO:colcon.colcon_core.shell:Creating package script '/sbel/gazebo-demo/install/prius_msgs/share/prius_msgs/package.zsh'
[2.128s] Level 1:colcon.colcon_core.environment:create_file_with_runtime_dependencies(/sbel/gazebo-demo/install/prius_msgs/share/colcon-core/packages/prius_msgs)
[2.221s] Level 1:colcon.colcon_core.environment:create_environment_scripts_only(prius_msgs)
[2.235s] Level 1:colcon.colcon_core.environment:checking '/sbel/gazebo-demo/install/prius_msgs' for CMake module files
[2.236s] Level 1:colcon.colcon_core.environment:checking '/sbel/gazebo-demo/install/prius_msgs' for CMake config files
[2.237s] Level 1:colcon.colcon_core.shell:create_environment_hook('prius_msgs', 'cmake_prefix_path')
[2.253s] INFO:colcon.colcon_core.shell:Creating environment hook '/sbel/gazebo-demo/install/prius_msgs/share/prius_msgs/hook/cmake_prefix_path.ps1'
[2.254s] INFO:colcon.colcon_core.shell:Creating environment descriptor '/sbel/gazebo-demo/install/prius_msgs/share/prius_msgs/hook/cmake_prefix_path.dsv'
[2.255s] INFO:colcon.colcon_core.shell:Creating environment hook '/sbel/gazebo-demo/install/prius_msgs/share/prius_msgs/hook/cmake_prefix_path.sh'
[2.255s] Level 1:colcon.colcon_core.environment:checking '/sbel/gazebo-demo/install/prius_msgs/lib'
[2.256s] Level 1:colcon.colcon_core.shell:create_environment_hook('prius_msgs', 'ld_library_path_lib')
[2.269s] INFO:colcon.colcon_core.shell:Creating environment hook '/sbel/gazebo-demo/install/prius_msgs/share/prius_msgs/hook/ld_library_path_lib.ps1'
[2.269s] INFO:colcon.colcon_core.shell:Creating environment descriptor '/sbel/gazebo-demo/install/prius_msgs/share/prius_msgs/hook/ld_library_path_lib.dsv'
[2.269s] INFO:colcon.colcon_core.shell:Creating environment hook '/sbel/gazebo-demo/install/prius_msgs/share/prius_msgs/hook/ld_library_path_lib.sh'
[2.270s] Level 1:colcon.colcon_core.environment:checking '/sbel/gazebo-demo/install/prius_msgs/bin'
[2.270s] Level 1:colcon.colcon_core.environment:checking '/sbel/gazebo-demo/install/prius_msgs/lib/pkgconfig/prius_msgs.pc'
[2.270s] Level 1:colcon.colcon_core.environment:checking '/sbel/gazebo-demo/install/prius_msgs/lib/python3.10/site-packages'
[2.270s] Level 1:colcon.colcon_core.environment:checking '/sbel/gazebo-demo/install/prius_msgs/bin'
[2.284s] INFO:colcon.colcon_core.shell:Creating package script '/sbel/gazebo-demo/install/prius_msgs/share/prius_msgs/package.ps1'
[2.285s] INFO:colcon.colcon_core.shell:Creating package descriptor '/sbel/gazebo-demo/install/prius_msgs/share/prius_msgs/package.dsv'
[2.286s] INFO:colcon.colcon_core.shell:Creating package script '/sbel/gazebo-demo/install/prius_msgs/share/prius_msgs/package.sh'
[2.287s] INFO:colcon.colcon_core.shell:Creating package script '/sbel/gazebo-demo/install/prius_msgs/share/prius_msgs/package.bash'
[2.288s] INFO:colcon.colcon_core.shell:Creating package script '/sbel/gazebo-demo/install/prius_msgs/share/prius_msgs/package.zsh'
[2.288s] Level 1:colcon.colcon_core.environment:create_file_with_runtime_dependencies(/sbel/gazebo-demo/install/prius_msgs/share/colcon-core/packages/prius_msgs)
[2.289s] INFO:colcon.colcon_ros.task.ament_cmake.build:Building ROS package in '/sbel/gazebo-demo/car_demo' with build type 'ament_cmake'
[2.289s] INFO:colcon.colcon_cmake.task.cmake.build:Building CMake package in '/sbel/gazebo-demo/car_demo'
[2.304s] INFO:colcon.colcon_core.shell:Skip shell extension 'powershell' for command environment: Not usable outside of PowerShell
[2.304s] DEBUG:colcon.colcon_core.shell:Skip shell extension 'dsv' for command environment
[2.377s] DEBUG:colcon.colcon_core.event_handler.log_command:Invoking command in '/sbel/gazebo-demo/build/car_demo': AMENT_PREFIX_PATH=/sbel/gazebo-demo/install/prius_msgs:/sbel/gazebo-demo/install/prius_description:${AMENT_PREFIX_PATH} CMAKE_PREFIX_PATH=/sbel/gazebo-demo/install/prius_msgs:/sbel/gazebo-demo/install/prius_description:/chrono_ros_interfaces/install/chrono_ros_interfaces:/opt/ros/humble GAZEBO_MODEL_PATH=/sbel/gazebo-demo/install/prius_description/share/prius_description/models LD_LIBRARY_PATH=/sbel/gazebo-demo/install/prius_msgs/lib:${LD_LIBRARY_PATH} PYTHONPATH=/sbel/gazebo-demo/install/prius_msgs/local/lib/python3.10/dist-packages:${PYTHONPATH} /usr/bin/cmake --build /sbel/gazebo-demo/build/car_demo -- -j16 -l16
[2.797s] DEBUG:colcon.colcon_core.event_handler.log_command:Invoked command in '/sbel/gazebo-demo/build/car_demo' returned '0': AMENT_PREFIX_PATH=/sbel/gazebo-demo/install/prius_msgs:/sbel/gazebo-demo/install/prius_description:${AMENT_PREFIX_PATH} CMAKE_PREFIX_PATH=/sbel/gazebo-demo/install/prius_msgs:/sbel/gazebo-demo/install/prius_description:/chrono_ros_interfaces/install/chrono_ros_interfaces:/opt/ros/humble GAZEBO_MODEL_PATH=/sbel/gazebo-demo/install/prius_description/share/prius_description/models LD_LIBRARY_PATH=/sbel/gazebo-demo/install/prius_msgs/lib:${LD_LIBRARY_PATH} PYTHONPATH=/sbel/gazebo-demo/install/prius_msgs/local/lib/python3.10/dist-packages:${PYTHONPATH} /usr/bin/cmake --build /sbel/gazebo-demo/build/car_demo -- -j16 -l16
[2.847s] DEBUG:colcon.colcon_core.event_handler.log_command:Invoking command in '/sbel/gazebo-demo/build/car_demo': AMENT_PREFIX_PATH=/sbel/gazebo-demo/install/prius_msgs:/sbel/gazebo-demo/install/prius_description:${AMENT_PREFIX_PATH} CMAKE_PREFIX_PATH=/sbel/gazebo-demo/install/prius_msgs:/sbel/gazebo-demo/install/prius_description:/chrono_ros_interfaces/install/chrono_ros_interfaces:/opt/ros/humble GAZEBO_MODEL_PATH=/sbel/gazebo-demo/install/prius_description/share/prius_description/models LD_LIBRARY_PATH=/sbel/gazebo-demo/install/prius_msgs/lib:${LD_LIBRARY_PATH} PYTHONPATH=/sbel/gazebo-demo/install/prius_msgs/local/lib/python3.10/dist-packages:${PYTHONPATH} /usr/bin/cmake --install /sbel/gazebo-demo/build/car_demo
[2.916s] Level 1:colcon.colcon_core.environment:create_environment_scripts_only(car_demo)
[2.937s] Level 1:colcon.colcon_core.environment:checking '/sbel/gazebo-demo/install/car_demo' for CMake module files
[2.937s] Level 1:colcon.colcon_core.environment:checking '/sbel/gazebo-demo/install/car_demo' for CMake config files
[2.939s] DEBUG:colcon.colcon_core.event_handler.log_command:Invoked command in '/sbel/gazebo-demo/build/car_demo' returned '0': AMENT_PREFIX_PATH=/sbel/gazebo-demo/install/prius_msgs:/sbel/gazebo-demo/install/prius_description:${AMENT_PREFIX_PATH} CMAKE_PREFIX_PATH=/sbel/gazebo-demo/install/prius_msgs:/sbel/gazebo-demo/install/prius_description:/chrono_ros_interfaces/install/chrono_ros_interfaces:/opt/ros/humble GAZEBO_MODEL_PATH=/sbel/gazebo-demo/install/prius_description/share/prius_description/models LD_LIBRARY_PATH=/sbel/gazebo-demo/install/prius_msgs/lib:${LD_LIBRARY_PATH} PYTHONPATH=/sbel/gazebo-demo/install/prius_msgs/local/lib/python3.10/dist-packages:${PYTHONPATH} /usr/bin/cmake --install /sbel/gazebo-demo/build/car_demo
[2.941s] Level 1:colcon.colcon_core.shell:create_environment_hook('car_demo', 'cmake_prefix_path')
[2.954s] INFO:colcon.colcon_core.shell:Creating environment hook '/sbel/gazebo-demo/install/car_demo/share/car_demo/hook/cmake_prefix_path.ps1'
[2.955s] INFO:colcon.colcon_core.shell:Creating environment descriptor '/sbel/gazebo-demo/install/car_demo/share/car_demo/hook/cmake_prefix_path.dsv'
[2.955s] INFO:colcon.colcon_core.shell:Creating environment hook '/sbel/gazebo-demo/install/car_demo/share/car_demo/hook/cmake_prefix_path.sh'
[2.956s] Level 1:colcon.colcon_core.environment:checking '/sbel/gazebo-demo/install/car_demo/lib'
[2.956s] Level 1:colcon.colcon_core.shell:create_environment_hook('car_demo', 'ld_library_path_lib')
[2.970s] INFO:colcon.colcon_core.shell:Creating environment hook '/sbel/gazebo-demo/install/car_demo/share/car_demo/hook/ld_library_path_lib.ps1'
[2.970s] INFO:colcon.colcon_core.shell:Creating environment descriptor '/sbel/gazebo-demo/install/car_demo/share/car_demo/hook/ld_library_path_lib.dsv'
[2.971s] INFO:colcon.colcon_core.shell:Creating environment hook '/sbel/gazebo-demo/install/car_demo/share/car_demo/hook/ld_library_path_lib.sh'
[2.971s] Level 1:colcon.colcon_core.environment:checking '/sbel/gazebo-demo/install/car_demo/bin'
[2.971s] Level 1:colcon.colcon_core.environment:checking '/sbel/gazebo-demo/install/car_demo/lib/pkgconfig/car_demo.pc'
[2.971s] Level 1:colcon.colcon_core.environment:checking '/sbel/gazebo-demo/install/car_demo/lib/python3.10/site-packages'
[2.972s] Level 1:colcon.colcon_core.environment:checking '/sbel/gazebo-demo/install/car_demo/bin'
[2.986s] INFO:colcon.colcon_core.shell:Creating package script '/sbel/gazebo-demo/install/car_demo/share/car_demo/package.ps1'
[2.987s] INFO:colcon.colcon_core.shell:Creating package descriptor '/sbel/gazebo-demo/install/car_demo/share/car_demo/package.dsv'
[2.988s] INFO:colcon.colcon_core.shell:Creating package script '/sbel/gazebo-demo/install/car_demo/share/car_demo/package.sh'
[2.989s] INFO:colcon.colcon_core.shell:Creating package script '/sbel/gazebo-demo/install/car_demo/share/car_demo/package.bash'
[2.990s] INFO:colcon.colcon_core.shell:Creating package script '/sbel/gazebo-demo/install/car_demo/share/car_demo/package.zsh'
[2.990s] Level 1:colcon.colcon_core.environment:create_file_with_runtime_dependencies(/sbel/gazebo-demo/install/car_demo/share/colcon-core/packages/car_demo)
[3.051s] Level 1:colcon.colcon_core.environment:create_environment_scripts_only(car_demo)
[3.067s] Level 1:colcon.colcon_core.environment:checking '/sbel/gazebo-demo/install/car_demo' for CMake module files
[3.068s] Level 1:colcon.colcon_core.environment:checking '/sbel/gazebo-demo/install/car_demo' for CMake config files
[3.068s] Level 1:colcon.colcon_core.shell:create_environment_hook('car_demo', 'cmake_prefix_path')
[3.083s] INFO:colcon.colcon_core.shell:Creating environment hook '/sbel/gazebo-demo/install/car_demo/share/car_demo/hook/cmake_prefix_path.ps1'
[3.084s] INFO:colcon.colcon_core.shell:Creating environment descriptor '/sbel/gazebo-demo/install/car_demo/share/car_demo/hook/cmake_prefix_path.dsv'
[3.085s] INFO:colcon.colcon_core.shell:Creating environment hook '/sbel/gazebo-demo/install/car_demo/share/car_demo/hook/cmake_prefix_path.sh'
[3.086s] Level 1:colcon.colcon_core.environment:checking '/sbel/gazebo-demo/install/car_demo/lib'
[3.086s] Level 1:colcon.colcon_core.shell:create_environment_hook('car_demo', 'ld_library_path_lib')
[3.101s] INFO:colcon.colcon_core.shell:Creating environment hook '/sbel/gazebo-demo/install/car_demo/share/car_demo/hook/ld_library_path_lib.ps1'
[3.101s] INFO:colcon.colcon_core.shell:Creating environment descriptor '/sbel/gazebo-demo/install/car_demo/share/car_demo/hook/ld_library_path_lib.dsv'
[3.102s] INFO:colcon.colcon_core.shell:Creating environment hook '/sbel/gazebo-demo/install/car_demo/share/car_demo/hook/ld_library_path_lib.sh'
[3.102s] Level 1:colcon.colcon_core.environment:checking '/sbel/gazebo-demo/install/car_demo/bin'
[3.102s] Level 1:colcon.colcon_core.environment:checking '/sbel/gazebo-demo/install/car_demo/lib/pkgconfig/car_demo.pc'
[3.103s] Level 1:colcon.colcon_core.environment:checking '/sbel/gazebo-demo/install/car_demo/lib/python3.10/site-packages'
[3.103s] Level 1:colcon.colcon_core.environment:checking '/sbel/gazebo-demo/install/car_demo/bin'
[3.118s] INFO:colcon.colcon_core.shell:Creating package script '/sbel/gazebo-demo/install/car_demo/share/car_demo/package.ps1'
[3.119s] INFO:colcon.colcon_core.shell:Creating package descriptor '/sbel/gazebo-demo/install/car_demo/share/car_demo/package.dsv'
[3.120s] INFO:colcon.colcon_core.shell:Creating package script '/sbel/gazebo-demo/install/car_demo/share/car_demo/package.sh'
[3.120s] INFO:colcon.colcon_core.shell:Creating package script '/sbel/gazebo-demo/install/car_demo/share/car_demo/package.bash'
[3.121s] INFO:colcon.colcon_core.shell:Creating package script '/sbel/gazebo-demo/install/car_demo/share/car_demo/package.zsh'
[3.122s] Level 1:colcon.colcon_core.environment:create_file_with_runtime_dependencies(/sbel/gazebo-demo/install/car_demo/share/colcon-core/packages/car_demo)
[3.122s] DEBUG:colcon.colcon_parallel_executor.executor.parallel:closing loop
[3.123s] DEBUG:colcon.colcon_parallel_executor.executor.parallel:loop closed
[3.123s] DEBUG:colcon.colcon_parallel_executor.executor.parallel:run_until_complete finished with '0'
[3.123s] DEBUG:colcon.colcon_core.event_reactor:joining thread
[3.144s] INFO:colcon.colcon_core.plugin_system:Skipping extension 'colcon_notification.desktop_notification.terminal_notifier': Not used on non-Darwin systems
[3.145s] INFO:colcon.colcon_core.plugin_system:Skipping extension 'colcon_notification.desktop_notification.win32': Not used on non-Windows systems
[3.145s] INFO:colcon.colcon_notification.desktop_notification:Sending desktop notification using 'notify2'
[3.156s] DEBUG:colcon.colcon_core.event_reactor:joined thread
[3.172s] INFO:colcon.colcon_core.shell:Creating prefix script '/sbel/gazebo-demo/install/local_setup.ps1'
[3.173s] INFO:colcon.colcon_core.shell:Creating prefix util module '/sbel/gazebo-demo/install/_local_setup_util_ps1.py'
[3.175s] INFO:colcon.colcon_core.shell:Creating prefix chain script '/sbel/gazebo-demo/install/setup.ps1'
[3.189s] INFO:colcon.colcon_core.shell:Creating prefix script '/sbel/gazebo-demo/install/local_setup.sh'
[3.190s] INFO:colcon.colcon_core.shell:Creating prefix util module '/sbel/gazebo-demo/install/_local_setup_util_sh.py'
[3.190s] INFO:colcon.colcon_core.shell:Creating prefix chain script '/sbel/gazebo-demo/install/setup.sh'
[3.205s] INFO:colcon.colcon_core.shell:Creating prefix script '/sbel/gazebo-demo/install/local_setup.bash'
[3.206s] INFO:colcon.colcon_core.shell:Creating prefix chain script '/sbel/gazebo-demo/install/setup.bash'
[3.222s] INFO:colcon.colcon_core.shell:Creating prefix script '/sbel/gazebo-demo/install/local_setup.zsh'
[3.223s] INFO:colcon.colcon_core.shell:Creating prefix chain script '/sbel/gazebo-demo/install/setup.zsh'
