[0.053s] Invoking command in '/sbel/gazebo-demo/build/prius_msgs': CMAKE_PREFIX_PATH=${CMAKE_PREFIX_PATH}:/opt/ros/humble /usr/bin/cmake /sbel/gazebo-demo/prius_msgs -DCMAKE_INSTALL_PREFIX=/sbel/gazebo-demo/install/prius_msgs
[0.093s] -- The C compiler identification is GNU 11.4.0
[0.135s] -- The CXX compiler identification is GNU 11.4.0
[0.140s] -- Detecting C compiler ABI info
[0.195s] -- Detecting C compiler ABI info - done
[0.199s] -- Check for working C compiler: /usr/bin/cc - skipped
[0.200s] -- Detecting C compile features
[0.200s] -- Detecting C compile features - done
[0.202s] -- Detecting CXX compiler ABI info
[0.264s] -- Detecting CXX compiler ABI info - done
[0.269s] -- Check for working CXX compiler: /usr/bin/c++ - skipped
[0.269s] -- Detecting CXX compile features
[0.270s] -- Detecting CXX compile features - done
[0.273s] -- Found ament_cmake: 1.3.5 (/opt/ros/humble/share/ament_cmake/cmake)
[0.399s] -- Found Python3: /usr/bin/python3.10 (found version "3.10.12") found components: Interpreter 
[0.470s] -- Found builtin_interfaces: 1.2.1 (/opt/ros/humble/share/builtin_interfaces/cmake)
[0.506s] -- Found rosidl_generator_c: 3.1.5 (/opt/ros/humble/share/rosidl_generator_c/cmake)
[0.511s] -- Found rosidl_adapter: 3.1.5 (/opt/ros/humble/share/rosidl_adapter/cmake)
[0.518s] -- Found rosidl_generator_cpp: 3.1.5 (/opt/ros/humble/share/rosidl_generator_cpp/cmake)
[0.529s] -- Using all available rosidl_typesupport_c: rosidl_typesupport_fastrtps_c;rosidl_typesupport_introspection_c
[0.545s] -- Using all available rosidl_typesupport_cpp: rosidl_typesupport_fastrtps_cpp;rosidl_typesupport_introspection_cpp
[0.560s] -- Found rosidl_default_generators: 1.2.0 (/opt/ros/humble/share/rosidl_default_generators/cmake)
[0.568s] -- Found std_msgs: 4.2.3 (/opt/ros/humble/share/std_msgs/cmake)
[0.776s] -- Found ament_cmake_cppcheck: 0.12.8 (/opt/ros/humble/share/ament_cmake_cppcheck/cmake)
[0.778s] -- Found ament_cmake_cpplint: 0.12.8 (/opt/ros/humble/share/ament_cmake_cpplint/cmake)
[0.781s] -- Found ament_cmake_uncrustify: 0.12.8 (/opt/ros/humble/share/ament_cmake_uncrustify/cmake)
[0.783s] -- Found ament_cmake_ros: 0.10.0 (/opt/ros/humble/share/ament_cmake_ros/cmake)
[1.050s] -- Using all available rosidl_typesupport_c: rosidl_typesupport_fastrtps_c;rosidl_typesupport_introspection_c
[1.154s] -- Using all available rosidl_typesupport_cpp: rosidl_typesupport_fastrtps_cpp;rosidl_typesupport_introspection_cpp
[1.171s] -- Found PythonInterp: /usr/bin/python3 (found suitable version "3.10.12", minimum required is "3.6") 
[1.173s] -- Found python_cmake_module: 0.10.0 (/opt/ros/humble/share/python_cmake_module/cmake)
[1.192s] -- Found PythonLibs: /usr/lib/x86_64-linux-gnu/libpython3.10.so (found suitable version "3.10.12", minimum required is "3.5") 
[1.192s] -- Using PYTHON_EXECUTABLE: /usr/bin/python3
[1.192s] -- Using PYTHON_INCLUDE_DIRS: /usr/include/python3.10
[1.192s] -- Using PYTHON_LIBRARIES: /usr/lib/x86_64-linux-gnu/libpython3.10.so
[1.207s] -- Found PythonExtra: .so  
[1.242s] -- Found ament_cmake_flake8: 0.12.8 (/opt/ros/humble/share/ament_cmake_flake8/cmake)
[1.244s] -- Found ament_cmake_pep257: 0.12.8 (/opt/ros/humble/share/ament_cmake_pep257/cmake)
[1.252s] -- Configuring done
[1.283s] -- Generating done
[1.285s] -- Build files have been written to: /sbel/gazebo-demo/build/prius_msgs
[1.291s] Invoked command in '/sbel/gazebo-demo/build/prius_msgs' returned '0': CMAKE_PREFIX_PATH=${CMAKE_PREFIX_PATH}:/opt/ros/humble /usr/bin/cmake /sbel/gazebo-demo/prius_msgs -DCMAKE_INSTALL_PREFIX=/sbel/gazebo-demo/install/prius_msgs
[1.292s] Invoking command in '/sbel/gazebo-demo/build/prius_msgs': CMAKE_PREFIX_PATH=${CMAKE_PREFIX_PATH}:/opt/ros/humble /usr/bin/cmake --build /sbel/gazebo-demo/build/prius_msgs -- -j16 -l16
[1.326s] [  3%] [34m[1mGenerating C code for ROS interfaces[0m
[1.334s] [  6%] [34m[1mGenerating C++ code for ROS interfaces[0m
[1.340s] [  6%] Built target ament_cmake_python_copy_prius_msgs
[1.511s] running egg_info
[1.511s] creating prius_msgs.egg-info
[1.512s] writing prius_msgs.egg-info/PKG-INFO
[1.512s] writing dependency_links to prius_msgs.egg-info/dependency_links.txt
[1.512s] writing top-level names to prius_msgs.egg-info/top_level.txt
[1.512s] writing manifest file 'prius_msgs.egg-info/SOURCES.txt'
[1.513s] reading manifest file 'prius_msgs.egg-info/SOURCES.txt'
[1.514s] writing manifest file 'prius_msgs.egg-info/SOURCES.txt'
[1.524s] [  9%] [32mBuilding C object CMakeFiles/prius_msgs__rosidl_generator_c.dir/rosidl_generator_c/prius_msgs/msg/detail/control__functions.c.o[0m
[1.526s] [  9%] Built target prius_msgs__cpp
[1.532s] [  9%] Built target ament_cmake_python_build_prius_msgs_egg
[1.535s] [ 12%] [34m[1mGenerating C++ type support dispatch for ROS interfaces[0m
[1.535s] [ 16%] [34m[1mGenerating C++ type support for eProsima Fast-RTPS[0m
[1.535s] [ 19%] [34m[1mGenerating C++ introspection for ROS interfaces[0m
[1.562s] [ 22%] [32m[1mLinking C shared library libprius_msgs__rosidl_generator_c.so[0m
[1.593s] [ 22%] Built target prius_msgs__rosidl_generator_c
[1.602s] [ 32%] [34m[1mGenerating C introspection for ROS interfaces[0m
[1.602s] [ 32%] [34m[1mGenerating C type support dispatch for ROS interfaces[0m
[1.602s] [ 32%] [34m[1mGenerating C type support for eProsima Fast-RTPS[0m
[1.707s] [ 35%] [32mBuilding CXX object CMakeFiles/prius_msgs__rosidl_typesupport_cpp.dir/rosidl_typesupport_cpp/prius_msgs/msg/control__type_support.cpp.o[0m
[1.715s] [ 38%] [32mBuilding CXX object CMakeFiles/prius_msgs__rosidl_typesupport_introspection_cpp.dir/rosidl_typesupport_introspection_cpp/prius_msgs/msg/detail/control__type_support.cpp.o[0m
[1.721s] [ 41%] [32mBuilding CXX object CMakeFiles/prius_msgs__rosidl_typesupport_fastrtps_cpp.dir/rosidl_typesupport_fastrtps_cpp/prius_msgs/msg/detail/dds_fastrtps/control__type_support.cpp.o[0m
[1.774s] [ 45%] [32mBuilding CXX object CMakeFiles/prius_msgs__rosidl_typesupport_c.dir/rosidl_typesupport_c/prius_msgs/msg/control__type_support.cpp.o[0m
[1.790s] [ 48%] [32mBuilding CXX object CMakeFiles/prius_msgs__rosidl_typesupport_fastrtps_c.dir/rosidl_typesupport_fastrtps_c/prius_msgs/msg/detail/control__type_support_c.cpp.o[0m
[1.796s] [ 51%] [32mBuilding C object CMakeFiles/prius_msgs__rosidl_typesupport_introspection_c.dir/rosidl_typesupport_introspection_c/prius_msgs/msg/detail/control__type_support.c.o[0m
[1.800s] [ 54%] [32m[1mLinking CXX shared library libprius_msgs__rosidl_typesupport_c.so[0m
[1.826s] [ 58%] [32m[1mLinking C shared library libprius_msgs__rosidl_typesupport_introspection_c.so[0m
[1.834s] [ 58%] Built target prius_msgs__rosidl_typesupport_c
[1.855s] [ 58%] Built target prius_msgs__rosidl_typesupport_introspection_c
[1.902s] [ 61%] [32m[1mLinking CXX shared library libprius_msgs__rosidl_typesupport_cpp.so[0m
[1.938s] [ 61%] Built target prius_msgs__rosidl_typesupport_cpp
[1.978s] [ 64%] [32m[1mLinking CXX shared library libprius_msgs__rosidl_typesupport_introspection_cpp.so[0m
[2.000s] [ 67%] [32m[1mLinking CXX shared library libprius_msgs__rosidl_typesupport_fastrtps_cpp.so[0m
[2.025s] [ 70%] [32m[1mLinking CXX shared library libprius_msgs__rosidl_typesupport_fastrtps_c.so[0m
[2.029s] [ 70%] Built target prius_msgs__rosidl_typesupport_introspection_cpp
[2.056s] [ 70%] Built target prius_msgs__rosidl_typesupport_fastrtps_cpp
[2.080s] [ 70%] Built target prius_msgs__rosidl_typesupport_fastrtps_c
[2.096s] [ 70%] Built target prius_msgs
[2.113s] [ 74%] [34m[1mGenerating Python code for ROS interfaces[0m
[2.346s] [ 74%] Built target prius_msgs__py
[2.362s] [ 77%] [32mBuilding C object CMakeFiles/prius_msgs__rosidl_generator_py.dir/rosidl_generator_py/prius_msgs/msg/_control_s.c.o[0m
[2.438s] [ 80%] [32m[1mLinking C shared library rosidl_generator_py/prius_msgs/libprius_msgs__rosidl_generator_py.so[0m
[2.470s] [ 80%] Built target prius_msgs__rosidl_generator_py
[2.486s] [ 87%] [32mBuilding C object CMakeFiles/prius_msgs__rosidl_typesupport_fastrtps_c__pyext.dir/rosidl_generator_py/prius_msgs/_prius_msgs_s.ep.rosidl_typesupport_fastrtps_c.c.o[0m
[2.486s] [ 87%] [32mBuilding C object CMakeFiles/prius_msgs__rosidl_typesupport_introspection_c__pyext.dir/rosidl_generator_py/prius_msgs/_prius_msgs_s.ep.rosidl_typesupport_introspection_c.c.o[0m
[2.487s] [ 90%] [32mBuilding C object CMakeFiles/prius_msgs__rosidl_typesupport_c__pyext.dir/rosidl_generator_py/prius_msgs/_prius_msgs_s.ep.rosidl_typesupport_c.c.o[0m
[2.563s] [100%] [32m[1mLinking C shared library rosidl_generator_py/prius_msgs/prius_msgs_s__rosidl_typesupport_introspection_c.cpython-310-x86_64-linux-gnu.so[0m
[2.563s] [100%] [32m[1mLinking C shared library rosidl_generator_py/prius_msgs/prius_msgs_s__rosidl_typesupport_fastrtps_c.cpython-310-x86_64-linux-gnu.so[0m
[2.563s] [100%] [32m[1mLinking C shared library rosidl_generator_py/prius_msgs/prius_msgs_s__rosidl_typesupport_c.cpython-310-x86_64-linux-gnu.so[0m
[2.595s] [100%] Built target prius_msgs__rosidl_typesupport_c__pyext
[2.595s] [100%] Built target prius_msgs__rosidl_typesupport_fastrtps_c__pyext
[2.595s] [100%] Built target prius_msgs__rosidl_typesupport_introspection_c__pyext
[2.604s] Invoked command in '/sbel/gazebo-demo/build/prius_msgs' returned '0': CMAKE_PREFIX_PATH=${CMAKE_PREFIX_PATH}:/opt/ros/humble /usr/bin/cmake --build /sbel/gazebo-demo/build/prius_msgs -- -j16 -l16
[2.663s] Invoking command in '/sbel/gazebo-demo/build/prius_msgs': CMAKE_PREFIX_PATH=${CMAKE_PREFIX_PATH}:/opt/ros/humble /usr/bin/cmake --install /sbel/gazebo-demo/build/prius_msgs
[2.669s] -- Install configuration: ""
[2.670s] -- Installing: /sbel/gazebo-demo/install/prius_msgs/share/ament_index/resource_index/rosidl_interfaces/prius_msgs
[2.670s] -- Installing: /sbel/gazebo-demo/install/prius_msgs/include/prius_msgs/prius_msgs
[2.670s] -- Installing: /sbel/gazebo-demo/install/prius_msgs/include/prius_msgs/prius_msgs/msg
[2.670s] -- Installing: /sbel/gazebo-demo/install/prius_msgs/include/prius_msgs/prius_msgs/msg/rosidl_generator_c__visibility_control.h
[2.670s] -- Installing: /sbel/gazebo-demo/install/prius_msgs/include/prius_msgs/prius_msgs/msg/detail
[2.670s] -- Installing: /sbel/gazebo-demo/install/prius_msgs/include/prius_msgs/prius_msgs/msg/detail/control__struct.h
[2.671s] -- Installing: /sbel/gazebo-demo/install/prius_msgs/include/prius_msgs/prius_msgs/msg/detail/control__type_support.h
[2.671s] -- Installing: /sbel/gazebo-demo/install/prius_msgs/include/prius_msgs/prius_msgs/msg/detail/control__functions.c
[2.671s] -- Installing: /sbel/gazebo-demo/install/prius_msgs/include/prius_msgs/prius_msgs/msg/detail/control__functions.h
[2.671s] -- Installing: /sbel/gazebo-demo/install/prius_msgs/include/prius_msgs/prius_msgs/msg/control.h
[2.671s] -- Installing: /sbel/gazebo-demo/install/prius_msgs/share/prius_msgs/environment/library_path.sh
[2.672s] -- Installing: /sbel/gazebo-demo/install/prius_msgs/share/prius_msgs/environment/library_path.dsv
[2.672s] -- Installing: /sbel/gazebo-demo/install/prius_msgs/lib/libprius_msgs__rosidl_generator_c.so
[2.672s] -- Set runtime path of "/sbel/gazebo-demo/install/prius_msgs/lib/libprius_msgs__rosidl_generator_c.so" to ""
[2.672s] -- Up-to-date: /sbel/gazebo-demo/install/prius_msgs/include/prius_msgs/prius_msgs
[2.672s] -- Up-to-date: /sbel/gazebo-demo/install/prius_msgs/include/prius_msgs/prius_msgs/msg
[2.672s] -- Installing: /sbel/gazebo-demo/install/prius_msgs/include/prius_msgs/prius_msgs/msg/rosidl_typesupport_fastrtps_c__visibility_control.h
[2.673s] -- Up-to-date: /sbel/gazebo-demo/install/prius_msgs/include/prius_msgs/prius_msgs/msg/detail
[2.673s] -- Installing: /sbel/gazebo-demo/install/prius_msgs/include/prius_msgs/prius_msgs/msg/detail/control__rosidl_typesupport_fastrtps_c.h
[2.673s] -- Installing: /sbel/gazebo-demo/install/prius_msgs/lib/libprius_msgs__rosidl_typesupport_fastrtps_c.so
[2.673s] -- Set runtime path of "/sbel/gazebo-demo/install/prius_msgs/lib/libprius_msgs__rosidl_typesupport_fastrtps_c.so" to ""
[2.673s] -- Up-to-date: /sbel/gazebo-demo/install/prius_msgs/include/prius_msgs/prius_msgs
[2.673s] -- Up-to-date: /sbel/gazebo-demo/install/prius_msgs/include/prius_msgs/prius_msgs/msg
[2.673s] -- Installing: /sbel/gazebo-demo/install/prius_msgs/include/prius_msgs/prius_msgs/msg/control.hpp
[2.674s] -- Up-to-date: /sbel/gazebo-demo/install/prius_msgs/include/prius_msgs/prius_msgs/msg/detail
[2.674s] -- Installing: /sbel/gazebo-demo/install/prius_msgs/include/prius_msgs/prius_msgs/msg/detail/control__builder.hpp
[2.674s] -- Installing: /sbel/gazebo-demo/install/prius_msgs/include/prius_msgs/prius_msgs/msg/detail/control__traits.hpp
[2.674s] -- Installing: /sbel/gazebo-demo/install/prius_msgs/include/prius_msgs/prius_msgs/msg/detail/control__struct.hpp
[2.674s] -- Up-to-date: /sbel/gazebo-demo/install/prius_msgs/include/prius_msgs/prius_msgs
[2.674s] -- Up-to-date: /sbel/gazebo-demo/install/prius_msgs/include/prius_msgs/prius_msgs/msg
[2.674s] -- Installing: /sbel/gazebo-demo/install/prius_msgs/include/prius_msgs/prius_msgs/msg/rosidl_typesupport_fastrtps_cpp__visibility_control.h
[2.674s] -- Up-to-date: /sbel/gazebo-demo/install/prius_msgs/include/prius_msgs/prius_msgs/msg/detail
[2.674s] -- Installing: /sbel/gazebo-demo/install/prius_msgs/include/prius_msgs/prius_msgs/msg/detail/dds_fastrtps
[2.675s] -- Installing: /sbel/gazebo-demo/install/prius_msgs/include/prius_msgs/prius_msgs/msg/detail/control__rosidl_typesupport_fastrtps_cpp.hpp
[2.675s] -- Installing: /sbel/gazebo-demo/install/prius_msgs/lib/libprius_msgs__rosidl_typesupport_fastrtps_cpp.so
[2.675s] -- Set runtime path of "/sbel/gazebo-demo/install/prius_msgs/lib/libprius_msgs__rosidl_typesupport_fastrtps_cpp.so" to ""
[2.675s] -- Up-to-date: /sbel/gazebo-demo/install/prius_msgs/include/prius_msgs/prius_msgs
[2.675s] -- Up-to-date: /sbel/gazebo-demo/install/prius_msgs/include/prius_msgs/prius_msgs/msg
[2.675s] -- Installing: /sbel/gazebo-demo/install/prius_msgs/include/prius_msgs/prius_msgs/msg/rosidl_typesupport_introspection_c__visibility_control.h
[2.675s] -- Up-to-date: /sbel/gazebo-demo/install/prius_msgs/include/prius_msgs/prius_msgs/msg/detail
[2.676s] -- Installing: /sbel/gazebo-demo/install/prius_msgs/include/prius_msgs/prius_msgs/msg/detail/control__rosidl_typesupport_introspection_c.h
[2.676s] -- Installing: /sbel/gazebo-demo/install/prius_msgs/include/prius_msgs/prius_msgs/msg/detail/control__type_support.c
[2.676s] -- Installing: /sbel/gazebo-demo/install/prius_msgs/lib/libprius_msgs__rosidl_typesupport_introspection_c.so
[2.676s] -- Set runtime path of "/sbel/gazebo-demo/install/prius_msgs/lib/libprius_msgs__rosidl_typesupport_introspection_c.so" to ""
[2.676s] -- Installing: /sbel/gazebo-demo/install/prius_msgs/lib/libprius_msgs__rosidl_typesupport_c.so
[2.677s] -- Set runtime path of "/sbel/gazebo-demo/install/prius_msgs/lib/libprius_msgs__rosidl_typesupport_c.so" to ""
[2.677s] -- Up-to-date: /sbel/gazebo-demo/install/prius_msgs/include/prius_msgs/prius_msgs
[2.677s] -- Up-to-date: /sbel/gazebo-demo/install/prius_msgs/include/prius_msgs/prius_msgs/msg
[2.677s] -- Up-to-date: /sbel/gazebo-demo/install/prius_msgs/include/prius_msgs/prius_msgs/msg/detail
[2.677s] -- Installing: /sbel/gazebo-demo/install/prius_msgs/include/prius_msgs/prius_msgs/msg/detail/control__type_support.cpp
[2.677s] -- Installing: /sbel/gazebo-demo/install/prius_msgs/include/prius_msgs/prius_msgs/msg/detail/control__rosidl_typesupport_introspection_cpp.hpp
[2.677s] -- Installing: /sbel/gazebo-demo/install/prius_msgs/lib/libprius_msgs__rosidl_typesupport_introspection_cpp.so
[2.678s] -- Set runtime path of "/sbel/gazebo-demo/install/prius_msgs/lib/libprius_msgs__rosidl_typesupport_introspection_cpp.so" to ""
[2.678s] -- Installing: /sbel/gazebo-demo/install/prius_msgs/lib/libprius_msgs__rosidl_typesupport_cpp.so
[2.678s] -- Set runtime path of "/sbel/gazebo-demo/install/prius_msgs/lib/libprius_msgs__rosidl_typesupport_cpp.so" to ""
[2.678s] -- Installing: /sbel/gazebo-demo/install/prius_msgs/share/prius_msgs/environment/pythonpath.sh
[2.678s] -- Installing: /sbel/gazebo-demo/install/prius_msgs/share/prius_msgs/environment/pythonpath.dsv
[2.679s] -- Installing: /sbel/gazebo-demo/install/prius_msgs/local/lib/python3.10/dist-packages/prius_msgs-0.0.1-py3.10.egg-info
[2.679s] -- Installing: /sbel/gazebo-demo/install/prius_msgs/local/lib/python3.10/dist-packages/prius_msgs-0.0.1-py3.10.egg-info/dependency_links.txt
[2.679s] -- Installing: /sbel/gazebo-demo/install/prius_msgs/local/lib/python3.10/dist-packages/prius_msgs-0.0.1-py3.10.egg-info/PKG-INFO
[2.679s] -- Installing: /sbel/gazebo-demo/install/prius_msgs/local/lib/python3.10/dist-packages/prius_msgs-0.0.1-py3.10.egg-info/SOURCES.txt
[2.679s] -- Installing: /sbel/gazebo-demo/install/prius_msgs/local/lib/python3.10/dist-packages/prius_msgs-0.0.1-py3.10.egg-info/top_level.txt
[2.680s] -- Installing: /sbel/gazebo-demo/install/prius_msgs/local/lib/python3.10/dist-packages/prius_msgs
[2.680s] -- Installing: /sbel/gazebo-demo/install/prius_msgs/local/lib/python3.10/dist-packages/prius_msgs/_prius_msgs_s.ep.rosidl_typesupport_fastrtps_c.c
[2.680s] -- Installing: /sbel/gazebo-demo/install/prius_msgs/local/lib/python3.10/dist-packages/prius_msgs/prius_msgs_s__rosidl_typesupport_c.cpython-310-x86_64-linux-gnu.so
[2.680s] -- Installing: /sbel/gazebo-demo/install/prius_msgs/local/lib/python3.10/dist-packages/prius_msgs/__init__.py
[2.680s] -- Installing: /sbel/gazebo-demo/install/prius_msgs/local/lib/python3.10/dist-packages/prius_msgs/libprius_msgs__rosidl_generator_py.so
[2.680s] -- Installing: /sbel/gazebo-demo/install/prius_msgs/local/lib/python3.10/dist-packages/prius_msgs/_prius_msgs_s.ep.rosidl_typesupport_introspection_c.c
[2.681s] -- Installing: /sbel/gazebo-demo/install/prius_msgs/local/lib/python3.10/dist-packages/prius_msgs/prius_msgs_s__rosidl_typesupport_fastrtps_c.cpython-310-x86_64-linux-gnu.so
[2.681s] -- Installing: /sbel/gazebo-demo/install/prius_msgs/local/lib/python3.10/dist-packages/prius_msgs/msg
[2.681s] -- Installing: /sbel/gazebo-demo/install/prius_msgs/local/lib/python3.10/dist-packages/prius_msgs/msg/_control.py
[2.681s] -- Installing: /sbel/gazebo-demo/install/prius_msgs/local/lib/python3.10/dist-packages/prius_msgs/msg/__init__.py
[2.681s] -- Installing: /sbel/gazebo-demo/install/prius_msgs/local/lib/python3.10/dist-packages/prius_msgs/msg/_control_s.c
[2.681s] -- Installing: /sbel/gazebo-demo/install/prius_msgs/local/lib/python3.10/dist-packages/prius_msgs/prius_msgs_s__rosidl_typesupport_introspection_c.cpython-310-x86_64-linux-gnu.so
[2.682s] -- Installing: /sbel/gazebo-demo/install/prius_msgs/local/lib/python3.10/dist-packages/prius_msgs/_prius_msgs_s.ep.rosidl_typesupport_c.c
[2.707s] Listing '/sbel/gazebo-demo/install/prius_msgs/local/lib/python3.10/dist-packages/prius_msgs'...
[2.707s] Compiling '/sbel/gazebo-demo/install/prius_msgs/local/lib/python3.10/dist-packages/prius_msgs/__init__.py'...
[2.707s] Listing '/sbel/gazebo-demo/install/prius_msgs/local/lib/python3.10/dist-packages/prius_msgs/msg'...
[2.707s] Compiling '/sbel/gazebo-demo/install/prius_msgs/local/lib/python3.10/dist-packages/prius_msgs/msg/__init__.py'...
[2.707s] Compiling '/sbel/gazebo-demo/install/prius_msgs/local/lib/python3.10/dist-packages/prius_msgs/msg/_control.py'...
[2.709s] -- Installing: /sbel/gazebo-demo/install/prius_msgs/local/lib/python3.10/dist-packages/prius_msgs/prius_msgs_s__rosidl_typesupport_fastrtps_c.cpython-310-x86_64-linux-gnu.so
[2.710s] -- Set runtime path of "/sbel/gazebo-demo/install/prius_msgs/local/lib/python3.10/dist-packages/prius_msgs/prius_msgs_s__rosidl_typesupport_fastrtps_c.cpython-310-x86_64-linux-gnu.so" to ""
[2.710s] -- Installing: /sbel/gazebo-demo/install/prius_msgs/local/lib/python3.10/dist-packages/prius_msgs/prius_msgs_s__rosidl_typesupport_introspection_c.cpython-310-x86_64-linux-gnu.so
[2.711s] -- Set runtime path of "/sbel/gazebo-demo/install/prius_msgs/local/lib/python3.10/dist-packages/prius_msgs/prius_msgs_s__rosidl_typesupport_introspection_c.cpython-310-x86_64-linux-gnu.so" to ""
[2.711s] -- Installing: /sbel/gazebo-demo/install/prius_msgs/local/lib/python3.10/dist-packages/prius_msgs/prius_msgs_s__rosidl_typesupport_c.cpython-310-x86_64-linux-gnu.so
[2.711s] -- Set runtime path of "/sbel/gazebo-demo/install/prius_msgs/local/lib/python3.10/dist-packages/prius_msgs/prius_msgs_s__rosidl_typesupport_c.cpython-310-x86_64-linux-gnu.so" to ""
[2.711s] -- Installing: /sbel/gazebo-demo/install/prius_msgs/lib/libprius_msgs__rosidl_generator_py.so
[2.712s] -- Set runtime path of "/sbel/gazebo-demo/install/prius_msgs/lib/libprius_msgs__rosidl_generator_py.so" to ""
[2.712s] -- Installing: /sbel/gazebo-demo/install/prius_msgs/share/prius_msgs/msg/Control.idl
[2.712s] -- Installing: /sbel/gazebo-demo/install/prius_msgs/share/prius_msgs/msg/Control.msg
[2.712s] -- Installing: /sbel/gazebo-demo/install/prius_msgs/share/ament_index/resource_index/package_run_dependencies/prius_msgs
[2.712s] -- Installing: /sbel/gazebo-demo/install/prius_msgs/share/ament_index/resource_index/parent_prefix_path/prius_msgs
[2.713s] -- Installing: /sbel/gazebo-demo/install/prius_msgs/share/prius_msgs/environment/ament_prefix_path.sh
[2.713s] -- Installing: /sbel/gazebo-demo/install/prius_msgs/share/prius_msgs/environment/ament_prefix_path.dsv
[2.713s] -- Installing: /sbel/gazebo-demo/install/prius_msgs/share/prius_msgs/environment/path.sh
[2.713s] -- Installing: /sbel/gazebo-demo/install/prius_msgs/share/prius_msgs/environment/path.dsv
[2.713s] -- Installing: /sbel/gazebo-demo/install/prius_msgs/share/prius_msgs/local_setup.bash
[2.714s] -- Installing: /sbel/gazebo-demo/install/prius_msgs/share/prius_msgs/local_setup.sh
[2.714s] -- Installing: /sbel/gazebo-demo/install/prius_msgs/share/prius_msgs/local_setup.zsh
[2.714s] -- Installing: /sbel/gazebo-demo/install/prius_msgs/share/prius_msgs/local_setup.dsv
[2.714s] -- Installing: /sbel/gazebo-demo/install/prius_msgs/share/prius_msgs/package.dsv
[2.714s] -- Installing: /sbel/gazebo-demo/install/prius_msgs/share/ament_index/resource_index/packages/prius_msgs
[2.715s] -- Installing: /sbel/gazebo-demo/install/prius_msgs/share/prius_msgs/cmake/export_prius_msgs__rosidl_generator_cExport.cmake
[2.715s] -- Installing: /sbel/gazebo-demo/install/prius_msgs/share/prius_msgs/cmake/export_prius_msgs__rosidl_generator_cExport-noconfig.cmake
[2.715s] -- Installing: /sbel/gazebo-demo/install/prius_msgs/share/prius_msgs/cmake/export_prius_msgs__rosidl_typesupport_fastrtps_cExport.cmake
[2.715s] -- Installing: /sbel/gazebo-demo/install/prius_msgs/share/prius_msgs/cmake/export_prius_msgs__rosidl_typesupport_fastrtps_cExport-noconfig.cmake
[2.715s] -- Installing: /sbel/gazebo-demo/install/prius_msgs/share/prius_msgs/cmake/export_prius_msgs__rosidl_generator_cppExport.cmake
[2.716s] -- Installing: /sbel/gazebo-demo/install/prius_msgs/share/prius_msgs/cmake/export_prius_msgs__rosidl_typesupport_fastrtps_cppExport.cmake
[2.716s] -- Installing: /sbel/gazebo-demo/install/prius_msgs/share/prius_msgs/cmake/export_prius_msgs__rosidl_typesupport_fastrtps_cppExport-noconfig.cmake
[2.716s] -- Installing: /sbel/gazebo-demo/install/prius_msgs/share/prius_msgs/cmake/prius_msgs__rosidl_typesupport_introspection_cExport.cmake
[2.716s] -- Installing: /sbel/gazebo-demo/install/prius_msgs/share/prius_msgs/cmake/prius_msgs__rosidl_typesupport_introspection_cExport-noconfig.cmake
[2.716s] -- Installing: /sbel/gazebo-demo/install/prius_msgs/share/prius_msgs/cmake/prius_msgs__rosidl_typesupport_cExport.cmake
[2.717s] -- Installing: /sbel/gazebo-demo/install/prius_msgs/share/prius_msgs/cmake/prius_msgs__rosidl_typesupport_cExport-noconfig.cmake
[2.717s] -- Installing: /sbel/gazebo-demo/install/prius_msgs/share/prius_msgs/cmake/prius_msgs__rosidl_typesupport_introspection_cppExport.cmake
[2.717s] -- Installing: /sbel/gazebo-demo/install/prius_msgs/share/prius_msgs/cmake/prius_msgs__rosidl_typesupport_introspection_cppExport-noconfig.cmake
[2.717s] -- Installing: /sbel/gazebo-demo/install/prius_msgs/share/prius_msgs/cmake/prius_msgs__rosidl_typesupport_cppExport.cmake
[2.718s] -- Installing: /sbel/gazebo-demo/install/prius_msgs/share/prius_msgs/cmake/prius_msgs__rosidl_typesupport_cppExport-noconfig.cmake
[2.718s] -- Installing: /sbel/gazebo-demo/install/prius_msgs/share/prius_msgs/cmake/export_prius_msgs__rosidl_generator_pyExport.cmake
[2.718s] -- Installing: /sbel/gazebo-demo/install/prius_msgs/share/prius_msgs/cmake/export_prius_msgs__rosidl_generator_pyExport-noconfig.cmake
[2.718s] -- Installing: /sbel/gazebo-demo/install/prius_msgs/share/prius_msgs/cmake/rosidl_cmake-extras.cmake
[2.718s] -- Installing: /sbel/gazebo-demo/install/prius_msgs/share/prius_msgs/cmake/ament_cmake_export_dependencies-extras.cmake
[2.718s] -- Installing: /sbel/gazebo-demo/install/prius_msgs/share/prius_msgs/cmake/ament_cmake_export_include_directories-extras.cmake
[2.719s] -- Installing: /sbel/gazebo-demo/install/prius_msgs/share/prius_msgs/cmake/ament_cmake_export_libraries-extras.cmake
[2.719s] -- Installing: /sbel/gazebo-demo/install/prius_msgs/share/prius_msgs/cmake/ament_cmake_export_targets-extras.cmake
[2.719s] -- Installing: /sbel/gazebo-demo/install/prius_msgs/share/prius_msgs/cmake/rosidl_cmake_export_typesupport_targets-extras.cmake
[2.719s] -- Installing: /sbel/gazebo-demo/install/prius_msgs/share/prius_msgs/cmake/rosidl_cmake_export_typesupport_libraries-extras.cmake
[2.719s] -- Installing: /sbel/gazebo-demo/install/prius_msgs/share/prius_msgs/cmake/prius_msgsConfig.cmake
[2.720s] -- Installing: /sbel/gazebo-demo/install/prius_msgs/share/prius_msgs/cmake/prius_msgsConfig-version.cmake
[2.720s] -- Installing: /sbel/gazebo-demo/install/prius_msgs/share/prius_msgs/package.xml
[2.722s] Invoked command in '/sbel/gazebo-demo/build/prius_msgs' returned '0': CMAKE_PREFIX_PATH=${CMAKE_PREFIX_PATH}:/opt/ros/humble /usr/bin/cmake --install /sbel/gazebo-demo/build/prius_msgs
