[0.044s] Invoking command in '/sbel/gazebo-demo/build/car_demo': AMENT_PREFIX_PATH=/sbel/gazebo-demo/install/prius_msgs:/sbel/gazebo-demo/install/prius_description:${AMENT_PREFIX_PATH} CMAKE_PREFIX_PATH=/sbel/gazebo-demo/install/prius_msgs:/sbel/gazebo-demo/install/prius_description:/chrono_ros_interfaces/install/chrono_ros_interfaces:/opt/ros/humble GAZEBO_MODEL_PATH=/sbel/gazebo-demo/install/prius_description/share/prius_description/models LD_LIBRARY_PATH=/sbel/gazebo-demo/install/prius_msgs/lib:${LD_LIBRARY_PATH} PYTHONPATH=/sbel/gazebo-demo/install/prius_msgs/local/lib/python3.10/dist-packages:${PYTHONPATH} /usr/bin/cmake /sbel/gazebo-demo/car_demo -DAMENT_CMAKE_SYMLINK_INSTALL=1 -DCMAKE_INSTALL_PREFIX=/sbel/gazebo-demo/install/car_demo
[0.053s] -- Found ament_cmake: 1.3.5 (/opt/ros/humble/share/ament_cmake/cmake)
[0.150s] -- Override CMake install command with custom implementation using symlinks instead of copying resources
[0.155s] -- Found rclcpp: 16.0.6 (/opt/ros/humble/share/rclcpp/cmake)
[0.179s] -- Found rosidl_generator_c: 3.1.5 (/opt/ros/humble/share/rosidl_generator_c/cmake)
[0.181s] -- Found rosidl_adapter: 3.1.5 (/opt/ros/humble/share/rosidl_adapter/cmake)
[0.185s] -- Found rosidl_generator_cpp: 3.1.5 (/opt/ros/humble/share/rosidl_generator_cpp/cmake)
[0.193s] -- Using all available rosidl_typesupport_c: rosidl_typesupport_fastrtps_c;rosidl_typesupport_introspection_c
[0.203s] -- Using all available rosidl_typesupport_cpp: rosidl_typesupport_fastrtps_cpp;rosidl_typesupport_introspection_cpp
[0.241s] -- Found rmw_implementation_cmake: 6.1.1 (/opt/ros/humble/share/rmw_implementation_cmake/cmake)
[0.242s] -- Found rmw_fastrtps_cpp: 6.2.4 (/opt/ros/humble/share/rmw_fastrtps_cpp/cmake)
[0.368s] -- Using RMW implementation 'rmw_fastrtps_cpp' as default
[0.467s] -- Found rclpy: 3.3.10 (/opt/ros/humble/share/rclpy/cmake)
[0.469s] -- Found gazebo_dev: 3.7.0 (/opt/ros/humble/share/gazebo_dev/cmake)
[0.475s] -- Found PkgConfig: /usr/bin/pkg-config (found version "0.29.2") 
[0.476s] -- Checking for module 'bullet>=2.82'
[0.491s] --   Found bullet, version 3.05
[0.598s] -- Found fcl: /usr/include (found suitable version "0.7.0", minimum required is "0.5.0") 
[0.641s] -- Found assimp: /usr/include (found version "5.2.0") 
[0.666s] -- Found DART: /usr/include (Required is at least version "6.6") found components: dart 
[0.697s] -- Found Boost: /usr/lib/x86_64-linux-gnu/cmake/Boost-1.74.0/BoostConfig.cmake (found suitable version "1.74.0", minimum required is "1.40.0") found components: thread system filesystem program_options regex iostreams date_time 
[0.712s] -- Found Protobuf: /usr/lib/x86_64-linux-gnu/libprotobuf.so (found version "3.12.4") 
[0.719s] -- Looking for ignition-math6 -- found version 6.15.1
[0.727s] -- Searching for dependencies of ignition-math6
[0.728s] -- Looking for OGRE...
[0.729s] -- OGRE_PREFIX_WATCH changed.
[0.732s] -- Checking for module 'OGRE'
[0.743s] --   Found OGRE, version 1.9.0
[0.773s] -- Found Ogre Ghadamon (1.9.0)
[0.779s] -- Found OGRE: optimized;/usr/lib/x86_64-linux-gnu/libOgreMain.so;debug;/usr/lib/x86_64-linux-gnu/libOgreMain.so
[0.785s] -- Looking for OGRE_Paging...
[0.789s] -- Found OGRE_Paging: optimized;/usr/lib/x86_64-linux-gnu/libOgrePaging.so;debug;/usr/lib/x86_64-linux-gnu/libOgrePaging.so
[0.789s] -- Looking for OGRE_Terrain...
[0.792s] -- Found OGRE_Terrain: optimized;/usr/lib/x86_64-linux-gnu/libOgreTerrain.so;debug;/usr/lib/x86_64-linux-gnu/libOgreTerrain.so
[0.792s] -- Looking for OGRE_Property...
[0.795s] -- Found OGRE_Property: optimized;/usr/lib/x86_64-linux-gnu/libOgreProperty.so;debug;/usr/lib/x86_64-linux-gnu/libOgreProperty.so
[0.795s] -- Looking for OGRE_RTShaderSystem...
[0.798s] -- Found OGRE_RTShaderSystem: optimized;/usr/lib/x86_64-linux-gnu/libOgreRTShaderSystem.so;debug;/usr/lib/x86_64-linux-gnu/libOgreRTShaderSystem.so
[0.798s] -- Looking for OGRE_Volume...
[0.801s] -- Found OGRE_Volume: optimized;/usr/lib/x86_64-linux-gnu/libOgreVolume.so;debug;/usr/lib/x86_64-linux-gnu/libOgreVolume.so
[0.801s] -- Looking for OGRE_Overlay...
[0.805s] -- Found OGRE_Overlay: optimized;/usr/lib/x86_64-linux-gnu/libOgreOverlay.so;debug;/usr/lib/x86_64-linux-gnu/libOgreOverlay.so
[0.883s] -- Looking for ignition-math6 -- found version 6.15.1
[0.886s] -- Looking for ignition-transport8 -- found version 8.2.1
[0.886s] -- Searching for dependencies of ignition-transport8
[0.910s] -- Found Protobuf: /usr/lib/x86_64-linux-gnu/libprotobuf.so (found suitable version "3.12.4", minimum required is "3") 
[0.928s] -- Config-file not installed for ZeroMQ -- checking for pkg-config
[0.932s] -- Checking for module 'libzmq >= 4'
[0.944s] --   Found libzmq , version 4.3.4
[0.976s] -- Found ZeroMQ: TRUE (Required is at least version "4") 
[0.981s] -- Checking for module 'uuid'
[0.992s] --   Found uuid, version 2.37.2
[1.021s] -- Found UUID: TRUE  
[1.024s] -- Looking for ignition-msgs5 -- found version 5.8.1
[1.025s] -- Searching for dependencies of ignition-msgs5
[1.048s] -- Looking for ignition-math6 -- found version 6.15.1
[1.052s] -- Checking for module 'tinyxml2'
[1.064s] --   Found tinyxml2, version 9.0.0
[1.093s] -- Looking for ignition-msgs5 -- found version 5.8.1
[1.097s] -- Looking for ignition-common3 -- found version 3.14.0
[1.097s] -- Searching for dependencies of ignition-common3
[1.097s] -- Looking for dlfcn.h - found
[1.098s] -- Looking for libdl - found
[1.099s] -- Found DL: TRUE  
[1.109s] -- Found tinyobjloader: /usr/lib/x86_64-linux-gnu/cmake/tinyobjloader/tinyobjloader-config.cmake (found version "2.0.0") 
[1.109s] -- Searching for <ignition-common3> component [graphics]
[1.112s] -- Looking for ignition-common3-graphics -- found version 3.14.0
[1.112s] -- Searching for dependencies of ignition-common3-graphics
[1.113s] -- Looking for ignition-math6 -- found version 6.15.1
[1.116s] -- Looking for ignition-fuel_tools4 -- found version 4.4.0
[1.116s] -- Searching for dependencies of ignition-fuel_tools4
[1.190s] -- Found CURL: /usr/lib/x86_64-linux-gnu/libcurl.so (found version "7.81.0")  
[1.198s] -- Checking for module 'jsoncpp'
[1.210s] --   Found jsoncpp, version 1.9.5
[1.239s] -- Found JSONCPP: TRUE  
[1.244s] -- Checking for module 'libzip'
[1.254s] --   Found libzip, version 1.7.3
[1.284s] -- Found ZIP: TRUE  
[1.284s] -- Looking for ignition-common3 -- found version 3.14.0
[1.285s] -- Looking for ignition-math6 -- found version 6.15.1
[1.285s] -- Looking for ignition-msgs5 -- found version 5.8.1
[1.289s] -- Gazebo version: 11.10
[1.290s] -- Checking for module 'tbb'
[1.301s] --   Found tbb, version 2021.5.0
[1.331s] -- Found gazebo_msgs: 3.7.0 (/opt/ros/humble/share/gazebo_msgs/cmake)
[1.505s] -- Found gazebo_ros: 3.7.0 (/opt/ros/humble/share/gazebo_ros/cmake)
[1.510s] -- Found prius_msgs: 0.0.1 (/sbel/gazebo-demo/install/prius_msgs/share/prius_msgs/cmake)
[1.546s] -- Looking for ignition-math6 -- found version 6.15.1
[1.546s] -- Found prius_description: 0.0.1 (/sbel/gazebo-demo/install/prius_description/share/prius_description/cmake)
[1.622s] -- Found ament_lint_auto: 0.12.8 (/opt/ros/humble/share/ament_lint_auto/cmake)
[1.665s] -- Found ament_cmake_gtest: 1.3.5 (/opt/ros/humble/share/ament_cmake_gtest/cmake)
[1.667s] -- Found gtest sources under '/opt/ros/humble/src/gtest_vendor': C++ tests using 'Google Test' will be built
[1.687s] -- Configuring done
[1.726s] -- Generating done
[1.728s] -- Build files have been written to: /sbel/gazebo-demo/build/car_demo
[1.736s] Invoked command in '/sbel/gazebo-demo/build/car_demo' returned '0': AMENT_PREFIX_PATH=/sbel/gazebo-demo/install/prius_msgs:/sbel/gazebo-demo/install/prius_description:${AMENT_PREFIX_PATH} CMAKE_PREFIX_PATH=/sbel/gazebo-demo/install/prius_msgs:/sbel/gazebo-demo/install/prius_description:/chrono_ros_interfaces/install/chrono_ros_interfaces:/opt/ros/humble GAZEBO_MODEL_PATH=/sbel/gazebo-demo/install/prius_description/share/prius_description/models LD_LIBRARY_PATH=/sbel/gazebo-demo/install/prius_msgs/lib:${LD_LIBRARY_PATH} PYTHONPATH=/sbel/gazebo-demo/install/prius_msgs/local/lib/python3.10/dist-packages:${PYTHONPATH} /usr/bin/cmake /sbel/gazebo-demo/car_demo -DAMENT_CMAKE_SYMLINK_INSTALL=1 -DCMAKE_INSTALL_PREFIX=/sbel/gazebo-demo/install/car_demo
[1.737s] Invoking command in '/sbel/gazebo-demo/build/car_demo': AMENT_PREFIX_PATH=/sbel/gazebo-demo/install/prius_msgs:/sbel/gazebo-demo/install/prius_description:${AMENT_PREFIX_PATH} CMAKE_PREFIX_PATH=/sbel/gazebo-demo/install/prius_msgs:/sbel/gazebo-demo/install/prius_description:/chrono_ros_interfaces/install/chrono_ros_interfaces:/opt/ros/humble GAZEBO_MODEL_PATH=/sbel/gazebo-demo/install/prius_description/share/prius_description/models LD_LIBRARY_PATH=/sbel/gazebo-demo/install/prius_msgs/lib:${LD_LIBRARY_PATH} PYTHONPATH=/sbel/gazebo-demo/install/prius_msgs/local/lib/python3.10/dist-packages:${PYTHONPATH} /usr/bin/cmake --build /sbel/gazebo-demo/build/car_demo -- -j16 -l16
[1.780s] [ 12%] [32mBuilding CXX object gtest/CMakeFiles/gtest_main.dir/src/gtest_main.cc.o[0m
[1.780s] [ 37%] [32mBuilding CXX object CMakeFiles/PriusHybridPlugin.dir/plugins/PriusHybridPlugin.cc.o[0m
[1.780s] [ 37%] [32mBuilding CXX object gtest/CMakeFiles/gtest.dir/src/gtest-all.cc.o[0m
[1.786s] [ 37%] Built target ament_cmake_python_symlink_car_demo
[1.951s] running egg_info
[1.952s] creating car_demo.egg-info
[1.952s] writing car_demo.egg-info/PKG-INFO
[1.952s] writing dependency_links to car_demo.egg-info/dependency_links.txt
[1.952s] writing top-level names to car_demo.egg-info/top_level.txt
[1.952s] writing manifest file 'car_demo.egg-info/SOURCES.txt'
[1.954s] reading manifest file 'car_demo.egg-info/SOURCES.txt'
[1.954s] writing manifest file 'car_demo.egg-info/SOURCES.txt'
[1.975s] [ 37%] Built target ament_cmake_python_build_car_demo_egg
[2.182s] [ 50%] [32m[1mLinking CXX static library libgtest_main.a[0m
[2.364s] [ 50%] Built target gtest_main
[3.585s] [ 62%] [32m[1mLinking CXX static library libgtest.a[0m
[3.664s] [ 62%] Built target gtest
[3.680s] [ 75%] [32mBuilding CXX object CMakeFiles/PriusHybridPluginTest.dir/plugins/PriusHybridPlugin.cc.o[0m
[9.534s] In file included from [01m[K/opt/ros/humble/include/rclcpp/rclcpp/logging.hpp:24[m[K,
[9.534s]                  from [01m[K/opt/ros/humble/include/rclcpp/rclcpp/client.hpp:40[m[K,
[9.534s]                  from [01m[K/opt/ros/humble/include/rclcpp/rclcpp/callback_group.hpp:24[m[K,
[9.534s]                  from [01m[K/opt/ros/humble/include/rclcpp/rclcpp/any_executable.hpp:20[m[K,
[9.534s]                  from [01m[K/opt/ros/humble/include/rclcpp/rclcpp/memory_strategy.hpp:25[m[K,
[9.534s]                  from [01m[K/opt/ros/humble/include/rclcpp/rclcpp/memory_strategies.hpp:18[m[K,
[9.534s]                  from [01m[K/opt/ros/humble/include/rclcpp/rclcpp/executor_options.hpp:20[m[K,
[9.534s]                  from [01m[K/opt/ros/humble/include/rclcpp/rclcpp/executor.hpp:37[m[K,
[9.534s]                  from [01m[K/opt/ros/humble/include/rclcpp/rclcpp/executors/multi_threaded_executor.hpp:25[m[K,
[9.534s]                  from [01m[K/opt/ros/humble/include/rclcpp/rclcpp/executors.hpp:21[m[K,
[9.534s]                  from [01m[K/opt/ros/humble/include/rclcpp/rclcpp/rclcpp.hpp:155[m[K,
[9.534s]                  from [01m[K/opt/ros/humble/include/gazebo_ros/node.hpp:18[m[K,
[9.534s]                  from [01m[K/sbel/gazebo-demo/car_demo/plugins/PriusHybridPlugin.cc:2[m[K:
[9.534s] [01m[K/sbel/gazebo-demo/car_demo/plugins/PriusHybridPlugin.cc:[m[K In member function ‘[01m[Kvoid gazebo_plugins::PriusHybridPlugin::OnKeyPress(ConstAnyPtr&)[m[K’:
[9.534s] [01m[K/sbel/gazebo-demo/car_demo/plugins/PriusHybridPlugin.cc:1086:55:[m[K [01;35m[Kwarning: [m[Kformat ‘[01m[K%s[m[K’ expects argument of type ‘[01m[Kchar*[m[K’, but argument 5 has type ‘[01m[Kconst gazebo::msgs::Any[m[K’ [[01;35m[K-Wformat=[m[K]
[9.534s]  1086 |     RCLCPP_INFO(this->impl_->ros_node_->get_logger(), [01;35m[K"Got key [%s]"[m[K, *_msg);
[9.534s]       |                                                       [01;35m[K^~~~~~~~~~~~~~[m[K
[9.534s] [01m[K/sbel/gazebo-demo/car_demo/plugins/PriusHybridPlugin.cc:1086:66:[m[K [01;36m[Knote: [m[Kformat string is defined here
[9.534s]  1086 |     RCLCPP_INFO(this->impl_->ros_node_->get_logger(), "Got key [[01;36m[K%s[m[K]", *_msg);
[9.535s]       |                                                                 [01;36m[K~^[m[K
[9.535s]       |                                                                  [01;36m[K|[m[K
[9.535s]       |                                                                  [01;36m[Kchar*[m[K
[11.173s] In file included from [01m[K/opt/ros/humble/include/rclcpp/rclcpp/logging.hpp:24[m[K,
[11.173s]                  from [01m[K/opt/ros/humble/include/rclcpp/rclcpp/client.hpp:40[m[K,
[11.173s]                  from [01m[K/opt/ros/humble/include/rclcpp/rclcpp/callback_group.hpp:24[m[K,
[11.173s]                  from [01m[K/opt/ros/humble/include/rclcpp/rclcpp/any_executable.hpp:20[m[K,
[11.173s]                  from [01m[K/opt/ros/humble/include/rclcpp/rclcpp/memory_strategy.hpp:25[m[K,
[11.173s]                  from [01m[K/opt/ros/humble/include/rclcpp/rclcpp/memory_strategies.hpp:18[m[K,
[11.173s]                  from [01m[K/opt/ros/humble/include/rclcpp/rclcpp/executor_options.hpp:20[m[K,
[11.173s]                  from [01m[K/opt/ros/humble/include/rclcpp/rclcpp/executor.hpp:37[m[K,
[11.173s]                  from [01m[K/opt/ros/humble/include/rclcpp/rclcpp/executors/multi_threaded_executor.hpp:25[m[K,
[11.173s]                  from [01m[K/opt/ros/humble/include/rclcpp/rclcpp/executors.hpp:21[m[K,
[11.173s]                  from [01m[K/opt/ros/humble/include/rclcpp/rclcpp/rclcpp.hpp:155[m[K,
[11.173s]                  from [01m[K/opt/ros/humble/include/gazebo_ros/node.hpp:18[m[K,
[11.174s]                  from [01m[K/sbel/gazebo-demo/car_demo/plugins/PriusHybridPlugin.cc:2[m[K:
[11.174s] [01m[K/sbel/gazebo-demo/car_demo/plugins/PriusHybridPlugin.cc:[m[K In member function ‘[01m[Kvoid gazebo_plugins::PriusHybridPlugin::OnKeyPress(ConstAnyPtr&)[m[K’:
[11.174s] [01m[K/sbel/gazebo-demo/car_demo/plugins/PriusHybridPlugin.cc:1086:55:[m[K [01;35m[Kwarning: [m[Kformat ‘[01m[K%s[m[K’ expects argument of type ‘[01m[Kchar*[m[K’, but argument 5 has type ‘[01m[Kconst gazebo::msgs::Any[m[K’ [[01;35m[K-Wformat=[m[K]
[11.174s]  1086 |     RCLCPP_INFO(this->impl_->ros_node_->get_logger(), [01;35m[K"Got key [%s]"[m[K, *_msg);
[11.174s]       |                                                       [01;35m[K^~~~~~~~~~~~~~[m[K
[11.174s] [01m[K/sbel/gazebo-demo/car_demo/plugins/PriusHybridPlugin.cc:1086:66:[m[K [01;36m[Knote: [m[Kformat string is defined here
[11.174s]  1086 |     RCLCPP_INFO(this->impl_->ros_node_->get_logger(), "Got key [[01;36m[K%s[m[K]", *_msg);
[11.174s]       |                                                                 [01;36m[K~^[m[K
[11.174s]       |                                                                  [01;36m[K|[m[K
[11.174s]       |                                                                  [01;36m[Kchar*[m[K
[16.605s] [ 87%] [32m[1mLinking CXX shared library libPriusHybridPlugin.so[0m
[17.171s] [ 87%] Built target PriusHybridPlugin
[18.108s] [100%] [32m[1mLinking CXX executable PriusHybridPluginTest[0m
[19.098s] [100%] Built target PriusHybridPluginTest
[19.108s] Invoked command in '/sbel/gazebo-demo/build/car_demo' returned '0': AMENT_PREFIX_PATH=/sbel/gazebo-demo/install/prius_msgs:/sbel/gazebo-demo/install/prius_description:${AMENT_PREFIX_PATH} CMAKE_PREFIX_PATH=/sbel/gazebo-demo/install/prius_msgs:/sbel/gazebo-demo/install/prius_description:/chrono_ros_interfaces/install/chrono_ros_interfaces:/opt/ros/humble GAZEBO_MODEL_PATH=/sbel/gazebo-demo/install/prius_description/share/prius_description/models LD_LIBRARY_PATH=/sbel/gazebo-demo/install/prius_msgs/lib:${LD_LIBRARY_PATH} PYTHONPATH=/sbel/gazebo-demo/install/prius_msgs/local/lib/python3.10/dist-packages:${PYTHONPATH} /usr/bin/cmake --build /sbel/gazebo-demo/build/car_demo -- -j16 -l16
[19.135s] Invoking command in '/sbel/gazebo-demo/build/car_demo': AMENT_PREFIX_PATH=/sbel/gazebo-demo/install/prius_msgs:/sbel/gazebo-demo/install/prius_description:${AMENT_PREFIX_PATH} CMAKE_PREFIX_PATH=/sbel/gazebo-demo/install/prius_msgs:/sbel/gazebo-demo/install/prius_description:/chrono_ros_interfaces/install/chrono_ros_interfaces:/opt/ros/humble GAZEBO_MODEL_PATH=/sbel/gazebo-demo/install/prius_description/share/prius_description/models LD_LIBRARY_PATH=/sbel/gazebo-demo/install/prius_msgs/lib:${LD_LIBRARY_PATH} PYTHONPATH=/sbel/gazebo-demo/install/prius_msgs/local/lib/python3.10/dist-packages:${PYTHONPATH} /usr/bin/cmake --install /sbel/gazebo-demo/build/car_demo
[19.141s] -- Install configuration: ""
[19.141s] -- Execute custom install script
[19.142s] -- Symlinking: /sbel/gazebo-demo/install/car_demo/share/car_demo/environment/library_path.sh
[19.149s] -- Symlinking: /sbel/gazebo-demo/install/car_demo/share/car_demo/environment/library_path.dsv
[19.156s] -- Symlinking: /sbel/gazebo-demo/install/car_demo/share/car_demo/environment/gazebo_plugins.sh
[19.163s] -- Symlinking: /sbel/gazebo-demo/install/car_demo/share/car_demo/environment/gazebo_plugins.dsv
[19.171s] -- Symlinking: /sbel/gazebo-demo/install/car_demo/share/car_demo/environment/pythonpath.sh
[19.178s] -- Symlinking: /sbel/gazebo-demo/install/car_demo/share/car_demo/environment/pythonpath.dsv
[19.186s] -- Symlinking: /sbel/gazebo-demo/install/car_demo/local/lib/python3.10/dist-packages/car_demo-0.0.1-py3.10.egg-info/PKG-INFO
[19.193s] -- Symlinking: /sbel/gazebo-demo/install/car_demo/local/lib/python3.10/dist-packages/car_demo-0.0.1-py3.10.egg-info/SOURCES.txt
[19.200s] -- Symlinking: /sbel/gazebo-demo/install/car_demo/local/lib/python3.10/dist-packages/car_demo-0.0.1-py3.10.egg-info/dependency_links.txt
[19.206s] -- Symlinking: /sbel/gazebo-demo/install/car_demo/local/lib/python3.10/dist-packages/car_demo-0.0.1-py3.10.egg-info/top_level.txt
[19.214s] -- Symlinking: /sbel/gazebo-demo/install/car_demo/local/lib/python3.10/dist-packages/car_demo/__init__.py
[19.220s] -- Symlinking: /sbel/gazebo-demo/install/car_demo/lib/car_demo/prius_teleop_keyboard.py
[19.228s] -- Symlinking: /sbel/gazebo-demo/install/car_demo/lib/car_demo/joystick_translator.py
[19.235s] -- Symlinking: /sbel/gazebo-demo/install/car_demo/lib/libPriusHybridPlugin.so
[19.242s] -- Symlinking: /sbel/gazebo-demo/install/car_demo/share/ament_index/resource_index/package_run_dependencies/car_demo
[19.250s] -- Symlinking: /sbel/gazebo-demo/install/car_demo/share/ament_index/resource_index/parent_prefix_path/car_demo
[19.257s] -- Symlinking: /sbel/gazebo-demo/install/car_demo/share/car_demo/environment/ament_prefix_path.sh
[19.264s] -- Symlinking: /sbel/gazebo-demo/install/car_demo/share/car_demo/environment/ament_prefix_path.dsv
[19.271s] -- Symlinking: /sbel/gazebo-demo/install/car_demo/share/car_demo/environment/path.sh
[19.278s] -- Symlinking: /sbel/gazebo-demo/install/car_demo/share/car_demo/environment/path.dsv
[19.286s] -- Symlinking: /sbel/gazebo-demo/install/car_demo/share/car_demo/local_setup.bash
[19.293s] -- Symlinking: /sbel/gazebo-demo/install/car_demo/share/car_demo/local_setup.sh
[19.300s] -- Symlinking: /sbel/gazebo-demo/install/car_demo/share/car_demo/local_setup.zsh
[19.307s] -- Symlinking: /sbel/gazebo-demo/install/car_demo/share/car_demo/local_setup.dsv
[19.314s] -- Symlinking: /sbel/gazebo-demo/install/car_demo/share/car_demo/package.dsv
[19.321s] -- Symlinking: /sbel/gazebo-demo/install/car_demo/share/ament_index/resource_index/packages/car_demo
[19.328s] -- Symlinking: /sbel/gazebo-demo/install/car_demo/share/car_demo/cmake/ament_cmake_export_libraries-extras.cmake
[19.335s] -- Symlinking: /sbel/gazebo-demo/install/car_demo/share/car_demo/cmake/ament_cmake_export_include_directories-extras.cmake
[19.342s] -- Symlinking: /sbel/gazebo-demo/install/car_demo/share/car_demo/cmake/ament_cmake_export_dependencies-extras.cmake
[19.349s] -- Symlinking: /sbel/gazebo-demo/install/car_demo/share/car_demo/cmake/car_demoConfig.cmake
[19.355s] -- Symlinking: /sbel/gazebo-demo/install/car_demo/share/car_demo/cmake/car_demoConfig-version.cmake
[19.362s] -- Symlinking: /sbel/gazebo-demo/install/car_demo/share/car_demo/package.xml
[19.369s] -- Symlinking: /sbel/gazebo-demo/install/car_demo/share/car_demo/launch/demo.launch.py
[19.376s] -- Symlinking: /sbel/gazebo-demo/install/car_demo/share/car_demo/launch/spawn_prius.launch.py
[19.386s] -- Symlinking: /sbel/gazebo-demo/install/car_demo/share/car_demo/models/cloverleaf_interchange/materials/textures/arrow.png
[19.393s] -- Symlinking: /sbel/gazebo-demo/install/car_demo/share/car_demo/models/cloverleaf_interchange/materials/textures/concrete.png
[19.399s] -- Symlinking: /sbel/gazebo-demo/install/car_demo/share/car_demo/models/cloverleaf_interchange/materials/textures/cross.png
[19.407s] -- Symlinking: /sbel/gazebo-demo/install/car_demo/share/car_demo/models/cloverleaf_interchange/materials/textures/grass.png
[19.415s] -- Symlinking: /sbel/gazebo-demo/install/car_demo/share/car_demo/models/cloverleaf_interchange/materials/textures/road.png
[19.422s] -- Symlinking: /sbel/gazebo-demo/install/car_demo/share/car_demo/models/cloverleaf_interchange/meshes/cloverleaf.mtl
[19.429s] -- Symlinking: /sbel/gazebo-demo/install/car_demo/share/car_demo/models/cloverleaf_interchange/meshes/cloverleaf.obj
[19.437s] -- Symlinking: /sbel/gazebo-demo/install/car_demo/share/car_demo/models/cloverleaf_interchange/model.config
[19.445s] -- Symlinking: /sbel/gazebo-demo/install/car_demo/share/car_demo/models/cloverleaf_interchange/model.sdf
[19.453s] -- Symlinking: /sbel/gazebo-demo/install/car_demo/share/car_demo/models/construction_cone/materials/textures/Construction_Cone_Diffuse.png
[19.462s] -- Symlinking: /sbel/gazebo-demo/install/car_demo/share/car_demo/models/construction_cone/meshes/construction_cone.dae
[19.471s] -- Symlinking: /sbel/gazebo-demo/install/car_demo/share/car_demo/models/construction_cone/model-1_3.sdf
[19.480s] -- Symlinking: /sbel/gazebo-demo/install/car_demo/share/car_demo/models/construction_cone/model-1_4.sdf
[19.487s] -- Symlinking: /sbel/gazebo-demo/install/car_demo/share/car_demo/models/construction_cone/model.config
[19.496s] -- Symlinking: /sbel/gazebo-demo/install/car_demo/share/car_demo/models/construction_cone/model.sdf
[19.504s] -- Symlinking: /sbel/gazebo-demo/install/car_demo/share/car_demo/models/dumpster/materials/scripts/dumpster.material
[19.511s] -- Symlinking: /sbel/gazebo-demo/install/car_demo/share/car_demo/models/dumpster/materials/textures/Dumpster_Diffuse.png
[19.518s] -- Symlinking: /sbel/gazebo-demo/install/car_demo/share/car_demo/models/dumpster/materials/textures/Dumpster_Spec.png
[19.525s] -- Symlinking: /sbel/gazebo-demo/install/car_demo/share/car_demo/models/dumpster/meshes/dumpster.dae
[19.532s] -- Symlinking: /sbel/gazebo-demo/install/car_demo/share/car_demo/models/dumpster/model-1_3.sdf
[19.539s] -- Symlinking: /sbel/gazebo-demo/install/car_demo/share/car_demo/models/dumpster/model-1_4.sdf
[19.547s] -- Symlinking: /sbel/gazebo-demo/install/car_demo/share/car_demo/models/dumpster/model.config
[19.554s] -- Symlinking: /sbel/gazebo-demo/install/car_demo/share/car_demo/models/dumpster/model.sdf
[19.562s] -- Symlinking: /sbel/gazebo-demo/install/car_demo/share/car_demo/models/gas_station/materials/scripts/gas_station.material
[19.570s] -- Symlinking: /sbel/gazebo-demo/install/car_demo/share/car_demo/models/gas_station/materials/textures/GasStation_Diffuse.png
[19.578s] -- Symlinking: /sbel/gazebo-demo/install/car_demo/share/car_demo/models/gas_station/materials/textures/GasStation_Normal.png
[19.586s] -- Symlinking: /sbel/gazebo-demo/install/car_demo/share/car_demo/models/gas_station/materials/textures/GasStation_Spec.png
[19.593s] -- Symlinking: /sbel/gazebo-demo/install/car_demo/share/car_demo/models/gas_station/meshes/gas_station.dae
[19.600s] -- Symlinking: /sbel/gazebo-demo/install/car_demo/share/car_demo/models/gas_station/model-1_3.sdf
[19.607s] -- Symlinking: /sbel/gazebo-demo/install/car_demo/share/car_demo/models/gas_station/model-1_4.sdf
[19.614s] -- Symlinking: /sbel/gazebo-demo/install/car_demo/share/car_demo/models/gas_station/model.config
[19.621s] -- Symlinking: /sbel/gazebo-demo/install/car_demo/share/car_demo/models/gas_station/model.sdf
[19.629s] -- Symlinking: /sbel/gazebo-demo/install/car_demo/share/car_demo/models/grey_wall/materials/scripts/grey_wall.material
[19.636s] -- Symlinking: /sbel/gazebo-demo/install/car_demo/share/car_demo/models/grey_wall/materials/textures/grey_wall.png
[19.643s] -- Symlinking: /sbel/gazebo-demo/install/car_demo/share/car_demo/models/grey_wall/model-1_3.sdf
[19.650s] -- Symlinking: /sbel/gazebo-demo/install/car_demo/share/car_demo/models/grey_wall/model-1_4.sdf
[19.657s] -- Symlinking: /sbel/gazebo-demo/install/car_demo/share/car_demo/models/grey_wall/model.config
[19.664s] -- Symlinking: /sbel/gazebo-demo/install/car_demo/share/car_demo/models/grey_wall/model.sdf
[19.672s] -- Symlinking: /sbel/gazebo-demo/install/car_demo/share/car_demo/models/house_1/materials/scripts/house_1.material
[19.680s] -- Symlinking: /sbel/gazebo-demo/install/car_demo/share/car_demo/models/house_1/materials/textures/House_1_Diffuse.png
[19.688s] -- Symlinking: /sbel/gazebo-demo/install/car_demo/share/car_demo/models/house_1/materials/textures/House_1_Normal.png
[19.695s] -- Symlinking: /sbel/gazebo-demo/install/car_demo/share/car_demo/models/house_1/materials/textures/House_1_Spec.png
[19.702s] -- Symlinking: /sbel/gazebo-demo/install/car_demo/share/car_demo/models/house_1/meshes/house_1.dae
[19.710s] -- Symlinking: /sbel/gazebo-demo/install/car_demo/share/car_demo/models/house_1/model-1_3.sdf
[19.717s] -- Symlinking: /sbel/gazebo-demo/install/car_demo/share/car_demo/models/house_1/model-1_4.sdf
[19.725s] -- Symlinking: /sbel/gazebo-demo/install/car_demo/share/car_demo/models/house_1/model.config
[19.733s] -- Symlinking: /sbel/gazebo-demo/install/car_demo/share/car_demo/models/house_1/model.sdf
[19.741s] -- Symlinking: /sbel/gazebo-demo/install/car_demo/share/car_demo/models/house_2/materials/scripts/house_2.material
[19.748s] -- Symlinking: /sbel/gazebo-demo/install/car_demo/share/car_demo/models/house_2/materials/textures/House_2_Diffuse.png
[19.756s] -- Symlinking: /sbel/gazebo-demo/install/car_demo/share/car_demo/models/house_2/meshes/house_2.dae
[19.763s] -- Symlinking: /sbel/gazebo-demo/install/car_demo/share/car_demo/models/house_2/model-1_3.sdf
[19.771s] -- Symlinking: /sbel/gazebo-demo/install/car_demo/share/car_demo/models/house_2/model-1_4.sdf
[19.779s] -- Symlinking: /sbel/gazebo-demo/install/car_demo/share/car_demo/models/house_2/model.config
[19.787s] -- Symlinking: /sbel/gazebo-demo/install/car_demo/share/car_demo/models/house_2/model.sdf
[19.796s] -- Symlinking: /sbel/gazebo-demo/install/car_demo/share/car_demo/models/house_3/materials/scripts/house_3.material
[19.803s] -- Symlinking: /sbel/gazebo-demo/install/car_demo/share/car_demo/models/house_3/materials/textures/House_3_Diffuse.png
[19.812s] -- Symlinking: /sbel/gazebo-demo/install/car_demo/share/car_demo/models/house_3/meshes/house_3.dae
[19.821s] -- Symlinking: /sbel/gazebo-demo/install/car_demo/share/car_demo/models/house_3/model-1_3.sdf
[19.830s] -- Symlinking: /sbel/gazebo-demo/install/car_demo/share/car_demo/models/house_3/model-1_4.sdf
[19.838s] -- Symlinking: /sbel/gazebo-demo/install/car_demo/share/car_demo/models/house_3/model.config
[19.846s] -- Symlinking: /sbel/gazebo-demo/install/car_demo/share/car_demo/models/house_3/model.sdf
[19.854s] -- Symlinking: /sbel/gazebo-demo/install/car_demo/share/car_demo/models/jersey_barrier/materials/textures/jersey_barrier.png
[19.862s] -- Symlinking: /sbel/gazebo-demo/install/car_demo/share/car_demo/models/jersey_barrier/materials/textures/jersey_barrier_diffuse.png
[19.870s] -- Symlinking: /sbel/gazebo-demo/install/car_demo/share/car_demo/models/jersey_barrier/materials/textures/jersey_barrier_spec.png
[19.878s] -- Symlinking: /sbel/gazebo-demo/install/car_demo/share/car_demo/models/jersey_barrier/meshes/jersey_barrier.dae
[19.885s] -- Symlinking: /sbel/gazebo-demo/install/car_demo/share/car_demo/models/jersey_barrier/model-1_4.sdf
[19.892s] -- Symlinking: /sbel/gazebo-demo/install/car_demo/share/car_demo/models/jersey_barrier/model.config
[19.899s] -- Symlinking: /sbel/gazebo-demo/install/car_demo/share/car_demo/models/jersey_barrier/model.sdf
[19.906s] -- Symlinking: /sbel/gazebo-demo/install/car_demo/share/car_demo/models/mcity/materials/textures/Asphalt.png
[19.913s] -- Symlinking: /sbel/gazebo-demo/install/car_demo/share/car_demo/models/mcity/materials/textures/Brick.png
[19.920s] -- Symlinking: /sbel/gazebo-demo/install/car_demo/share/car_demo/models/mcity/materials/textures/Buildings.png
[19.927s] -- Symlinking: /sbel/gazebo-demo/install/car_demo/share/car_demo/models/mcity/materials/textures/Colors.png
[19.934s] -- Symlinking: /sbel/gazebo-demo/install/car_demo/share/car_demo/models/mcity/materials/textures/Concrete_Ground.png
[19.941s] -- Symlinking: /sbel/gazebo-demo/install/car_demo/share/car_demo/models/mcity/materials/textures/Crosswalk.png
[19.948s] -- Symlinking: /sbel/gazebo-demo/install/car_demo/share/car_demo/models/mcity/materials/textures/Curb.png
[19.955s] -- Symlinking: /sbel/gazebo-demo/install/car_demo/share/car_demo/models/mcity/materials/textures/Grass.png
[19.962s] -- Symlinking: /sbel/gazebo-demo/install/car_demo/share/car_demo/models/mcity/materials/textures/Gravel.png
[19.969s] -- Symlinking: /sbel/gazebo-demo/install/car_demo/share/car_demo/models/mcity/materials/textures/GuardRail.png
[19.976s] -- Symlinking: /sbel/gazebo-demo/install/car_demo/share/car_demo/models/mcity/materials/textures/OverheadSignBase.png
[19.982s] -- Symlinking: /sbel/gazebo-demo/install/car_demo/share/car_demo/models/mcity/materials/textures/OverheadSigns.png
[19.989s] -- Symlinking: /sbel/gazebo-demo/install/car_demo/share/car_demo/models/mcity/materials/textures/RailroadGate.png
[19.997s] -- Symlinking: /sbel/gazebo-demo/install/car_demo/share/car_demo/models/mcity/materials/textures/Road_Blank.png
[20.004s] -- Symlinking: /sbel/gazebo-demo/install/car_demo/share/car_demo/models/mcity/materials/textures/Road_Blank_Light.png
[20.011s] -- Symlinking: /sbel/gazebo-demo/install/car_demo/share/car_demo/models/mcity/materials/textures/Road_DoubleYellowLine.png
[20.017s] -- Symlinking: /sbel/gazebo-demo/install/car_demo/share/car_demo/models/mcity/materials/textures/Road_DoubleYellowLine_Light.png
[20.024s] -- Symlinking: /sbel/gazebo-demo/install/car_demo/share/car_demo/models/mcity/materials/textures/Road_SingleWhiteLine.png
[20.032s] -- Symlinking: /sbel/gazebo-demo/install/car_demo/share/car_demo/models/mcity/materials/textures/StreetLamp_Short.png
[20.038s] -- Symlinking: /sbel/gazebo-demo/install/car_demo/share/car_demo/models/mcity/materials/textures/StreetLamp_Tall.png
[20.046s] -- Symlinking: /sbel/gazebo-demo/install/car_demo/share/car_demo/models/mcity/materials/textures/TrafficBarrel.png
[20.052s] -- Symlinking: /sbel/gazebo-demo/install/car_demo/share/car_demo/models/mcity/materials/textures/Tunnel.png
[20.059s] -- Symlinking: /sbel/gazebo-demo/install/car_demo/share/car_demo/models/mcity/meshes/mcity.mtl
[20.066s] -- Symlinking: /sbel/gazebo-demo/install/car_demo/share/car_demo/models/mcity/meshes/mcity.obj
[20.072s] -- Symlinking: /sbel/gazebo-demo/install/car_demo/share/car_demo/models/mcity/model.config
[20.080s] -- Symlinking: /sbel/gazebo-demo/install/car_demo/share/car_demo/models/mcity/model.sdf
[20.087s] -- Symlinking: /sbel/gazebo-demo/install/car_demo/share/car_demo/models/powerplant/materials/textures/__auto_.png
[20.094s] -- Symlinking: /sbel/gazebo-demo/install/car_demo/share/car_demo/models/powerplant/materials/textures/__auto_1.png
[20.101s] -- Symlinking: /sbel/gazebo-demo/install/car_demo/share/car_demo/models/powerplant/materials/textures/__auto_10.png
[20.108s] -- Symlinking: /sbel/gazebo-demo/install/car_demo/share/car_demo/models/powerplant/materials/textures/__auto_11.png
[20.115s] -- Symlinking: /sbel/gazebo-demo/install/car_demo/share/car_demo/models/powerplant/materials/textures/__auto_12.png
[20.123s] -- Symlinking: /sbel/gazebo-demo/install/car_demo/share/car_demo/models/powerplant/materials/textures/__auto_13.png
[20.129s] -- Symlinking: /sbel/gazebo-demo/install/car_demo/share/car_demo/models/powerplant/materials/textures/__auto_17.png
[20.136s] -- Symlinking: /sbel/gazebo-demo/install/car_demo/share/car_demo/models/powerplant/materials/textures/__auto_19.png
[20.143s] -- Symlinking: /sbel/gazebo-demo/install/car_demo/share/car_demo/models/powerplant/materials/textures/__auto_2.png
[20.150s] -- Symlinking: /sbel/gazebo-demo/install/car_demo/share/car_demo/models/powerplant/materials/textures/__auto_20.png
[20.156s] -- Symlinking: /sbel/gazebo-demo/install/car_demo/share/car_demo/models/powerplant/materials/textures/__auto_21.png
[20.163s] -- Symlinking: /sbel/gazebo-demo/install/car_demo/share/car_demo/models/powerplant/materials/textures/__auto_22.png
[20.171s] -- Symlinking: /sbel/gazebo-demo/install/car_demo/share/car_demo/models/powerplant/materials/textures/__auto_23.png
[20.178s] -- Symlinking: /sbel/gazebo-demo/install/car_demo/share/car_demo/models/powerplant/materials/textures/__auto_25.png
[20.185s] -- Symlinking: /sbel/gazebo-demo/install/car_demo/share/car_demo/models/powerplant/materials/textures/__auto_26.png
[20.191s] -- Symlinking: /sbel/gazebo-demo/install/car_demo/share/car_demo/models/powerplant/materials/textures/__auto_27.png
[20.198s] -- Symlinking: /sbel/gazebo-demo/install/car_demo/share/car_demo/models/powerplant/materials/textures/__auto_3.png
[20.205s] -- Symlinking: /sbel/gazebo-demo/install/car_demo/share/car_demo/models/powerplant/materials/textures/__auto_32.png
[20.212s] -- Symlinking: /sbel/gazebo-demo/install/car_demo/share/car_demo/models/powerplant/materials/textures/__auto_33.png
[20.218s] -- Symlinking: /sbel/gazebo-demo/install/car_demo/share/car_demo/models/powerplant/materials/textures/__auto_34.png
[20.225s] -- Symlinking: /sbel/gazebo-demo/install/car_demo/share/car_demo/models/powerplant/materials/textures/__auto_35.png
[20.232s] -- Symlinking: /sbel/gazebo-demo/install/car_demo/share/car_demo/models/powerplant/materials/textures/__auto_36.png
[20.239s] -- Symlinking: /sbel/gazebo-demo/install/car_demo/share/car_demo/models/powerplant/materials/textures/__auto_37.png
[20.246s] -- Symlinking: /sbel/gazebo-demo/install/car_demo/share/car_demo/models/powerplant/materials/textures/__auto_38.png
[20.252s] -- Symlinking: /sbel/gazebo-demo/install/car_demo/share/car_demo/models/powerplant/materials/textures/__auto_6.png
[20.260s] -- Symlinking: /sbel/gazebo-demo/install/car_demo/share/car_demo/models/powerplant/materials/textures/__auto_7.png
[20.267s] -- Symlinking: /sbel/gazebo-demo/install/car_demo/share/car_demo/models/powerplant/materials/textures/__auto_8.png
[20.273s] -- Symlinking: /sbel/gazebo-demo/install/car_demo/share/car_demo/models/powerplant/materials/textures/__auto_9.png
[20.280s] -- Symlinking: /sbel/gazebo-demo/install/car_demo/share/car_demo/models/powerplant/meshes/powerplant.dae
[20.286s] -- Symlinking: /sbel/gazebo-demo/install/car_demo/share/car_demo/models/powerplant/model-1_2.sdf
[20.293s] -- Symlinking: /sbel/gazebo-demo/install/car_demo/share/car_demo/models/powerplant/model-1_3.sdf
[20.299s] -- Symlinking: /sbel/gazebo-demo/install/car_demo/share/car_demo/models/powerplant/model-1_4.sdf
[20.306s] -- Symlinking: /sbel/gazebo-demo/install/car_demo/share/car_demo/models/powerplant/model.config
[20.313s] -- Symlinking: /sbel/gazebo-demo/install/car_demo/share/car_demo/models/powerplant/model.sdf
[20.320s] -- Symlinking: /sbel/gazebo-demo/install/car_demo/share/car_demo/models/speed_limit_sign/materials/textures/Speed_100.png
[20.326s] -- Symlinking: /sbel/gazebo-demo/install/car_demo/share/car_demo/models/speed_limit_sign/materials/textures/Speed_110.png
[20.333s] -- Symlinking: /sbel/gazebo-demo/install/car_demo/share/car_demo/models/speed_limit_sign/materials/textures/Speed_120.png
[20.339s] -- Symlinking: /sbel/gazebo-demo/install/car_demo/share/car_demo/models/speed_limit_sign/materials/textures/Speed_130.png
[20.347s] -- Symlinking: /sbel/gazebo-demo/install/car_demo/share/car_demo/models/speed_limit_sign/materials/textures/Speed_16.png
[20.354s] -- Symlinking: /sbel/gazebo-demo/install/car_demo/share/car_demo/models/speed_limit_sign/materials/textures/Speed_30.png
[20.360s] -- Symlinking: /sbel/gazebo-demo/install/car_demo/share/car_demo/models/speed_limit_sign/materials/textures/Speed_40.png
[20.367s] -- Symlinking: /sbel/gazebo-demo/install/car_demo/share/car_demo/models/speed_limit_sign/materials/textures/Speed_50.png
[20.374s] -- Symlinking: /sbel/gazebo-demo/install/car_demo/share/car_demo/models/speed_limit_sign/materials/textures/Speed_60.png
[20.381s] -- Symlinking: /sbel/gazebo-demo/install/car_demo/share/car_demo/models/speed_limit_sign/materials/textures/Speed_70.png
[20.388s] -- Symlinking: /sbel/gazebo-demo/install/car_demo/share/car_demo/models/speed_limit_sign/materials/textures/Speed_80.png
[20.395s] -- Symlinking: /sbel/gazebo-demo/install/car_demo/share/car_demo/models/speed_limit_sign/materials/textures/Speed_90.png
[20.403s] -- Symlinking: /sbel/gazebo-demo/install/car_demo/share/car_demo/models/speed_limit_sign/materials/textures/Speed_Spec.png
[20.410s] -- Symlinking: /sbel/gazebo-demo/install/car_demo/share/car_demo/models/speed_limit_sign/materials/textures/StopSign_Diffuse.png
[20.417s] -- Symlinking: /sbel/gazebo-demo/install/car_demo/share/car_demo/models/speed_limit_sign/materials/textures/StopSign_Spec.png
[20.423s] -- Symlinking: /sbel/gazebo-demo/install/car_demo/share/car_demo/models/speed_limit_sign/meshes/speed_limit_sign.dae
[20.430s] -- Symlinking: /sbel/gazebo-demo/install/car_demo/share/car_demo/models/speed_limit_sign/model-1_3.sdf
[20.437s] -- Symlinking: /sbel/gazebo-demo/install/car_demo/share/car_demo/models/speed_limit_sign/model-1_4.sdf
[20.444s] -- Symlinking: /sbel/gazebo-demo/install/car_demo/share/car_demo/models/speed_limit_sign/model.config
[20.450s] -- Symlinking: /sbel/gazebo-demo/install/car_demo/share/car_demo/models/speed_limit_sign/model.sdf
[20.457s] -- Symlinking: /sbel/gazebo-demo/install/car_demo/share/car_demo/rviz/ros2.rviz
[20.464s] -- Symlinking: /sbel/gazebo-demo/install/car_demo/share/car_demo/worlds/mcity.world
[20.471s] -- Up-to-date symlink: /sbel/gazebo-demo/install/car_demo/lib/libPriusHybridPlugin.so
[20.500s] Listing '/sbel/gazebo-demo/install/car_demo/local/lib/python3.10/dist-packages/car_demo'...
[20.500s] Compiling '/sbel/gazebo-demo/install/car_demo/local/lib/python3.10/dist-packages/car_demo/__init__.py'...
[20.505s] Invoked command in '/sbel/gazebo-demo/build/car_demo' returned '0': AMENT_PREFIX_PATH=/sbel/gazebo-demo/install/prius_msgs:/sbel/gazebo-demo/install/prius_description:${AMENT_PREFIX_PATH} CMAKE_PREFIX_PATH=/sbel/gazebo-demo/install/prius_msgs:/sbel/gazebo-demo/install/prius_description:/chrono_ros_interfaces/install/chrono_ros_interfaces:/opt/ros/humble GAZEBO_MODEL_PATH=/sbel/gazebo-demo/install/prius_description/share/prius_description/models LD_LIBRARY_PATH=/sbel/gazebo-demo/install/prius_msgs/lib:${LD_LIBRARY_PATH} PYTHONPATH=/sbel/gazebo-demo/install/prius_msgs/local/lib/python3.10/dist-packages:${PYTHONPATH} /usr/bin/cmake --install /sbel/gazebo-demo/build/car_demo
