[0.158s] Invoking command in '/sbel/gazebo-demo/build/prius_description': CMAKE_PREFIX_PATH=${CMAKE_PREFIX_PATH}:/opt/ros/humble /usr/bin/cmake /sbel/gazebo-demo/prius_description -DCMAKE_INSTALL_PREFIX=/sbel/gazebo-demo/install/prius_description
[0.238s] -- The C compiler identification is GNU 11.4.0
[0.306s] -- The CXX compiler identification is GNU 11.4.0
[0.318s] -- Detecting C compiler ABI info
[0.428s] -- Detecting C compiler ABI info - done
[0.435s] -- Check for working C compiler: /usr/bin/cc - skipped
[0.436s] -- Detecting C compile features
[0.437s] -- Detecting C compile features - done
[0.442s] -- Detecting CXX compiler ABI info
[0.542s] -- Detecting CXX compiler ABI info - done
[0.550s] -- Check for working CXX compiler: /usr/bin/c++ - skipped
[0.550s] -- Detecting CXX compile features
[0.551s] -- Detecting CXX compile features - done
[0.558s] -- Found ament_cmake: 1.3.5 (/opt/ros/humble/share/ament_cmake/cmake)
[0.754s] -- Found Python3: /usr/bin/python3.10 (found version "3.10.12") found components: Interpreter 
[0.889s] -- Found xacro: 2.0.8 (/opt/ros/humble/share/xacro/cmake)
[0.958s] -- Configuring done
[0.963s] -- Generating done
[0.965s] -- Build files have been written to: /sbel/gazebo-demo/build/prius_description
[0.975s] Invoked command in '/sbel/gazebo-demo/build/prius_description' returned '0': CMAKE_PREFIX_PATH=${CMAKE_PREFIX_PATH}:/opt/ros/humble /usr/bin/cmake /sbel/gazebo-demo/prius_description -DCMAKE_INSTALL_PREFIX=/sbel/gazebo-demo/install/prius_description
[0.976s] Invoking command in '/sbel/gazebo-demo/build/prius_description': CMAKE_PREFIX_PATH=${CMAKE_PREFIX_PATH}:/opt/ros/humble /usr/bin/cmake --build /sbel/gazebo-demo/build/prius_description -- -j16 -l16
[1.042s] Invoked command in '/sbel/gazebo-demo/build/prius_description' returned '0': CMAKE_PREFIX_PATH=${CMAKE_PREFIX_PATH}:/opt/ros/humble /usr/bin/cmake --build /sbel/gazebo-demo/build/prius_description -- -j16 -l16
[1.089s] Invoking command in '/sbel/gazebo-demo/build/prius_description': CMAKE_PREFIX_PATH=${CMAKE_PREFIX_PATH}:/opt/ros/humble /usr/bin/cmake --install /sbel/gazebo-demo/build/prius_description
[1.099s] -- Install configuration: ""
[1.100s] -- Installing: /sbel/gazebo-demo/install/prius_description/share/prius_description/environment/gazebo_envs.sh
[1.101s] -- Installing: /sbel/gazebo-demo/install/prius_description/share/prius_description/meshes
[1.102s] -- Installing: /sbel/gazebo-demo/install/prius_description/share/prius_description/meshes/wheel.obj
[1.103s] -- Installing: /sbel/gazebo-demo/install/prius_description/share/prius_description/meshes/hybrid_body.mtl
[1.104s] -- Installing: /sbel/gazebo-demo/install/prius_description/share/prius_description/meshes/Hybrid.png
[1.115s] -- Installing: /sbel/gazebo-demo/install/prius_description/share/prius_description/meshes/steering_wheel.mtl
[1.115s] -- Installing: /sbel/gazebo-demo/install/prius_description/share/prius_description/meshes/model.config
[1.115s] -- Installing: /sbel/gazebo-demo/install/prius_description/share/prius_description/meshes/Wheels3.png
[1.118s] -- Installing: /sbel/gazebo-demo/install/prius_description/share/prius_description/meshes/Hybrid_Interior.png
[1.119s] -- Installing: /sbel/gazebo-demo/install/prius_description/share/prius_description/meshes/steering_wheel.obj
[1.119s] -- Installing: /sbel/gazebo-demo/install/prius_description/share/prius_description/meshes/wheel.mtl
[1.119s] -- Installing: /sbel/gazebo-demo/install/prius_description/share/prius_description/meshes/hybrid_body.obj
[1.120s] -- Installing: /sbel/gazebo-demo/install/prius_description/share/prius_description/urdf
[1.120s] -- Installing: /sbel/gazebo-demo/install/prius_description/share/prius_description/urdf/prius.urdf
[1.120s] -- Installing: /sbel/gazebo-demo/install/prius_description/share/prius_description/model.config
[1.121s] -- Installing: /sbel/gazebo-demo/install/prius_description/share/ament_index/resource_index/package_run_dependencies/prius_description
[1.121s] -- Installing: /sbel/gazebo-demo/install/prius_description/share/ament_index/resource_index/parent_prefix_path/prius_description
[1.122s] -- Installing: /sbel/gazebo-demo/install/prius_description/share/prius_description/environment/ament_prefix_path.sh
[1.122s] -- Installing: /sbel/gazebo-demo/install/prius_description/share/prius_description/environment/ament_prefix_path.dsv
[1.122s] -- Installing: /sbel/gazebo-demo/install/prius_description/share/prius_description/environment/path.sh
[1.122s] -- Installing: /sbel/gazebo-demo/install/prius_description/share/prius_description/environment/path.dsv
[1.123s] -- Installing: /sbel/gazebo-demo/install/prius_description/share/prius_description/local_setup.bash
[1.123s] -- Installing: /sbel/gazebo-demo/install/prius_description/share/prius_description/local_setup.sh
[1.123s] -- Installing: /sbel/gazebo-demo/install/prius_description/share/prius_description/local_setup.zsh
[1.123s] -- Installing: /sbel/gazebo-demo/install/prius_description/share/prius_description/local_setup.dsv
[1.124s] -- Installing: /sbel/gazebo-demo/install/prius_description/share/prius_description/package.dsv
[1.124s] -- Installing: /sbel/gazebo-demo/install/prius_description/share/ament_index/resource_index/packages/prius_description
[1.124s] -- Installing: /sbel/gazebo-demo/install/prius_description/share/prius_description/cmake/prius_descriptionConfig.cmake
[1.125s] -- Installing: /sbel/gazebo-demo/install/prius_description/share/prius_description/cmake/prius_descriptionConfig-version.cmake
[1.125s] -- Installing: /sbel/gazebo-demo/install/prius_description/share/prius_description/package.xml
[1.127s] Invoked command in '/sbel/gazebo-demo/build/prius_description' returned '0': CMAKE_PREFIX_PATH=${CMAKE_PREFIX_PATH}:/opt/ros/humble /usr/bin/cmake --install /sbel/gazebo-demo/build/prius_description
