[0.644s] DEBUG:colcon:Command line arguments: ['/usr/bin/colcon', 'build']
[0.644s] DEBUG:colcon:Parsed command line arguments: Namespace(log_base=None, log_level=None, verb_name='build', build_base='build', install_base='install', merge_install=False, symlink_install=False, test_result_base=None, continue_on_error=False, executor='parallel', parallel_workers=16, event_handlers=None, ignore_user_meta=False, metas=['./colcon.meta'], base_paths=['.'], packages_ignore=None, packages_ignore_regex=None, paths=None, packages_up_to=None, packages_up_to_regex=None, packages_above=None, packages_above_and_dependencies=None, packages_above_depth=None, packages_select_by_dep=None, packages_skip_by_dep=None, packages_skip_up_to=None, packages_select_build_failed=False, packages_skip_build_finished=False, packages_select_test_failures=False, packages_skip_test_passed=False, packages_select=None, packages_skip=None, packages_select_regex=None, packages_skip_regex=None, packages_start=None, packages_end=None, allow_overriding=[], cmake_args=None, cmake_target=None, cmake_target_skip_unavailable=False, cmake_clean_cache=False, cmake_clean_first=False, cmake_force_configure=False, ament_cmake_args=None, catkin_cmake_args=None, catkin_skip_building_tests=False, verb_parser=<colcon_defaults.argument_parser.defaults.DefaultArgumentsDecorator object at 0x71463ae354e0>, verb_extension=<colcon_core.verb.build.BuildVerb object at 0x71463ae35630>, main=<bound method BuildVerb.main of <colcon_core.verb.build.BuildVerb object at 0x71463ae35630>>)
[0.676s] Level 1:colcon.colcon_core.package_discovery:discover_packages(colcon_meta) check parameters
[0.676s] Level 1:colcon.colcon_core.package_discovery:discover_packages(recursive) check parameters
[0.676s] Level 1:colcon.colcon_core.package_discovery:discover_packages(ignore) check parameters
[0.676s] Level 1:colcon.colcon_core.package_discovery:discover_packages(path) check parameters
[0.676s] Level 1:colcon.colcon_core.package_discovery:discover_packages(colcon_meta) discover
[0.676s] Level 1:colcon.colcon_core.package_discovery:discover_packages(recursive) discover
[0.676s] INFO:colcon.colcon_core.package_discovery:Crawling recursively for packages in '/sbel/gazebo-demo'
[0.676s] Level 1:colcon.colcon_core.package_identification:_identify(.) by extensions ['ignore', 'ignore_ament_install']
[0.677s] Level 1:colcon.colcon_core.package_identification:_identify(.) by extension 'ignore'
[0.677s] Level 1:colcon.colcon_core.package_identification:_identify(.) by extension 'ignore_ament_install'
[0.677s] Level 1:colcon.colcon_core.package_identification:_identify(.) by extensions ['colcon_pkg']
[0.677s] Level 1:colcon.colcon_core.package_identification:_identify(.) by extension 'colcon_pkg'
[0.677s] Level 1:colcon.colcon_core.package_identification:_identify(.) by extensions ['colcon_meta']
[0.677s] Level 1:colcon.colcon_core.package_identification:_identify(.) by extension 'colcon_meta'
[0.677s] Level 1:colcon.colcon_core.package_identification:_identify(.) by extensions ['ros']
[0.677s] Level 1:colcon.colcon_core.package_identification:_identify(.) by extension 'ros'
[0.684s] Level 1:colcon.colcon_core.package_identification:_identify(.) by extensions ['cmake', 'python']
[0.684s] Level 1:colcon.colcon_core.package_identification:_identify(.) by extension 'cmake'
[0.684s] Level 1:colcon.colcon_core.package_identification:_identify(.) by extension 'python'
[0.685s] Level 1:colcon.colcon_core.package_identification:_identify(.) by extensions ['python_setup_py']
[0.685s] Level 1:colcon.colcon_core.package_identification:_identify(.) by extension 'python_setup_py'
[0.685s] Level 1:colcon.colcon_core.package_identification:_identify(assets) by extensions ['ignore', 'ignore_ament_install']
[0.685s] Level 1:colcon.colcon_core.package_identification:_identify(assets) by extension 'ignore'
[0.685s] Level 1:colcon.colcon_core.package_identification:_identify(assets) by extension 'ignore_ament_install'
[0.685s] Level 1:colcon.colcon_core.package_identification:_identify(assets) by extensions ['colcon_pkg']
[0.685s] Level 1:colcon.colcon_core.package_identification:_identify(assets) by extension 'colcon_pkg'
[0.685s] Level 1:colcon.colcon_core.package_identification:_identify(assets) by extensions ['colcon_meta']
[0.685s] Level 1:colcon.colcon_core.package_identification:_identify(assets) by extension 'colcon_meta'
[0.685s] Level 1:colcon.colcon_core.package_identification:_identify(assets) by extensions ['ros']
[0.685s] Level 1:colcon.colcon_core.package_identification:_identify(assets) by extension 'ros'
[0.685s] Level 1:colcon.colcon_core.package_identification:_identify(assets) by extensions ['cmake', 'python']
[0.685s] Level 1:colcon.colcon_core.package_identification:_identify(assets) by extension 'cmake'
[0.685s] Level 1:colcon.colcon_core.package_identification:_identify(assets) by extension 'python'
[0.685s] Level 1:colcon.colcon_core.package_identification:_identify(assets) by extensions ['python_setup_py']
[0.685s] Level 1:colcon.colcon_core.package_identification:_identify(assets) by extension 'python_setup_py'
[0.685s] Level 1:colcon.colcon_core.package_identification:_identify(build) by extensions ['ignore', 'ignore_ament_install']
[0.685s] Level 1:colcon.colcon_core.package_identification:_identify(build) by extension 'ignore'
[0.686s] Level 1:colcon.colcon_core.package_identification:_identify(build) ignored
[0.686s] Level 1:colcon.colcon_core.package_identification:_identify(car_demo) by extensions ['ignore', 'ignore_ament_install']
[0.686s] Level 1:colcon.colcon_core.package_identification:_identify(car_demo) by extension 'ignore'
[0.686s] Level 1:colcon.colcon_core.package_identification:_identify(car_demo) by extension 'ignore_ament_install'
[0.686s] Level 1:colcon.colcon_core.package_identification:_identify(car_demo) by extensions ['colcon_pkg']
[0.686s] Level 1:colcon.colcon_core.package_identification:_identify(car_demo) by extension 'colcon_pkg'
[0.686s] Level 1:colcon.colcon_core.package_identification:_identify(car_demo) by extensions ['colcon_meta']
[0.686s] Level 1:colcon.colcon_core.package_identification:_identify(car_demo) by extension 'colcon_meta'
[0.686s] Level 1:colcon.colcon_core.package_identification:_identify(car_demo) by extensions ['ros']
[0.686s] Level 1:colcon.colcon_core.package_identification:_identify(car_demo) by extension 'ros'
[0.688s] DEBUG:colcon.colcon_core.package_identification:Package 'car_demo' with type 'ros.ament_cmake' and name 'car_demo'
[0.688s] Level 1:colcon.colcon_core.package_identification:_identify(install) by extensions ['ignore', 'ignore_ament_install']
[0.688s] Level 1:colcon.colcon_core.package_identification:_identify(install) by extension 'ignore'
[0.688s] Level 1:colcon.colcon_core.package_identification:_identify(install) ignored
[0.688s] Level 1:colcon.colcon_core.package_identification:_identify(log) by extensions ['ignore', 'ignore_ament_install']
[0.688s] Level 1:colcon.colcon_core.package_identification:_identify(log) by extension 'ignore'
[0.688s] Level 1:colcon.colcon_core.package_identification:_identify(log) ignored
[0.688s] Level 1:colcon.colcon_core.package_identification:_identify(prius_description) by extensions ['ignore', 'ignore_ament_install']
[0.688s] Level 1:colcon.colcon_core.package_identification:_identify(prius_description) by extension 'ignore'
[0.688s] Level 1:colcon.colcon_core.package_identification:_identify(prius_description) by extension 'ignore_ament_install'
[0.688s] Level 1:colcon.colcon_core.package_identification:_identify(prius_description) by extensions ['colcon_pkg']
[0.689s] Level 1:colcon.colcon_core.package_identification:_identify(prius_description) by extension 'colcon_pkg'
[0.689s] Level 1:colcon.colcon_core.package_identification:_identify(prius_description) by extensions ['colcon_meta']
[0.689s] Level 1:colcon.colcon_core.package_identification:_identify(prius_description) by extension 'colcon_meta'
[0.689s] Level 1:colcon.colcon_core.package_identification:_identify(prius_description) by extensions ['ros']
[0.689s] Level 1:colcon.colcon_core.package_identification:_identify(prius_description) by extension 'ros'
[0.689s] DEBUG:colcon.colcon_core.package_identification:Package 'prius_description' with type 'ros.ament_cmake' and name 'prius_description'
[0.689s] Level 1:colcon.colcon_core.package_identification:_identify(prius_msgs) by extensions ['ignore', 'ignore_ament_install']
[0.689s] Level 1:colcon.colcon_core.package_identification:_identify(prius_msgs) by extension 'ignore'
[0.689s] Level 1:colcon.colcon_core.package_identification:_identify(prius_msgs) by extension 'ignore_ament_install'
[0.689s] Level 1:colcon.colcon_core.package_identification:_identify(prius_msgs) by extensions ['colcon_pkg']
[0.689s] Level 1:colcon.colcon_core.package_identification:_identify(prius_msgs) by extension 'colcon_pkg'
[0.689s] Level 1:colcon.colcon_core.package_identification:_identify(prius_msgs) by extensions ['colcon_meta']
[0.689s] Level 1:colcon.colcon_core.package_identification:_identify(prius_msgs) by extension 'colcon_meta'
[0.689s] Level 1:colcon.colcon_core.package_identification:_identify(prius_msgs) by extensions ['ros']
[0.690s] Level 1:colcon.colcon_core.package_identification:_identify(prius_msgs) by extension 'ros'
[0.690s] DEBUG:colcon.colcon_core.package_identification:Package 'prius_msgs' with type 'ros.ament_cmake' and name 'prius_msgs'
[0.690s] Level 1:colcon.colcon_core.package_discovery:discover_packages(recursive) using defaults
[0.690s] Level 1:colcon.colcon_core.package_discovery:discover_packages(ignore) discover
[0.690s] Level 1:colcon.colcon_core.package_discovery:discover_packages(ignore) using defaults
[0.690s] Level 1:colcon.colcon_core.package_discovery:discover_packages(path) discover
[0.690s] Level 1:colcon.colcon_core.package_discovery:discover_packages(path) using defaults
[0.751s] Level 1:colcon.colcon_core.package_discovery:discover_packages(prefix_path) check parameters
[0.751s] Level 1:colcon.colcon_core.package_discovery:discover_packages(prefix_path) discover
[0.770s] DEBUG:colcon.colcon_installed_package_information.package_discovery:Found 3 installed packages in /sbel/gazebo-demo/install
[0.780s] DEBUG:colcon.colcon_installed_package_information.package_discovery:Found 1 installed packages in /chrono_ros_interfaces/install
[0.790s] DEBUG:colcon.colcon_installed_package_information.package_discovery:Found 291 installed packages in /opt/ros/humble
[0.791s] Level 1:colcon.colcon_core.package_discovery:discover_packages(prefix_path) using defaults
[0.856s] Level 5:colcon.colcon_core.verb:set package 'prius_description' build argument 'cmake_args' from command line to 'None'
[0.856s] Level 5:colcon.colcon_core.verb:set package 'prius_description' build argument 'cmake_target' from command line to 'None'
[0.856s] Level 5:colcon.colcon_core.verb:set package 'prius_description' build argument 'cmake_target_skip_unavailable' from command line to 'False'
[0.856s] Level 5:colcon.colcon_core.verb:set package 'prius_description' build argument 'cmake_clean_cache' from command line to 'False'
[0.856s] Level 5:colcon.colcon_core.verb:set package 'prius_description' build argument 'cmake_clean_first' from command line to 'False'
[0.856s] Level 5:colcon.colcon_core.verb:set package 'prius_description' build argument 'cmake_force_configure' from command line to 'False'
[0.856s] Level 5:colcon.colcon_core.verb:set package 'prius_description' build argument 'ament_cmake_args' from command line to 'None'
[0.856s] Level 5:colcon.colcon_core.verb:set package 'prius_description' build argument 'catkin_cmake_args' from command line to 'None'
[0.856s] Level 5:colcon.colcon_core.verb:set package 'prius_description' build argument 'catkin_skip_building_tests' from command line to 'False'
[0.856s] DEBUG:colcon.colcon_core.verb:Building package 'prius_description' with the following arguments: {'ament_cmake_args': None, 'build_base': '/sbel/gazebo-demo/build/prius_description', 'catkin_cmake_args': None, 'catkin_skip_building_tests': False, 'cmake_args': None, 'cmake_clean_cache': False, 'cmake_clean_first': False, 'cmake_force_configure': False, 'cmake_target': None, 'cmake_target_skip_unavailable': False, 'install_base': '/sbel/gazebo-demo/install/prius_description', 'merge_install': False, 'path': '/sbel/gazebo-demo/prius_description', 'symlink_install': False, 'test_result_base': None}
[0.866s] Level 5:colcon.colcon_core.verb:set package 'prius_msgs' build argument 'cmake_args' from command line to 'None'
[0.866s] Level 5:colcon.colcon_core.verb:set package 'prius_msgs' build argument 'cmake_target' from command line to 'None'
[0.866s] Level 5:colcon.colcon_core.verb:set package 'prius_msgs' build argument 'cmake_target_skip_unavailable' from command line to 'False'
[0.866s] Level 5:colcon.colcon_core.verb:set package 'prius_msgs' build argument 'cmake_clean_cache' from command line to 'False'
[0.866s] Level 5:colcon.colcon_core.verb:set package 'prius_msgs' build argument 'cmake_clean_first' from command line to 'False'
[0.866s] Level 5:colcon.colcon_core.verb:set package 'prius_msgs' build argument 'cmake_force_configure' from command line to 'False'
[0.866s] Level 5:colcon.colcon_core.verb:set package 'prius_msgs' build argument 'ament_cmake_args' from command line to 'None'
[0.866s] Level 5:colcon.colcon_core.verb:set package 'prius_msgs' build argument 'catkin_cmake_args' from command line to 'None'
[0.866s] Level 5:colcon.colcon_core.verb:set package 'prius_msgs' build argument 'catkin_skip_building_tests' from command line to 'False'
[0.866s] DEBUG:colcon.colcon_core.verb:Building package 'prius_msgs' with the following arguments: {'ament_cmake_args': None, 'build_base': '/sbel/gazebo-demo/build/prius_msgs', 'catkin_cmake_args': None, 'catkin_skip_building_tests': False, 'cmake_args': None, 'cmake_clean_cache': False, 'cmake_clean_first': False, 'cmake_force_configure': False, 'cmake_target': None, 'cmake_target_skip_unavailable': False, 'install_base': '/sbel/gazebo-demo/install/prius_msgs', 'merge_install': False, 'path': '/sbel/gazebo-demo/prius_msgs', 'symlink_install': False, 'test_result_base': None}
[0.876s] Level 5:colcon.colcon_core.verb:set package 'car_demo' build argument 'cmake_args' from command line to 'None'
[0.876s] Level 5:colcon.colcon_core.verb:set package 'car_demo' build argument 'cmake_target' from command line to 'None'
[0.876s] Level 5:colcon.colcon_core.verb:set package 'car_demo' build argument 'cmake_target_skip_unavailable' from command line to 'False'
[0.876s] Level 5:colcon.colcon_core.verb:set package 'car_demo' build argument 'cmake_clean_cache' from command line to 'False'
[0.876s] Level 5:colcon.colcon_core.verb:set package 'car_demo' build argument 'cmake_clean_first' from command line to 'False'
[0.876s] Level 5:colcon.colcon_core.verb:set package 'car_demo' build argument 'cmake_force_configure' from command line to 'False'
[0.876s] Level 5:colcon.colcon_core.verb:set package 'car_demo' build argument 'ament_cmake_args' from command line to 'None'
[0.876s] Level 5:colcon.colcon_core.verb:set package 'car_demo' build argument 'catkin_cmake_args' from command line to 'None'
[0.876s] Level 5:colcon.colcon_core.verb:set package 'car_demo' build argument 'catkin_skip_building_tests' from command line to 'False'
[0.876s] DEBUG:colcon.colcon_core.verb:Building package 'car_demo' with the following arguments: {'ament_cmake_args': None, 'build_base': '/sbel/gazebo-demo/build/car_demo', 'catkin_cmake_args': None, 'catkin_skip_building_tests': False, 'cmake_args': None, 'cmake_clean_cache': False, 'cmake_clean_first': False, 'cmake_force_configure': False, 'cmake_target': None, 'cmake_target_skip_unavailable': False, 'install_base': '/sbel/gazebo-demo/install/car_demo', 'merge_install': False, 'path': '/sbel/gazebo-demo/car_demo', 'symlink_install': False, 'test_result_base': None}
[0.885s] INFO:colcon.colcon_core.executor:Executing jobs using 'parallel' executor
[0.895s] DEBUG:colcon.colcon_parallel_executor.executor.parallel:run_until_complete
[0.895s] INFO:colcon.colcon_ros.task.ament_cmake.build:Building ROS package in '/sbel/gazebo-demo/prius_description' with build type 'ament_cmake'
[0.895s] INFO:colcon.colcon_cmake.task.cmake.build:Building CMake package in '/sbel/gazebo-demo/prius_description'
[0.906s] INFO:colcon.colcon_core.plugin_system:Skipping extension 'colcon_core.shell.bat': Not used on non-Windows systems
[0.907s] INFO:colcon.colcon_core.shell:Skip shell extension 'powershell' for command environment: Not usable outside of PowerShell
[0.907s] DEBUG:colcon.colcon_core.shell:Skip shell extension 'dsv' for command environment
[0.947s] INFO:colcon.colcon_ros.task.ament_cmake.build:Building ROS package in '/sbel/gazebo-demo/prius_msgs' with build type 'ament_cmake'
[0.948s] INFO:colcon.colcon_cmake.task.cmake.build:Building CMake package in '/sbel/gazebo-demo/prius_msgs'
[0.957s] INFO:colcon.colcon_core.shell:Skip shell extension 'powershell' for command environment: Not usable outside of PowerShell
[0.957s] DEBUG:colcon.colcon_core.shell:Skip shell extension 'dsv' for command environment
[1.000s] DEBUG:colcon.colcon_core.event_handler.log_command:Invoking command in '/sbel/gazebo-demo/build/prius_description': CMAKE_PREFIX_PATH=${CMAKE_PREFIX_PATH}:/opt/ros/humble /usr/bin/cmake --build /sbel/gazebo-demo/build/prius_description -- -j16 -l16
[1.002s] DEBUG:colcon.colcon_core.event_handler.log_command:Invoking command in '/sbel/gazebo-demo/build/prius_msgs': CMAKE_PREFIX_PATH=${CMAKE_PREFIX_PATH}:/opt/ros/humble /usr/bin/cmake --build /sbel/gazebo-demo/build/prius_msgs -- -j16 -l16
[1.031s] DEBUG:colcon.colcon_core.event_handler.log_command:Invoked command in '/sbel/gazebo-demo/build/prius_description' returned '0': CMAKE_PREFIX_PATH=${CMAKE_PREFIX_PATH}:/opt/ros/humble /usr/bin/cmake --build /sbel/gazebo-demo/build/prius_description -- -j16 -l16
[1.060s] DEBUG:colcon.colcon_core.event_handler.log_command:Invoking command in '/sbel/gazebo-demo/build/prius_description': CMAKE_PREFIX_PATH=${CMAKE_PREFIX_PATH}:/opt/ros/humble /usr/bin/cmake --install /sbel/gazebo-demo/build/prius_description
[1.069s] Level 1:colcon.colcon_core.environment:create_environment_scripts_only(prius_description)
[1.070s] DEBUG:colcon.colcon_core.event_handler.log_command:Invoked command in '/sbel/gazebo-demo/build/prius_description' returned '0': CMAKE_PREFIX_PATH=${CMAKE_PREFIX_PATH}:/opt/ros/humble /usr/bin/cmake --install /sbel/gazebo-demo/build/prius_description
[1.081s] Level 1:colcon.colcon_core.environment:checking '/sbel/gazebo-demo/install/prius_description' for CMake module files
[1.082s] Level 1:colcon.colcon_core.environment:checking '/sbel/gazebo-demo/install/prius_description' for CMake config files
[1.082s] Level 1:colcon.colcon_core.shell:create_environment_hook('prius_description', 'cmake_prefix_path')
[1.092s] INFO:colcon.colcon_core.shell:Creating environment hook '/sbel/gazebo-demo/install/prius_description/share/prius_description/hook/cmake_prefix_path.ps1'
[1.093s] INFO:colcon.colcon_core.shell:Creating environment descriptor '/sbel/gazebo-demo/install/prius_description/share/prius_description/hook/cmake_prefix_path.dsv'
[1.093s] INFO:colcon.colcon_core.shell:Creating environment hook '/sbel/gazebo-demo/install/prius_description/share/prius_description/hook/cmake_prefix_path.sh'
[1.093s] Level 1:colcon.colcon_core.environment:checking '/sbel/gazebo-demo/install/prius_description/bin'
[1.093s] Level 1:colcon.colcon_core.environment:checking '/sbel/gazebo-demo/install/prius_description/lib/pkgconfig/prius_description.pc'
[1.094s] Level 1:colcon.colcon_core.environment:checking '/sbel/gazebo-demo/install/prius_description/lib/python3.10/site-packages'
[1.094s] Level 1:colcon.colcon_core.environment:checking '/sbel/gazebo-demo/install/prius_description/bin'
[1.105s] INFO:colcon.colcon_core.shell:Creating package script '/sbel/gazebo-demo/install/prius_description/share/prius_description/package.ps1'
[1.105s] INFO:colcon.colcon_core.shell:Creating package descriptor '/sbel/gazebo-demo/install/prius_description/share/prius_description/package.dsv'
[1.106s] INFO:colcon.colcon_core.shell:Creating package script '/sbel/gazebo-demo/install/prius_description/share/prius_description/package.sh'
[1.106s] INFO:colcon.colcon_core.shell:Creating package script '/sbel/gazebo-demo/install/prius_description/share/prius_description/package.bash'
[1.107s] INFO:colcon.colcon_core.shell:Creating package script '/sbel/gazebo-demo/install/prius_description/share/prius_description/package.zsh'
[1.107s] Level 1:colcon.colcon_core.environment:create_file_with_runtime_dependencies(/sbel/gazebo-demo/install/prius_description/share/colcon-core/packages/prius_description)
[1.137s] Level 1:colcon.colcon_core.environment:create_environment_scripts_only(prius_description)
[1.148s] Level 1:colcon.colcon_core.environment:checking '/sbel/gazebo-demo/install/prius_description' for CMake module files
[1.148s] Level 1:colcon.colcon_core.environment:checking '/sbel/gazebo-demo/install/prius_description' for CMake config files
[1.148s] Level 1:colcon.colcon_core.shell:create_environment_hook('prius_description', 'cmake_prefix_path')
[1.158s] INFO:colcon.colcon_core.shell:Creating environment hook '/sbel/gazebo-demo/install/prius_description/share/prius_description/hook/cmake_prefix_path.ps1'
[1.159s] INFO:colcon.colcon_core.shell:Creating environment descriptor '/sbel/gazebo-demo/install/prius_description/share/prius_description/hook/cmake_prefix_path.dsv'
[1.159s] INFO:colcon.colcon_core.shell:Creating environment hook '/sbel/gazebo-demo/install/prius_description/share/prius_description/hook/cmake_prefix_path.sh'
[1.159s] Level 1:colcon.colcon_core.environment:checking '/sbel/gazebo-demo/install/prius_description/bin'
[1.159s] Level 1:colcon.colcon_core.environment:checking '/sbel/gazebo-demo/install/prius_description/lib/pkgconfig/prius_description.pc'
[1.159s] Level 1:colcon.colcon_core.environment:checking '/sbel/gazebo-demo/install/prius_description/lib/python3.10/site-packages'
[1.160s] Level 1:colcon.colcon_core.environment:checking '/sbel/gazebo-demo/install/prius_description/bin'
[1.170s] INFO:colcon.colcon_core.shell:Creating package script '/sbel/gazebo-demo/install/prius_description/share/prius_description/package.ps1'
[1.170s] INFO:colcon.colcon_core.shell:Creating package descriptor '/sbel/gazebo-demo/install/prius_description/share/prius_description/package.dsv'
[1.170s] INFO:colcon.colcon_core.shell:Creating package script '/sbel/gazebo-demo/install/prius_description/share/prius_description/package.sh'
[1.171s] INFO:colcon.colcon_core.shell:Creating package script '/sbel/gazebo-demo/install/prius_description/share/prius_description/package.bash'
[1.171s] INFO:colcon.colcon_core.shell:Creating package script '/sbel/gazebo-demo/install/prius_description/share/prius_description/package.zsh'
[1.171s] Level 1:colcon.colcon_core.environment:create_file_with_runtime_dependencies(/sbel/gazebo-demo/install/prius_description/share/colcon-core/packages/prius_description)
[1.256s] DEBUG:colcon.colcon_core.event_handler.log_command:Invoked command in '/sbel/gazebo-demo/build/prius_msgs' returned '0': CMAKE_PREFIX_PATH=${CMAKE_PREFIX_PATH}:/opt/ros/humble /usr/bin/cmake --build /sbel/gazebo-demo/build/prius_msgs -- -j16 -l16
[1.318s] DEBUG:colcon.colcon_core.event_handler.log_command:Invoking command in '/sbel/gazebo-demo/build/prius_msgs': CMAKE_PREFIX_PATH=${CMAKE_PREFIX_PATH}:/opt/ros/humble /usr/bin/cmake --install /sbel/gazebo-demo/build/prius_msgs
[1.362s] Level 1:colcon.colcon_core.environment:create_environment_scripts_only(prius_msgs)
[1.362s] DEBUG:colcon.colcon_core.event_handler.log_command:Invoked command in '/sbel/gazebo-demo/build/prius_msgs' returned '0': CMAKE_PREFIX_PATH=${CMAKE_PREFIX_PATH}:/opt/ros/humble /usr/bin/cmake --install /sbel/gazebo-demo/build/prius_msgs
[1.373s] Level 1:colcon.colcon_core.environment:checking '/sbel/gazebo-demo/install/prius_msgs' for CMake module files
[1.373s] Level 1:colcon.colcon_core.environment:checking '/sbel/gazebo-demo/install/prius_msgs' for CMake config files
[1.374s] Level 1:colcon.colcon_core.shell:create_environment_hook('prius_msgs', 'cmake_prefix_path')
[1.384s] INFO:colcon.colcon_core.shell:Creating environment hook '/sbel/gazebo-demo/install/prius_msgs/share/prius_msgs/hook/cmake_prefix_path.ps1'
[1.384s] INFO:colcon.colcon_core.shell:Creating environment descriptor '/sbel/gazebo-demo/install/prius_msgs/share/prius_msgs/hook/cmake_prefix_path.dsv'
[1.384s] INFO:colcon.colcon_core.shell:Creating environment hook '/sbel/gazebo-demo/install/prius_msgs/share/prius_msgs/hook/cmake_prefix_path.sh'
[1.385s] Level 1:colcon.colcon_core.environment:checking '/sbel/gazebo-demo/install/prius_msgs/lib'
[1.385s] Level 1:colcon.colcon_core.shell:create_environment_hook('prius_msgs', 'ld_library_path_lib')
[1.394s] INFO:colcon.colcon_core.shell:Creating environment hook '/sbel/gazebo-demo/install/prius_msgs/share/prius_msgs/hook/ld_library_path_lib.ps1'
[1.395s] INFO:colcon.colcon_core.shell:Creating environment descriptor '/sbel/gazebo-demo/install/prius_msgs/share/prius_msgs/hook/ld_library_path_lib.dsv'
[1.395s] INFO:colcon.colcon_core.shell:Creating environment hook '/sbel/gazebo-demo/install/prius_msgs/share/prius_msgs/hook/ld_library_path_lib.sh'
[1.395s] Level 1:colcon.colcon_core.environment:checking '/sbel/gazebo-demo/install/prius_msgs/bin'
[1.395s] Level 1:colcon.colcon_core.environment:checking '/sbel/gazebo-demo/install/prius_msgs/lib/pkgconfig/prius_msgs.pc'
[1.396s] Level 1:colcon.colcon_core.environment:checking '/sbel/gazebo-demo/install/prius_msgs/lib/python3.10/site-packages'
[1.396s] Level 1:colcon.colcon_core.environment:checking '/sbel/gazebo-demo/install/prius_msgs/bin'
[1.406s] INFO:colcon.colcon_core.shell:Creating package script '/sbel/gazebo-demo/install/prius_msgs/share/prius_msgs/package.ps1'
[1.406s] INFO:colcon.colcon_core.shell:Creating package descriptor '/sbel/gazebo-demo/install/prius_msgs/share/prius_msgs/package.dsv'
[1.406s] INFO:colcon.colcon_core.shell:Creating package script '/sbel/gazebo-demo/install/prius_msgs/share/prius_msgs/package.sh'
[1.407s] INFO:colcon.colcon_core.shell:Creating package script '/sbel/gazebo-demo/install/prius_msgs/share/prius_msgs/package.bash'
[1.407s] INFO:colcon.colcon_core.shell:Creating package script '/sbel/gazebo-demo/install/prius_msgs/share/prius_msgs/package.zsh'
[1.407s] Level 1:colcon.colcon_core.environment:create_file_with_runtime_dependencies(/sbel/gazebo-demo/install/prius_msgs/share/colcon-core/packages/prius_msgs)
[1.478s] Level 1:colcon.colcon_core.environment:create_environment_scripts_only(prius_msgs)
[1.488s] Level 1:colcon.colcon_core.environment:checking '/sbel/gazebo-demo/install/prius_msgs' for CMake module files
[1.489s] Level 1:colcon.colcon_core.environment:checking '/sbel/gazebo-demo/install/prius_msgs' for CMake config files
[1.489s] Level 1:colcon.colcon_core.shell:create_environment_hook('prius_msgs', 'cmake_prefix_path')
[1.499s] INFO:colcon.colcon_core.shell:Creating environment hook '/sbel/gazebo-demo/install/prius_msgs/share/prius_msgs/hook/cmake_prefix_path.ps1'
[1.500s] INFO:colcon.colcon_core.shell:Creating environment descriptor '/sbel/gazebo-demo/install/prius_msgs/share/prius_msgs/hook/cmake_prefix_path.dsv'
[1.500s] INFO:colcon.colcon_core.shell:Creating environment hook '/sbel/gazebo-demo/install/prius_msgs/share/prius_msgs/hook/cmake_prefix_path.sh'
[1.500s] Level 1:colcon.colcon_core.environment:checking '/sbel/gazebo-demo/install/prius_msgs/lib'
[1.500s] Level 1:colcon.colcon_core.shell:create_environment_hook('prius_msgs', 'ld_library_path_lib')
[1.510s] INFO:colcon.colcon_core.shell:Creating environment hook '/sbel/gazebo-demo/install/prius_msgs/share/prius_msgs/hook/ld_library_path_lib.ps1'
[1.510s] INFO:colcon.colcon_core.shell:Creating environment descriptor '/sbel/gazebo-demo/install/prius_msgs/share/prius_msgs/hook/ld_library_path_lib.dsv'
[1.511s] INFO:colcon.colcon_core.shell:Creating environment hook '/sbel/gazebo-demo/install/prius_msgs/share/prius_msgs/hook/ld_library_path_lib.sh'
[1.511s] Level 1:colcon.colcon_core.environment:checking '/sbel/gazebo-demo/install/prius_msgs/bin'
[1.511s] Level 1:colcon.colcon_core.environment:checking '/sbel/gazebo-demo/install/prius_msgs/lib/pkgconfig/prius_msgs.pc'
[1.511s] Level 1:colcon.colcon_core.environment:checking '/sbel/gazebo-demo/install/prius_msgs/lib/python3.10/site-packages'
[1.511s] Level 1:colcon.colcon_core.environment:checking '/sbel/gazebo-demo/install/prius_msgs/bin'
[1.521s] INFO:colcon.colcon_core.shell:Creating package script '/sbel/gazebo-demo/install/prius_msgs/share/prius_msgs/package.ps1'
[1.521s] INFO:colcon.colcon_core.shell:Creating package descriptor '/sbel/gazebo-demo/install/prius_msgs/share/prius_msgs/package.dsv'
[1.521s] INFO:colcon.colcon_core.shell:Creating package script '/sbel/gazebo-demo/install/prius_msgs/share/prius_msgs/package.sh'
[1.522s] INFO:colcon.colcon_core.shell:Creating package script '/sbel/gazebo-demo/install/prius_msgs/share/prius_msgs/package.bash'
[1.522s] INFO:colcon.colcon_core.shell:Creating package script '/sbel/gazebo-demo/install/prius_msgs/share/prius_msgs/package.zsh'
[1.522s] Level 1:colcon.colcon_core.environment:create_file_with_runtime_dependencies(/sbel/gazebo-demo/install/prius_msgs/share/colcon-core/packages/prius_msgs)
[1.522s] INFO:colcon.colcon_ros.task.ament_cmake.build:Building ROS package in '/sbel/gazebo-demo/car_demo' with build type 'ament_cmake'
[1.522s] INFO:colcon.colcon_cmake.task.cmake.build:Building CMake package in '/sbel/gazebo-demo/car_demo'
[1.540s] INFO:colcon.colcon_core.shell:Skip shell extension 'powershell' for command environment: Not usable outside of PowerShell
[1.540s] DEBUG:colcon.colcon_core.shell:Skip shell extension 'dsv' for command environment
[1.587s] DEBUG:colcon.colcon_core.event_handler.log_command:Invoking command in '/sbel/gazebo-demo/build/car_demo': CMAKE_PREFIX_PATH=/sbel/gazebo-demo/install/prius_msgs:/sbel/gazebo-demo/install/prius_description:/sbel/gazebo-demo/install/car_demo:/chrono_ros_interfaces/install/chrono_ros_interfaces:/opt/ros/humble GAZEBO_MODEL_PATH=/sbel/gazebo-demo/install/prius_description/share/prius_description/models:${GAZEBO_MODEL_PATH} LD_LIBRARY_PATH=/sbel/gazebo-demo/install/prius_msgs/lib:/sbel/gazebo-demo/install/car_demo/lib:/chrono_ros_interfaces/install/chrono_ros_interfaces/lib:/usr/lib/x86_64-linux-gnu/gazebo-11/plugins:/opt/ros/humble/opt/rviz_ogre_vendor/lib:/opt/ros/humble/lib/x86_64-linux-gnu:/opt/ros/humble/lib /usr/bin/cmake --build /sbel/gazebo-demo/build/car_demo -- -j16 -l16
[1.837s] DEBUG:colcon.colcon_core.event_handler.log_command:Invoked command in '/sbel/gazebo-demo/build/car_demo' returned '0': CMAKE_PREFIX_PATH=/sbel/gazebo-demo/install/prius_msgs:/sbel/gazebo-demo/install/prius_description:/sbel/gazebo-demo/install/car_demo:/chrono_ros_interfaces/install/chrono_ros_interfaces:/opt/ros/humble GAZEBO_MODEL_PATH=/sbel/gazebo-demo/install/prius_description/share/prius_description/models:${GAZEBO_MODEL_PATH} LD_LIBRARY_PATH=/sbel/gazebo-demo/install/prius_msgs/lib:/sbel/gazebo-demo/install/car_demo/lib:/chrono_ros_interfaces/install/chrono_ros_interfaces/lib:/usr/lib/x86_64-linux-gnu/gazebo-11/plugins:/opt/ros/humble/opt/rviz_ogre_vendor/lib:/opt/ros/humble/lib/x86_64-linux-gnu:/opt/ros/humble/lib /usr/bin/cmake --build /sbel/gazebo-demo/build/car_demo -- -j16 -l16
[1.866s] DEBUG:colcon.colcon_core.event_handler.log_command:Invoking command in '/sbel/gazebo-demo/build/car_demo': CMAKE_PREFIX_PATH=/sbel/gazebo-demo/install/prius_msgs:/sbel/gazebo-demo/install/prius_description:/sbel/gazebo-demo/install/car_demo:/chrono_ros_interfaces/install/chrono_ros_interfaces:/opt/ros/humble GAZEBO_MODEL_PATH=/sbel/gazebo-demo/install/prius_description/share/prius_description/models:${GAZEBO_MODEL_PATH} LD_LIBRARY_PATH=/sbel/gazebo-demo/install/prius_msgs/lib:/sbel/gazebo-demo/install/car_demo/lib:/chrono_ros_interfaces/install/chrono_ros_interfaces/lib:/usr/lib/x86_64-linux-gnu/gazebo-11/plugins:/opt/ros/humble/opt/rviz_ogre_vendor/lib:/opt/ros/humble/lib/x86_64-linux-gnu:/opt/ros/humble/lib /usr/bin/cmake --install /sbel/gazebo-demo/build/car_demo
[1.912s] Level 1:colcon.colcon_core.environment:create_environment_scripts_only(car_demo)
[1.922s] DEBUG:colcon.colcon_core.event_handler.log_command:Invoked command in '/sbel/gazebo-demo/build/car_demo' returned '0': CMAKE_PREFIX_PATH=/sbel/gazebo-demo/install/prius_msgs:/sbel/gazebo-demo/install/prius_description:/sbel/gazebo-demo/install/car_demo:/chrono_ros_interfaces/install/chrono_ros_interfaces:/opt/ros/humble GAZEBO_MODEL_PATH=/sbel/gazebo-demo/install/prius_description/share/prius_description/models:${GAZEBO_MODEL_PATH} LD_LIBRARY_PATH=/sbel/gazebo-demo/install/prius_msgs/lib:/sbel/gazebo-demo/install/car_demo/lib:/chrono_ros_interfaces/install/chrono_ros_interfaces/lib:/usr/lib/x86_64-linux-gnu/gazebo-11/plugins:/opt/ros/humble/opt/rviz_ogre_vendor/lib:/opt/ros/humble/lib/x86_64-linux-gnu:/opt/ros/humble/lib /usr/bin/cmake --install /sbel/gazebo-demo/build/car_demo
[1.930s] Level 1:colcon.colcon_core.environment:checking '/sbel/gazebo-demo/install/car_demo' for CMake module files
[1.930s] Level 1:colcon.colcon_core.environment:checking '/sbel/gazebo-demo/install/car_demo' for CMake config files
[1.931s] Level 1:colcon.colcon_core.shell:create_environment_hook('car_demo', 'cmake_prefix_path')
[1.943s] INFO:colcon.colcon_core.shell:Creating environment hook '/sbel/gazebo-demo/install/car_demo/share/car_demo/hook/cmake_prefix_path.ps1'
[1.944s] INFO:colcon.colcon_core.shell:Creating environment descriptor '/sbel/gazebo-demo/install/car_demo/share/car_demo/hook/cmake_prefix_path.dsv'
[1.944s] INFO:colcon.colcon_core.shell:Creating environment hook '/sbel/gazebo-demo/install/car_demo/share/car_demo/hook/cmake_prefix_path.sh'
[1.944s] Level 1:colcon.colcon_core.environment:checking '/sbel/gazebo-demo/install/car_demo/lib'
[1.944s] Level 1:colcon.colcon_core.shell:create_environment_hook('car_demo', 'ld_library_path_lib')
[1.957s] INFO:colcon.colcon_core.shell:Creating environment hook '/sbel/gazebo-demo/install/car_demo/share/car_demo/hook/ld_library_path_lib.ps1'
[1.957s] INFO:colcon.colcon_core.shell:Creating environment descriptor '/sbel/gazebo-demo/install/car_demo/share/car_demo/hook/ld_library_path_lib.dsv'
[1.958s] INFO:colcon.colcon_core.shell:Creating environment hook '/sbel/gazebo-demo/install/car_demo/share/car_demo/hook/ld_library_path_lib.sh'
[1.958s] Level 1:colcon.colcon_core.environment:checking '/sbel/gazebo-demo/install/car_demo/bin'
[1.958s] Level 1:colcon.colcon_core.environment:checking '/sbel/gazebo-demo/install/car_demo/lib/pkgconfig/car_demo.pc'
[1.958s] Level 1:colcon.colcon_core.environment:checking '/sbel/gazebo-demo/install/car_demo/lib/python3.10/site-packages'
[1.958s] Level 1:colcon.colcon_core.environment:checking '/sbel/gazebo-demo/install/car_demo/bin'
[1.971s] INFO:colcon.colcon_core.shell:Creating package script '/sbel/gazebo-demo/install/car_demo/share/car_demo/package.ps1'
[1.971s] INFO:colcon.colcon_core.shell:Creating package descriptor '/sbel/gazebo-demo/install/car_demo/share/car_demo/package.dsv'
[1.971s] INFO:colcon.colcon_core.shell:Creating package script '/sbel/gazebo-demo/install/car_demo/share/car_demo/package.sh'
[1.972s] INFO:colcon.colcon_core.shell:Creating package script '/sbel/gazebo-demo/install/car_demo/share/car_demo/package.bash'
[1.972s] INFO:colcon.colcon_core.shell:Creating package script '/sbel/gazebo-demo/install/car_demo/share/car_demo/package.zsh'
[1.972s] Level 1:colcon.colcon_core.environment:create_file_with_runtime_dependencies(/sbel/gazebo-demo/install/car_demo/share/colcon-core/packages/car_demo)
[2.011s] Level 1:colcon.colcon_core.environment:create_environment_scripts_only(car_demo)
[2.021s] Level 1:colcon.colcon_core.environment:checking '/sbel/gazebo-demo/install/car_demo' for CMake module files
[2.021s] Level 1:colcon.colcon_core.environment:checking '/sbel/gazebo-demo/install/car_demo' for CMake config files
[2.022s] Level 1:colcon.colcon_core.shell:create_environment_hook('car_demo', 'cmake_prefix_path')
[2.031s] INFO:colcon.colcon_core.shell:Creating environment hook '/sbel/gazebo-demo/install/car_demo/share/car_demo/hook/cmake_prefix_path.ps1'
[2.031s] INFO:colcon.colcon_core.shell:Creating environment descriptor '/sbel/gazebo-demo/install/car_demo/share/car_demo/hook/cmake_prefix_path.dsv'
[2.031s] INFO:colcon.colcon_core.shell:Creating environment hook '/sbel/gazebo-demo/install/car_demo/share/car_demo/hook/cmake_prefix_path.sh'
[2.032s] Level 1:colcon.colcon_core.environment:checking '/sbel/gazebo-demo/install/car_demo/lib'
[2.032s] Level 1:colcon.colcon_core.shell:create_environment_hook('car_demo', 'ld_library_path_lib')
[2.041s] INFO:colcon.colcon_core.shell:Creating environment hook '/sbel/gazebo-demo/install/car_demo/share/car_demo/hook/ld_library_path_lib.ps1'
[2.041s] INFO:colcon.colcon_core.shell:Creating environment descriptor '/sbel/gazebo-demo/install/car_demo/share/car_demo/hook/ld_library_path_lib.dsv'
[2.042s] INFO:colcon.colcon_core.shell:Creating environment hook '/sbel/gazebo-demo/install/car_demo/share/car_demo/hook/ld_library_path_lib.sh'
[2.042s] Level 1:colcon.colcon_core.environment:checking '/sbel/gazebo-demo/install/car_demo/bin'
[2.042s] Level 1:colcon.colcon_core.environment:checking '/sbel/gazebo-demo/install/car_demo/lib/pkgconfig/car_demo.pc'
[2.042s] Level 1:colcon.colcon_core.environment:checking '/sbel/gazebo-demo/install/car_demo/lib/python3.10/site-packages'
[2.042s] Level 1:colcon.colcon_core.environment:checking '/sbel/gazebo-demo/install/car_demo/bin'
[2.052s] INFO:colcon.colcon_core.shell:Creating package script '/sbel/gazebo-demo/install/car_demo/share/car_demo/package.ps1'
[2.052s] INFO:colcon.colcon_core.shell:Creating package descriptor '/sbel/gazebo-demo/install/car_demo/share/car_demo/package.dsv'
[2.052s] INFO:colcon.colcon_core.shell:Creating package script '/sbel/gazebo-demo/install/car_demo/share/car_demo/package.sh'
[2.053s] INFO:colcon.colcon_core.shell:Creating package script '/sbel/gazebo-demo/install/car_demo/share/car_demo/package.bash'
[2.053s] INFO:colcon.colcon_core.shell:Creating package script '/sbel/gazebo-demo/install/car_demo/share/car_demo/package.zsh'
[2.053s] Level 1:colcon.colcon_core.environment:create_file_with_runtime_dependencies(/sbel/gazebo-demo/install/car_demo/share/colcon-core/packages/car_demo)
[2.054s] DEBUG:colcon.colcon_parallel_executor.executor.parallel:closing loop
[2.054s] DEBUG:colcon.colcon_parallel_executor.executor.parallel:loop closed
[2.054s] DEBUG:colcon.colcon_parallel_executor.executor.parallel:run_until_complete finished with '0'
[2.054s] DEBUG:colcon.colcon_core.event_reactor:joining thread
[2.067s] INFO:colcon.colcon_core.plugin_system:Skipping extension 'colcon_notification.desktop_notification.terminal_notifier': Not used on non-Darwin systems
[2.067s] INFO:colcon.colcon_core.plugin_system:Skipping extension 'colcon_notification.desktop_notification.win32': Not used on non-Windows systems
[2.067s] INFO:colcon.colcon_notification.desktop_notification:Sending desktop notification using 'notify2'
[2.074s] DEBUG:colcon.colcon_core.event_reactor:joined thread
[2.085s] INFO:colcon.colcon_core.shell:Creating prefix script '/sbel/gazebo-demo/install/local_setup.ps1'
[2.086s] INFO:colcon.colcon_core.shell:Creating prefix util module '/sbel/gazebo-demo/install/_local_setup_util_ps1.py'
[2.086s] INFO:colcon.colcon_core.shell:Creating prefix chain script '/sbel/gazebo-demo/install/setup.ps1'
[2.096s] INFO:colcon.colcon_core.shell:Creating prefix script '/sbel/gazebo-demo/install/local_setup.sh'
[2.096s] INFO:colcon.colcon_core.shell:Creating prefix util module '/sbel/gazebo-demo/install/_local_setup_util_sh.py'
[2.097s] INFO:colcon.colcon_core.shell:Creating prefix chain script '/sbel/gazebo-demo/install/setup.sh'
[2.107s] INFO:colcon.colcon_core.shell:Creating prefix script '/sbel/gazebo-demo/install/local_setup.bash'
[2.108s] INFO:colcon.colcon_core.shell:Creating prefix chain script '/sbel/gazebo-demo/install/setup.bash'
[2.118s] INFO:colcon.colcon_core.shell:Creating prefix script '/sbel/gazebo-demo/install/local_setup.zsh'
[2.119s] INFO:colcon.colcon_core.shell:Creating prefix chain script '/sbel/gazebo-demo/install/setup.zsh'
