[0.079s] Invoking command in '/sbel/gazebo-demo/build/prius_description': CMAKE_PREFIX_PATH=${CMAKE_PREFIX_PATH}:/opt/ros/humble /usr/bin/cmake --build /sbel/gazebo-demo/build/prius_description -- -j16 -l16
[0.099s] -- Found ament_cmake: 1.3.5 (/opt/ros/humble/share/ament_cmake/cmake)
[0.199s] -- Found xacro: 2.0.8 (/opt/ros/humble/share/xacro/cmake)
[0.243s] -- Configuring done
[0.246s] -- Generating done
[0.247s] -- Build files have been written to: /sbel/gazebo-demo/build/prius_description
[0.264s] Invoked command in '/sbel/gazebo-demo/build/prius_description' returned '0': CMAKE_PREFIX_PATH=${CMAKE_PREFIX_PATH}:/opt/ros/humble /usr/bin/cmake --build /sbel/gazebo-demo/build/prius_description -- -j16 -l16
[0.289s] Invoking command in '/sbel/gazebo-demo/build/prius_description': CMAKE_PREFIX_PATH=${CMAKE_PREFIX_PATH}:/opt/ros/humble /usr/bin/cmake --install /sbel/gazebo-demo/build/prius_description
[0.294s] -- Install configuration: ""
[0.295s] -- Up-to-date: /sbel/gazebo-demo/install/prius_description/share/prius_description/environment/gazebo_envs.sh
[0.295s] -- Up-to-date: /sbel/gazebo-demo/install/prius_description/share/prius_description/meshes
[0.295s] -- Up-to-date: /sbel/gazebo-demo/install/prius_description/share/prius_description/meshes/wheel.obj
[0.295s] -- Up-to-date: /sbel/gazebo-demo/install/prius_description/share/prius_description/meshes/hybrid_body.mtl
[0.295s] -- Up-to-date: /sbel/gazebo-demo/install/prius_description/share/prius_description/meshes/Hybrid.png
[0.295s] -- Up-to-date: /sbel/gazebo-demo/install/prius_description/share/prius_description/meshes/steering_wheel.mtl
[0.295s] -- Up-to-date: /sbel/gazebo-demo/install/prius_description/share/prius_description/meshes/model.config
[0.295s] -- Up-to-date: /sbel/gazebo-demo/install/prius_description/share/prius_description/meshes/Wheels3.png
[0.295s] -- Up-to-date: /sbel/gazebo-demo/install/prius_description/share/prius_description/meshes/Hybrid_Interior.png
[0.295s] -- Up-to-date: /sbel/gazebo-demo/install/prius_description/share/prius_description/meshes/steering_wheel.obj
[0.295s] -- Up-to-date: /sbel/gazebo-demo/install/prius_description/share/prius_description/meshes/wheel.mtl
[0.295s] -- Up-to-date: /sbel/gazebo-demo/install/prius_description/share/prius_description/meshes/hybrid_body.obj
[0.295s] -- Up-to-date: /sbel/gazebo-demo/install/prius_description/share/prius_description/urdf
[0.295s] -- Up-to-date: /sbel/gazebo-demo/install/prius_description/share/prius_description/urdf/prius.urdf
[0.295s] -- Up-to-date: /sbel/gazebo-demo/install/prius_description/share/prius_description/model.config
[0.296s] -- Up-to-date: /sbel/gazebo-demo/install/prius_description/share/ament_index/resource_index/package_run_dependencies/prius_description
[0.296s] -- Installing: /sbel/gazebo-demo/install/prius_description/share/ament_index/resource_index/parent_prefix_path/prius_description
[0.296s] -- Installing: /sbel/gazebo-demo/install/prius_description/share/prius_description/environment/ament_prefix_path.sh
[0.296s] -- Installing: /sbel/gazebo-demo/install/prius_description/share/prius_description/environment/ament_prefix_path.dsv
[0.296s] -- Installing: /sbel/gazebo-demo/install/prius_description/share/prius_description/environment/path.sh
[0.296s] -- Installing: /sbel/gazebo-demo/install/prius_description/share/prius_description/environment/path.dsv
[0.296s] -- Up-to-date: /sbel/gazebo-demo/install/prius_description/share/prius_description/local_setup.bash
[0.296s] -- Up-to-date: /sbel/gazebo-demo/install/prius_description/share/prius_description/local_setup.sh
[0.296s] -- Up-to-date: /sbel/gazebo-demo/install/prius_description/share/prius_description/local_setup.zsh
[0.296s] -- Installing: /sbel/gazebo-demo/install/prius_description/share/prius_description/local_setup.dsv
[0.297s] -- Installing: /sbel/gazebo-demo/install/prius_description/share/prius_description/package.dsv
[0.297s] -- Up-to-date: /sbel/gazebo-demo/install/prius_description/share/ament_index/resource_index/packages/prius_description
[0.297s] -- Up-to-date: /sbel/gazebo-demo/install/prius_description/share/prius_description/cmake/prius_descriptionConfig.cmake
[0.297s] -- Up-to-date: /sbel/gazebo-demo/install/prius_description/share/prius_description/cmake/prius_descriptionConfig-version.cmake
[0.297s] -- Up-to-date: /sbel/gazebo-demo/install/prius_description/share/prius_description/package.xml
[0.298s] Invoked command in '/sbel/gazebo-demo/build/prius_description' returned '0': CMAKE_PREFIX_PATH=${CMAKE_PREFIX_PATH}:/opt/ros/humble /usr/bin/cmake --install /sbel/gazebo-demo/build/prius_description
