[0.000000] (-) TimerEvent: {}
[0.000337] (prius_description) JobQueued: {'identifier': 'prius_description', 'dependencies': OrderedDict()}
[0.000454] (prius_msgs) JobQueued: {'identifier': 'prius_msgs', 'dependencies': OrderedDict()}
[0.000630] (car_demo) JobQueued: {'identifier': 'car_demo', 'dependencies': OrderedDict([('prius_description', '/sbel/gazebo-demo/install/prius_description'), ('prius_msgs', '/sbel/gazebo-demo/install/prius_msgs')])}
[0.000690] (prius_description) JobStarted: {'identifier': 'prius_description'}
[0.051634] (prius_msgs) JobStarted: {'identifier': 'prius_msgs'}
[0.099840] (-) TimerEvent: {}
[0.101892] (prius_description) JobProgress: {'identifier': 'prius_description', 'progress': 'cmake'}
[0.102260] (prius_description) JobProgress: {'identifier': 'prius_description', 'progress': 'build'}
[0.102657] (prius_description) Command: {'cmd': ['/usr/bin/cmake', '--build', '/sbel/gazebo-demo/build/prius_description', '--', '-j16', '-l16'], 'cwd': '/sbel/gazebo-demo/build/prius_description', 'env': OrderedDict([('TMUX', '/tmp/tmux-0/default,42667,4'), ('LANGUAGE', 'en_US:en'), ('HOSTNAME', 'ef32acc5240d'), ('SHLVL', '2'), ('LD_LIBRARY_PATH', '/sbel/gazebo-demo/install/car_demo/lib:/sbel/gazebo-demo/install/prius_msgs/lib:/chrono_ros_interfaces/install/chrono_ros_interfaces/lib:/usr/lib/x86_64-linux-gnu/gazebo-11/plugins:/opt/ros/humble/opt/rviz_ogre_vendor/lib:/opt/ros/humble/lib/x86_64-linux-gnu:/opt/ros/humble/lib'), ('HOME', '/sbel'), ('NO_VNC_PORT', '6901'), ('OLDPWD', '/sbel'), ('TERM_PROGRAM_VERSION', '3.2a'), ('STARTUPDIR', '/dockerstartup'), ('ROS_PYTHON_VERSION', '3'), ('VNC_COL_DEPTH', '24'), ('COLCON_PREFIX_PATH', '/sbel/gazebo-demo/install:/chrono_ros_interfaces/install'), ('ROS_DISTRO', 'humble'), ('_', '/usr/bin/colcon'), ('ROS_VERSION', '2'), ('NO_VNC_HOME', '/sbel/noVNC'), ('TERM', 'screen'), ('GAZEBO_MODEL_PATH', '/opt/ros/humble/share/prius_description/models'), ('ROS_LOCALHOST_ONLY', '0'), ('PATH', '/opt/ros/humble/bin:/usr/local/sbin:/usr/local/bin:/usr/sbin:/usr/bin:/sbin:/bin'), ('DISPLAY', ':1'), ('LANG', 'en_US.UTF-8'), ('TERM_PROGRAM', 'tmux'), ('AMENT_PREFIX_PATH', '/sbel/gazebo-demo/install/car_demo:/sbel/gazebo-demo/install/prius_msgs:/sbel/gazebo-demo/install/prius_description:/chrono_ros_interfaces/install/chrono_ros_interfaces:/opt/ros/humble'), ('DEBIAN_FRONTEND', 'noninteractive'), ('SHELL', '/bin/bash'), ('PWD', '/sbel/gazebo-demo/build/prius_description'), ('VNC_RESOLUTION', '1600x900'), ('LC_ALL', 'en_US.UTF-8'), ('PYTHONPATH', '/sbel/gazebo-demo/install/car_demo/local/lib/python3.10/dist-packages:/sbel/gazebo-demo/install/prius_msgs/local/lib/python3.10/dist-packages:/chrono_ros_interfaces/install/chrono_ros_interfaces/local/lib/python3.10/dist-packages:/opt/ros/humble/lib/python3.10/site-packages:/opt/ros/humble/local/lib/python3.10/dist-packages'), ('VNC_PW', 'sbel'), ('COLCON', '1'), ('TMUX_PANE', '%8'), ('CMAKE_PREFIX_PATH', '/sbel/gazebo-demo/install/car_demo:/sbel/gazebo-demo/install/prius_msgs:/sbel/gazebo-demo/install/prius_description:/chrono_ros_interfaces/install/chrono_ros_interfaces:/opt/ros/humble'), ('VNC_PORT', '5901')]), 'shell': False}
[0.104840] (prius_msgs) JobProgress: {'identifier': 'prius_msgs', 'progress': 'cmake'}
[0.105210] (prius_msgs) JobProgress: {'identifier': 'prius_msgs', 'progress': 'build'}
[0.105433] (prius_msgs) Command: {'cmd': ['/usr/bin/cmake', '--build', '/sbel/gazebo-demo/build/prius_msgs', '--', '-j16', '-l16'], 'cwd': '/sbel/gazebo-demo/build/prius_msgs', 'env': OrderedDict([('TMUX', '/tmp/tmux-0/default,42667,4'), ('LANGUAGE', 'en_US:en'), ('HOSTNAME', 'ef32acc5240d'), ('SHLVL', '2'), ('LD_LIBRARY_PATH', '/sbel/gazebo-demo/install/car_demo/lib:/sbel/gazebo-demo/install/prius_msgs/lib:/chrono_ros_interfaces/install/chrono_ros_interfaces/lib:/usr/lib/x86_64-linux-gnu/gazebo-11/plugins:/opt/ros/humble/opt/rviz_ogre_vendor/lib:/opt/ros/humble/lib/x86_64-linux-gnu:/opt/ros/humble/lib'), ('HOME', '/sbel'), ('NO_VNC_PORT', '6901'), ('OLDPWD', '/sbel'), ('TERM_PROGRAM_VERSION', '3.2a'), ('STARTUPDIR', '/dockerstartup'), ('ROS_PYTHON_VERSION', '3'), ('VNC_COL_DEPTH', '24'), ('COLCON_PREFIX_PATH', '/sbel/gazebo-demo/install:/chrono_ros_interfaces/install'), ('ROS_DISTRO', 'humble'), ('_', '/usr/bin/colcon'), ('ROS_VERSION', '2'), ('NO_VNC_HOME', '/sbel/noVNC'), ('TERM', 'screen'), ('GAZEBO_MODEL_PATH', '/opt/ros/humble/share/prius_description/models'), ('ROS_LOCALHOST_ONLY', '0'), ('PATH', '/opt/ros/humble/bin:/usr/local/sbin:/usr/local/bin:/usr/sbin:/usr/bin:/sbin:/bin'), ('DISPLAY', ':1'), ('LANG', 'en_US.UTF-8'), ('TERM_PROGRAM', 'tmux'), ('AMENT_PREFIX_PATH', '/sbel/gazebo-demo/install/car_demo:/sbel/gazebo-demo/install/prius_msgs:/sbel/gazebo-demo/install/prius_description:/chrono_ros_interfaces/install/chrono_ros_interfaces:/opt/ros/humble'), ('DEBIAN_FRONTEND', 'noninteractive'), ('SHELL', '/bin/bash'), ('PWD', '/sbel/gazebo-demo/build/prius_msgs'), ('VNC_RESOLUTION', '1600x900'), ('LC_ALL', 'en_US.UTF-8'), ('PYTHONPATH', '/sbel/gazebo-demo/install/car_demo/local/lib/python3.10/dist-packages:/sbel/gazebo-demo/install/prius_msgs/local/lib/python3.10/dist-packages:/chrono_ros_interfaces/install/chrono_ros_interfaces/local/lib/python3.10/dist-packages:/opt/ros/humble/lib/python3.10/site-packages:/opt/ros/humble/local/lib/python3.10/dist-packages'), ('VNC_PW', 'sbel'), ('COLCON', '1'), ('TMUX_PANE', '%8'), ('CMAKE_PREFIX_PATH', '/sbel/gazebo-demo/install/car_demo:/sbel/gazebo-demo/install/prius_msgs:/sbel/gazebo-demo/install/prius_description:/chrono_ros_interfaces/install/chrono_ros_interfaces:/opt/ros/humble'), ('VNC_PORT', '5901')]), 'shell': False}
[0.135616] (prius_description) CommandEnded: {'returncode': 0}
[0.146792] (prius_msgs) StdoutLine: {'line': b'[  3%] Built target prius_msgs__cpp\n'}
[0.147943] (prius_msgs) StdoutLine: {'line': b'[ 12%] Built target prius_msgs__rosidl_generator_c\n'}
[0.155949] (prius_description) JobProgress: {'identifier': 'prius_description', 'progress': 'install'}
[0.156252] (prius_msgs) StdoutLine: {'line': b'[ 12%] Built target ament_cmake_python_copy_prius_msgs\n'}
[0.162896] (prius_description) Command: {'cmd': ['/usr/bin/cmake', '--install', '/sbel/gazebo-demo/build/prius_description'], 'cwd': '/sbel/gazebo-demo/build/prius_description', 'env': OrderedDict([('TMUX', '/tmp/tmux-0/default,42667,4'), ('LANGUAGE', 'en_US:en'), ('HOSTNAME', 'ef32acc5240d'), ('SHLVL', '2'), ('LD_LIBRARY_PATH', '/sbel/gazebo-demo/install/car_demo/lib:/sbel/gazebo-demo/install/prius_msgs/lib:/chrono_ros_interfaces/install/chrono_ros_interfaces/lib:/usr/lib/x86_64-linux-gnu/gazebo-11/plugins:/opt/ros/humble/opt/rviz_ogre_vendor/lib:/opt/ros/humble/lib/x86_64-linux-gnu:/opt/ros/humble/lib'), ('HOME', '/sbel'), ('NO_VNC_PORT', '6901'), ('OLDPWD', '/sbel'), ('TERM_PROGRAM_VERSION', '3.2a'), ('STARTUPDIR', '/dockerstartup'), ('ROS_PYTHON_VERSION', '3'), ('VNC_COL_DEPTH', '24'), ('COLCON_PREFIX_PATH', '/sbel/gazebo-demo/install:/chrono_ros_interfaces/install'), ('ROS_DISTRO', 'humble'), ('_', '/usr/bin/colcon'), ('ROS_VERSION', '2'), ('NO_VNC_HOME', '/sbel/noVNC'), ('TERM', 'screen'), ('GAZEBO_MODEL_PATH', '/opt/ros/humble/share/prius_description/models'), ('ROS_LOCALHOST_ONLY', '0'), ('PATH', '/opt/ros/humble/bin:/usr/local/sbin:/usr/local/bin:/usr/sbin:/usr/bin:/sbin:/bin'), ('DISPLAY', ':1'), ('LANG', 'en_US.UTF-8'), ('TERM_PROGRAM', 'tmux'), ('AMENT_PREFIX_PATH', '/sbel/gazebo-demo/install/car_demo:/sbel/gazebo-demo/install/prius_msgs:/sbel/gazebo-demo/install/prius_description:/chrono_ros_interfaces/install/chrono_ros_interfaces:/opt/ros/humble'), ('DEBIAN_FRONTEND', 'noninteractive'), ('SHELL', '/bin/bash'), ('PWD', '/sbel/gazebo-demo/build/prius_description'), ('VNC_RESOLUTION', '1600x900'), ('LC_ALL', 'en_US.UTF-8'), ('PYTHONPATH', '/sbel/gazebo-demo/install/car_demo/local/lib/python3.10/dist-packages:/sbel/gazebo-demo/install/prius_msgs/local/lib/python3.10/dist-packages:/chrono_ros_interfaces/install/chrono_ros_interfaces/local/lib/python3.10/dist-packages:/opt/ros/humble/lib/python3.10/site-packages:/opt/ros/humble/local/lib/python3.10/dist-packages'), ('VNC_PW', 'sbel'), ('COLCON', '1'), ('TMUX_PANE', '%8'), ('CMAKE_PREFIX_PATH', '/sbel/gazebo-demo/install/car_demo:/sbel/gazebo-demo/install/prius_msgs:/sbel/gazebo-demo/install/prius_description:/chrono_ros_interfaces/install/chrono_ros_interfaces:/opt/ros/humble'), ('VNC_PORT', '5901')]), 'shell': False}
[0.165833] (prius_msgs) StdoutLine: {'line': b'[ 22%] Built target prius_msgs__rosidl_typesupport_fastrtps_cpp\n'}
[0.166045] (prius_msgs) StdoutLine: {'line': b'[ 41%] Built target prius_msgs__rosidl_typesupport_introspection_c\n'}
[0.166124] (prius_msgs) StdoutLine: {'line': b'[ 41%] Built target prius_msgs__rosidl_typesupport_introspection_cpp\n'}
[0.166240] (prius_msgs) StdoutLine: {'line': b'[ 51%] Built target prius_msgs__rosidl_typesupport_cpp\n'}
[0.166386] (prius_msgs) StdoutLine: {'line': b'[ 61%] Built target prius_msgs__rosidl_typesupport_c\n'}
[0.167526] (prius_msgs) StdoutLine: {'line': b'[ 70%] Built target prius_msgs__rosidl_typesupport_fastrtps_c\n'}
[0.170201] (prius_description) StdoutLine: {'line': b'-- Install configuration: ""\n'}
[0.170312] (prius_description) StdoutLine: {'line': b'-- Up-to-date: /sbel/gazebo-demo/install/prius_description/share/prius_description/environment/gazebo_envs.sh\n'}
[0.170406] (prius_description) StdoutLine: {'line': b'-- Up-to-date: /sbel/gazebo-demo/install/prius_description/share/prius_description/meshes\n'}
[0.170496] (prius_description) StdoutLine: {'line': b'-- Up-to-date: /sbel/gazebo-demo/install/prius_description/share/prius_description/meshes/wheel.obj\n'}
[0.170583] (prius_description) StdoutLine: {'line': b'-- Up-to-date: /sbel/gazebo-demo/install/prius_description/share/prius_description/meshes/hybrid_body.mtl\n'}
[0.170664] (prius_description) StdoutLine: {'line': b'-- Up-to-date: /sbel/gazebo-demo/install/prius_description/share/prius_description/meshes/Hybrid.png\n'}
[0.170745] (prius_description) StdoutLine: {'line': b'-- Up-to-date: /sbel/gazebo-demo/install/prius_description/share/prius_description/meshes/steering_wheel.mtl\n'}
[0.170999] (prius_description) StdoutLine: {'line': b'-- Up-to-date: /sbel/gazebo-demo/install/prius_description/share/prius_description/meshes/model.config\n'}
[0.171066] (prius_description) StdoutLine: {'line': b'-- Up-to-date: /sbel/gazebo-demo/install/prius_description/share/prius_description/meshes/Wheels3.png\n'}
[0.171123] (prius_description) StdoutLine: {'line': b'-- Up-to-date: /sbel/gazebo-demo/install/prius_description/share/prius_description/meshes/Hybrid_Interior.png\n'}
[0.171180] (prius_description) StdoutLine: {'line': b'-- Up-to-date: /sbel/gazebo-demo/install/prius_description/share/prius_description/meshes/steering_wheel.obj\n'}
[0.171235] (prius_description) StdoutLine: {'line': b'-- Up-to-date: /sbel/gazebo-demo/install/prius_description/share/prius_description/meshes/wheel.mtl\n'}
[0.171290] (prius_description) StdoutLine: {'line': b'-- Up-to-date: /sbel/gazebo-demo/install/prius_description/share/prius_description/meshes/hybrid_body.obj\n'}
[0.171346] (prius_description) StdoutLine: {'line': b'-- Up-to-date: /sbel/gazebo-demo/install/prius_description/share/prius_description/urdf\n'}
[0.171400] (prius_description) StdoutLine: {'line': b'-- Up-to-date: /sbel/gazebo-demo/install/prius_description/share/prius_description/urdf/prius.urdf\n'}
[0.171559] (prius_description) StdoutLine: {'line': b'-- Up-to-date: /sbel/gazebo-demo/install/prius_description/share/prius_description/model.config\n'}
[0.171685] (prius_description) StdoutLine: {'line': b'-- Up-to-date: /sbel/gazebo-demo/install/prius_description/share/ament_index/resource_index/package_run_dependencies/prius_description\n'}
[0.171796] (prius_description) StdoutLine: {'line': b'-- Up-to-date: /sbel/gazebo-demo/install/prius_description/share/ament_index/resource_index/parent_prefix_path/prius_description\n'}
[0.171895] (prius_description) StdoutLine: {'line': b'-- Up-to-date: /sbel/gazebo-demo/install/prius_description/share/prius_description/environment/ament_prefix_path.sh\n'}
[0.171987] (prius_description) StdoutLine: {'line': b'-- Up-to-date: /sbel/gazebo-demo/install/prius_description/share/prius_description/environment/ament_prefix_path.dsv\n'}
[0.172078] (prius_description) StdoutLine: {'line': b'-- Up-to-date: /sbel/gazebo-demo/install/prius_description/share/prius_description/environment/path.sh\n'}
[0.172158] (prius_description) StdoutLine: {'line': b'-- Up-to-date: /sbel/gazebo-demo/install/prius_description/share/prius_description/environment/path.dsv\n'}
[0.172226] (prius_description) StdoutLine: {'line': b'-- Up-to-date: /sbel/gazebo-demo/install/prius_description/share/prius_description/local_setup.bash\n'}
[0.172291] (prius_description) StdoutLine: {'line': b'-- Up-to-date: /sbel/gazebo-demo/install/prius_description/share/prius_description/local_setup.sh\n'}
[0.172353] (prius_description) StdoutLine: {'line': b'-- Up-to-date: /sbel/gazebo-demo/install/prius_description/share/prius_description/local_setup.zsh\n'}
[0.172448] (prius_description) StdoutLine: {'line': b'-- Up-to-date: /sbel/gazebo-demo/install/prius_description/share/prius_description/local_setup.dsv\n'}
[0.172542] (prius_description) StdoutLine: {'line': b'-- Installing: /sbel/gazebo-demo/install/prius_description/share/prius_description/package.dsv\n'}
[0.172608] (prius_description) StdoutLine: {'line': b'-- Up-to-date: /sbel/gazebo-demo/install/prius_description/share/ament_index/resource_index/packages/prius_description\n'}
[0.172672] (prius_description) StdoutLine: {'line': b'-- Up-to-date: /sbel/gazebo-demo/install/prius_description/share/prius_description/cmake/prius_descriptionConfig.cmake\n'}
[0.172734] (prius_description) StdoutLine: {'line': b'-- Up-to-date: /sbel/gazebo-demo/install/prius_description/share/prius_description/cmake/prius_descriptionConfig-version.cmake\n'}
[0.172797] (prius_description) StdoutLine: {'line': b'-- Up-to-date: /sbel/gazebo-demo/install/prius_description/share/prius_description/package.xml\n'}
[0.173801] (prius_description) CommandEnded: {'returncode': 0}
[0.184840] (prius_msgs) StdoutLine: {'line': b'[ 70%] Built target prius_msgs\n'}
[0.199918] (-) TimerEvent: {}
[0.203834] (prius_msgs) StdoutLine: {'line': b'[ 74%] Built target prius_msgs__py\n'}
[0.223340] (prius_msgs) StdoutLine: {'line': b'[ 80%] Built target prius_msgs__rosidl_generator_py\n'}
[0.242673] (prius_msgs) StdoutLine: {'line': b'[100%] Built target prius_msgs__rosidl_typesupport_c__pyext\n'}
[0.242912] (prius_msgs) StdoutLine: {'line': b'[100%] Built target prius_msgs__rosidl_typesupport_fastrtps_c__pyext\n'}
[0.243082] (prius_msgs) StdoutLine: {'line': b'[100%] Built target prius_msgs__rosidl_typesupport_introspection_c__pyext\n'}
[0.275306] (prius_description) JobEnded: {'identifier': 'prius_description', 'rc': 0}
[0.299991] (-) TimerEvent: {}
[0.324497] (prius_msgs) StdoutLine: {'line': b'running egg_info\n'}
[0.324891] (prius_msgs) StdoutLine: {'line': b'writing prius_msgs.egg-info/PKG-INFO\n'}
[0.325052] (prius_msgs) StdoutLine: {'line': b'writing dependency_links to prius_msgs.egg-info/dependency_links.txt\n'}
[0.325186] (prius_msgs) StdoutLine: {'line': b'writing top-level names to prius_msgs.egg-info/top_level.txt\n'}
[0.326499] (prius_msgs) StdoutLine: {'line': b"reading manifest file 'prius_msgs.egg-info/SOURCES.txt'\n"}
[0.326913] (prius_msgs) StdoutLine: {'line': b"writing manifest file 'prius_msgs.egg-info/SOURCES.txt'\n"}
[0.344771] (prius_msgs) StdoutLine: {'line': b'[100%] Built target ament_cmake_python_build_prius_msgs_egg\n'}
[0.354694] (prius_msgs) CommandEnded: {'returncode': 0}
[0.400068] (-) TimerEvent: {}
[0.414109] (prius_msgs) JobProgress: {'identifier': 'prius_msgs', 'progress': 'install'}
[0.414331] (prius_msgs) Command: {'cmd': ['/usr/bin/cmake', '--install', '/sbel/gazebo-demo/build/prius_msgs'], 'cwd': '/sbel/gazebo-demo/build/prius_msgs', 'env': OrderedDict([('TMUX', '/tmp/tmux-0/default,42667,4'), ('LANGUAGE', 'en_US:en'), ('HOSTNAME', 'ef32acc5240d'), ('SHLVL', '2'), ('LD_LIBRARY_PATH', '/sbel/gazebo-demo/install/car_demo/lib:/sbel/gazebo-demo/install/prius_msgs/lib:/chrono_ros_interfaces/install/chrono_ros_interfaces/lib:/usr/lib/x86_64-linux-gnu/gazebo-11/plugins:/opt/ros/humble/opt/rviz_ogre_vendor/lib:/opt/ros/humble/lib/x86_64-linux-gnu:/opt/ros/humble/lib'), ('HOME', '/sbel'), ('NO_VNC_PORT', '6901'), ('OLDPWD', '/sbel'), ('TERM_PROGRAM_VERSION', '3.2a'), ('STARTUPDIR', '/dockerstartup'), ('ROS_PYTHON_VERSION', '3'), ('VNC_COL_DEPTH', '24'), ('COLCON_PREFIX_PATH', '/sbel/gazebo-demo/install:/chrono_ros_interfaces/install'), ('ROS_DISTRO', 'humble'), ('_', '/usr/bin/colcon'), ('ROS_VERSION', '2'), ('NO_VNC_HOME', '/sbel/noVNC'), ('TERM', 'screen'), ('GAZEBO_MODEL_PATH', '/opt/ros/humble/share/prius_description/models'), ('ROS_LOCALHOST_ONLY', '0'), ('PATH', '/opt/ros/humble/bin:/usr/local/sbin:/usr/local/bin:/usr/sbin:/usr/bin:/sbin:/bin'), ('DISPLAY', ':1'), ('LANG', 'en_US.UTF-8'), ('TERM_PROGRAM', 'tmux'), ('AMENT_PREFIX_PATH', '/sbel/gazebo-demo/install/car_demo:/sbel/gazebo-demo/install/prius_msgs:/sbel/gazebo-demo/install/prius_description:/chrono_ros_interfaces/install/chrono_ros_interfaces:/opt/ros/humble'), ('DEBIAN_FRONTEND', 'noninteractive'), ('SHELL', '/bin/bash'), ('PWD', '/sbel/gazebo-demo/build/prius_msgs'), ('VNC_RESOLUTION', '1600x900'), ('LC_ALL', 'en_US.UTF-8'), ('PYTHONPATH', '/sbel/gazebo-demo/install/car_demo/local/lib/python3.10/dist-packages:/sbel/gazebo-demo/install/prius_msgs/local/lib/python3.10/dist-packages:/chrono_ros_interfaces/install/chrono_ros_interfaces/local/lib/python3.10/dist-packages:/opt/ros/humble/lib/python3.10/site-packages:/opt/ros/humble/local/lib/python3.10/dist-packages'), ('VNC_PW', 'sbel'), ('COLCON', '1'), ('TMUX_PANE', '%8'), ('CMAKE_PREFIX_PATH', '/sbel/gazebo-demo/install/car_demo:/sbel/gazebo-demo/install/prius_msgs:/sbel/gazebo-demo/install/prius_description:/chrono_ros_interfaces/install/chrono_ros_interfaces:/opt/ros/humble'), ('VNC_PORT', '5901')]), 'shell': False}
[0.421908] (prius_msgs) StdoutLine: {'line': b'-- Install configuration: ""\n'}
[0.422027] (prius_msgs) StdoutLine: {'line': b'-- Up-to-date: /sbel/gazebo-demo/install/prius_msgs/share/ament_index/resource_index/rosidl_interfaces/prius_msgs\n'}
[0.422106] (prius_msgs) StdoutLine: {'line': b'-- Up-to-date: /sbel/gazebo-demo/install/prius_msgs/include/prius_msgs/prius_msgs\n'}
[0.422182] (prius_msgs) StdoutLine: {'line': b'-- Up-to-date: /sbel/gazebo-demo/install/prius_msgs/include/prius_msgs/prius_msgs/msg\n'}
[0.422251] (prius_msgs) StdoutLine: {'line': b'-- Up-to-date: /sbel/gazebo-demo/install/prius_msgs/include/prius_msgs/prius_msgs/msg/rosidl_generator_c__visibility_control.h\n'}
[0.422321] (prius_msgs) StdoutLine: {'line': b'-- Up-to-date: /sbel/gazebo-demo/install/prius_msgs/include/prius_msgs/prius_msgs/msg/detail\n'}
[0.422390] (prius_msgs) StdoutLine: {'line': b'-- Up-to-date: /sbel/gazebo-demo/install/prius_msgs/include/prius_msgs/prius_msgs/msg/detail/control__struct.h\n'}
[0.422460] (prius_msgs) StdoutLine: {'line': b'-- Up-to-date: /sbel/gazebo-demo/install/prius_msgs/include/prius_msgs/prius_msgs/msg/detail/control__type_support.h\n'}
[0.422526] (prius_msgs) StdoutLine: {'line': b'-- Up-to-date: /sbel/gazebo-demo/install/prius_msgs/include/prius_msgs/prius_msgs/msg/detail/control__functions.c\n'}
[0.422579] (prius_msgs) StdoutLine: {'line': b'-- Up-to-date: /sbel/gazebo-demo/install/prius_msgs/include/prius_msgs/prius_msgs/msg/detail/control__functions.h\n'}
[0.422622] (prius_msgs) StdoutLine: {'line': b'-- Up-to-date: /sbel/gazebo-demo/install/prius_msgs/include/prius_msgs/prius_msgs/msg/control.h\n'}
[0.422675] (prius_msgs) StdoutLine: {'line': b'-- Up-to-date: /sbel/gazebo-demo/install/prius_msgs/share/prius_msgs/environment/library_path.sh\n'}
[0.422720] (prius_msgs) StdoutLine: {'line': b'-- Up-to-date: /sbel/gazebo-demo/install/prius_msgs/share/prius_msgs/environment/library_path.dsv\n'}
[0.422763] (prius_msgs) StdoutLine: {'line': b'-- Up-to-date: /sbel/gazebo-demo/install/prius_msgs/lib/libprius_msgs__rosidl_generator_c.so\n'}
[0.422849] (prius_msgs) StdoutLine: {'line': b'-- Up-to-date: /sbel/gazebo-demo/install/prius_msgs/include/prius_msgs/prius_msgs\n'}
[0.422911] (prius_msgs) StdoutLine: {'line': b'-- Up-to-date: /sbel/gazebo-demo/install/prius_msgs/include/prius_msgs/prius_msgs/msg\n'}
[0.422967] (prius_msgs) StdoutLine: {'line': b'-- Up-to-date: /sbel/gazebo-demo/install/prius_msgs/include/prius_msgs/prius_msgs/msg/rosidl_typesupport_fastrtps_c__visibility_control.h\n'}
[0.423024] (prius_msgs) StdoutLine: {'line': b'-- Up-to-date: /sbel/gazebo-demo/install/prius_msgs/include/prius_msgs/prius_msgs/msg/detail\n'}
[0.423077] (prius_msgs) StdoutLine: {'line': b'-- Up-to-date: /sbel/gazebo-demo/install/prius_msgs/include/prius_msgs/prius_msgs/msg/detail/control__rosidl_typesupport_fastrtps_c.h\n'}
[0.423238] (prius_msgs) StdoutLine: {'line': b'-- Up-to-date: /sbel/gazebo-demo/install/prius_msgs/lib/libprius_msgs__rosidl_typesupport_fastrtps_c.so\n'}
[0.423425] (prius_msgs) StdoutLine: {'line': b'-- Up-to-date: /sbel/gazebo-demo/install/prius_msgs/include/prius_msgs/prius_msgs\n'}
[0.423482] (prius_msgs) StdoutLine: {'line': b'-- Up-to-date: /sbel/gazebo-demo/install/prius_msgs/include/prius_msgs/prius_msgs/msg\n'}
[0.423538] (prius_msgs) StdoutLine: {'line': b'-- Up-to-date: /sbel/gazebo-demo/install/prius_msgs/include/prius_msgs/prius_msgs/msg/control.hpp\n'}
[0.423598] (prius_msgs) StdoutLine: {'line': b'-- Up-to-date: /sbel/gazebo-demo/install/prius_msgs/include/prius_msgs/prius_msgs/msg/detail\n'}
[0.423655] (prius_msgs) StdoutLine: {'line': b'-- Up-to-date: /sbel/gazebo-demo/install/prius_msgs/include/prius_msgs/prius_msgs/msg/detail/control__builder.hpp\n'}
[0.423708] (prius_msgs) StdoutLine: {'line': b'-- Up-to-date: /sbel/gazebo-demo/install/prius_msgs/include/prius_msgs/prius_msgs/msg/detail/control__traits.hpp\n'}
[0.423757] (prius_msgs) StdoutLine: {'line': b'-- Up-to-date: /sbel/gazebo-demo/install/prius_msgs/include/prius_msgs/prius_msgs/msg/detail/control__struct.hpp\n'}
[0.423802] (prius_msgs) StdoutLine: {'line': b'-- Up-to-date: /sbel/gazebo-demo/install/prius_msgs/include/prius_msgs/prius_msgs\n'}
[0.423853] (prius_msgs) StdoutLine: {'line': b'-- Up-to-date: /sbel/gazebo-demo/install/prius_msgs/include/prius_msgs/prius_msgs/msg\n'}
[0.423910] (prius_msgs) StdoutLine: {'line': b'-- Up-to-date: /sbel/gazebo-demo/install/prius_msgs/include/prius_msgs/prius_msgs/msg/rosidl_typesupport_fastrtps_cpp__visibility_control.h\n'}
[0.423975] (prius_msgs) StdoutLine: {'line': b'-- Up-to-date: /sbel/gazebo-demo/install/prius_msgs/include/prius_msgs/prius_msgs/msg/detail\n'}
[0.424028] (prius_msgs) StdoutLine: {'line': b'-- Up-to-date: /sbel/gazebo-demo/install/prius_msgs/include/prius_msgs/prius_msgs/msg/detail/dds_fastrtps\n'}
[0.424073] (prius_msgs) StdoutLine: {'line': b'-- Up-to-date: /sbel/gazebo-demo/install/prius_msgs/include/prius_msgs/prius_msgs/msg/detail/control__rosidl_typesupport_fastrtps_cpp.hpp\n'}
[0.424168] (prius_msgs) StdoutLine: {'line': b'-- Up-to-date: /sbel/gazebo-demo/install/prius_msgs/lib/libprius_msgs__rosidl_typesupport_fastrtps_cpp.so\n'}
[0.424359] (prius_msgs) StdoutLine: {'line': b'-- Up-to-date: /sbel/gazebo-demo/install/prius_msgs/include/prius_msgs/prius_msgs\n'}
[0.424413] (prius_msgs) StdoutLine: {'line': b'-- Up-to-date: /sbel/gazebo-demo/install/prius_msgs/include/prius_msgs/prius_msgs/msg\n'}
[0.424474] (prius_msgs) StdoutLine: {'line': b'-- Up-to-date: /sbel/gazebo-demo/install/prius_msgs/include/prius_msgs/prius_msgs/msg/rosidl_typesupport_introspection_c__visibility_control.h\n'}
[0.424531] (prius_msgs) StdoutLine: {'line': b'-- Up-to-date: /sbel/gazebo-demo/install/prius_msgs/include/prius_msgs/prius_msgs/msg/detail\n'}
[0.424584] (prius_msgs) StdoutLine: {'line': b'-- Up-to-date: /sbel/gazebo-demo/install/prius_msgs/include/prius_msgs/prius_msgs/msg/detail/control__rosidl_typesupport_introspection_c.h\n'}
[0.424628] (prius_msgs) StdoutLine: {'line': b'-- Up-to-date: /sbel/gazebo-demo/install/prius_msgs/include/prius_msgs/prius_msgs/msg/detail/control__type_support.c\n'}
[0.424756] (prius_msgs) StdoutLine: {'line': b'-- Up-to-date: /sbel/gazebo-demo/install/prius_msgs/lib/libprius_msgs__rosidl_typesupport_introspection_c.so\n'}
[0.425056] (prius_msgs) StdoutLine: {'line': b'-- Up-to-date: /sbel/gazebo-demo/install/prius_msgs/lib/libprius_msgs__rosidl_typesupport_c.so\n'}
[0.425220] (prius_msgs) StdoutLine: {'line': b'-- Up-to-date: /sbel/gazebo-demo/install/prius_msgs/include/prius_msgs/prius_msgs\n'}
[0.425281] (prius_msgs) StdoutLine: {'line': b'-- Up-to-date: /sbel/gazebo-demo/install/prius_msgs/include/prius_msgs/prius_msgs/msg\n'}
[0.425330] (prius_msgs) StdoutLine: {'line': b'-- Up-to-date: /sbel/gazebo-demo/install/prius_msgs/include/prius_msgs/prius_msgs/msg/detail\n'}
[0.425382] (prius_msgs) StdoutLine: {'line': b'-- Up-to-date: /sbel/gazebo-demo/install/prius_msgs/include/prius_msgs/prius_msgs/msg/detail/control__type_support.cpp\n'}
[0.425437] (prius_msgs) StdoutLine: {'line': b'-- Up-to-date: /sbel/gazebo-demo/install/prius_msgs/include/prius_msgs/prius_msgs/msg/detail/control__rosidl_typesupport_introspection_cpp.hpp\n'}
[0.425591] (prius_msgs) StdoutLine: {'line': b'-- Up-to-date: /sbel/gazebo-demo/install/prius_msgs/lib/libprius_msgs__rosidl_typesupport_introspection_cpp.so\n'}
[0.425906] (prius_msgs) StdoutLine: {'line': b'-- Up-to-date: /sbel/gazebo-demo/install/prius_msgs/lib/libprius_msgs__rosidl_typesupport_cpp.so\n'}
[0.426086] (prius_msgs) StdoutLine: {'line': b'-- Up-to-date: /sbel/gazebo-demo/install/prius_msgs/share/prius_msgs/environment/pythonpath.sh\n'}
[0.426140] (prius_msgs) StdoutLine: {'line': b'-- Up-to-date: /sbel/gazebo-demo/install/prius_msgs/share/prius_msgs/environment/pythonpath.dsv\n'}
[0.426197] (prius_msgs) StdoutLine: {'line': b'-- Up-to-date: /sbel/gazebo-demo/install/prius_msgs/local/lib/python3.10/dist-packages/prius_msgs-0.0.1-py3.10.egg-info\n'}
[0.426252] (prius_msgs) StdoutLine: {'line': b'-- Installing: /sbel/gazebo-demo/install/prius_msgs/local/lib/python3.10/dist-packages/prius_msgs-0.0.1-py3.10.egg-info/dependency_links.txt\n'}
[0.426485] (prius_msgs) StdoutLine: {'line': b'-- Installing: /sbel/gazebo-demo/install/prius_msgs/local/lib/python3.10/dist-packages/prius_msgs-0.0.1-py3.10.egg-info/PKG-INFO\n'}
[0.426693] (prius_msgs) StdoutLine: {'line': b'-- Installing: /sbel/gazebo-demo/install/prius_msgs/local/lib/python3.10/dist-packages/prius_msgs-0.0.1-py3.10.egg-info/SOURCES.txt\n'}
[0.426909] (prius_msgs) StdoutLine: {'line': b'-- Installing: /sbel/gazebo-demo/install/prius_msgs/local/lib/python3.10/dist-packages/prius_msgs-0.0.1-py3.10.egg-info/top_level.txt\n'}
[0.427134] (prius_msgs) StdoutLine: {'line': b'-- Up-to-date: /sbel/gazebo-demo/install/prius_msgs/local/lib/python3.10/dist-packages/prius_msgs\n'}
[0.427199] (prius_msgs) StdoutLine: {'line': b'-- Up-to-date: /sbel/gazebo-demo/install/prius_msgs/local/lib/python3.10/dist-packages/prius_msgs/_prius_msgs_s.ep.rosidl_typesupport_fastrtps_c.c\n'}
[0.427260] (prius_msgs) StdoutLine: {'line': b'-- Up-to-date: /sbel/gazebo-demo/install/prius_msgs/local/lib/python3.10/dist-packages/prius_msgs/prius_msgs_s__rosidl_typesupport_c.cpython-310-x86_64-linux-gnu.so\n'}
[0.427327] (prius_msgs) StdoutLine: {'line': b'-- Up-to-date: /sbel/gazebo-demo/install/prius_msgs/local/lib/python3.10/dist-packages/prius_msgs/__init__.py\n'}
[0.427386] (prius_msgs) StdoutLine: {'line': b'-- Up-to-date: /sbel/gazebo-demo/install/prius_msgs/local/lib/python3.10/dist-packages/prius_msgs/libprius_msgs__rosidl_generator_py.so\n'}
[0.427444] (prius_msgs) StdoutLine: {'line': b'-- Up-to-date: /sbel/gazebo-demo/install/prius_msgs/local/lib/python3.10/dist-packages/prius_msgs/_prius_msgs_s.ep.rosidl_typesupport_introspection_c.c\n'}
[0.427501] (prius_msgs) StdoutLine: {'line': b'-- Up-to-date: /sbel/gazebo-demo/install/prius_msgs/local/lib/python3.10/dist-packages/prius_msgs/prius_msgs_s__rosidl_typesupport_fastrtps_c.cpython-310-x86_64-linux-gnu.so\n'}
[0.427554] (prius_msgs) StdoutLine: {'line': b'-- Up-to-date: /sbel/gazebo-demo/install/prius_msgs/local/lib/python3.10/dist-packages/prius_msgs/msg\n'}
[0.427614] (prius_msgs) StdoutLine: {'line': b'-- Up-to-date: /sbel/gazebo-demo/install/prius_msgs/local/lib/python3.10/dist-packages/prius_msgs/msg/_control.py\n'}
[0.427670] (prius_msgs) StdoutLine: {'line': b'-- Up-to-date: /sbel/gazebo-demo/install/prius_msgs/local/lib/python3.10/dist-packages/prius_msgs/msg/__init__.py\n'}
[0.427719] (prius_msgs) StdoutLine: {'line': b'-- Up-to-date: /sbel/gazebo-demo/install/prius_msgs/local/lib/python3.10/dist-packages/prius_msgs/msg/_control_s.c\n'}
[0.427763] (prius_msgs) StdoutLine: {'line': b'-- Up-to-date: /sbel/gazebo-demo/install/prius_msgs/local/lib/python3.10/dist-packages/prius_msgs/prius_msgs_s__rosidl_typesupport_introspection_c.cpython-310-x86_64-linux-gnu.so\n'}
[0.427806] (prius_msgs) StdoutLine: {'line': b'-- Up-to-date: /sbel/gazebo-demo/install/prius_msgs/local/lib/python3.10/dist-packages/prius_msgs/_prius_msgs_s.ep.rosidl_typesupport_c.c\n'}
[0.450444] (prius_msgs) StdoutLine: {'line': b"Listing '/sbel/gazebo-demo/install/prius_msgs/local/lib/python3.10/dist-packages/prius_msgs'...\n"}
[0.450543] (prius_msgs) StdoutLine: {'line': b"Listing '/sbel/gazebo-demo/install/prius_msgs/local/lib/python3.10/dist-packages/prius_msgs/msg'...\n"}
[0.453087] (prius_msgs) StdoutLine: {'line': b'-- Up-to-date: /sbel/gazebo-demo/install/prius_msgs/local/lib/python3.10/dist-packages/prius_msgs/prius_msgs_s__rosidl_typesupport_fastrtps_c.cpython-310-x86_64-linux-gnu.so\n'}
[0.453509] (prius_msgs) StdoutLine: {'line': b'-- Up-to-date: /sbel/gazebo-demo/install/prius_msgs/local/lib/python3.10/dist-packages/prius_msgs/prius_msgs_s__rosidl_typesupport_introspection_c.cpython-310-x86_64-linux-gnu.so\n'}
[0.453858] (prius_msgs) StdoutLine: {'line': b'-- Up-to-date: /sbel/gazebo-demo/install/prius_msgs/local/lib/python3.10/dist-packages/prius_msgs/prius_msgs_s__rosidl_typesupport_c.cpython-310-x86_64-linux-gnu.so\n'}
[0.454189] (prius_msgs) StdoutLine: {'line': b'-- Up-to-date: /sbel/gazebo-demo/install/prius_msgs/lib/libprius_msgs__rosidl_generator_py.so\n'}
[0.454385] (prius_msgs) StdoutLine: {'line': b'-- Up-to-date: /sbel/gazebo-demo/install/prius_msgs/share/prius_msgs/msg/Control.idl\n'}
[0.454444] (prius_msgs) StdoutLine: {'line': b'-- Up-to-date: /sbel/gazebo-demo/install/prius_msgs/share/prius_msgs/msg/Control.msg\n'}
[0.454505] (prius_msgs) StdoutLine: {'line': b'-- Up-to-date: /sbel/gazebo-demo/install/prius_msgs/share/ament_index/resource_index/package_run_dependencies/prius_msgs\n'}
[0.454568] (prius_msgs) StdoutLine: {'line': b'-- Up-to-date: /sbel/gazebo-demo/install/prius_msgs/share/ament_index/resource_index/parent_prefix_path/prius_msgs\n'}
[0.454616] (prius_msgs) StdoutLine: {'line': b'-- Up-to-date: /sbel/gazebo-demo/install/prius_msgs/share/prius_msgs/environment/ament_prefix_path.sh\n'}
[0.454673] (prius_msgs) StdoutLine: {'line': b'-- Up-to-date: /sbel/gazebo-demo/install/prius_msgs/share/prius_msgs/environment/ament_prefix_path.dsv\n'}
[0.454731] (prius_msgs) StdoutLine: {'line': b'-- Up-to-date: /sbel/gazebo-demo/install/prius_msgs/share/prius_msgs/environment/path.sh\n'}
[0.454785] (prius_msgs) StdoutLine: {'line': b'-- Up-to-date: /sbel/gazebo-demo/install/prius_msgs/share/prius_msgs/environment/path.dsv\n'}
[0.454852] (prius_msgs) StdoutLine: {'line': b'-- Up-to-date: /sbel/gazebo-demo/install/prius_msgs/share/prius_msgs/local_setup.bash\n'}
[0.454925] (prius_msgs) StdoutLine: {'line': b'-- Up-to-date: /sbel/gazebo-demo/install/prius_msgs/share/prius_msgs/local_setup.sh\n'}
[0.454981] (prius_msgs) StdoutLine: {'line': b'-- Up-to-date: /sbel/gazebo-demo/install/prius_msgs/share/prius_msgs/local_setup.zsh\n'}
[0.455039] (prius_msgs) StdoutLine: {'line': b'-- Up-to-date: /sbel/gazebo-demo/install/prius_msgs/share/prius_msgs/local_setup.dsv\n'}
[0.455091] (prius_msgs) StdoutLine: {'line': b'-- Installing: /sbel/gazebo-demo/install/prius_msgs/share/prius_msgs/package.dsv\n'}
[0.455241] (prius_msgs) StdoutLine: {'line': b'-- Up-to-date: /sbel/gazebo-demo/install/prius_msgs/share/ament_index/resource_index/packages/prius_msgs\n'}
[0.455351] (prius_msgs) StdoutLine: {'line': b'-- Up-to-date: /sbel/gazebo-demo/install/prius_msgs/share/prius_msgs/cmake/export_prius_msgs__rosidl_generator_cExport.cmake\n'}
[0.455414] (prius_msgs) StdoutLine: {'line': b'-- Up-to-date: /sbel/gazebo-demo/install/prius_msgs/share/prius_msgs/cmake/export_prius_msgs__rosidl_generator_cExport-noconfig.cmake\n'}
[0.455506] (prius_msgs) StdoutLine: {'line': b'-- Up-to-date: /sbel/gazebo-demo/install/prius_msgs/share/prius_msgs/cmake/export_prius_msgs__rosidl_typesupport_fastrtps_cExport.cmake\n'}
[0.455571] (prius_msgs) StdoutLine: {'line': b'-- Up-to-date: /sbel/gazebo-demo/install/prius_msgs/share/prius_msgs/cmake/export_prius_msgs__rosidl_typesupport_fastrtps_cExport-noconfig.cmake\n'}
[0.455653] (prius_msgs) StdoutLine: {'line': b'-- Up-to-date: /sbel/gazebo-demo/install/prius_msgs/share/prius_msgs/cmake/export_prius_msgs__rosidl_generator_cppExport.cmake\n'}
[0.455748] (prius_msgs) StdoutLine: {'line': b'-- Up-to-date: /sbel/gazebo-demo/install/prius_msgs/share/prius_msgs/cmake/export_prius_msgs__rosidl_typesupport_fastrtps_cppExport.cmake\n'}
[0.455809] (prius_msgs) StdoutLine: {'line': b'-- Up-to-date: /sbel/gazebo-demo/install/prius_msgs/share/prius_msgs/cmake/export_prius_msgs__rosidl_typesupport_fastrtps_cppExport-noconfig.cmake\n'}
[0.455897] (prius_msgs) StdoutLine: {'line': b'-- Up-to-date: /sbel/gazebo-demo/install/prius_msgs/share/prius_msgs/cmake/prius_msgs__rosidl_typesupport_introspection_cExport.cmake\n'}
[0.455958] (prius_msgs) StdoutLine: {'line': b'-- Up-to-date: /sbel/gazebo-demo/install/prius_msgs/share/prius_msgs/cmake/prius_msgs__rosidl_typesupport_introspection_cExport-noconfig.cmake\n'}
[0.456044] (prius_msgs) StdoutLine: {'line': b'-- Up-to-date: /sbel/gazebo-demo/install/prius_msgs/share/prius_msgs/cmake/prius_msgs__rosidl_typesupport_cExport.cmake\n'}
[0.456110] (prius_msgs) StdoutLine: {'line': b'-- Up-to-date: /sbel/gazebo-demo/install/prius_msgs/share/prius_msgs/cmake/prius_msgs__rosidl_typesupport_cExport-noconfig.cmake\n'}
[0.456200] (prius_msgs) StdoutLine: {'line': b'-- Up-to-date: /sbel/gazebo-demo/install/prius_msgs/share/prius_msgs/cmake/prius_msgs__rosidl_typesupport_introspection_cppExport.cmake\n'}
[0.456261] (prius_msgs) StdoutLine: {'line': b'-- Up-to-date: /sbel/gazebo-demo/install/prius_msgs/share/prius_msgs/cmake/prius_msgs__rosidl_typesupport_introspection_cppExport-noconfig.cmake\n'}
[0.456346] (prius_msgs) StdoutLine: {'line': b'-- Up-to-date: /sbel/gazebo-demo/install/prius_msgs/share/prius_msgs/cmake/prius_msgs__rosidl_typesupport_cppExport.cmake\n'}
[0.456408] (prius_msgs) StdoutLine: {'line': b'-- Up-to-date: /sbel/gazebo-demo/install/prius_msgs/share/prius_msgs/cmake/prius_msgs__rosidl_typesupport_cppExport-noconfig.cmake\n'}
[0.456494] (prius_msgs) StdoutLine: {'line': b'-- Up-to-date: /sbel/gazebo-demo/install/prius_msgs/share/prius_msgs/cmake/export_prius_msgs__rosidl_generator_pyExport.cmake\n'}
[0.456555] (prius_msgs) StdoutLine: {'line': b'-- Up-to-date: /sbel/gazebo-demo/install/prius_msgs/share/prius_msgs/cmake/export_prius_msgs__rosidl_generator_pyExport-noconfig.cmake\n'}
[0.456611] (prius_msgs) StdoutLine: {'line': b'-- Up-to-date: /sbel/gazebo-demo/install/prius_msgs/share/prius_msgs/cmake/rosidl_cmake-extras.cmake\n'}
[0.456668] (prius_msgs) StdoutLine: {'line': b'-- Up-to-date: /sbel/gazebo-demo/install/prius_msgs/share/prius_msgs/cmake/ament_cmake_export_dependencies-extras.cmake\n'}
[0.456723] (prius_msgs) StdoutLine: {'line': b'-- Up-to-date: /sbel/gazebo-demo/install/prius_msgs/share/prius_msgs/cmake/ament_cmake_export_include_directories-extras.cmake\n'}
[0.456778] (prius_msgs) StdoutLine: {'line': b'-- Up-to-date: /sbel/gazebo-demo/install/prius_msgs/share/prius_msgs/cmake/ament_cmake_export_libraries-extras.cmake\n'}
[0.456824] (prius_msgs) StdoutLine: {'line': b'-- Up-to-date: /sbel/gazebo-demo/install/prius_msgs/share/prius_msgs/cmake/ament_cmake_export_targets-extras.cmake\n'}
[0.456871] (prius_msgs) StdoutLine: {'line': b'-- Up-to-date: /sbel/gazebo-demo/install/prius_msgs/share/prius_msgs/cmake/rosidl_cmake_export_typesupport_targets-extras.cmake\n'}
[0.456924] (prius_msgs) StdoutLine: {'line': b'-- Up-to-date: /sbel/gazebo-demo/install/prius_msgs/share/prius_msgs/cmake/rosidl_cmake_export_typesupport_libraries-extras.cmake\n'}
[0.456971] (prius_msgs) StdoutLine: {'line': b'-- Up-to-date: /sbel/gazebo-demo/install/prius_msgs/share/prius_msgs/cmake/prius_msgsConfig.cmake\n'}
[0.457024] (prius_msgs) StdoutLine: {'line': b'-- Up-to-date: /sbel/gazebo-demo/install/prius_msgs/share/prius_msgs/cmake/prius_msgsConfig-version.cmake\n'}
[0.457070] (prius_msgs) StdoutLine: {'line': b'-- Up-to-date: /sbel/gazebo-demo/install/prius_msgs/share/prius_msgs/package.xml\n'}
[0.458706] (prius_msgs) CommandEnded: {'returncode': 0}
[0.500176] (-) TimerEvent: {}
[0.600402] (-) TimerEvent: {}
[0.624764] (prius_msgs) JobEnded: {'identifier': 'prius_msgs', 'rc': 0}
[0.625274] (car_demo) JobStarted: {'identifier': 'car_demo'}
[0.678442] (car_demo) JobProgress: {'identifier': 'car_demo', 'progress': 'cmake'}
[0.679009] (car_demo) JobProgress: {'identifier': 'car_demo', 'progress': 'build'}
[0.679537] (car_demo) Command: {'cmd': ['/usr/bin/cmake', '--build', '/sbel/gazebo-demo/build/car_demo', '--', '-j16', '-l16'], 'cwd': '/sbel/gazebo-demo/build/car_demo', 'env': OrderedDict([('TMUX', '/tmp/tmux-0/default,42667,4'), ('LANGUAGE', 'en_US:en'), ('HOSTNAME', 'ef32acc5240d'), ('SHLVL', '2'), ('LD_LIBRARY_PATH', '/sbel/gazebo-demo/install/prius_msgs/lib:/sbel/gazebo-demo/install/car_demo/lib:/chrono_ros_interfaces/install/chrono_ros_interfaces/lib:/usr/lib/x86_64-linux-gnu/gazebo-11/plugins:/opt/ros/humble/opt/rviz_ogre_vendor/lib:/opt/ros/humble/lib/x86_64-linux-gnu:/opt/ros/humble/lib'), ('HOME', '/sbel'), ('NO_VNC_PORT', '6901'), ('OLDPWD', '/sbel'), ('TERM_PROGRAM_VERSION', '3.2a'), ('STARTUPDIR', '/dockerstartup'), ('ROS_PYTHON_VERSION', '3'), ('VNC_COL_DEPTH', '24'), ('COLCON_PREFIX_PATH', '/sbel/gazebo-demo/install:/chrono_ros_interfaces/install'), ('ROS_DISTRO', 'humble'), ('_', '/usr/bin/colcon'), ('ROS_VERSION', '2'), ('NO_VNC_HOME', '/sbel/noVNC'), ('TERM', 'screen'), ('GAZEBO_MODEL_PATH', '/sbel/gazebo-demo/install/prius_description/share/prius_description/models:/opt/ros/humble/share/prius_description/models'), ('ROS_LOCALHOST_ONLY', '0'), ('PATH', '/opt/ros/humble/bin:/usr/local/sbin:/usr/local/bin:/usr/sbin:/usr/bin:/sbin:/bin'), ('DISPLAY', ':1'), ('LANG', 'en_US.UTF-8'), ('TERM_PROGRAM', 'tmux'), ('AMENT_PREFIX_PATH', '/sbel/gazebo-demo/install/car_demo:/sbel/gazebo-demo/install/prius_msgs:/sbel/gazebo-demo/install/prius_description:/chrono_ros_interfaces/install/chrono_ros_interfaces:/opt/ros/humble'), ('DEBIAN_FRONTEND', 'noninteractive'), ('SHELL', '/bin/bash'), ('PWD', '/sbel/gazebo-demo/build/car_demo'), ('VNC_RESOLUTION', '1600x900'), ('LC_ALL', 'en_US.UTF-8'), ('PYTHONPATH', '/sbel/gazebo-demo/install/car_demo/local/lib/python3.10/dist-packages:/sbel/gazebo-demo/install/prius_msgs/local/lib/python3.10/dist-packages:/chrono_ros_interfaces/install/chrono_ros_interfaces/local/lib/python3.10/dist-packages:/opt/ros/humble/lib/python3.10/site-packages:/opt/ros/humble/local/lib/python3.10/dist-packages'), ('VNC_PW', 'sbel'), ('COLCON', '1'), ('TMUX_PANE', '%8'), ('CMAKE_PREFIX_PATH', '/sbel/gazebo-demo/install/prius_msgs:/sbel/gazebo-demo/install/prius_description:/sbel/gazebo-demo/install/car_demo:/chrono_ros_interfaces/install/chrono_ros_interfaces:/opt/ros/humble'), ('VNC_PORT', '5901')]), 'shell': False}
[0.700476] (-) TimerEvent: {}
[0.727647] (car_demo) StdoutLine: {'line': b'[ 25%] Built target gtest_main\n'}
[0.728274] (car_demo) StdoutLine: {'line': b'[ 50%] Built target gtest\n'}
[0.732271] (car_demo) StdoutLine: {'line': b'[ 50%] Built target ament_cmake_python_copy_car_demo\n'}
[0.746749] (car_demo) StdoutLine: {'line': b'[ 75%] Built target PriusHybridPlugin\n'}
[0.767554] (car_demo) StdoutLine: {'line': b'[100%] Built target PriusHybridPluginTest\n'}
[0.800553] (-) TimerEvent: {}
[0.896781] (car_demo) StdoutLine: {'line': b'running egg_info\n'}
[0.897156] (car_demo) StdoutLine: {'line': b'writing car_demo.egg-info/PKG-INFO\n'}
[0.897321] (car_demo) StdoutLine: {'line': b'writing dependency_links to car_demo.egg-info/dependency_links.txt\n'}
[0.897452] (car_demo) StdoutLine: {'line': b'writing top-level names to car_demo.egg-info/top_level.txt\n'}
[0.898766] (car_demo) StdoutLine: {'line': b"reading manifest file 'car_demo.egg-info/SOURCES.txt'\n"}
[0.899151] (car_demo) StdoutLine: {'line': b"writing manifest file 'car_demo.egg-info/SOURCES.txt'\n"}
[0.900609] (-) TimerEvent: {}
[0.917689] (car_demo) StdoutLine: {'line': b'[100%] Built target ament_cmake_python_build_car_demo_egg\n'}
[0.927322] (car_demo) CommandEnded: {'returncode': 0}
[0.956337] (car_demo) JobProgress: {'identifier': 'car_demo', 'progress': 'install'}
[0.956757] (car_demo) Command: {'cmd': ['/usr/bin/cmake', '--install', '/sbel/gazebo-demo/build/car_demo'], 'cwd': '/sbel/gazebo-demo/build/car_demo', 'env': OrderedDict([('TMUX', '/tmp/tmux-0/default,42667,4'), ('LANGUAGE', 'en_US:en'), ('HOSTNAME', 'ef32acc5240d'), ('SHLVL', '2'), ('LD_LIBRARY_PATH', '/sbel/gazebo-demo/install/prius_msgs/lib:/sbel/gazebo-demo/install/car_demo/lib:/chrono_ros_interfaces/install/chrono_ros_interfaces/lib:/usr/lib/x86_64-linux-gnu/gazebo-11/plugins:/opt/ros/humble/opt/rviz_ogre_vendor/lib:/opt/ros/humble/lib/x86_64-linux-gnu:/opt/ros/humble/lib'), ('HOME', '/sbel'), ('NO_VNC_PORT', '6901'), ('OLDPWD', '/sbel'), ('TERM_PROGRAM_VERSION', '3.2a'), ('STARTUPDIR', '/dockerstartup'), ('ROS_PYTHON_VERSION', '3'), ('VNC_COL_DEPTH', '24'), ('COLCON_PREFIX_PATH', '/sbel/gazebo-demo/install:/chrono_ros_interfaces/install'), ('ROS_DISTRO', 'humble'), ('_', '/usr/bin/colcon'), ('ROS_VERSION', '2'), ('NO_VNC_HOME', '/sbel/noVNC'), ('TERM', 'screen'), ('GAZEBO_MODEL_PATH', '/sbel/gazebo-demo/install/prius_description/share/prius_description/models:/opt/ros/humble/share/prius_description/models'), ('ROS_LOCALHOST_ONLY', '0'), ('PATH', '/opt/ros/humble/bin:/usr/local/sbin:/usr/local/bin:/usr/sbin:/usr/bin:/sbin:/bin'), ('DISPLAY', ':1'), ('LANG', 'en_US.UTF-8'), ('TERM_PROGRAM', 'tmux'), ('AMENT_PREFIX_PATH', '/sbel/gazebo-demo/install/car_demo:/sbel/gazebo-demo/install/prius_msgs:/sbel/gazebo-demo/install/prius_description:/chrono_ros_interfaces/install/chrono_ros_interfaces:/opt/ros/humble'), ('DEBIAN_FRONTEND', 'noninteractive'), ('SHELL', '/bin/bash'), ('PWD', '/sbel/gazebo-demo/build/car_demo'), ('VNC_RESOLUTION', '1600x900'), ('LC_ALL', 'en_US.UTF-8'), ('PYTHONPATH', '/sbel/gazebo-demo/install/car_demo/local/lib/python3.10/dist-packages:/sbel/gazebo-demo/install/prius_msgs/local/lib/python3.10/dist-packages:/chrono_ros_interfaces/install/chrono_ros_interfaces/local/lib/python3.10/dist-packages:/opt/ros/humble/lib/python3.10/site-packages:/opt/ros/humble/local/lib/python3.10/dist-packages'), ('VNC_PW', 'sbel'), ('COLCON', '1'), ('TMUX_PANE', '%8'), ('CMAKE_PREFIX_PATH', '/sbel/gazebo-demo/install/prius_msgs:/sbel/gazebo-demo/install/prius_description:/sbel/gazebo-demo/install/car_demo:/chrono_ros_interfaces/install/chrono_ros_interfaces:/opt/ros/humble'), ('VNC_PORT', '5901')]), 'shell': False}
[0.963159] (car_demo) StdoutLine: {'line': b'-- Install configuration: ""\n'}
[0.963281] (car_demo) StdoutLine: {'line': b'-- Up-to-date: /sbel/gazebo-demo/install/car_demo/share/car_demo/environment/library_path.sh\n'}
[0.963402] (car_demo) StdoutLine: {'line': b'-- Up-to-date: /sbel/gazebo-demo/install/car_demo/share/car_demo/environment/library_path.dsv\n'}
[0.963494] (car_demo) StdoutLine: {'line': b'-- Up-to-date: /sbel/gazebo-demo/install/car_demo/share/car_demo/environment/gazebo_plugins.sh\n'}
[0.963586] (car_demo) StdoutLine: {'line': b'-- Up-to-date: /sbel/gazebo-demo/install/car_demo/share/car_demo/environment/gazebo_plugins.dsv\n'}
[0.963678] (car_demo) StdoutLine: {'line': b'-- Up-to-date: /sbel/gazebo-demo/install/car_demo/share/car_demo/environment/pythonpath.sh\n'}
[0.963742] (car_demo) StdoutLine: {'line': b'-- Up-to-date: /sbel/gazebo-demo/install/car_demo/share/car_demo/environment/pythonpath.dsv\n'}
[0.963805] (car_demo) StdoutLine: {'line': b'-- Up-to-date: /sbel/gazebo-demo/install/car_demo/local/lib/python3.10/dist-packages/car_demo-0.0.1-py3.10.egg-info\n'}
[0.963881] (car_demo) StdoutLine: {'line': b'-- Installing: /sbel/gazebo-demo/install/car_demo/local/lib/python3.10/dist-packages/car_demo-0.0.1-py3.10.egg-info/dependency_links.txt\n'}
[0.963946] (car_demo) StdoutLine: {'line': b'-- Installing: /sbel/gazebo-demo/install/car_demo/local/lib/python3.10/dist-packages/car_demo-0.0.1-py3.10.egg-info/PKG-INFO\n'}
[0.964039] (car_demo) StdoutLine: {'line': b'-- Installing: /sbel/gazebo-demo/install/car_demo/local/lib/python3.10/dist-packages/car_demo-0.0.1-py3.10.egg-info/SOURCES.txt\n'}
[0.964239] (car_demo) StdoutLine: {'line': b'-- Installing: /sbel/gazebo-demo/install/car_demo/local/lib/python3.10/dist-packages/car_demo-0.0.1-py3.10.egg-info/top_level.txt\n'}
[0.964460] (car_demo) StdoutLine: {'line': b'-- Up-to-date: /sbel/gazebo-demo/install/car_demo/local/lib/python3.10/dist-packages/car_demo\n'}
[0.964542] (car_demo) StdoutLine: {'line': b'-- Up-to-date: /sbel/gazebo-demo/install/car_demo/local/lib/python3.10/dist-packages/car_demo/__init__.py\n'}
[0.987165] (car_demo) StdoutLine: {'line': b"Listing '/sbel/gazebo-demo/install/car_demo/local/lib/python3.10/dist-packages/car_demo'...\n"}
[0.989537] (car_demo) StdoutLine: {'line': b'-- Installing: /sbel/gazebo-demo/install/car_demo/lib/car_demo/trajectory_controller.py\n'}
[0.989826] (car_demo) StdoutLine: {'line': b'-- Up-to-date: /sbel/gazebo-demo/install/car_demo/lib/car_demo/prius_teleop_keyboard.py\n'}
[0.989939] (car_demo) StdoutLine: {'line': b'-- Up-to-date: /sbel/gazebo-demo/install/car_demo/lib/car_demo/joystick_translator.py\n'}
[0.990152] (car_demo) StdoutLine: {'line': b'-- Up-to-date: /sbel/gazebo-demo/install/car_demo/lib/libPriusHybridPlugin.so\n'}
[0.990468] (car_demo) StdoutLine: {'line': b'-- Up-to-date: /sbel/gazebo-demo/install/car_demo/share/ament_index/resource_index/package_run_dependencies/car_demo\n'}
[0.990554] (car_demo) StdoutLine: {'line': b'-- Up-to-date: /sbel/gazebo-demo/install/car_demo/share/ament_index/resource_index/parent_prefix_path/car_demo\n'}
[0.990636] (car_demo) StdoutLine: {'line': b'-- Up-to-date: /sbel/gazebo-demo/install/car_demo/share/car_demo/environment/ament_prefix_path.sh\n'}
[0.990723] (car_demo) StdoutLine: {'line': b'-- Up-to-date: /sbel/gazebo-demo/install/car_demo/share/car_demo/environment/ament_prefix_path.dsv\n'}
[0.990808] (car_demo) StdoutLine: {'line': b'-- Up-to-date: /sbel/gazebo-demo/install/car_demo/share/car_demo/environment/path.sh\n'}
[0.990889] (car_demo) StdoutLine: {'line': b'-- Up-to-date: /sbel/gazebo-demo/install/car_demo/share/car_demo/environment/path.dsv\n'}
[0.990961] (car_demo) StdoutLine: {'line': b'-- Up-to-date: /sbel/gazebo-demo/install/car_demo/share/car_demo/local_setup.bash\n'}
[0.991035] (car_demo) StdoutLine: {'line': b'-- Up-to-date: /sbel/gazebo-demo/install/car_demo/share/car_demo/local_setup.sh\n'}
[0.991097] (car_demo) StdoutLine: {'line': b'-- Up-to-date: /sbel/gazebo-demo/install/car_demo/share/car_demo/local_setup.zsh\n'}
[0.991160] (car_demo) StdoutLine: {'line': b'-- Up-to-date: /sbel/gazebo-demo/install/car_demo/share/car_demo/local_setup.dsv\n'}
[0.991234] (car_demo) StdoutLine: {'line': b'-- Installing: /sbel/gazebo-demo/install/car_demo/share/car_demo/package.dsv\n'}
[0.991319] (car_demo) StdoutLine: {'line': b'-- Up-to-date: /sbel/gazebo-demo/install/car_demo/share/ament_index/resource_index/packages/car_demo\n'}
[0.991387] (car_demo) StdoutLine: {'line': b'-- Up-to-date: /sbel/gazebo-demo/install/car_demo/share/car_demo/cmake/ament_cmake_export_libraries-extras.cmake\n'}
[0.991461] (car_demo) StdoutLine: {'line': b'-- Up-to-date: /sbel/gazebo-demo/install/car_demo/share/car_demo/cmake/ament_cmake_export_include_directories-extras.cmake\n'}
[0.991535] (car_demo) StdoutLine: {'line': b'-- Up-to-date: /sbel/gazebo-demo/install/car_demo/share/car_demo/cmake/ament_cmake_export_dependencies-extras.cmake\n'}
[0.991614] (car_demo) StdoutLine: {'line': b'-- Up-to-date: /sbel/gazebo-demo/install/car_demo/share/car_demo/cmake/car_demoConfig.cmake\n'}
[0.991689] (car_demo) StdoutLine: {'line': b'-- Up-to-date: /sbel/gazebo-demo/install/car_demo/share/car_demo/cmake/car_demoConfig-version.cmake\n'}
[0.991757] (car_demo) StdoutLine: {'line': b'-- Up-to-date: /sbel/gazebo-demo/install/car_demo/share/car_demo/package.xml\n'}
[0.991837] (car_demo) StdoutLine: {'line': b'-- Up-to-date: /sbel/gazebo-demo/install/car_demo/share/car_demo/launch\n'}
[0.991909] (car_demo) StdoutLine: {'line': b'-- Up-to-date: /sbel/gazebo-demo/install/car_demo/share/car_demo/launch/demo.launch.py\n'}
[0.991983] (car_demo) StdoutLine: {'line': b'-- Up-to-date: /sbel/gazebo-demo/install/car_demo/share/car_demo/launch/spawn_prius.launch.py\n'}
[0.992057] (car_demo) StdoutLine: {'line': b'-- Up-to-date: /sbel/gazebo-demo/install/car_demo/share/car_demo/models\n'}
[0.992132] (car_demo) StdoutLine: {'line': b'-- Up-to-date: /sbel/gazebo-demo/install/car_demo/share/car_demo/models/speed_limit_sign\n'}
[0.992199] (car_demo) StdoutLine: {'line': b'-- Up-to-date: /sbel/gazebo-demo/install/car_demo/share/car_demo/models/speed_limit_sign/model-1_4.sdf\n'}
[0.992274] (car_demo) StdoutLine: {'line': b'-- Up-to-date: /sbel/gazebo-demo/install/car_demo/share/car_demo/models/speed_limit_sign/meshes\n'}
[0.992347] (car_demo) StdoutLine: {'line': b'-- Up-to-date: /sbel/gazebo-demo/install/car_demo/share/car_demo/models/speed_limit_sign/meshes/speed_limit_sign.dae\n'}
[0.992413] (car_demo) StdoutLine: {'line': b'-- Up-to-date: /sbel/gazebo-demo/install/car_demo/share/car_demo/models/speed_limit_sign/model-1_3.sdf\n'}
[0.992480] (car_demo) StdoutLine: {'line': b'-- Up-to-date: /sbel/gazebo-demo/install/car_demo/share/car_demo/models/speed_limit_sign/materials\n'}
[0.992554] (car_demo) StdoutLine: {'line': b'-- Up-to-date: /sbel/gazebo-demo/install/car_demo/share/car_demo/models/speed_limit_sign/materials/textures\n'}
[0.992636] (car_demo) StdoutLine: {'line': b'-- Up-to-date: /sbel/gazebo-demo/install/car_demo/share/car_demo/models/speed_limit_sign/materials/textures/Speed_90.png\n'}
[0.992704] (car_demo) StdoutLine: {'line': b'-- Up-to-date: /sbel/gazebo-demo/install/car_demo/share/car_demo/models/speed_limit_sign/materials/textures/Speed_30.png\n'}
[0.992773] (car_demo) StdoutLine: {'line': b'-- Up-to-date: /sbel/gazebo-demo/install/car_demo/share/car_demo/models/speed_limit_sign/materials/textures/Speed_120.png\n'}
[0.992847] (car_demo) StdoutLine: {'line': b'-- Up-to-date: /sbel/gazebo-demo/install/car_demo/share/car_demo/models/speed_limit_sign/materials/textures/Speed_40.png\n'}
[0.992922] (car_demo) StdoutLine: {'line': b'-- Up-to-date: /sbel/gazebo-demo/install/car_demo/share/car_demo/models/speed_limit_sign/materials/textures/Speed_16.png\n'}
[0.992996] (car_demo) StdoutLine: {'line': b'-- Up-to-date: /sbel/gazebo-demo/install/car_demo/share/car_demo/models/speed_limit_sign/materials/textures/Speed_50.png\n'}
[0.993070] (car_demo) StdoutLine: {'line': b'-- Up-to-date: /sbel/gazebo-demo/install/car_demo/share/car_demo/models/speed_limit_sign/materials/textures/Speed_110.png\n'}
[0.993144] (car_demo) StdoutLine: {'line': b'-- Up-to-date: /sbel/gazebo-demo/install/car_demo/share/car_demo/models/speed_limit_sign/materials/textures/Speed_130.png\n'}
[0.993223] (car_demo) StdoutLine: {'line': b'-- Up-to-date: /sbel/gazebo-demo/install/car_demo/share/car_demo/models/speed_limit_sign/materials/textures/StopSign_Diffuse.png\n'}
[0.993299] (car_demo) StdoutLine: {'line': b'-- Up-to-date: /sbel/gazebo-demo/install/car_demo/share/car_demo/models/speed_limit_sign/materials/textures/Speed_60.png\n'}
[0.993372] (car_demo) StdoutLine: {'line': b'-- Up-to-date: /sbel/gazebo-demo/install/car_demo/share/car_demo/models/speed_limit_sign/materials/textures/Speed_100.png\n'}
[0.993440] (car_demo) StdoutLine: {'line': b'-- Up-to-date: /sbel/gazebo-demo/install/car_demo/share/car_demo/models/speed_limit_sign/materials/textures/Speed_80.png\n'}
[0.993520] (car_demo) StdoutLine: {'line': b'-- Up-to-date: /sbel/gazebo-demo/install/car_demo/share/car_demo/models/speed_limit_sign/materials/textures/Speed_70.png\n'}
[0.993594] (car_demo) StdoutLine: {'line': b'-- Up-to-date: /sbel/gazebo-demo/install/car_demo/share/car_demo/models/speed_limit_sign/materials/textures/StopSign_Spec.png\n'}
[0.993660] (car_demo) StdoutLine: {'line': b'-- Up-to-date: /sbel/gazebo-demo/install/car_demo/share/car_demo/models/speed_limit_sign/materials/textures/Speed_Spec.png\n'}
[0.993741] (car_demo) StdoutLine: {'line': b'-- Up-to-date: /sbel/gazebo-demo/install/car_demo/share/car_demo/models/speed_limit_sign/model.config\n'}
[0.993816] (car_demo) StdoutLine: {'line': b'-- Up-to-date: /sbel/gazebo-demo/install/car_demo/share/car_demo/models/speed_limit_sign/model.sdf\n'}
[0.993892] (car_demo) StdoutLine: {'line': b'-- Up-to-date: /sbel/gazebo-demo/install/car_demo/share/car_demo/models/grey_wall\n'}
[0.993967] (car_demo) StdoutLine: {'line': b'-- Up-to-date: /sbel/gazebo-demo/install/car_demo/share/car_demo/models/grey_wall/model-1_4.sdf\n'}
[0.994046] (car_demo) StdoutLine: {'line': b'-- Up-to-date: /sbel/gazebo-demo/install/car_demo/share/car_demo/models/grey_wall/model-1_3.sdf\n'}
[0.994120] (car_demo) StdoutLine: {'line': b'-- Up-to-date: /sbel/gazebo-demo/install/car_demo/share/car_demo/models/grey_wall/materials\n'}
[0.994195] (car_demo) StdoutLine: {'line': b'-- Up-to-date: /sbel/gazebo-demo/install/car_demo/share/car_demo/models/grey_wall/materials/scripts\n'}
[0.994262] (car_demo) StdoutLine: {'line': b'-- Up-to-date: /sbel/gazebo-demo/install/car_demo/share/car_demo/models/grey_wall/materials/scripts/grey_wall.material\n'}
[0.994337] (car_demo) StdoutLine: {'line': b'-- Up-to-date: /sbel/gazebo-demo/install/car_demo/share/car_demo/models/grey_wall/materials/textures\n'}
[0.994414] (car_demo) StdoutLine: {'line': b'-- Up-to-date: /sbel/gazebo-demo/install/car_demo/share/car_demo/models/grey_wall/materials/textures/grey_wall.png\n'}
[0.994480] (car_demo) StdoutLine: {'line': b'-- Up-to-date: /sbel/gazebo-demo/install/car_demo/share/car_demo/models/grey_wall/model.config\n'}
[0.994553] (car_demo) StdoutLine: {'line': b'-- Up-to-date: /sbel/gazebo-demo/install/car_demo/share/car_demo/models/grey_wall/model.sdf\n'}
[0.994619] (car_demo) StdoutLine: {'line': b'-- Up-to-date: /sbel/gazebo-demo/install/car_demo/share/car_demo/models/construction_cone\n'}
[0.994699] (car_demo) StdoutLine: {'line': b'-- Up-to-date: /sbel/gazebo-demo/install/car_demo/share/car_demo/models/construction_cone/model-1_4.sdf\n'}
[0.994783] (car_demo) StdoutLine: {'line': b'-- Up-to-date: /sbel/gazebo-demo/install/car_demo/share/car_demo/models/construction_cone/meshes\n'}
[0.994858] (car_demo) StdoutLine: {'line': b'-- Up-to-date: /sbel/gazebo-demo/install/car_demo/share/car_demo/models/construction_cone/meshes/construction_cone.dae\n'}
[0.994935] (car_demo) StdoutLine: {'line': b'-- Up-to-date: /sbel/gazebo-demo/install/car_demo/share/car_demo/models/construction_cone/model-1_3.sdf\n'}
[0.995004] (car_demo) StdoutLine: {'line': b'-- Up-to-date: /sbel/gazebo-demo/install/car_demo/share/car_demo/models/construction_cone/materials\n'}
[0.995080] (car_demo) StdoutLine: {'line': b'-- Up-to-date: /sbel/gazebo-demo/install/car_demo/share/car_demo/models/construction_cone/materials/textures\n'}
[0.995156] (car_demo) StdoutLine: {'line': b'-- Up-to-date: /sbel/gazebo-demo/install/car_demo/share/car_demo/models/construction_cone/materials/textures/Construction_Cone_Diffuse.png\n'}
[0.995231] (car_demo) StdoutLine: {'line': b'-- Up-to-date: /sbel/gazebo-demo/install/car_demo/share/car_demo/models/construction_cone/model.config\n'}
[0.995316] (car_demo) StdoutLine: {'line': b'-- Up-to-date: /sbel/gazebo-demo/install/car_demo/share/car_demo/models/construction_cone/model.sdf\n'}
[0.995390] (car_demo) StdoutLine: {'line': b'-- Up-to-date: /sbel/gazebo-demo/install/car_demo/share/car_demo/models/house_3\n'}
[0.995472] (car_demo) StdoutLine: {'line': b'-- Up-to-date: /sbel/gazebo-demo/install/car_demo/share/car_demo/models/house_3/model-1_4.sdf\n'}
[0.995542] (car_demo) StdoutLine: {'line': b'-- Up-to-date: /sbel/gazebo-demo/install/car_demo/share/car_demo/models/house_3/meshes\n'}
[0.995623] (car_demo) StdoutLine: {'line': b'-- Up-to-date: /sbel/gazebo-demo/install/car_demo/share/car_demo/models/house_3/meshes/house_3.dae\n'}
[0.995698] (car_demo) StdoutLine: {'line': b'-- Up-to-date: /sbel/gazebo-demo/install/car_demo/share/car_demo/models/house_3/model-1_3.sdf\n'}
[0.995767] (car_demo) StdoutLine: {'line': b'-- Up-to-date: /sbel/gazebo-demo/install/car_demo/share/car_demo/models/house_3/materials\n'}
[0.995848] (car_demo) StdoutLine: {'line': b'-- Up-to-date: /sbel/gazebo-demo/install/car_demo/share/car_demo/models/house_3/materials/scripts\n'}
[0.995923] (car_demo) StdoutLine: {'line': b'-- Up-to-date: /sbel/gazebo-demo/install/car_demo/share/car_demo/models/house_3/materials/scripts/house_3.material\n'}
[0.995999] (car_demo) StdoutLine: {'line': b'-- Up-to-date: /sbel/gazebo-demo/install/car_demo/share/car_demo/models/house_3/materials/textures\n'}
[0.996073] (car_demo) StdoutLine: {'line': b'-- Up-to-date: /sbel/gazebo-demo/install/car_demo/share/car_demo/models/house_3/materials/textures/House_3_Diffuse.png\n'}
[0.996139] (car_demo) StdoutLine: {'line': b'-- Up-to-date: /sbel/gazebo-demo/install/car_demo/share/car_demo/models/house_3/model.config\n'}
[0.996226] (car_demo) StdoutLine: {'line': b'-- Up-to-date: /sbel/gazebo-demo/install/car_demo/share/car_demo/models/house_3/model.sdf\n'}
[0.996299] (car_demo) StdoutLine: {'line': b'-- Up-to-date: /sbel/gazebo-demo/install/car_demo/share/car_demo/models/house_1\n'}
[0.996373] (car_demo) StdoutLine: {'line': b'-- Up-to-date: /sbel/gazebo-demo/install/car_demo/share/car_demo/models/house_1/model-1_4.sdf\n'}
[0.996442] (car_demo) StdoutLine: {'line': b'-- Up-to-date: /sbel/gazebo-demo/install/car_demo/share/car_demo/models/house_1/meshes\n'}
[0.996514] (car_demo) StdoutLine: {'line': b'-- Up-to-date: /sbel/gazebo-demo/install/car_demo/share/car_demo/models/house_1/meshes/house_1.dae\n'}
[0.996581] (car_demo) StdoutLine: {'line': b'-- Up-to-date: /sbel/gazebo-demo/install/car_demo/share/car_demo/models/house_1/model-1_3.sdf\n'}
[0.996656] (car_demo) StdoutLine: {'line': b'-- Up-to-date: /sbel/gazebo-demo/install/car_demo/share/car_demo/models/house_1/materials\n'}
[0.996718] (car_demo) StdoutLine: {'line': b'-- Up-to-date: /sbel/gazebo-demo/install/car_demo/share/car_demo/models/house_1/materials/scripts\n'}
[0.996829] (car_demo) StdoutLine: {'line': b'-- Up-to-date: /sbel/gazebo-demo/install/car_demo/share/car_demo/models/house_1/materials/scripts/house_1.material\n'}
[0.996928] (car_demo) StdoutLine: {'line': b'-- Up-to-date: /sbel/gazebo-demo/install/car_demo/share/car_demo/models/house_1/materials/textures\n'}
[0.997013] (car_demo) StdoutLine: {'line': b'-- Up-to-date: /sbel/gazebo-demo/install/car_demo/share/car_demo/models/house_1/materials/textures/House_1_Normal.png\n'}
[0.997110] (car_demo) StdoutLine: {'line': b'-- Up-to-date: /sbel/gazebo-demo/install/car_demo/share/car_demo/models/house_1/materials/textures/House_1_Diffuse.png\n'}
[0.997202] (car_demo) StdoutLine: {'line': b'-- Up-to-date: /sbel/gazebo-demo/install/car_demo/share/car_demo/models/house_1/materials/textures/House_1_Spec.png\n'}
[0.997279] (car_demo) StdoutLine: {'line': b'-- Up-to-date: /sbel/gazebo-demo/install/car_demo/share/car_demo/models/house_1/model.config\n'}
[0.997370] (car_demo) StdoutLine: {'line': b'-- Up-to-date: /sbel/gazebo-demo/install/car_demo/share/car_demo/models/house_1/model.sdf\n'}
[0.997452] (car_demo) StdoutLine: {'line': b'-- Up-to-date: /sbel/gazebo-demo/install/car_demo/share/car_demo/models/mcity\n'}
[0.997537] (car_demo) StdoutLine: {'line': b'-- Up-to-date: /sbel/gazebo-demo/install/car_demo/share/car_demo/models/mcity/meshes\n'}
[0.997620] (car_demo) StdoutLine: {'line': b'-- Up-to-date: /sbel/gazebo-demo/install/car_demo/share/car_demo/models/mcity/meshes/mcity.obj\n'}
[0.997697] (car_demo) StdoutLine: {'line': b'-- Up-to-date: /sbel/gazebo-demo/install/car_demo/share/car_demo/models/mcity/meshes/mcity.mtl\n'}
[0.997778] (car_demo) StdoutLine: {'line': b'-- Up-to-date: /sbel/gazebo-demo/install/car_demo/share/car_demo/models/mcity/materials\n'}
[0.997848] (car_demo) StdoutLine: {'line': b'-- Up-to-date: /sbel/gazebo-demo/install/car_demo/share/car_demo/models/mcity/materials/textures\n'}
[0.997926] (car_demo) StdoutLine: {'line': b'-- Up-to-date: /sbel/gazebo-demo/install/car_demo/share/car_demo/models/mcity/materials/textures/GuardRail.png\n'}
[0.998008] (car_demo) StdoutLine: {'line': b'-- Up-to-date: /sbel/gazebo-demo/install/car_demo/share/car_demo/models/mcity/materials/textures/OverheadSigns.png\n'}
[0.998080] (car_demo) StdoutLine: {'line': b'-- Up-to-date: /sbel/gazebo-demo/install/car_demo/share/car_demo/models/mcity/materials/textures/Brick.png\n'}
[0.998150] (car_demo) StdoutLine: {'line': b'-- Up-to-date: /sbel/gazebo-demo/install/car_demo/share/car_demo/models/mcity/materials/textures/Road_DoubleYellowLine.png\n'}
[0.998218] (car_demo) StdoutLine: {'line': b'-- Up-to-date: /sbel/gazebo-demo/install/car_demo/share/car_demo/models/mcity/materials/textures/Road_SingleWhiteLine.png\n'}
[0.998293] (car_demo) StdoutLine: {'line': b'-- Up-to-date: /sbel/gazebo-demo/install/car_demo/share/car_demo/models/mcity/materials/textures/Road_DoubleYellowLine_Light.png\n'}
[0.998369] (car_demo) StdoutLine: {'line': b'-- Up-to-date: /sbel/gazebo-demo/install/car_demo/share/car_demo/models/mcity/materials/textures/Road_Blank.png\n'}
[0.998436] (car_demo) StdoutLine: {'line': b'-- Up-to-date: /sbel/gazebo-demo/install/car_demo/share/car_demo/models/mcity/materials/textures/StreetLamp_Short.png\n'}
[0.998532] (car_demo) StdoutLine: {'line': b'-- Up-to-date: /sbel/gazebo-demo/install/car_demo/share/car_demo/models/mcity/materials/textures/Colors.png\n'}
[0.998621] (car_demo) StdoutLine: {'line': b'-- Up-to-date: /sbel/gazebo-demo/install/car_demo/share/car_demo/models/mcity/materials/textures/OverheadSignBase.png\n'}
[0.998695] (car_demo) StdoutLine: {'line': b'-- Up-to-date: /sbel/gazebo-demo/install/car_demo/share/car_demo/models/mcity/materials/textures/StreetLamp_Tall.png\n'}
[0.998757] (car_demo) StdoutLine: {'line': b'-- Up-to-date: /sbel/gazebo-demo/install/car_demo/share/car_demo/models/mcity/materials/textures/Tunnel.png\n'}
[0.998819] (car_demo) StdoutLine: {'line': b'-- Up-to-date: /sbel/gazebo-demo/install/car_demo/share/car_demo/models/mcity/materials/textures/Buildings.png\n'}
[0.998887] (car_demo) StdoutLine: {'line': b'-- Up-to-date: /sbel/gazebo-demo/install/car_demo/share/car_demo/models/mcity/materials/textures/Concrete_Ground.png\n'}
[0.998959] (car_demo) StdoutLine: {'line': b'-- Up-to-date: /sbel/gazebo-demo/install/car_demo/share/car_demo/models/mcity/materials/textures/Crosswalk.png\n'}
[0.999023] (car_demo) StdoutLine: {'line': b'-- Up-to-date: /sbel/gazebo-demo/install/car_demo/share/car_demo/models/mcity/materials/textures/TrafficBarrel.png\n'}
[0.999087] (car_demo) StdoutLine: {'line': b'-- Up-to-date: /sbel/gazebo-demo/install/car_demo/share/car_demo/models/mcity/materials/textures/RailroadGate.png\n'}
[0.999148] (car_demo) StdoutLine: {'line': b'-- Up-to-date: /sbel/gazebo-demo/install/car_demo/share/car_demo/models/mcity/materials/textures/Gravel.png\n'}
[0.999210] (car_demo) StdoutLine: {'line': b'-- Up-to-date: /sbel/gazebo-demo/install/car_demo/share/car_demo/models/mcity/materials/textures/Grass.png\n'}
[0.999270] (car_demo) StdoutLine: {'line': b'-- Up-to-date: /sbel/gazebo-demo/install/car_demo/share/car_demo/models/mcity/materials/textures/Curb.png\n'}
[0.999379] (car_demo) StdoutLine: {'line': b'-- Up-to-date: /sbel/gazebo-demo/install/car_demo/share/car_demo/models/mcity/materials/textures/Road_Blank_Light.png\n'}
[0.999457] (car_demo) StdoutLine: {'line': b'-- Up-to-date: /sbel/gazebo-demo/install/car_demo/share/car_demo/models/mcity/materials/textures/Asphalt.png\n'}
[0.999522] (car_demo) StdoutLine: {'line': b'-- Up-to-date: /sbel/gazebo-demo/install/car_demo/share/car_demo/models/mcity/model.config\n'}
[0.999584] (car_demo) StdoutLine: {'line': b'-- Up-to-date: /sbel/gazebo-demo/install/car_demo/share/car_demo/models/mcity/model.sdf\n'}
[0.999647] (car_demo) StdoutLine: {'line': b'-- Up-to-date: /sbel/gazebo-demo/install/car_demo/share/car_demo/models/house_2\n'}
[0.999710] (car_demo) StdoutLine: {'line': b'-- Up-to-date: /sbel/gazebo-demo/install/car_demo/share/car_demo/models/house_2/model-1_4.sdf\n'}
[0.999784] (car_demo) StdoutLine: {'line': b'-- Up-to-date: /sbel/gazebo-demo/install/car_demo/share/car_demo/models/house_2/meshes\n'}
[0.999845] (car_demo) StdoutLine: {'line': b'-- Up-to-date: /sbel/gazebo-demo/install/car_demo/share/car_demo/models/house_2/meshes/house_2.dae\n'}
[0.999912] (car_demo) StdoutLine: {'line': b'-- Up-to-date: /sbel/gazebo-demo/install/car_demo/share/car_demo/models/house_2/model-1_3.sdf\n'}
[0.999973] (car_demo) StdoutLine: {'line': b'-- Up-to-date: /sbel/gazebo-demo/install/car_demo/share/car_demo/models/house_2/materials\n'}
[1.000033] (car_demo) StdoutLine: {'line': b'-- Up-to-date: /sbel/gazebo-demo/install/car_demo/share/car_demo/models/house_2/materials/scripts\n'}
[1.000093] (car_demo) StdoutLine: {'line': b'-- Up-to-date: /sbel/gazebo-demo/install/car_demo/share/car_demo/models/house_2/materials/scripts/house_2.material\n'}
[1.000155] (car_demo) StdoutLine: {'line': b'-- Up-to-date: /sbel/gazebo-demo/install/car_demo/share/car_demo/models/house_2/materials/textures\n'}
[1.000216] (car_demo) StdoutLine: {'line': b'-- Up-to-date: /sbel/gazebo-demo/install/car_demo/share/car_demo/models/house_2/materials/textures/House_2_Diffuse.png\n'}
[1.000278] (car_demo) StdoutLine: {'line': b'-- Up-to-date: /sbel/gazebo-demo/install/car_demo/share/car_demo/models/house_2/model.config\n'}
[1.000338] (car_demo) StdoutLine: {'line': b'-- Up-to-date: /sbel/gazebo-demo/install/car_demo/share/car_demo/models/house_2/model.sdf\n'}
[1.000399] (car_demo) StdoutLine: {'line': b'-- Up-to-date: /sbel/gazebo-demo/install/car_demo/share/car_demo/models/jersey_barrier\n'}
[1.000459] (car_demo) StdoutLine: {'line': b'-- Up-to-date: /sbel/gazebo-demo/install/car_demo/share/car_demo/models/jersey_barrier/model-1_4.sdf\n'}
[1.000518] (car_demo) StdoutLine: {'line': b'-- Up-to-date: /sbel/gazebo-demo/install/car_demo/share/car_demo/models/jersey_barrier/meshes\n'}
[1.000589] (car_demo) StdoutLine: {'line': b'-- Up-to-date: /sbel/gazebo-demo/install/car_demo/share/car_demo/models/jersey_barrier/meshes/jersey_barrier.dae\n'}
[1.000651] (-) TimerEvent: {}
[1.000733] (car_demo) StdoutLine: {'line': b'-- Up-to-date: /sbel/gazebo-demo/install/car_demo/share/car_demo/models/jersey_barrier/materials\n'}
[1.000805] (car_demo) StdoutLine: {'line': b'-- Up-to-date: /sbel/gazebo-demo/install/car_demo/share/car_demo/models/jersey_barrier/materials/textures\n'}
[1.000876] (car_demo) StdoutLine: {'line': b'-- Up-to-date: /sbel/gazebo-demo/install/car_demo/share/car_demo/models/jersey_barrier/materials/textures/jersey_barrier_spec.png\n'}
[1.000942] (car_demo) StdoutLine: {'line': b'-- Up-to-date: /sbel/gazebo-demo/install/car_demo/share/car_demo/models/jersey_barrier/materials/textures/jersey_barrier_diffuse.png\n'}
[1.001005] (car_demo) StdoutLine: {'line': b'-- Up-to-date: /sbel/gazebo-demo/install/car_demo/share/car_demo/models/jersey_barrier/materials/textures/jersey_barrier.png\n'}
[1.001065] (car_demo) StdoutLine: {'line': b'-- Up-to-date: /sbel/gazebo-demo/install/car_demo/share/car_demo/models/jersey_barrier/model.config\n'}
[1.001126] (car_demo) StdoutLine: {'line': b'-- Up-to-date: /sbel/gazebo-demo/install/car_demo/share/car_demo/models/jersey_barrier/model.sdf\n'}
[1.001188] (car_demo) StdoutLine: {'line': b'-- Up-to-date: /sbel/gazebo-demo/install/car_demo/share/car_demo/models/powerplant\n'}
[1.001252] (car_demo) StdoutLine: {'line': b'-- Up-to-date: /sbel/gazebo-demo/install/car_demo/share/car_demo/models/powerplant/model-1_2.sdf\n'}
[1.001464] (car_demo) StdoutLine: {'line': b'-- Up-to-date: /sbel/gazebo-demo/install/car_demo/share/car_demo/models/powerplant/model-1_4.sdf\n'}
[1.001606] (car_demo) StdoutLine: {'line': b'-- Up-to-date: /sbel/gazebo-demo/install/car_demo/share/car_demo/models/powerplant/meshes\n'}
[1.002047] (car_demo) StdoutLine: {'line': b'-- Up-to-date: /sbel/gazebo-demo/install/car_demo/share/car_demo/models/powerplant/meshes/powerplant.dae\n'}
[1.002215] (car_demo) StdoutLine: {'line': b'-- Up-to-date: /sbel/gazebo-demo/install/car_demo/share/car_demo/models/powerplant/model-1_3.sdf\n'}
[1.002372] (car_demo) StdoutLine: {'line': b'-- Up-to-date: /sbel/gazebo-demo/install/car_demo/share/car_demo/models/powerplant/materials\n'}
[1.002538] (car_demo) StdoutLine: {'line': b'-- Up-to-date: /sbel/gazebo-demo/install/car_demo/share/car_demo/models/powerplant/materials/textures\n'}
[1.002667] (car_demo) StdoutLine: {'line': b'-- Up-to-date: /sbel/gazebo-demo/install/car_demo/share/car_demo/models/powerplant/materials/textures/__auto_8.png\n'}
[1.002809] (car_demo) StdoutLine: {'line': b'-- Up-to-date: /sbel/gazebo-demo/install/car_demo/share/car_demo/models/powerplant/materials/textures/__auto_37.png\n'}
[1.003023] (car_demo) StdoutLine: {'line': b'-- Up-to-date: /sbel/gazebo-demo/install/car_demo/share/car_demo/models/powerplant/materials/textures/__auto_1.png\n'}
[1.003147] (car_demo) StdoutLine: {'line': b'-- Up-to-date: /sbel/gazebo-demo/install/car_demo/share/car_demo/models/powerplant/materials/textures/__auto_36.png\n'}
[1.003302] (car_demo) StdoutLine: {'line': b'-- Up-to-date: /sbel/gazebo-demo/install/car_demo/share/car_demo/models/powerplant/materials/textures/__auto_23.png\n'}
[1.003471] (car_demo) StdoutLine: {'line': b'-- Up-to-date: /sbel/gazebo-demo/install/car_demo/share/car_demo/models/powerplant/materials/textures/__auto_25.png\n'}
[1.003619] (car_demo) StdoutLine: {'line': b'-- Up-to-date: /sbel/gazebo-demo/install/car_demo/share/car_demo/models/powerplant/materials/textures/__auto_27.png\n'}
[1.003769] (car_demo) StdoutLine: {'line': b'-- Up-to-date: /sbel/gazebo-demo/install/car_demo/share/car_demo/models/powerplant/materials/textures/__auto_6.png\n'}
[1.003905] (car_demo) StdoutLine: {'line': b'-- Up-to-date: /sbel/gazebo-demo/install/car_demo/share/car_demo/models/powerplant/materials/textures/__auto_13.png\n'}
[1.004032] (car_demo) StdoutLine: {'line': b'-- Up-to-date: /sbel/gazebo-demo/install/car_demo/share/car_demo/models/powerplant/materials/textures/__auto_2.png\n'}
[1.004148] (car_demo) StdoutLine: {'line': b'-- Up-to-date: /sbel/gazebo-demo/install/car_demo/share/car_demo/models/powerplant/materials/textures/__auto_21.png\n'}
[1.004297] (car_demo) StdoutLine: {'line': b'-- Up-to-date: /sbel/gazebo-demo/install/car_demo/share/car_demo/models/powerplant/materials/textures/__auto_34.png\n'}
[1.004416] (car_demo) StdoutLine: {'line': b'-- Up-to-date: /sbel/gazebo-demo/install/car_demo/share/car_demo/models/powerplant/materials/textures/__auto_33.png\n'}
[1.004532] (car_demo) StdoutLine: {'line': b'-- Up-to-date: /sbel/gazebo-demo/install/car_demo/share/car_demo/models/powerplant/materials/textures/__auto_7.png\n'}
[1.004664] (car_demo) StdoutLine: {'line': b'-- Up-to-date: /sbel/gazebo-demo/install/car_demo/share/car_demo/models/powerplant/materials/textures/__auto_32.png\n'}
[1.004811] (car_demo) StdoutLine: {'line': b'-- Up-to-date: /sbel/gazebo-demo/install/car_demo/share/car_demo/models/powerplant/materials/textures/__auto_19.png\n'}
[1.004930] (car_demo) StdoutLine: {'line': b'-- Up-to-date: /sbel/gazebo-demo/install/car_demo/share/car_demo/models/powerplant/materials/textures/__auto_20.png\n'}
[1.005060] (car_demo) StdoutLine: {'line': b'-- Up-to-date: /sbel/gazebo-demo/install/car_demo/share/car_demo/models/powerplant/materials/textures/__auto_11.png\n'}
[1.005176] (car_demo) StdoutLine: {'line': b'-- Up-to-date: /sbel/gazebo-demo/install/car_demo/share/car_demo/models/powerplant/materials/textures/__auto_38.png\n'}
[1.005321] (car_demo) StdoutLine: {'line': b'-- Up-to-date: /sbel/gazebo-demo/install/car_demo/share/car_demo/models/powerplant/materials/textures/__auto_17.png\n'}
[1.005476] (car_demo) StdoutLine: {'line': b'-- Up-to-date: /sbel/gazebo-demo/install/car_demo/share/car_demo/models/powerplant/materials/textures/__auto_3.png\n'}
[1.005617] (car_demo) StdoutLine: {'line': b'-- Up-to-date: /sbel/gazebo-demo/install/car_demo/share/car_demo/models/powerplant/materials/textures/__auto_35.png\n'}
[1.005752] (car_demo) StdoutLine: {'line': b'-- Up-to-date: /sbel/gazebo-demo/install/car_demo/share/car_demo/models/powerplant/materials/textures/__auto_10.png\n'}
[1.005887] (car_demo) StdoutLine: {'line': b'-- Up-to-date: /sbel/gazebo-demo/install/car_demo/share/car_demo/models/powerplant/materials/textures/__auto_12.png\n'}
[1.006010] (car_demo) StdoutLine: {'line': b'-- Up-to-date: /sbel/gazebo-demo/install/car_demo/share/car_demo/models/powerplant/materials/textures/__auto_26.png\n'}
[1.006174] (car_demo) StdoutLine: {'line': b'-- Up-to-date: /sbel/gazebo-demo/install/car_demo/share/car_demo/models/powerplant/materials/textures/__auto_9.png\n'}
[1.006310] (car_demo) StdoutLine: {'line': b'-- Up-to-date: /sbel/gazebo-demo/install/car_demo/share/car_demo/models/powerplant/materials/textures/__auto_.png\n'}
[1.006469] (car_demo) StdoutLine: {'line': b'-- Up-to-date: /sbel/gazebo-demo/install/car_demo/share/car_demo/models/powerplant/materials/textures/__auto_22.png\n'}
[1.006630] (car_demo) StdoutLine: {'line': b'-- Up-to-date: /sbel/gazebo-demo/install/car_demo/share/car_demo/models/powerplant/model.config\n'}
[1.006747] (car_demo) StdoutLine: {'line': b'-- Up-to-date: /sbel/gazebo-demo/install/car_demo/share/car_demo/models/powerplant/model.sdf\n'}
[1.006884] (car_demo) StdoutLine: {'line': b'-- Up-to-date: /sbel/gazebo-demo/install/car_demo/share/car_demo/models/cloverleaf_interchange\n'}
[1.007019] (car_demo) StdoutLine: {'line': b'-- Up-to-date: /sbel/gazebo-demo/install/car_demo/share/car_demo/models/cloverleaf_interchange/meshes\n'}
[1.007129] (car_demo) StdoutLine: {'line': b'-- Up-to-date: /sbel/gazebo-demo/install/car_demo/share/car_demo/models/cloverleaf_interchange/meshes/cloverleaf.obj\n'}
[1.007252] (car_demo) StdoutLine: {'line': b'-- Up-to-date: /sbel/gazebo-demo/install/car_demo/share/car_demo/models/cloverleaf_interchange/meshes/cloverleaf.mtl\n'}
[1.007383] (car_demo) StdoutLine: {'line': b'-- Up-to-date: /sbel/gazebo-demo/install/car_demo/share/car_demo/models/cloverleaf_interchange/materials\n'}
[1.007512] (car_demo) StdoutLine: {'line': b'-- Up-to-date: /sbel/gazebo-demo/install/car_demo/share/car_demo/models/cloverleaf_interchange/materials/textures\n'}
[1.007635] (car_demo) StdoutLine: {'line': b'-- Up-to-date: /sbel/gazebo-demo/install/car_demo/share/car_demo/models/cloverleaf_interchange/materials/textures/arrow.png\n'}
[1.007753] (car_demo) StdoutLine: {'line': b'-- Up-to-date: /sbel/gazebo-demo/install/car_demo/share/car_demo/models/cloverleaf_interchange/materials/textures/grass.png\n'}
[1.007887] (car_demo) StdoutLine: {'line': b'-- Up-to-date: /sbel/gazebo-demo/install/car_demo/share/car_demo/models/cloverleaf_interchange/materials/textures/cross.png\n'}
[1.008005] (car_demo) StdoutLine: {'line': b'-- Up-to-date: /sbel/gazebo-demo/install/car_demo/share/car_demo/models/cloverleaf_interchange/materials/textures/road.png\n'}
[1.008187] (car_demo) StdoutLine: {'line': b'-- Up-to-date: /sbel/gazebo-demo/install/car_demo/share/car_demo/models/cloverleaf_interchange/materials/textures/concrete.png\n'}
[1.008313] (car_demo) StdoutLine: {'line': b'-- Up-to-date: /sbel/gazebo-demo/install/car_demo/share/car_demo/models/cloverleaf_interchange/model.config\n'}
[1.008461] (car_demo) StdoutLine: {'line': b'-- Up-to-date: /sbel/gazebo-demo/install/car_demo/share/car_demo/models/cloverleaf_interchange/model.sdf\n'}
[1.008629] (car_demo) StdoutLine: {'line': b'-- Up-to-date: /sbel/gazebo-demo/install/car_demo/share/car_demo/models/gas_station\n'}
[1.008775] (car_demo) StdoutLine: {'line': b'-- Up-to-date: /sbel/gazebo-demo/install/car_demo/share/car_demo/models/gas_station/model-1_4.sdf\n'}
[1.008910] (car_demo) StdoutLine: {'line': b'-- Up-to-date: /sbel/gazebo-demo/install/car_demo/share/car_demo/models/gas_station/meshes\n'}
[1.009027] (car_demo) StdoutLine: {'line': b'-- Up-to-date: /sbel/gazebo-demo/install/car_demo/share/car_demo/models/gas_station/meshes/gas_station.dae\n'}
[1.009161] (car_demo) StdoutLine: {'line': b'-- Up-to-date: /sbel/gazebo-demo/install/car_demo/share/car_demo/models/gas_station/model-1_3.sdf\n'}
[1.009292] (car_demo) StdoutLine: {'line': b'-- Up-to-date: /sbel/gazebo-demo/install/car_demo/share/car_demo/models/gas_station/materials\n'}
[1.009433] (car_demo) StdoutLine: {'line': b'-- Up-to-date: /sbel/gazebo-demo/install/car_demo/share/car_demo/models/gas_station/materials/scripts\n'}
[1.009564] (car_demo) StdoutLine: {'line': b'-- Up-to-date: /sbel/gazebo-demo/install/car_demo/share/car_demo/models/gas_station/materials/scripts/gas_station.material\n'}
[1.009743] (car_demo) StdoutLine: {'line': b'-- Up-to-date: /sbel/gazebo-demo/install/car_demo/share/car_demo/models/gas_station/materials/textures\n'}
[1.009891] (car_demo) StdoutLine: {'line': b'-- Up-to-date: /sbel/gazebo-demo/install/car_demo/share/car_demo/models/gas_station/materials/textures/GasStation_Normal.png\n'}
[1.010042] (car_demo) StdoutLine: {'line': b'-- Up-to-date: /sbel/gazebo-demo/install/car_demo/share/car_demo/models/gas_station/materials/textures/GasStation_Spec.png\n'}
[1.010216] (car_demo) StdoutLine: {'line': b'-- Up-to-date: /sbel/gazebo-demo/install/car_demo/share/car_demo/models/gas_station/materials/textures/GasStation_Diffuse.png\n'}
[1.010336] (car_demo) StdoutLine: {'line': b'-- Up-to-date: /sbel/gazebo-demo/install/car_demo/share/car_demo/models/gas_station/model.config\n'}
[1.010422] (car_demo) StdoutLine: {'line': b'-- Up-to-date: /sbel/gazebo-demo/install/car_demo/share/car_demo/models/gas_station/model.sdf\n'}
[1.010599] (car_demo) StdoutLine: {'line': b'-- Up-to-date: /sbel/gazebo-demo/install/car_demo/share/car_demo/models/dumpster\n'}
[1.010762] (car_demo) StdoutLine: {'line': b'-- Up-to-date: /sbel/gazebo-demo/install/car_demo/share/car_demo/models/dumpster/model-1_4.sdf\n'}
[1.011046] (car_demo) StdoutLine: {'line': b'-- Up-to-date: /sbel/gazebo-demo/install/car_demo/share/car_demo/models/dumpster/meshes\n'}
[1.011197] (car_demo) StdoutLine: {'line': b'-- Up-to-date: /sbel/gazebo-demo/install/car_demo/share/car_demo/models/dumpster/meshes/dumpster.dae\n'}
[1.011318] (car_demo) StdoutLine: {'line': b'-- Up-to-date: /sbel/gazebo-demo/install/car_demo/share/car_demo/models/dumpster/model-1_3.sdf\n'}
[1.011444] (car_demo) StdoutLine: {'line': b'-- Up-to-date: /sbel/gazebo-demo/install/car_demo/share/car_demo/models/dumpster/materials\n'}
[1.011594] (car_demo) StdoutLine: {'line': b'-- Up-to-date: /sbel/gazebo-demo/install/car_demo/share/car_demo/models/dumpster/materials/scripts\n'}
[1.011736] (car_demo) StdoutLine: {'line': b'-- Up-to-date: /sbel/gazebo-demo/install/car_demo/share/car_demo/models/dumpster/materials/scripts/dumpster.material\n'}
[1.011902] (car_demo) StdoutLine: {'line': b'-- Up-to-date: /sbel/gazebo-demo/install/car_demo/share/car_demo/models/dumpster/materials/textures\n'}
[1.012063] (car_demo) StdoutLine: {'line': b'-- Up-to-date: /sbel/gazebo-demo/install/car_demo/share/car_demo/models/dumpster/materials/textures/Dumpster_Spec.png\n'}
[1.012226] (car_demo) StdoutLine: {'line': b'-- Up-to-date: /sbel/gazebo-demo/install/car_demo/share/car_demo/models/dumpster/materials/textures/Dumpster_Diffuse.png\n'}
[1.012331] (car_demo) StdoutLine: {'line': b'-- Up-to-date: /sbel/gazebo-demo/install/car_demo/share/car_demo/models/dumpster/model.config\n'}
[1.012474] (car_demo) StdoutLine: {'line': b'-- Up-to-date: /sbel/gazebo-demo/install/car_demo/share/car_demo/models/dumpster/model.sdf\n'}
[1.012643] (car_demo) StdoutLine: {'line': b'-- Up-to-date: /sbel/gazebo-demo/install/car_demo/share/car_demo/rviz\n'}
[1.012741] (car_demo) StdoutLine: {'line': b'-- Up-to-date: /sbel/gazebo-demo/install/car_demo/share/car_demo/rviz/ros2.rviz\n'}
[1.012863] (car_demo) StdoutLine: {'line': b'-- Up-to-date: /sbel/gazebo-demo/install/car_demo/share/car_demo/worlds\n'}
[1.013000] (car_demo) StdoutLine: {'line': b'-- Up-to-date: /sbel/gazebo-demo/install/car_demo/share/car_demo/worlds/mcity.world\n'}
[1.013204] (car_demo) StdoutLine: {'line': b'-- Up-to-date: /sbel/gazebo-demo/install/car_demo/lib/libPriusHybridPlugin.so\n'}
[1.013396] (car_demo) CommandEnded: {'returncode': 0}
[1.100730] (-) TimerEvent: {}
[1.133035] (car_demo) JobEnded: {'identifier': 'car_demo', 'rc': 0}
[1.133543] (-) EventReactorShutdown: {}
