[0.000000] (-) TimerEvent: {}
[0.000296] (prius_description) JobQueued: {'identifier': 'prius_description', 'dependencies': OrderedDict()}
[0.000383] (prius_msgs) JobQueued: {'identifier': 'prius_msgs', 'dependencies': OrderedDict()}
[0.000427] (car_demo) JobQueued: {'identifier': 'car_demo', 'dependencies': OrderedDict([('prius_description', '/sbel/gazebo-demo/install/prius_description'), ('prius_msgs', '/sbel/gazebo-demo/install/prius_msgs')])}
[0.000459] (prius_description) JobStarted: {'identifier': 'prius_description'}
[0.039845] (prius_msgs) JobStarted: {'identifier': 'prius_msgs'}
[0.079224] (prius_description) JobProgress: {'identifier': 'prius_description', 'progress': 'cmake'}
[0.079585] (prius_description) JobProgress: {'identifier': 'prius_description', 'progress': 'build'}
[0.079976] (prius_description) Command: {'cmd': ['/usr/bin/cmake', '--build', '/sbel/gazebo-demo/build/prius_description', '--', '-j16', '-l16'], 'cwd': '/sbel/gazebo-demo/build/prius_description', 'env': OrderedDict([('LANGUAGE', 'en_US:en'), ('HOSTNAME', '8badff0a978e'), ('SSH_AGENT_PID', '994'), ('SHLVL', '1'), ('LD_LIBRARY_PATH', '/chrono_ros_interfaces/install/chrono_ros_interfaces/lib:/opt/ros/humble/opt/rviz_ogre_vendor/lib:/opt/ros/humble/lib/x86_64-linux-gnu:/opt/ros/humble/lib'), ('HOME', '/sbel'), ('NO_VNC_PORT', '6901'), ('OLDPWD', '/sbel'), ('STARTUPDIR', '/dockerstartup'), ('ROS_PYTHON_VERSION', '3'), ('VNC_COL_DEPTH', '24'), ('COLCON_PREFIX_PATH', '/chrono_ros_interfaces/install'), ('ROS_DISTRO', 'humble'), ('_', '/usr/bin/colcon'), ('ROS_VERSION', '2'), ('NO_VNC_HOME', '/sbel/noVNC'), ('TERM', 'xterm'), ('ROS_LOCALHOST_ONLY', '0'), ('PATH', '/opt/ros/humble/bin:/usr/local/sbin:/usr/local/bin:/usr/sbin:/usr/bin:/sbin:/bin'), ('DISPLAY', ':1'), ('LANG', 'en_US.UTF-8'), ('SSH_AUTH_SOCK', '/tmp/ssh-XXXXXXIYocdq/agent.993'), ('AMENT_PREFIX_PATH', '/chrono_ros_interfaces/install/chrono_ros_interfaces:/opt/ros/humble'), ('DEBIAN_FRONTEND', 'noninteractive'), ('PWD', '/sbel/gazebo-demo/build/prius_description'), ('VNC_RESOLUTION', '1600x900'), ('LC_ALL', 'en_US.UTF-8'), ('PYTHONPATH', '/chrono_ros_interfaces/install/chrono_ros_interfaces/local/lib/python3.10/dist-packages:/opt/ros/humble/lib/python3.10/site-packages:/opt/ros/humble/local/lib/python3.10/dist-packages'), ('VNC_PW', 'sbel'), ('COLCON', '1'), ('CMAKE_PREFIX_PATH', '/chrono_ros_interfaces/install/chrono_ros_interfaces:/opt/ros/humble'), ('VNC_PORT', '5901')]), 'shell': False}
[0.081990] (prius_msgs) JobProgress: {'identifier': 'prius_msgs', 'progress': 'cmake'}
[0.082352] (prius_msgs) JobProgress: {'identifier': 'prius_msgs', 'progress': 'build'}
[0.082578] (prius_msgs) Command: {'cmd': ['/usr/bin/cmake', '--build', '/sbel/gazebo-demo/build/prius_msgs', '--', '-j16', '-l16'], 'cwd': '/sbel/gazebo-demo/build/prius_msgs', 'env': OrderedDict([('LANGUAGE', 'en_US:en'), ('HOSTNAME', '8badff0a978e'), ('SSH_AGENT_PID', '994'), ('SHLVL', '1'), ('LD_LIBRARY_PATH', '/chrono_ros_interfaces/install/chrono_ros_interfaces/lib:/opt/ros/humble/opt/rviz_ogre_vendor/lib:/opt/ros/humble/lib/x86_64-linux-gnu:/opt/ros/humble/lib'), ('HOME', '/sbel'), ('NO_VNC_PORT', '6901'), ('OLDPWD', '/sbel'), ('STARTUPDIR', '/dockerstartup'), ('ROS_PYTHON_VERSION', '3'), ('VNC_COL_DEPTH', '24'), ('COLCON_PREFIX_PATH', '/chrono_ros_interfaces/install'), ('ROS_DISTRO', 'humble'), ('_', '/usr/bin/colcon'), ('ROS_VERSION', '2'), ('NO_VNC_HOME', '/sbel/noVNC'), ('TERM', 'xterm'), ('ROS_LOCALHOST_ONLY', '0'), ('PATH', '/opt/ros/humble/bin:/usr/local/sbin:/usr/local/bin:/usr/sbin:/usr/bin:/sbin:/bin'), ('DISPLAY', ':1'), ('LANG', 'en_US.UTF-8'), ('SSH_AUTH_SOCK', '/tmp/ssh-XXXXXXIYocdq/agent.993'), ('AMENT_PREFIX_PATH', '/chrono_ros_interfaces/install/chrono_ros_interfaces:/opt/ros/humble'), ('DEBIAN_FRONTEND', 'noninteractive'), ('PWD', '/sbel/gazebo-demo/build/prius_msgs'), ('VNC_RESOLUTION', '1600x900'), ('LC_ALL', 'en_US.UTF-8'), ('PYTHONPATH', '/chrono_ros_interfaces/install/chrono_ros_interfaces/local/lib/python3.10/dist-packages:/opt/ros/humble/lib/python3.10/site-packages:/opt/ros/humble/local/lib/python3.10/dist-packages'), ('VNC_PW', 'sbel'), ('COLCON', '1'), ('CMAKE_PREFIX_PATH', '/chrono_ros_interfaces/install/chrono_ros_interfaces:/opt/ros/humble'), ('VNC_PORT', '5901')]), 'shell': False}
[0.099882] (-) TimerEvent: {}
[0.110394] (prius_description) CommandEnded: {'returncode': 0}
[0.120661] (prius_msgs) StdoutLine: {'line': b'[  3%] Built target prius_msgs__cpp\n'}
[0.121684] (prius_msgs) StdoutLine: {'line': b'[ 12%] Built target prius_msgs__rosidl_generator_c\n'}
[0.127542] (prius_msgs) StdoutLine: {'line': b'[ 12%] Built target ament_cmake_python_symlink_prius_msgs\n'}
[0.129429] (prius_description) JobProgress: {'identifier': 'prius_description', 'progress': 'install'}
[0.138738] (prius_description) Command: {'cmd': ['/usr/bin/cmake', '--install', '/sbel/gazebo-demo/build/prius_description'], 'cwd': '/sbel/gazebo-demo/build/prius_description', 'env': OrderedDict([('LANGUAGE', 'en_US:en'), ('HOSTNAME', '8badff0a978e'), ('SSH_AGENT_PID', '994'), ('SHLVL', '1'), ('LD_LIBRARY_PATH', '/chrono_ros_interfaces/install/chrono_ros_interfaces/lib:/opt/ros/humble/opt/rviz_ogre_vendor/lib:/opt/ros/humble/lib/x86_64-linux-gnu:/opt/ros/humble/lib'), ('HOME', '/sbel'), ('NO_VNC_PORT', '6901'), ('OLDPWD', '/sbel'), ('STARTUPDIR', '/dockerstartup'), ('ROS_PYTHON_VERSION', '3'), ('VNC_COL_DEPTH', '24'), ('COLCON_PREFIX_PATH', '/chrono_ros_interfaces/install'), ('ROS_DISTRO', 'humble'), ('_', '/usr/bin/colcon'), ('ROS_VERSION', '2'), ('NO_VNC_HOME', '/sbel/noVNC'), ('TERM', 'xterm'), ('ROS_LOCALHOST_ONLY', '0'), ('PATH', '/opt/ros/humble/bin:/usr/local/sbin:/usr/local/bin:/usr/sbin:/usr/bin:/sbin:/bin'), ('DISPLAY', ':1'), ('LANG', 'en_US.UTF-8'), ('SSH_AUTH_SOCK', '/tmp/ssh-XXXXXXIYocdq/agent.993'), ('AMENT_PREFIX_PATH', '/chrono_ros_interfaces/install/chrono_ros_interfaces:/opt/ros/humble'), ('DEBIAN_FRONTEND', 'noninteractive'), ('PWD', '/sbel/gazebo-demo/build/prius_description'), ('VNC_RESOLUTION', '1600x900'), ('LC_ALL', 'en_US.UTF-8'), ('PYTHONPATH', '/chrono_ros_interfaces/install/chrono_ros_interfaces/local/lib/python3.10/dist-packages:/opt/ros/humble/lib/python3.10/site-packages:/opt/ros/humble/local/lib/python3.10/dist-packages'), ('VNC_PW', 'sbel'), ('COLCON', '1'), ('CMAKE_PREFIX_PATH', '/chrono_ros_interfaces/install/chrono_ros_interfaces:/opt/ros/humble'), ('VNC_PORT', '5901')]), 'shell': False}
[0.139630] (prius_msgs) StdoutLine: {'line': b'[ 22%] Built target prius_msgs__rosidl_typesupport_c\n'}
[0.139735] (prius_msgs) StdoutLine: {'line': b'[ 32%] Built target prius_msgs__rosidl_typesupport_introspection_cpp\n'}
[0.139813] (prius_msgs) StdoutLine: {'line': b'[ 41%] Built target prius_msgs__rosidl_typesupport_cpp\n'}
[0.139912] (prius_msgs) StdoutLine: {'line': b'[ 51%] Built target prius_msgs__rosidl_typesupport_fastrtps_c\n'}
[0.140824] (prius_msgs) StdoutLine: {'line': b'[ 61%] Built target prius_msgs__rosidl_typesupport_fastrtps_cpp\n'}
[0.141058] (prius_msgs) StdoutLine: {'line': b'[ 70%] Built target prius_msgs__rosidl_typesupport_introspection_c\n'}
[0.144886] (prius_description) StdoutLine: {'line': b'-- Install configuration: ""\n'}
[0.145238] (prius_description) StdoutLine: {'line': b'-- Execute custom install script\n'}
[0.145423] (prius_description) StdoutLine: {'line': b'-- Up-to-date symlink: /sbel/gazebo-demo/install/prius_description/share/prius_description/environment/gazebo_envs.sh\n'}
[0.145737] (prius_description) StdoutLine: {'line': b'-- Up-to-date symlink: /sbel/gazebo-demo/install/prius_description/share/prius_description/meshes/Hybrid.png\n'}
[0.145829] (prius_description) StdoutLine: {'line': b'-- Up-to-date symlink: /sbel/gazebo-demo/install/prius_description/share/prius_description/meshes/Hybrid_Interior.png\n'}
[0.145917] (prius_description) StdoutLine: {'line': b'-- Up-to-date symlink: /sbel/gazebo-demo/install/prius_description/share/prius_description/meshes/Wheels3.png\n'}
[0.146028] (prius_description) StdoutLine: {'line': b'-- Up-to-date symlink: /sbel/gazebo-demo/install/prius_description/share/prius_description/meshes/hybrid_body.mtl\n'}
[0.146142] (prius_description) StdoutLine: {'line': b'-- Up-to-date symlink: /sbel/gazebo-demo/install/prius_description/share/prius_description/meshes/hybrid_body.obj\n'}
[0.146235] (prius_description) StdoutLine: {'line': b'-- Up-to-date symlink: /sbel/gazebo-demo/install/prius_description/share/prius_description/meshes/model.config\n'}
[0.146317] (prius_description) StdoutLine: {'line': b'-- Up-to-date symlink: /sbel/gazebo-demo/install/prius_description/share/prius_description/meshes/steering_wheel.mtl\n'}
[0.146391] (prius_description) StdoutLine: {'line': b'-- Up-to-date symlink: /sbel/gazebo-demo/install/prius_description/share/prius_description/meshes/steering_wheel.obj\n'}
[0.146467] (prius_description) StdoutLine: {'line': b'-- Up-to-date symlink: /sbel/gazebo-demo/install/prius_description/share/prius_description/meshes/wheel.mtl\n'}
[0.146537] (prius_description) StdoutLine: {'line': b'-- Up-to-date symlink: /sbel/gazebo-demo/install/prius_description/share/prius_description/meshes/wheel.obj\n'}
[0.146712] (prius_description) StdoutLine: {'line': b'-- Up-to-date symlink: /sbel/gazebo-demo/install/prius_description/share/prius_description/urdf/prius.urdf\n'}
[0.146828] (prius_description) StdoutLine: {'line': b'-- Up-to-date symlink: /sbel/gazebo-demo/install/prius_description/share/prius_description/model.config\n'}
[0.146975] (prius_description) StdoutLine: {'line': b'-- Up-to-date symlink: /sbel/gazebo-demo/install/prius_description/share/ament_index/resource_index/package_run_dependencies/prius_description\n'}
[0.147115] (prius_description) StdoutLine: {'line': b'-- Up-to-date symlink: /sbel/gazebo-demo/install/prius_description/share/ament_index/resource_index/parent_prefix_path/prius_description\n'}
[0.147254] (prius_description) StdoutLine: {'line': b'-- Up-to-date symlink: /sbel/gazebo-demo/install/prius_description/share/prius_description/environment/ament_prefix_path.sh\n'}
[0.147372] (prius_description) StdoutLine: {'line': b'-- Up-to-date symlink: /sbel/gazebo-demo/install/prius_description/share/prius_description/environment/ament_prefix_path.dsv\n'}
[0.147499] (prius_description) StdoutLine: {'line': b'-- Up-to-date symlink: /sbel/gazebo-demo/install/prius_description/share/prius_description/environment/path.sh\n'}
[0.147616] (prius_description) StdoutLine: {'line': b'-- Up-to-date symlink: /sbel/gazebo-demo/install/prius_description/share/prius_description/environment/path.dsv\n'}
[0.147731] (prius_description) StdoutLine: {'line': b'-- Up-to-date symlink: /sbel/gazebo-demo/install/prius_description/share/prius_description/local_setup.bash\n'}
[0.147844] (prius_description) StdoutLine: {'line': b'-- Up-to-date symlink: /sbel/gazebo-demo/install/prius_description/share/prius_description/local_setup.sh\n'}
[0.147957] (prius_description) StdoutLine: {'line': b'-- Up-to-date symlink: /sbel/gazebo-demo/install/prius_description/share/prius_description/local_setup.zsh\n'}
[0.148068] (prius_description) StdoutLine: {'line': b'-- Up-to-date symlink: /sbel/gazebo-demo/install/prius_description/share/prius_description/local_setup.dsv\n'}
[0.148147] (prius_description) StdoutLine: {'line': b'-- Symlinking: /sbel/gazebo-demo/install/prius_description/share/prius_description/package.dsv\n'}
[0.155234] (prius_description) StdoutLine: {'line': b'-- Up-to-date symlink: /sbel/gazebo-demo/install/prius_description/share/ament_index/resource_index/packages/prius_description\n'}
[0.155383] (prius_description) StdoutLine: {'line': b'-- Up-to-date symlink: /sbel/gazebo-demo/install/prius_description/share/prius_description/cmake/prius_descriptionConfig.cmake\n'}
[0.155493] (prius_description) StdoutLine: {'line': b'-- Up-to-date symlink: /sbel/gazebo-demo/install/prius_description/share/prius_description/cmake/prius_descriptionConfig-version.cmake\n'}
[0.155618] (prius_description) StdoutLine: {'line': b'-- Up-to-date symlink: /sbel/gazebo-demo/install/prius_description/share/prius_description/package.xml\n'}
[0.156997] (prius_description) CommandEnded: {'returncode': 0}
[0.157295] (prius_msgs) StdoutLine: {'line': b'[ 70%] Built target prius_msgs\n'}
[0.173506] (prius_msgs) StdoutLine: {'line': b'[ 74%] Built target prius_msgs__py\n'}
[0.191992] (prius_msgs) StdoutLine: {'line': b'[ 80%] Built target prius_msgs__rosidl_generator_py\n'}
[0.199951] (-) TimerEvent: {}
[0.209364] (prius_msgs) StdoutLine: {'line': b'[ 87%] Built target prius_msgs__rosidl_typesupport_c__pyext\n'}
[0.209786] (prius_msgs) StdoutLine: {'line': b'[100%] Built target prius_msgs__rosidl_typesupport_fastrtps_c__pyext\n'}
[0.209875] (prius_msgs) StdoutLine: {'line': b'[100%] Built target prius_msgs__rosidl_typesupport_introspection_c__pyext\n'}
[0.252624] (prius_description) JobEnded: {'identifier': 'prius_description', 'rc': 0}
[0.295816] (prius_msgs) StdoutLine: {'line': b'running egg_info\n'}
[0.296211] (prius_msgs) StdoutLine: {'line': b'writing prius_msgs.egg-info/PKG-INFO\n'}
[0.296364] (prius_msgs) StdoutLine: {'line': b'writing dependency_links to prius_msgs.egg-info/dependency_links.txt\n'}
[0.296495] (prius_msgs) StdoutLine: {'line': b'writing top-level names to prius_msgs.egg-info/top_level.txt\n'}
[0.297953] (prius_msgs) StdoutLine: {'line': b"reading manifest file 'prius_msgs.egg-info/SOURCES.txt'\n"}
[0.298371] (prius_msgs) StdoutLine: {'line': b"writing manifest file 'prius_msgs.egg-info/SOURCES.txt'\n"}
[0.300007] (-) TimerEvent: {}
[0.317400] (prius_msgs) StdoutLine: {'line': b'[100%] Built target ament_cmake_python_build_prius_msgs_egg\n'}
[0.327252] (prius_msgs) CommandEnded: {'returncode': 0}
[0.377189] (prius_msgs) JobProgress: {'identifier': 'prius_msgs', 'progress': 'install'}
[0.377530] (prius_msgs) Command: {'cmd': ['/usr/bin/cmake', '--install', '/sbel/gazebo-demo/build/prius_msgs'], 'cwd': '/sbel/gazebo-demo/build/prius_msgs', 'env': OrderedDict([('LANGUAGE', 'en_US:en'), ('HOSTNAME', '8badff0a978e'), ('SSH_AGENT_PID', '994'), ('SHLVL', '1'), ('LD_LIBRARY_PATH', '/chrono_ros_interfaces/install/chrono_ros_interfaces/lib:/opt/ros/humble/opt/rviz_ogre_vendor/lib:/opt/ros/humble/lib/x86_64-linux-gnu:/opt/ros/humble/lib'), ('HOME', '/sbel'), ('NO_VNC_PORT', '6901'), ('OLDPWD', '/sbel'), ('STARTUPDIR', '/dockerstartup'), ('ROS_PYTHON_VERSION', '3'), ('VNC_COL_DEPTH', '24'), ('COLCON_PREFIX_PATH', '/chrono_ros_interfaces/install'), ('ROS_DISTRO', 'humble'), ('_', '/usr/bin/colcon'), ('ROS_VERSION', '2'), ('NO_VNC_HOME', '/sbel/noVNC'), ('TERM', 'xterm'), ('ROS_LOCALHOST_ONLY', '0'), ('PATH', '/opt/ros/humble/bin:/usr/local/sbin:/usr/local/bin:/usr/sbin:/usr/bin:/sbin:/bin'), ('DISPLAY', ':1'), ('LANG', 'en_US.UTF-8'), ('SSH_AUTH_SOCK', '/tmp/ssh-XXXXXXIYocdq/agent.993'), ('AMENT_PREFIX_PATH', '/chrono_ros_interfaces/install/chrono_ros_interfaces:/opt/ros/humble'), ('DEBIAN_FRONTEND', 'noninteractive'), ('PWD', '/sbel/gazebo-demo/build/prius_msgs'), ('VNC_RESOLUTION', '1600x900'), ('LC_ALL', 'en_US.UTF-8'), ('PYTHONPATH', '/chrono_ros_interfaces/install/chrono_ros_interfaces/local/lib/python3.10/dist-packages:/opt/ros/humble/lib/python3.10/site-packages:/opt/ros/humble/local/lib/python3.10/dist-packages'), ('VNC_PW', 'sbel'), ('COLCON', '1'), ('CMAKE_PREFIX_PATH', '/chrono_ros_interfaces/install/chrono_ros_interfaces:/opt/ros/humble'), ('VNC_PORT', '5901')]), 'shell': False}
[0.383882] (prius_msgs) StdoutLine: {'line': b'-- Install configuration: ""\n'}
[0.384284] (prius_msgs) StdoutLine: {'line': b'-- Execute custom install script\n'}
[0.384474] (prius_msgs) StdoutLine: {'line': b'-- Up-to-date symlink: /sbel/gazebo-demo/install/prius_msgs/share/ament_index/resource_index/rosidl_interfaces/prius_msgs\n'}
[0.384841] (prius_msgs) StdoutLine: {'line': b'-- Up-to-date symlink: /sbel/gazebo-demo/install/prius_msgs/include/prius_msgs/prius_msgs/msg/control.h\n'}
[0.384958] (prius_msgs) StdoutLine: {'line': b'-- Up-to-date symlink: /sbel/gazebo-demo/install/prius_msgs/include/prius_msgs/prius_msgs/msg/detail/control__functions.h\n'}
[0.385060] (prius_msgs) StdoutLine: {'line': b'-- Up-to-date symlink: /sbel/gazebo-demo/install/prius_msgs/include/prius_msgs/prius_msgs/msg/detail/control__struct.h\n'}
[0.385163] (prius_msgs) StdoutLine: {'line': b'-- Up-to-date symlink: /sbel/gazebo-demo/install/prius_msgs/include/prius_msgs/prius_msgs/msg/detail/control__type_support.h\n'}
[0.385260] (prius_msgs) StdoutLine: {'line': b'-- Up-to-date symlink: /sbel/gazebo-demo/install/prius_msgs/include/prius_msgs/prius_msgs/msg/rosidl_generator_c__visibility_control.h\n'}
[0.385402] (prius_msgs) StdoutLine: {'line': b'-- Up-to-date symlink: /sbel/gazebo-demo/install/prius_msgs/share/prius_msgs/environment/library_path.sh\n'}
[0.385519] (prius_msgs) StdoutLine: {'line': b'-- Up-to-date symlink: /sbel/gazebo-demo/install/prius_msgs/share/prius_msgs/environment/library_path.dsv\n'}
[0.385878] (prius_msgs) StdoutLine: {'line': b'-- Up-to-date symlink: /sbel/gazebo-demo/install/prius_msgs/include/prius_msgs/prius_msgs/msg/detail/control__rosidl_typesupport_fastrtps_c.h\n'}
[0.385985] (prius_msgs) StdoutLine: {'line': b'-- Up-to-date symlink: /sbel/gazebo-demo/install/prius_msgs/include/prius_msgs/prius_msgs/msg/rosidl_typesupport_fastrtps_c__visibility_control.h\n'}
[0.386250] (prius_msgs) StdoutLine: {'line': b'-- Up-to-date symlink: /sbel/gazebo-demo/install/prius_msgs/include/prius_msgs/prius_msgs/msg/control.hpp\n'}
[0.386352] (prius_msgs) StdoutLine: {'line': b'-- Up-to-date symlink: /sbel/gazebo-demo/install/prius_msgs/include/prius_msgs/prius_msgs/msg/detail/control__builder.hpp\n'}
[0.386455] (prius_msgs) StdoutLine: {'line': b'-- Up-to-date symlink: /sbel/gazebo-demo/install/prius_msgs/include/prius_msgs/prius_msgs/msg/detail/control__struct.hpp\n'}
[0.386555] (prius_msgs) StdoutLine: {'line': b'-- Up-to-date symlink: /sbel/gazebo-demo/install/prius_msgs/include/prius_msgs/prius_msgs/msg/detail/control__traits.hpp\n'}
[0.386942] (prius_msgs) StdoutLine: {'line': b'-- Up-to-date symlink: /sbel/gazebo-demo/install/prius_msgs/include/prius_msgs/prius_msgs/msg/detail/control__rosidl_typesupport_fastrtps_cpp.hpp\n'}
[0.387042] (prius_msgs) StdoutLine: {'line': b'-- Up-to-date symlink: /sbel/gazebo-demo/install/prius_msgs/include/prius_msgs/prius_msgs/msg/rosidl_typesupport_fastrtps_cpp__visibility_control.h\n'}
[0.387304] (prius_msgs) StdoutLine: {'line': b'-- Up-to-date symlink: /sbel/gazebo-demo/install/prius_msgs/include/prius_msgs/prius_msgs/msg/detail/control__rosidl_typesupport_introspection_c.h\n'}
[0.387403] (prius_msgs) StdoutLine: {'line': b'-- Up-to-date symlink: /sbel/gazebo-demo/install/prius_msgs/include/prius_msgs/prius_msgs/msg/rosidl_typesupport_introspection_c__visibility_control.h\n'}
[0.387650] (prius_msgs) StdoutLine: {'line': b'-- Up-to-date symlink: /sbel/gazebo-demo/install/prius_msgs/include/prius_msgs/prius_msgs/msg/detail/control__rosidl_typesupport_introspection_cpp.hpp\n'}
[0.387766] (prius_msgs) StdoutLine: {'line': b'-- Up-to-date symlink: /sbel/gazebo-demo/install/prius_msgs/share/prius_msgs/environment/pythonpath.sh\n'}
[0.387880] (prius_msgs) StdoutLine: {'line': b'-- Up-to-date symlink: /sbel/gazebo-demo/install/prius_msgs/share/prius_msgs/environment/pythonpath.dsv\n'}
[0.388111] (prius_msgs) StdoutLine: {'line': b'-- Up-to-date symlink: /sbel/gazebo-demo/install/prius_msgs/local/lib/python3.10/dist-packages/prius_msgs-0.0.1-py3.10.egg-info/PKG-INFO\n'}
[0.388212] (prius_msgs) StdoutLine: {'line': b'-- Up-to-date symlink: /sbel/gazebo-demo/install/prius_msgs/local/lib/python3.10/dist-packages/prius_msgs-0.0.1-py3.10.egg-info/SOURCES.txt\n'}
[0.388313] (prius_msgs) StdoutLine: {'line': b'-- Up-to-date symlink: /sbel/gazebo-demo/install/prius_msgs/local/lib/python3.10/dist-packages/prius_msgs-0.0.1-py3.10.egg-info/dependency_links.txt\n'}
[0.388413] (prius_msgs) StdoutLine: {'line': b'-- Up-to-date symlink: /sbel/gazebo-demo/install/prius_msgs/local/lib/python3.10/dist-packages/prius_msgs-0.0.1-py3.10.egg-info/top_level.txt\n'}
[0.388980] (prius_msgs) StdoutLine: {'line': b'-- Up-to-date symlink: /sbel/gazebo-demo/install/prius_msgs/local/lib/python3.10/dist-packages/prius_msgs/__init__.py\n'}
[0.389076] (prius_msgs) StdoutLine: {'line': b'-- Up-to-date symlink: /sbel/gazebo-demo/install/prius_msgs/local/lib/python3.10/dist-packages/prius_msgs/_prius_msgs_s.ep.rosidl_typesupport_c.c\n'}
[0.389173] (prius_msgs) StdoutLine: {'line': b'-- Up-to-date symlink: /sbel/gazebo-demo/install/prius_msgs/local/lib/python3.10/dist-packages/prius_msgs/_prius_msgs_s.ep.rosidl_typesupport_fastrtps_c.c\n'}
[0.389269] (prius_msgs) StdoutLine: {'line': b'-- Up-to-date symlink: /sbel/gazebo-demo/install/prius_msgs/local/lib/python3.10/dist-packages/prius_msgs/_prius_msgs_s.ep.rosidl_typesupport_introspection_c.c\n'}
[0.389363] (prius_msgs) StdoutLine: {'line': b'-- Up-to-date symlink: /sbel/gazebo-demo/install/prius_msgs/local/lib/python3.10/dist-packages/prius_msgs/libprius_msgs__rosidl_generator_py.so\n'}
[0.389464] (prius_msgs) StdoutLine: {'line': b'-- Up-to-date symlink: /sbel/gazebo-demo/install/prius_msgs/local/lib/python3.10/dist-packages/prius_msgs/msg/__init__.py\n'}
[0.389563] (prius_msgs) StdoutLine: {'line': b'-- Up-to-date symlink: /sbel/gazebo-demo/install/prius_msgs/local/lib/python3.10/dist-packages/prius_msgs/msg/_control.py\n'}
[0.389662] (prius_msgs) StdoutLine: {'line': b'-- Up-to-date symlink: /sbel/gazebo-demo/install/prius_msgs/local/lib/python3.10/dist-packages/prius_msgs/msg/_control_s.c\n'}
[0.389758] (prius_msgs) StdoutLine: {'line': b'-- Up-to-date symlink: /sbel/gazebo-demo/install/prius_msgs/local/lib/python3.10/dist-packages/prius_msgs/prius_msgs_s__rosidl_typesupport_c.cpython-310-x86_64-linux-gnu.so\n'}
[0.389853] (prius_msgs) StdoutLine: {'line': b'-- Up-to-date symlink: /sbel/gazebo-demo/install/prius_msgs/local/lib/python3.10/dist-packages/prius_msgs/prius_msgs_s__rosidl_typesupport_fastrtps_c.cpython-310-x86_64-linux-gnu.so\n'}
[0.389950] (prius_msgs) StdoutLine: {'line': b'-- Up-to-date symlink: /sbel/gazebo-demo/install/prius_msgs/local/lib/python3.10/dist-packages/prius_msgs/prius_msgs_s__rosidl_typesupport_introspection_c.cpython-310-x86_64-linux-gnu.so\n'}
[0.390151] (prius_msgs) StdoutLine: {'line': b'-- Up-to-date symlink: /sbel/gazebo-demo/install/prius_msgs/local/lib/python3.10/dist-packages/prius_msgs/prius_msgs_s__rosidl_typesupport_fastrtps_c.cpython-310-x86_64-linux-gnu.so\n'}
[0.390334] (prius_msgs) StdoutLine: {'line': b'-- Up-to-date symlink: /sbel/gazebo-demo/install/prius_msgs/local/lib/python3.10/dist-packages/prius_msgs/prius_msgs_s__rosidl_typesupport_introspection_c.cpython-310-x86_64-linux-gnu.so\n'}
[0.390517] (prius_msgs) StdoutLine: {'line': b'-- Up-to-date symlink: /sbel/gazebo-demo/install/prius_msgs/local/lib/python3.10/dist-packages/prius_msgs/prius_msgs_s__rosidl_typesupport_c.cpython-310-x86_64-linux-gnu.so\n'}
[0.390649] (prius_msgs) StdoutLine: {'line': b'-- Up-to-date symlink: /sbel/gazebo-demo/install/prius_msgs/share/prius_msgs/msg/Control.idl\n'}
[0.390763] (prius_msgs) StdoutLine: {'line': b'-- Up-to-date symlink: /sbel/gazebo-demo/install/prius_msgs/share/prius_msgs/msg/Control.msg\n'}
[0.390896] (prius_msgs) StdoutLine: {'line': b'-- Up-to-date symlink: /sbel/gazebo-demo/install/prius_msgs/share/ament_index/resource_index/package_run_dependencies/prius_msgs\n'}
[0.391028] (prius_msgs) StdoutLine: {'line': b'-- Up-to-date symlink: /sbel/gazebo-demo/install/prius_msgs/share/ament_index/resource_index/parent_prefix_path/prius_msgs\n'}
[0.391157] (prius_msgs) StdoutLine: {'line': b'-- Up-to-date symlink: /sbel/gazebo-demo/install/prius_msgs/share/prius_msgs/environment/ament_prefix_path.sh\n'}
[0.391269] (prius_msgs) StdoutLine: {'line': b'-- Up-to-date symlink: /sbel/gazebo-demo/install/prius_msgs/share/prius_msgs/environment/ament_prefix_path.dsv\n'}
[0.391391] (prius_msgs) StdoutLine: {'line': b'-- Up-to-date symlink: /sbel/gazebo-demo/install/prius_msgs/share/prius_msgs/environment/path.sh\n'}
[0.391501] (prius_msgs) StdoutLine: {'line': b'-- Up-to-date symlink: /sbel/gazebo-demo/install/prius_msgs/share/prius_msgs/environment/path.dsv\n'}
[0.391609] (prius_msgs) StdoutLine: {'line': b'-- Up-to-date symlink: /sbel/gazebo-demo/install/prius_msgs/share/prius_msgs/local_setup.bash\n'}
[0.391716] (prius_msgs) StdoutLine: {'line': b'-- Up-to-date symlink: /sbel/gazebo-demo/install/prius_msgs/share/prius_msgs/local_setup.sh\n'}
[0.391825] (prius_msgs) StdoutLine: {'line': b'-- Up-to-date symlink: /sbel/gazebo-demo/install/prius_msgs/share/prius_msgs/local_setup.zsh\n'}
[0.391931] (prius_msgs) StdoutLine: {'line': b'-- Up-to-date symlink: /sbel/gazebo-demo/install/prius_msgs/share/prius_msgs/local_setup.dsv\n'}
[0.392006] (prius_msgs) StdoutLine: {'line': b'-- Symlinking: /sbel/gazebo-demo/install/prius_msgs/share/prius_msgs/package.dsv\n'}
[0.398909] (prius_msgs) StdoutLine: {'line': b'-- Up-to-date symlink: /sbel/gazebo-demo/install/prius_msgs/share/ament_index/resource_index/packages/prius_msgs\n'}
[0.399060] (prius_msgs) StdoutLine: {'line': b'-- Up-to-date symlink: /sbel/gazebo-demo/install/prius_msgs/share/prius_msgs/cmake/rosidl_cmake-extras.cmake\n'}
[0.399206] (prius_msgs) StdoutLine: {'line': b'-- Up-to-date symlink: /sbel/gazebo-demo/install/prius_msgs/share/prius_msgs/cmake/ament_cmake_export_dependencies-extras.cmake\n'}
[0.399353] (prius_msgs) StdoutLine: {'line': b'-- Up-to-date symlink: /sbel/gazebo-demo/install/prius_msgs/share/prius_msgs/cmake/ament_cmake_export_include_directories-extras.cmake\n'}
[0.399499] (prius_msgs) StdoutLine: {'line': b'-- Up-to-date symlink: /sbel/gazebo-demo/install/prius_msgs/share/prius_msgs/cmake/ament_cmake_export_libraries-extras.cmake\n'}
[0.399631] (prius_msgs) StdoutLine: {'line': b'-- Up-to-date symlink: /sbel/gazebo-demo/install/prius_msgs/share/prius_msgs/cmake/ament_cmake_export_targets-extras.cmake\n'}
[0.399746] (prius_msgs) StdoutLine: {'line': b'-- Up-to-date symlink: /sbel/gazebo-demo/install/prius_msgs/share/prius_msgs/cmake/rosidl_cmake_export_typesupport_targets-extras.cmake\n'}
[0.399857] (prius_msgs) StdoutLine: {'line': b'-- Up-to-date symlink: /sbel/gazebo-demo/install/prius_msgs/share/prius_msgs/cmake/rosidl_cmake_export_typesupport_libraries-extras.cmake\n'}
[0.399971] (prius_msgs) StdoutLine: {'line': b'-- Up-to-date symlink: /sbel/gazebo-demo/install/prius_msgs/share/prius_msgs/cmake/prius_msgsConfig.cmake\n'}
[0.400016] (-) TimerEvent: {}
[0.400092] (prius_msgs) StdoutLine: {'line': b'-- Up-to-date symlink: /sbel/gazebo-demo/install/prius_msgs/share/prius_msgs/cmake/prius_msgsConfig-version.cmake\n'}
[0.400169] (prius_msgs) StdoutLine: {'line': b'-- Up-to-date symlink: /sbel/gazebo-demo/install/prius_msgs/share/prius_msgs/package.xml\n'}
[0.400369] (prius_msgs) StdoutLine: {'line': b'-- Up-to-date: /sbel/gazebo-demo/install/prius_msgs/lib/libprius_msgs__rosidl_generator_c.so\n'}
[0.400674] (prius_msgs) StdoutLine: {'line': b'-- Up-to-date: /sbel/gazebo-demo/install/prius_msgs/lib/libprius_msgs__rosidl_typesupport_fastrtps_c.so\n'}
[0.400986] (prius_msgs) StdoutLine: {'line': b'-- Up-to-date: /sbel/gazebo-demo/install/prius_msgs/lib/libprius_msgs__rosidl_typesupport_fastrtps_cpp.so\n'}
[0.401274] (prius_msgs) StdoutLine: {'line': b'-- Up-to-date: /sbel/gazebo-demo/install/prius_msgs/lib/libprius_msgs__rosidl_typesupport_introspection_c.so\n'}
[0.401534] (prius_msgs) StdoutLine: {'line': b'-- Up-to-date: /sbel/gazebo-demo/install/prius_msgs/lib/libprius_msgs__rosidl_typesupport_c.so\n'}
[0.401810] (prius_msgs) StdoutLine: {'line': b'-- Up-to-date: /sbel/gazebo-demo/install/prius_msgs/lib/libprius_msgs__rosidl_typesupport_introspection_cpp.so\n'}
[0.402096] (prius_msgs) StdoutLine: {'line': b'-- Up-to-date: /sbel/gazebo-demo/install/prius_msgs/lib/libprius_msgs__rosidl_typesupport_cpp.so\n'}
[0.423916] (prius_msgs) StdoutLine: {'line': b"Listing '/sbel/gazebo-demo/install/prius_msgs/local/lib/python3.10/dist-packages/prius_msgs'...\n"}
[0.423991] (prius_msgs) StdoutLine: {'line': b"Listing '/sbel/gazebo-demo/install/prius_msgs/local/lib/python3.10/dist-packages/prius_msgs/msg'...\n"}
[0.426482] (prius_msgs) StdoutLine: {'line': b'-- Up-to-date: /sbel/gazebo-demo/install/prius_msgs/lib/libprius_msgs__rosidl_generator_py.so\n'}
[0.426781] (prius_msgs) StdoutLine: {'line': b'-- Up-to-date: /sbel/gazebo-demo/install/prius_msgs/share/prius_msgs/cmake/export_prius_msgs__rosidl_generator_cExport.cmake\n'}
[0.426869] (prius_msgs) StdoutLine: {'line': b'-- Up-to-date: /sbel/gazebo-demo/install/prius_msgs/share/prius_msgs/cmake/export_prius_msgs__rosidl_generator_cExport-noconfig.cmake\n'}
[0.426978] (prius_msgs) StdoutLine: {'line': b'-- Up-to-date: /sbel/gazebo-demo/install/prius_msgs/share/prius_msgs/cmake/export_prius_msgs__rosidl_typesupport_fastrtps_cExport.cmake\n'}
[0.427052] (prius_msgs) StdoutLine: {'line': b'-- Up-to-date: /sbel/gazebo-demo/install/prius_msgs/share/prius_msgs/cmake/export_prius_msgs__rosidl_typesupport_fastrtps_cExport-noconfig.cmake\n'}
[0.427153] (prius_msgs) StdoutLine: {'line': b'-- Up-to-date: /sbel/gazebo-demo/install/prius_msgs/share/prius_msgs/cmake/export_prius_msgs__rosidl_generator_cppExport.cmake\n'}
[0.427266] (prius_msgs) StdoutLine: {'line': b'-- Up-to-date: /sbel/gazebo-demo/install/prius_msgs/share/prius_msgs/cmake/export_prius_msgs__rosidl_typesupport_fastrtps_cppExport.cmake\n'}
[0.427337] (prius_msgs) StdoutLine: {'line': b'-- Up-to-date: /sbel/gazebo-demo/install/prius_msgs/share/prius_msgs/cmake/export_prius_msgs__rosidl_typesupport_fastrtps_cppExport-noconfig.cmake\n'}
[0.427441] (prius_msgs) StdoutLine: {'line': b'-- Up-to-date: /sbel/gazebo-demo/install/prius_msgs/share/prius_msgs/cmake/prius_msgs__rosidl_typesupport_introspection_cExport.cmake\n'}
[0.427510] (prius_msgs) StdoutLine: {'line': b'-- Up-to-date: /sbel/gazebo-demo/install/prius_msgs/share/prius_msgs/cmake/prius_msgs__rosidl_typesupport_introspection_cExport-noconfig.cmake\n'}
[0.427605] (prius_msgs) StdoutLine: {'line': b'-- Up-to-date: /sbel/gazebo-demo/install/prius_msgs/share/prius_msgs/cmake/prius_msgs__rosidl_typesupport_cExport.cmake\n'}
[0.427664] (prius_msgs) StdoutLine: {'line': b'-- Up-to-date: /sbel/gazebo-demo/install/prius_msgs/share/prius_msgs/cmake/prius_msgs__rosidl_typesupport_cExport-noconfig.cmake\n'}
[0.427744] (prius_msgs) StdoutLine: {'line': b'-- Up-to-date: /sbel/gazebo-demo/install/prius_msgs/share/prius_msgs/cmake/prius_msgs__rosidl_typesupport_introspection_cppExport.cmake\n'}
[0.427802] (prius_msgs) StdoutLine: {'line': b'-- Up-to-date: /sbel/gazebo-demo/install/prius_msgs/share/prius_msgs/cmake/prius_msgs__rosidl_typesupport_introspection_cppExport-noconfig.cmake\n'}
[0.427885] (prius_msgs) StdoutLine: {'line': b'-- Up-to-date: /sbel/gazebo-demo/install/prius_msgs/share/prius_msgs/cmake/prius_msgs__rosidl_typesupport_cppExport.cmake\n'}
[0.427943] (prius_msgs) StdoutLine: {'line': b'-- Up-to-date: /sbel/gazebo-demo/install/prius_msgs/share/prius_msgs/cmake/prius_msgs__rosidl_typesupport_cppExport-noconfig.cmake\n'}
[0.428023] (prius_msgs) StdoutLine: {'line': b'-- Up-to-date: /sbel/gazebo-demo/install/prius_msgs/share/prius_msgs/cmake/export_prius_msgs__rosidl_generator_pyExport.cmake\n'}
[0.428086] (prius_msgs) StdoutLine: {'line': b'-- Up-to-date: /sbel/gazebo-demo/install/prius_msgs/share/prius_msgs/cmake/export_prius_msgs__rosidl_generator_pyExport-noconfig.cmake\n'}
[0.429585] (prius_msgs) CommandEnded: {'returncode': 0}
[0.500098] (-) TimerEvent: {}
[0.583202] (prius_msgs) JobEnded: {'identifier': 'prius_msgs', 'rc': 0}
[0.583788] (car_demo) JobStarted: {'identifier': 'car_demo'}
[0.600163] (-) TimerEvent: {}
[0.627356] (car_demo) JobProgress: {'identifier': 'car_demo', 'progress': 'cmake'}
[0.627877] (car_demo) Command: {'cmd': ['/usr/bin/cmake', '/sbel/gazebo-demo/car_demo', '-DAMENT_CMAKE_SYMLINK_INSTALL=1', '-DCMAKE_INSTALL_PREFIX=/sbel/gazebo-demo/install/car_demo'], 'cwd': '/sbel/gazebo-demo/build/car_demo', 'env': OrderedDict([('LANGUAGE', 'en_US:en'), ('HOSTNAME', '8badff0a978e'), ('SSH_AGENT_PID', '994'), ('SHLVL', '1'), ('LD_LIBRARY_PATH', '/sbel/gazebo-demo/install/prius_msgs/lib:/chrono_ros_interfaces/install/chrono_ros_interfaces/lib:/opt/ros/humble/opt/rviz_ogre_vendor/lib:/opt/ros/humble/lib/x86_64-linux-gnu:/opt/ros/humble/lib'), ('HOME', '/sbel'), ('NO_VNC_PORT', '6901'), ('OLDPWD', '/sbel'), ('STARTUPDIR', '/dockerstartup'), ('ROS_PYTHON_VERSION', '3'), ('VNC_COL_DEPTH', '24'), ('COLCON_PREFIX_PATH', '/chrono_ros_interfaces/install'), ('ROS_DISTRO', 'humble'), ('_', '/usr/bin/colcon'), ('ROS_VERSION', '2'), ('NO_VNC_HOME', '/sbel/noVNC'), ('TERM', 'xterm'), ('GAZEBO_MODEL_PATH', '/sbel/gazebo-demo/install/prius_description/share/prius_description/models'), ('ROS_LOCALHOST_ONLY', '0'), ('PATH', '/opt/ros/humble/bin:/usr/local/sbin:/usr/local/bin:/usr/sbin:/usr/bin:/sbin:/bin'), ('DISPLAY', ':1'), ('LANG', 'en_US.UTF-8'), ('SSH_AUTH_SOCK', '/tmp/ssh-XXXXXXIYocdq/agent.993'), ('AMENT_PREFIX_PATH', '/sbel/gazebo-demo/install/prius_msgs:/sbel/gazebo-demo/install/prius_description:/chrono_ros_interfaces/install/chrono_ros_interfaces:/opt/ros/humble'), ('DEBIAN_FRONTEND', 'noninteractive'), ('PWD', '/sbel/gazebo-demo/build/car_demo'), ('VNC_RESOLUTION', '1600x900'), ('LC_ALL', 'en_US.UTF-8'), ('PYTHONPATH', '/sbel/gazebo-demo/install/prius_msgs/local/lib/python3.10/dist-packages:/chrono_ros_interfaces/install/chrono_ros_interfaces/local/lib/python3.10/dist-packages:/opt/ros/humble/lib/python3.10/site-packages:/opt/ros/humble/local/lib/python3.10/dist-packages'), ('VNC_PW', 'sbel'), ('COLCON', '1'), ('CMAKE_PREFIX_PATH', '/sbel/gazebo-demo/install/prius_msgs:/sbel/gazebo-demo/install/prius_description:/chrono_ros_interfaces/install/chrono_ros_interfaces:/opt/ros/humble'), ('VNC_PORT', '5901')]), 'shell': False}
[0.638390] (car_demo) StdoutLine: {'line': b'-- Found ament_cmake: 1.3.5 (/opt/ros/humble/share/ament_cmake/cmake)\n'}
[0.700250] (-) TimerEvent: {}
[0.733693] (car_demo) StdoutLine: {'line': b'-- Override CMake install command with custom implementation using symlinks instead of copying resources\n'}
[0.739422] (car_demo) StdoutLine: {'line': b'-- Found rclcpp: 16.0.6 (/opt/ros/humble/share/rclcpp/cmake)\n'}
[0.763442] (car_demo) StdoutLine: {'line': b'-- Found rosidl_generator_c: 3.1.5 (/opt/ros/humble/share/rosidl_generator_c/cmake)\n'}
[0.765179] (car_demo) StdoutLine: {'line': b'-- Found rosidl_adapter: 3.1.5 (/opt/ros/humble/share/rosidl_adapter/cmake)\n'}
[0.769461] (car_demo) StdoutLine: {'line': b'-- Found rosidl_generator_cpp: 3.1.5 (/opt/ros/humble/share/rosidl_generator_cpp/cmake)\n'}
[0.777167] (car_demo) StdoutLine: {'line': b'-- Using all available rosidl_typesupport_c: rosidl_typesupport_fastrtps_c;rosidl_typesupport_introspection_c\n'}
[0.787757] (car_demo) StdoutLine: {'line': b'-- Using all available rosidl_typesupport_cpp: rosidl_typesupport_fastrtps_cpp;rosidl_typesupport_introspection_cpp\n'}
[0.800307] (-) TimerEvent: {}
[0.826562] (car_demo) StdoutLine: {'line': b'-- Found rmw_implementation_cmake: 6.1.1 (/opt/ros/humble/share/rmw_implementation_cmake/cmake)\n'}
[0.827631] (car_demo) StdoutLine: {'line': b'-- Found rmw_fastrtps_cpp: 6.2.4 (/opt/ros/humble/share/rmw_fastrtps_cpp/cmake)\n'}
[0.900380] (-) TimerEvent: {}
[0.952035] (car_demo) StdoutLine: {'line': b"-- Using RMW implementation 'rmw_fastrtps_cpp' as default\n"}
[1.000447] (-) TimerEvent: {}
[1.052038] (car_demo) StdoutLine: {'line': b'-- Found rclpy: 3.3.10 (/opt/ros/humble/share/rclpy/cmake)\n'}
[1.069226] (car_demo) StderrLine: {'line': b'\x1b[31mCMake Error at CMakeLists.txt:18 (find_package):\n'}
[1.069334] (car_demo) StderrLine: {'line': b'  By not providing "Findgazebo_dev.cmake" in CMAKE_MODULE_PATH this project\n'}
[1.069393] (car_demo) StderrLine: {'line': b'  has asked CMake to find a package configuration file provided by\n'}
[1.069450] (car_demo) StderrLine: {'line': b'  "gazebo_dev", but CMake did not find one.\n'}
[1.069498] (car_demo) StderrLine: {'line': b'\n'}
[1.069546] (car_demo) StderrLine: {'line': b'  Could not find a package configuration file provided by "gazebo_dev" with\n'}
[1.069593] (car_demo) StderrLine: {'line': b'  any of the following names:\n'}
[1.069639] (car_demo) StderrLine: {'line': b'\n'}
[1.069686] (car_demo) StderrLine: {'line': b'    gazebo_devConfig.cmake\n'}
[1.069733] (car_demo) StderrLine: {'line': b'    gazebo_dev-config.cmake\n'}
[1.069778] (car_demo) StderrLine: {'line': b'\n'}
[1.069824] (car_demo) StderrLine: {'line': b'  Add the installation prefix of "gazebo_dev" to CMAKE_PREFIX_PATH or set\n'}
[1.069871] (car_demo) StderrLine: {'line': b'  "gazebo_dev_DIR" to a directory containing one of the above files.  If\n'}
[1.069917] (car_demo) StderrLine: {'line': b'  "gazebo_dev" provides a separate development package or SDK, be sure it has\n'}
[1.069972] (car_demo) StderrLine: {'line': b'  been installed.\n'}
[1.070018] (car_demo) StderrLine: {'line': b'\n'}
[1.070064] (car_demo) StderrLine: {'line': b'\x1b[0m\n'}
[1.070109] (car_demo) StdoutLine: {'line': b'-- Configuring incomplete, errors occurred!\n'}
[1.070158] (car_demo) StdoutLine: {'line': b'See also "/sbel/gazebo-demo/build/car_demo/CMakeFiles/CMakeOutput.log".\n'}
[1.074335] (car_demo) CommandEnded: {'returncode': 1}
[1.100556] (-) TimerEvent: {}
[1.106214] (car_demo) JobEnded: {'identifier': 'car_demo', 'rc': 1}
[1.116541] (-) EventReactorShutdown: {}
