[0.000000] (-) TimerEvent: {}
[0.000183] (prius_description) JobQueued: {'identifier': 'prius_description', 'dependencies': OrderedDict()}
[0.000250] (prius_msgs) JobQueued: {'identifier': 'prius_msgs', 'dependencies': OrderedDict()}
[0.000289] (car_demo) JobQueued: {'identifier': 'car_demo', 'dependencies': OrderedDict([('prius_description', '/sbel/gazebo-demo/install/prius_description'), ('prius_msgs', '/sbel/gazebo-demo/install/prius_msgs')])}
[0.000341] (prius_description) JobStarted: {'identifier': 'prius_description'}
[0.052776] (prius_msgs) JobStarted: {'identifier': 'prius_msgs'}
[0.099814] (-) TimerEvent: {}
[0.102622] (prius_description) JobProgress: {'identifier': 'prius_description', 'progress': 'cmake'}
[0.102967] (prius_description) JobProgress: {'identifier': 'prius_description', 'progress': 'build'}
[0.103393] (prius_description) Command: {'cmd': ['/usr/bin/cmake', '--build', '/sbel/gazebo-demo/build/prius_description', '--', '-j16', '-l16'], 'cwd': '/sbel/gazebo-demo/build/prius_description', 'env': OrderedDict([('TMUX', '/tmp/tmux-0/default,42667,1'), ('LANGUAGE', 'en_US:en'), ('HOSTNAME', 'ef32acc5240d'), ('SHLVL', '2'), ('LD_LIBRARY_PATH', '/sbel/gazebo-demo/install/car_demo/lib:/sbel/gazebo-demo/install/prius_msgs/lib:/chrono_ros_interfaces/install/chrono_ros_interfaces/lib:/usr/lib/x86_64-linux-gnu/gazebo-11/plugins:/opt/ros/humble/opt/rviz_ogre_vendor/lib:/opt/ros/humble/lib/x86_64-linux-gnu:/opt/ros/humble/lib'), ('HOME', '/sbel'), ('NO_VNC_PORT', '6901'), ('OLDPWD', '/sbel'), ('TERM_PROGRAM_VERSION', '3.2a'), ('STARTUPDIR', '/dockerstartup'), ('ROS_PYTHON_VERSION', '3'), ('VNC_COL_DEPTH', '24'), ('COLCON_PREFIX_PATH', '/sbel/gazebo-demo/install:/chrono_ros_interfaces/install'), ('ROS_DISTRO', 'humble'), ('_', '/usr/bin/colcon'), ('ROS_VERSION', '2'), ('NO_VNC_HOME', '/sbel/noVNC'), ('TERM', 'screen'), ('GAZEBO_MODEL_PATH', '/opt/ros/humble/share/prius_description/models'), ('ROS_LOCALHOST_ONLY', '0'), ('PATH', '/opt/ros/humble/bin:/usr/local/sbin:/usr/local/bin:/usr/sbin:/usr/bin:/sbin:/bin'), ('DISPLAY', ':1'), ('LANG', 'en_US.UTF-8'), ('TERM_PROGRAM', 'tmux'), ('AMENT_PREFIX_PATH', '/sbel/gazebo-demo/install/car_demo:/sbel/gazebo-demo/install/prius_msgs:/sbel/gazebo-demo/install/prius_description:/chrono_ros_interfaces/install/chrono_ros_interfaces:/opt/ros/humble'), ('DEBIAN_FRONTEND', 'noninteractive'), ('SHELL', '/bin/bash'), ('PWD', '/sbel/gazebo-demo/build/prius_description'), ('VNC_RESOLUTION', '1600x900'), ('LC_ALL', 'en_US.UTF-8'), ('PYTHONPATH', '/sbel/gazebo-demo/install/car_demo/local/lib/python3.10/dist-packages:/sbel/gazebo-demo/install/prius_msgs/local/lib/python3.10/dist-packages:/chrono_ros_interfaces/install/chrono_ros_interfaces/local/lib/python3.10/dist-packages:/opt/ros/humble/lib/python3.10/site-packages:/opt/ros/humble/local/lib/python3.10/dist-packages'), ('VNC_PW', 'sbel'), ('COLCON', '1'), ('TMUX_PANE', '%2'), ('CMAKE_PREFIX_PATH', '/sbel/gazebo-demo/install/car_demo:/sbel/gazebo-demo/install/prius_msgs:/sbel/gazebo-demo/install/prius_description:/chrono_ros_interfaces/install/chrono_ros_interfaces:/opt/ros/humble'), ('VNC_PORT', '5901')]), 'shell': False}
[0.105413] (prius_msgs) JobProgress: {'identifier': 'prius_msgs', 'progress': 'cmake'}
[0.105766] (prius_msgs) JobProgress: {'identifier': 'prius_msgs', 'progress': 'build'}
[0.105898] (prius_msgs) Command: {'cmd': ['/usr/bin/cmake', '--build', '/sbel/gazebo-demo/build/prius_msgs', '--', '-j16', '-l16'], 'cwd': '/sbel/gazebo-demo/build/prius_msgs', 'env': OrderedDict([('TMUX', '/tmp/tmux-0/default,42667,1'), ('LANGUAGE', 'en_US:en'), ('HOSTNAME', 'ef32acc5240d'), ('SHLVL', '2'), ('LD_LIBRARY_PATH', '/sbel/gazebo-demo/install/car_demo/lib:/sbel/gazebo-demo/install/prius_msgs/lib:/chrono_ros_interfaces/install/chrono_ros_interfaces/lib:/usr/lib/x86_64-linux-gnu/gazebo-11/plugins:/opt/ros/humble/opt/rviz_ogre_vendor/lib:/opt/ros/humble/lib/x86_64-linux-gnu:/opt/ros/humble/lib'), ('HOME', '/sbel'), ('NO_VNC_PORT', '6901'), ('OLDPWD', '/sbel'), ('TERM_PROGRAM_VERSION', '3.2a'), ('STARTUPDIR', '/dockerstartup'), ('ROS_PYTHON_VERSION', '3'), ('VNC_COL_DEPTH', '24'), ('COLCON_PREFIX_PATH', '/sbel/gazebo-demo/install:/chrono_ros_interfaces/install'), ('ROS_DISTRO', 'humble'), ('_', '/usr/bin/colcon'), ('ROS_VERSION', '2'), ('NO_VNC_HOME', '/sbel/noVNC'), ('TERM', 'screen'), ('GAZEBO_MODEL_PATH', '/opt/ros/humble/share/prius_description/models'), ('ROS_LOCALHOST_ONLY', '0'), ('PATH', '/opt/ros/humble/bin:/usr/local/sbin:/usr/local/bin:/usr/sbin:/usr/bin:/sbin:/bin'), ('DISPLAY', ':1'), ('LANG', 'en_US.UTF-8'), ('TERM_PROGRAM', 'tmux'), ('AMENT_PREFIX_PATH', '/sbel/gazebo-demo/install/car_demo:/sbel/gazebo-demo/install/prius_msgs:/sbel/gazebo-demo/install/prius_description:/chrono_ros_interfaces/install/chrono_ros_interfaces:/opt/ros/humble'), ('DEBIAN_FRONTEND', 'noninteractive'), ('SHELL', '/bin/bash'), ('PWD', '/sbel/gazebo-demo/build/prius_msgs'), ('VNC_RESOLUTION', '1600x900'), ('LC_ALL', 'en_US.UTF-8'), ('PYTHONPATH', '/sbel/gazebo-demo/install/car_demo/local/lib/python3.10/dist-packages:/sbel/gazebo-demo/install/prius_msgs/local/lib/python3.10/dist-packages:/chrono_ros_interfaces/install/chrono_ros_interfaces/local/lib/python3.10/dist-packages:/opt/ros/humble/lib/python3.10/site-packages:/opt/ros/humble/local/lib/python3.10/dist-packages'), ('VNC_PW', 'sbel'), ('COLCON', '1'), ('TMUX_PANE', '%2'), ('CMAKE_PREFIX_PATH', '/sbel/gazebo-demo/install/car_demo:/sbel/gazebo-demo/install/prius_msgs:/sbel/gazebo-demo/install/prius_description:/chrono_ros_interfaces/install/chrono_ros_interfaces:/opt/ros/humble'), ('VNC_PORT', '5901')]), 'shell': False}
[0.136073] (prius_description) CommandEnded: {'returncode': 0}
[0.149157] (prius_msgs) StdoutLine: {'line': b'[  3%] Built target prius_msgs__cpp\n'}
[0.149566] (prius_msgs) StdoutLine: {'line': b'[ 12%] Built target prius_msgs__rosidl_generator_c\n'}
[0.156141] (prius_description) JobProgress: {'identifier': 'prius_description', 'progress': 'install'}
[0.160286] (prius_msgs) StdoutLine: {'line': b'[ 12%] Built target ament_cmake_python_copy_prius_msgs\n'}
[0.165009] (prius_description) Command: {'cmd': ['/usr/bin/cmake', '--install', '/sbel/gazebo-demo/build/prius_description'], 'cwd': '/sbel/gazebo-demo/build/prius_description', 'env': OrderedDict([('TMUX', '/tmp/tmux-0/default,42667,1'), ('LANGUAGE', 'en_US:en'), ('HOSTNAME', 'ef32acc5240d'), ('SHLVL', '2'), ('LD_LIBRARY_PATH', '/sbel/gazebo-demo/install/car_demo/lib:/sbel/gazebo-demo/install/prius_msgs/lib:/chrono_ros_interfaces/install/chrono_ros_interfaces/lib:/usr/lib/x86_64-linux-gnu/gazebo-11/plugins:/opt/ros/humble/opt/rviz_ogre_vendor/lib:/opt/ros/humble/lib/x86_64-linux-gnu:/opt/ros/humble/lib'), ('HOME', '/sbel'), ('NO_VNC_PORT', '6901'), ('OLDPWD', '/sbel'), ('TERM_PROGRAM_VERSION', '3.2a'), ('STARTUPDIR', '/dockerstartup'), ('ROS_PYTHON_VERSION', '3'), ('VNC_COL_DEPTH', '24'), ('COLCON_PREFIX_PATH', '/sbel/gazebo-demo/install:/chrono_ros_interfaces/install'), ('ROS_DISTRO', 'humble'), ('_', '/usr/bin/colcon'), ('ROS_VERSION', '2'), ('NO_VNC_HOME', '/sbel/noVNC'), ('TERM', 'screen'), ('GAZEBO_MODEL_PATH', '/opt/ros/humble/share/prius_description/models'), ('ROS_LOCALHOST_ONLY', '0'), ('PATH', '/opt/ros/humble/bin:/usr/local/sbin:/usr/local/bin:/usr/sbin:/usr/bin:/sbin:/bin'), ('DISPLAY', ':1'), ('LANG', 'en_US.UTF-8'), ('TERM_PROGRAM', 'tmux'), ('AMENT_PREFIX_PATH', '/sbel/gazebo-demo/install/car_demo:/sbel/gazebo-demo/install/prius_msgs:/sbel/gazebo-demo/install/prius_description:/chrono_ros_interfaces/install/chrono_ros_interfaces:/opt/ros/humble'), ('DEBIAN_FRONTEND', 'noninteractive'), ('SHELL', '/bin/bash'), ('PWD', '/sbel/gazebo-demo/build/prius_description'), ('VNC_RESOLUTION', '1600x900'), ('LC_ALL', 'en_US.UTF-8'), ('PYTHONPATH', '/sbel/gazebo-demo/install/car_demo/local/lib/python3.10/dist-packages:/sbel/gazebo-demo/install/prius_msgs/local/lib/python3.10/dist-packages:/chrono_ros_interfaces/install/chrono_ros_interfaces/local/lib/python3.10/dist-packages:/opt/ros/humble/lib/python3.10/site-packages:/opt/ros/humble/local/lib/python3.10/dist-packages'), ('VNC_PW', 'sbel'), ('COLCON', '1'), ('TMUX_PANE', '%2'), ('CMAKE_PREFIX_PATH', '/sbel/gazebo-demo/install/car_demo:/sbel/gazebo-demo/install/prius_msgs:/sbel/gazebo-demo/install/prius_description:/chrono_ros_interfaces/install/chrono_ros_interfaces:/opt/ros/humble'), ('VNC_PORT', '5901')]), 'shell': False}
[0.168584] (prius_msgs) StdoutLine: {'line': b'[ 22%] Built target prius_msgs__rosidl_typesupport_introspection_c\n'}
[0.168950] (prius_msgs) StdoutLine: {'line': b'[ 32%] Built target prius_msgs__rosidl_typesupport_cpp\n'}
[0.169234] (prius_msgs) StdoutLine: {'line': b'[ 51%] Built target prius_msgs__rosidl_typesupport_fastrtps_c\n'}
[0.169345] (prius_msgs) StdoutLine: {'line': b'[ 51%] Built target prius_msgs__rosidl_typesupport_fastrtps_cpp\n'}
[0.169614] (prius_msgs) StdoutLine: {'line': b'[ 61%] Built target prius_msgs__rosidl_typesupport_introspection_cpp\n'}
[0.169959] (prius_msgs) StdoutLine: {'line': b'[ 70%] Built target prius_msgs__rosidl_typesupport_c\n'}
[0.171369] (prius_description) StdoutLine: {'line': b'-- Install configuration: ""\n'}
[0.171483] (prius_description) StdoutLine: {'line': b'-- Up-to-date: /sbel/gazebo-demo/install/prius_description/share/prius_description/environment/gazebo_envs.sh\n'}
[0.171560] (prius_description) StdoutLine: {'line': b'-- Up-to-date: /sbel/gazebo-demo/install/prius_description/share/prius_description/meshes\n'}
[0.171639] (prius_description) StdoutLine: {'line': b'-- Up-to-date: /sbel/gazebo-demo/install/prius_description/share/prius_description/meshes/wheel.obj\n'}
[0.171728] (prius_description) StdoutLine: {'line': b'-- Up-to-date: /sbel/gazebo-demo/install/prius_description/share/prius_description/meshes/hybrid_body.mtl\n'}
[0.171816] (prius_description) StdoutLine: {'line': b'-- Up-to-date: /sbel/gazebo-demo/install/prius_description/share/prius_description/meshes/Hybrid.png\n'}
[0.171883] (prius_description) StdoutLine: {'line': b'-- Up-to-date: /sbel/gazebo-demo/install/prius_description/share/prius_description/meshes/steering_wheel.mtl\n'}
[0.171938] (prius_description) StdoutLine: {'line': b'-- Up-to-date: /sbel/gazebo-demo/install/prius_description/share/prius_description/meshes/model.config\n'}
[0.171990] (prius_description) StdoutLine: {'line': b'-- Up-to-date: /sbel/gazebo-demo/install/prius_description/share/prius_description/meshes/Wheels3.png\n'}
[0.172053] (prius_description) StdoutLine: {'line': b'-- Up-to-date: /sbel/gazebo-demo/install/prius_description/share/prius_description/meshes/Hybrid_Interior.png\n'}
[0.172124] (prius_description) StdoutLine: {'line': b'-- Up-to-date: /sbel/gazebo-demo/install/prius_description/share/prius_description/meshes/steering_wheel.obj\n'}
[0.172188] (prius_description) StdoutLine: {'line': b'-- Up-to-date: /sbel/gazebo-demo/install/prius_description/share/prius_description/meshes/wheel.mtl\n'}
[0.172257] (prius_description) StdoutLine: {'line': b'-- Up-to-date: /sbel/gazebo-demo/install/prius_description/share/prius_description/meshes/hybrid_body.obj\n'}
[0.172319] (prius_description) StdoutLine: {'line': b'-- Up-to-date: /sbel/gazebo-demo/install/prius_description/share/prius_description/urdf\n'}
[0.172385] (prius_description) StdoutLine: {'line': b'-- Up-to-date: /sbel/gazebo-demo/install/prius_description/share/prius_description/urdf/prius.urdf\n'}
[0.172443] (prius_description) StdoutLine: {'line': b'-- Up-to-date: /sbel/gazebo-demo/install/prius_description/share/prius_description/model.config\n'}
[0.172512] (prius_description) StdoutLine: {'line': b'-- Up-to-date: /sbel/gazebo-demo/install/prius_description/share/ament_index/resource_index/package_run_dependencies/prius_description\n'}
[0.172688] (prius_description) StdoutLine: {'line': b'-- Up-to-date: /sbel/gazebo-demo/install/prius_description/share/ament_index/resource_index/parent_prefix_path/prius_description\n'}
[0.172744] (prius_description) StdoutLine: {'line': b'-- Up-to-date: /sbel/gazebo-demo/install/prius_description/share/prius_description/environment/ament_prefix_path.sh\n'}
[0.172795] (prius_description) StdoutLine: {'line': b'-- Up-to-date: /sbel/gazebo-demo/install/prius_description/share/prius_description/environment/ament_prefix_path.dsv\n'}
[0.172851] (prius_description) StdoutLine: {'line': b'-- Up-to-date: /sbel/gazebo-demo/install/prius_description/share/prius_description/environment/path.sh\n'}
[0.172914] (prius_description) StdoutLine: {'line': b'-- Up-to-date: /sbel/gazebo-demo/install/prius_description/share/prius_description/environment/path.dsv\n'}
[0.172983] (prius_description) StdoutLine: {'line': b'-- Up-to-date: /sbel/gazebo-demo/install/prius_description/share/prius_description/local_setup.bash\n'}
[0.173048] (prius_description) StdoutLine: {'line': b'-- Up-to-date: /sbel/gazebo-demo/install/prius_description/share/prius_description/local_setup.sh\n'}
[0.173099] (prius_description) StdoutLine: {'line': b'-- Up-to-date: /sbel/gazebo-demo/install/prius_description/share/prius_description/local_setup.zsh\n'}
[0.173147] (prius_description) StdoutLine: {'line': b'-- Up-to-date: /sbel/gazebo-demo/install/prius_description/share/prius_description/local_setup.dsv\n'}
[0.173196] (prius_description) StdoutLine: {'line': b'-- Installing: /sbel/gazebo-demo/install/prius_description/share/prius_description/package.dsv\n'}
[0.173244] (prius_description) StdoutLine: {'line': b'-- Up-to-date: /sbel/gazebo-demo/install/prius_description/share/ament_index/resource_index/packages/prius_description\n'}
[0.173292] (prius_description) StdoutLine: {'line': b'-- Up-to-date: /sbel/gazebo-demo/install/prius_description/share/prius_description/cmake/prius_descriptionConfig.cmake\n'}
[0.173338] (prius_description) StdoutLine: {'line': b'-- Up-to-date: /sbel/gazebo-demo/install/prius_description/share/prius_description/cmake/prius_descriptionConfig-version.cmake\n'}
[0.173388] (prius_description) StdoutLine: {'line': b'-- Up-to-date: /sbel/gazebo-demo/install/prius_description/share/prius_description/package.xml\n'}
[0.174376] (prius_description) CommandEnded: {'returncode': 0}
[0.190507] (prius_msgs) StdoutLine: {'line': b'[ 70%] Built target prius_msgs\n'}
[0.200238] (-) TimerEvent: {}
[0.208795] (prius_msgs) StdoutLine: {'line': b'[ 74%] Built target prius_msgs__py\n'}
[0.229510] (prius_msgs) StdoutLine: {'line': b'[ 80%] Built target prius_msgs__rosidl_generator_py\n'}
[0.248755] (prius_msgs) StdoutLine: {'line': b'[ 93%] Built target prius_msgs__rosidl_typesupport_introspection_c__pyext\n'}
[0.248997] (prius_msgs) StdoutLine: {'line': b'[ 93%] Built target prius_msgs__rosidl_typesupport_c__pyext\n'}
[0.249185] (prius_msgs) StdoutLine: {'line': b'[100%] Built target prius_msgs__rosidl_typesupport_fastrtps_c__pyext\n'}
[0.276381] (prius_description) JobEnded: {'identifier': 'prius_description', 'rc': 0}
[0.300310] (-) TimerEvent: {}
[0.329601] (prius_msgs) StdoutLine: {'line': b'running egg_info\n'}
[0.330183] (prius_msgs) StdoutLine: {'line': b'writing prius_msgs.egg-info/PKG-INFO\n'}
[0.330357] (prius_msgs) StdoutLine: {'line': b'writing dependency_links to prius_msgs.egg-info/dependency_links.txt\n'}
[0.330497] (prius_msgs) StdoutLine: {'line': b'writing top-level names to prius_msgs.egg-info/top_level.txt\n'}
[0.331776] (prius_msgs) StdoutLine: {'line': b"reading manifest file 'prius_msgs.egg-info/SOURCES.txt'\n"}
[0.332181] (prius_msgs) StdoutLine: {'line': b"writing manifest file 'prius_msgs.egg-info/SOURCES.txt'\n"}
[0.350446] (prius_msgs) StdoutLine: {'line': b'[100%] Built target ament_cmake_python_build_prius_msgs_egg\n'}
[0.360005] (prius_msgs) CommandEnded: {'returncode': 0}
[0.400385] (-) TimerEvent: {}
[0.419245] (prius_msgs) JobProgress: {'identifier': 'prius_msgs', 'progress': 'install'}
[0.419588] (prius_msgs) Command: {'cmd': ['/usr/bin/cmake', '--install', '/sbel/gazebo-demo/build/prius_msgs'], 'cwd': '/sbel/gazebo-demo/build/prius_msgs', 'env': OrderedDict([('TMUX', '/tmp/tmux-0/default,42667,1'), ('LANGUAGE', 'en_US:en'), ('HOSTNAME', 'ef32acc5240d'), ('SHLVL', '2'), ('LD_LIBRARY_PATH', '/sbel/gazebo-demo/install/car_demo/lib:/sbel/gazebo-demo/install/prius_msgs/lib:/chrono_ros_interfaces/install/chrono_ros_interfaces/lib:/usr/lib/x86_64-linux-gnu/gazebo-11/plugins:/opt/ros/humble/opt/rviz_ogre_vendor/lib:/opt/ros/humble/lib/x86_64-linux-gnu:/opt/ros/humble/lib'), ('HOME', '/sbel'), ('NO_VNC_PORT', '6901'), ('OLDPWD', '/sbel'), ('TERM_PROGRAM_VERSION', '3.2a'), ('STARTUPDIR', '/dockerstartup'), ('ROS_PYTHON_VERSION', '3'), ('VNC_COL_DEPTH', '24'), ('COLCON_PREFIX_PATH', '/sbel/gazebo-demo/install:/chrono_ros_interfaces/install'), ('ROS_DISTRO', 'humble'), ('_', '/usr/bin/colcon'), ('ROS_VERSION', '2'), ('NO_VNC_HOME', '/sbel/noVNC'), ('TERM', 'screen'), ('GAZEBO_MODEL_PATH', '/opt/ros/humble/share/prius_description/models'), ('ROS_LOCALHOST_ONLY', '0'), ('PATH', '/opt/ros/humble/bin:/usr/local/sbin:/usr/local/bin:/usr/sbin:/usr/bin:/sbin:/bin'), ('DISPLAY', ':1'), ('LANG', 'en_US.UTF-8'), ('TERM_PROGRAM', 'tmux'), ('AMENT_PREFIX_PATH', '/sbel/gazebo-demo/install/car_demo:/sbel/gazebo-demo/install/prius_msgs:/sbel/gazebo-demo/install/prius_description:/chrono_ros_interfaces/install/chrono_ros_interfaces:/opt/ros/humble'), ('DEBIAN_FRONTEND', 'noninteractive'), ('SHELL', '/bin/bash'), ('PWD', '/sbel/gazebo-demo/build/prius_msgs'), ('VNC_RESOLUTION', '1600x900'), ('LC_ALL', 'en_US.UTF-8'), ('PYTHONPATH', '/sbel/gazebo-demo/install/car_demo/local/lib/python3.10/dist-packages:/sbel/gazebo-demo/install/prius_msgs/local/lib/python3.10/dist-packages:/chrono_ros_interfaces/install/chrono_ros_interfaces/local/lib/python3.10/dist-packages:/opt/ros/humble/lib/python3.10/site-packages:/opt/ros/humble/local/lib/python3.10/dist-packages'), ('VNC_PW', 'sbel'), ('COLCON', '1'), ('TMUX_PANE', '%2'), ('CMAKE_PREFIX_PATH', '/sbel/gazebo-demo/install/car_demo:/sbel/gazebo-demo/install/prius_msgs:/sbel/gazebo-demo/install/prius_description:/chrono_ros_interfaces/install/chrono_ros_interfaces:/opt/ros/humble'), ('VNC_PORT', '5901')]), 'shell': False}
[0.426830] (prius_msgs) StdoutLine: {'line': b'-- Install configuration: ""\n'}
[0.426953] (prius_msgs) StdoutLine: {'line': b'-- Up-to-date: /sbel/gazebo-demo/install/prius_msgs/share/ament_index/resource_index/rosidl_interfaces/prius_msgs\n'}
[0.427028] (prius_msgs) StdoutLine: {'line': b'-- Up-to-date: /sbel/gazebo-demo/install/prius_msgs/include/prius_msgs/prius_msgs\n'}
[0.427097] (prius_msgs) StdoutLine: {'line': b'-- Up-to-date: /sbel/gazebo-demo/install/prius_msgs/include/prius_msgs/prius_msgs/msg\n'}
[0.427173] (prius_msgs) StdoutLine: {'line': b'-- Up-to-date: /sbel/gazebo-demo/install/prius_msgs/include/prius_msgs/prius_msgs/msg/rosidl_generator_c__visibility_control.h\n'}
[0.427259] (prius_msgs) StdoutLine: {'line': b'-- Up-to-date: /sbel/gazebo-demo/install/prius_msgs/include/prius_msgs/prius_msgs/msg/detail\n'}
[0.427328] (prius_msgs) StdoutLine: {'line': b'-- Up-to-date: /sbel/gazebo-demo/install/prius_msgs/include/prius_msgs/prius_msgs/msg/detail/control__struct.h\n'}
[0.427396] (prius_msgs) StdoutLine: {'line': b'-- Up-to-date: /sbel/gazebo-demo/install/prius_msgs/include/prius_msgs/prius_msgs/msg/detail/control__type_support.h\n'}
[0.427456] (prius_msgs) StdoutLine: {'line': b'-- Up-to-date: /sbel/gazebo-demo/install/prius_msgs/include/prius_msgs/prius_msgs/msg/detail/control__functions.c\n'}
[0.427512] (prius_msgs) StdoutLine: {'line': b'-- Up-to-date: /sbel/gazebo-demo/install/prius_msgs/include/prius_msgs/prius_msgs/msg/detail/control__functions.h\n'}
[0.427570] (prius_msgs) StdoutLine: {'line': b'-- Up-to-date: /sbel/gazebo-demo/install/prius_msgs/include/prius_msgs/prius_msgs/msg/control.h\n'}
[0.427644] (prius_msgs) StdoutLine: {'line': b'-- Up-to-date: /sbel/gazebo-demo/install/prius_msgs/share/prius_msgs/environment/library_path.sh\n'}
[0.427702] (prius_msgs) StdoutLine: {'line': b'-- Up-to-date: /sbel/gazebo-demo/install/prius_msgs/share/prius_msgs/environment/library_path.dsv\n'}
[0.427760] (prius_msgs) StdoutLine: {'line': b'-- Up-to-date: /sbel/gazebo-demo/install/prius_msgs/lib/libprius_msgs__rosidl_generator_c.so\n'}
[0.427830] (prius_msgs) StdoutLine: {'line': b'-- Up-to-date: /sbel/gazebo-demo/install/prius_msgs/include/prius_msgs/prius_msgs\n'}
[0.427910] (prius_msgs) StdoutLine: {'line': b'-- Up-to-date: /sbel/gazebo-demo/install/prius_msgs/include/prius_msgs/prius_msgs/msg\n'}
[0.427974] (prius_msgs) StdoutLine: {'line': b'-- Up-to-date: /sbel/gazebo-demo/install/prius_msgs/include/prius_msgs/prius_msgs/msg/rosidl_typesupport_fastrtps_c__visibility_control.h\n'}
[0.428034] (prius_msgs) StdoutLine: {'line': b'-- Up-to-date: /sbel/gazebo-demo/install/prius_msgs/include/prius_msgs/prius_msgs/msg/detail\n'}
[0.428081] (prius_msgs) StdoutLine: {'line': b'-- Up-to-date: /sbel/gazebo-demo/install/prius_msgs/include/prius_msgs/prius_msgs/msg/detail/control__rosidl_typesupport_fastrtps_c.h\n'}
[0.428165] (prius_msgs) StdoutLine: {'line': b'-- Up-to-date: /sbel/gazebo-demo/install/prius_msgs/lib/libprius_msgs__rosidl_typesupport_fastrtps_c.so\n'}
[0.428356] (prius_msgs) StdoutLine: {'line': b'-- Up-to-date: /sbel/gazebo-demo/install/prius_msgs/include/prius_msgs/prius_msgs\n'}
[0.428415] (prius_msgs) StdoutLine: {'line': b'-- Up-to-date: /sbel/gazebo-demo/install/prius_msgs/include/prius_msgs/prius_msgs/msg\n'}
[0.428473] (prius_msgs) StdoutLine: {'line': b'-- Up-to-date: /sbel/gazebo-demo/install/prius_msgs/include/prius_msgs/prius_msgs/msg/control.hpp\n'}
[0.428532] (prius_msgs) StdoutLine: {'line': b'-- Up-to-date: /sbel/gazebo-demo/install/prius_msgs/include/prius_msgs/prius_msgs/msg/detail\n'}
[0.428580] (prius_msgs) StdoutLine: {'line': b'-- Up-to-date: /sbel/gazebo-demo/install/prius_msgs/include/prius_msgs/prius_msgs/msg/detail/control__builder.hpp\n'}
[0.428646] (prius_msgs) StdoutLine: {'line': b'-- Up-to-date: /sbel/gazebo-demo/install/prius_msgs/include/prius_msgs/prius_msgs/msg/detail/control__traits.hpp\n'}
[0.428707] (prius_msgs) StdoutLine: {'line': b'-- Up-to-date: /sbel/gazebo-demo/install/prius_msgs/include/prius_msgs/prius_msgs/msg/detail/control__struct.hpp\n'}
[0.428770] (prius_msgs) StdoutLine: {'line': b'-- Up-to-date: /sbel/gazebo-demo/install/prius_msgs/include/prius_msgs/prius_msgs\n'}
[0.428829] (prius_msgs) StdoutLine: {'line': b'-- Up-to-date: /sbel/gazebo-demo/install/prius_msgs/include/prius_msgs/prius_msgs/msg\n'}
[0.428878] (prius_msgs) StdoutLine: {'line': b'-- Up-to-date: /sbel/gazebo-demo/install/prius_msgs/include/prius_msgs/prius_msgs/msg/rosidl_typesupport_fastrtps_cpp__visibility_control.h\n'}
[0.428939] (prius_msgs) StdoutLine: {'line': b'-- Up-to-date: /sbel/gazebo-demo/install/prius_msgs/include/prius_msgs/prius_msgs/msg/detail\n'}
[0.428989] (prius_msgs) StdoutLine: {'line': b'-- Up-to-date: /sbel/gazebo-demo/install/prius_msgs/include/prius_msgs/prius_msgs/msg/detail/dds_fastrtps\n'}
[0.429036] (prius_msgs) StdoutLine: {'line': b'-- Up-to-date: /sbel/gazebo-demo/install/prius_msgs/include/prius_msgs/prius_msgs/msg/detail/control__rosidl_typesupport_fastrtps_cpp.hpp\n'}
[0.429102] (prius_msgs) StdoutLine: {'line': b'-- Up-to-date: /sbel/gazebo-demo/install/prius_msgs/lib/libprius_msgs__rosidl_typesupport_fastrtps_cpp.so\n'}
[0.429298] (prius_msgs) StdoutLine: {'line': b'-- Up-to-date: /sbel/gazebo-demo/install/prius_msgs/include/prius_msgs/prius_msgs\n'}
[0.429349] (prius_msgs) StdoutLine: {'line': b'-- Up-to-date: /sbel/gazebo-demo/install/prius_msgs/include/prius_msgs/prius_msgs/msg\n'}
[0.429411] (prius_msgs) StdoutLine: {'line': b'-- Up-to-date: /sbel/gazebo-demo/install/prius_msgs/include/prius_msgs/prius_msgs/msg/rosidl_typesupport_introspection_c__visibility_control.h\n'}
[0.429473] (prius_msgs) StdoutLine: {'line': b'-- Up-to-date: /sbel/gazebo-demo/install/prius_msgs/include/prius_msgs/prius_msgs/msg/detail\n'}
[0.429528] (prius_msgs) StdoutLine: {'line': b'-- Up-to-date: /sbel/gazebo-demo/install/prius_msgs/include/prius_msgs/prius_msgs/msg/detail/control__rosidl_typesupport_introspection_c.h\n'}
[0.429580] (prius_msgs) StdoutLine: {'line': b'-- Up-to-date: /sbel/gazebo-demo/install/prius_msgs/include/prius_msgs/prius_msgs/msg/detail/control__type_support.c\n'}
[0.429697] (prius_msgs) StdoutLine: {'line': b'-- Up-to-date: /sbel/gazebo-demo/install/prius_msgs/lib/libprius_msgs__rosidl_typesupport_introspection_c.so\n'}
[0.430011] (prius_msgs) StdoutLine: {'line': b'-- Up-to-date: /sbel/gazebo-demo/install/prius_msgs/lib/libprius_msgs__rosidl_typesupport_c.so\n'}
[0.430177] (prius_msgs) StdoutLine: {'line': b'-- Up-to-date: /sbel/gazebo-demo/install/prius_msgs/include/prius_msgs/prius_msgs\n'}
[0.430241] (prius_msgs) StdoutLine: {'line': b'-- Up-to-date: /sbel/gazebo-demo/install/prius_msgs/include/prius_msgs/prius_msgs/msg\n'}
[0.430303] (prius_msgs) StdoutLine: {'line': b'-- Up-to-date: /sbel/gazebo-demo/install/prius_msgs/include/prius_msgs/prius_msgs/msg/detail\n'}
[0.430366] (prius_msgs) StdoutLine: {'line': b'-- Up-to-date: /sbel/gazebo-demo/install/prius_msgs/include/prius_msgs/prius_msgs/msg/detail/control__type_support.cpp\n'}
[0.430427] (prius_msgs) StdoutLine: {'line': b'-- Up-to-date: /sbel/gazebo-demo/install/prius_msgs/include/prius_msgs/prius_msgs/msg/detail/control__rosidl_typesupport_introspection_cpp.hpp\n'}
[0.430555] (prius_msgs) StdoutLine: {'line': b'-- Up-to-date: /sbel/gazebo-demo/install/prius_msgs/lib/libprius_msgs__rosidl_typesupport_introspection_cpp.so\n'}
[0.430873] (prius_msgs) StdoutLine: {'line': b'-- Up-to-date: /sbel/gazebo-demo/install/prius_msgs/lib/libprius_msgs__rosidl_typesupport_cpp.so\n'}
[0.431054] (prius_msgs) StdoutLine: {'line': b'-- Up-to-date: /sbel/gazebo-demo/install/prius_msgs/share/prius_msgs/environment/pythonpath.sh\n'}
[0.431107] (prius_msgs) StdoutLine: {'line': b'-- Up-to-date: /sbel/gazebo-demo/install/prius_msgs/share/prius_msgs/environment/pythonpath.dsv\n'}
[0.431166] (prius_msgs) StdoutLine: {'line': b'-- Up-to-date: /sbel/gazebo-demo/install/prius_msgs/local/lib/python3.10/dist-packages/prius_msgs-0.0.1-py3.10.egg-info\n'}
[0.431217] (prius_msgs) StdoutLine: {'line': b'-- Installing: /sbel/gazebo-demo/install/prius_msgs/local/lib/python3.10/dist-packages/prius_msgs-0.0.1-py3.10.egg-info/dependency_links.txt\n'}
[0.431462] (prius_msgs) StdoutLine: {'line': b'-- Installing: /sbel/gazebo-demo/install/prius_msgs/local/lib/python3.10/dist-packages/prius_msgs-0.0.1-py3.10.egg-info/PKG-INFO\n'}
[0.431675] (prius_msgs) StdoutLine: {'line': b'-- Installing: /sbel/gazebo-demo/install/prius_msgs/local/lib/python3.10/dist-packages/prius_msgs-0.0.1-py3.10.egg-info/SOURCES.txt\n'}
[0.431889] (prius_msgs) StdoutLine: {'line': b'-- Installing: /sbel/gazebo-demo/install/prius_msgs/local/lib/python3.10/dist-packages/prius_msgs-0.0.1-py3.10.egg-info/top_level.txt\n'}
[0.432118] (prius_msgs) StdoutLine: {'line': b'-- Up-to-date: /sbel/gazebo-demo/install/prius_msgs/local/lib/python3.10/dist-packages/prius_msgs\n'}
[0.432182] (prius_msgs) StdoutLine: {'line': b'-- Up-to-date: /sbel/gazebo-demo/install/prius_msgs/local/lib/python3.10/dist-packages/prius_msgs/_prius_msgs_s.ep.rosidl_typesupport_fastrtps_c.c\n'}
[0.432247] (prius_msgs) StdoutLine: {'line': b'-- Up-to-date: /sbel/gazebo-demo/install/prius_msgs/local/lib/python3.10/dist-packages/prius_msgs/prius_msgs_s__rosidl_typesupport_c.cpython-310-x86_64-linux-gnu.so\n'}
[0.432313] (prius_msgs) StdoutLine: {'line': b'-- Up-to-date: /sbel/gazebo-demo/install/prius_msgs/local/lib/python3.10/dist-packages/prius_msgs/__init__.py\n'}
[0.432382] (prius_msgs) StdoutLine: {'line': b'-- Up-to-date: /sbel/gazebo-demo/install/prius_msgs/local/lib/python3.10/dist-packages/prius_msgs/libprius_msgs__rosidl_generator_py.so\n'}
[0.432444] (prius_msgs) StdoutLine: {'line': b'-- Up-to-date: /sbel/gazebo-demo/install/prius_msgs/local/lib/python3.10/dist-packages/prius_msgs/_prius_msgs_s.ep.rosidl_typesupport_introspection_c.c\n'}
[0.432513] (prius_msgs) StdoutLine: {'line': b'-- Up-to-date: /sbel/gazebo-demo/install/prius_msgs/local/lib/python3.10/dist-packages/prius_msgs/prius_msgs_s__rosidl_typesupport_fastrtps_c.cpython-310-x86_64-linux-gnu.so\n'}
[0.432584] (prius_msgs) StdoutLine: {'line': b'-- Up-to-date: /sbel/gazebo-demo/install/prius_msgs/local/lib/python3.10/dist-packages/prius_msgs/msg\n'}
[0.432643] (prius_msgs) StdoutLine: {'line': b'-- Up-to-date: /sbel/gazebo-demo/install/prius_msgs/local/lib/python3.10/dist-packages/prius_msgs/msg/_control.py\n'}
[0.432701] (prius_msgs) StdoutLine: {'line': b'-- Up-to-date: /sbel/gazebo-demo/install/prius_msgs/local/lib/python3.10/dist-packages/prius_msgs/msg/__init__.py\n'}
[0.432751] (prius_msgs) StdoutLine: {'line': b'-- Up-to-date: /sbel/gazebo-demo/install/prius_msgs/local/lib/python3.10/dist-packages/prius_msgs/msg/_control_s.c\n'}
[0.432799] (prius_msgs) StdoutLine: {'line': b'-- Up-to-date: /sbel/gazebo-demo/install/prius_msgs/local/lib/python3.10/dist-packages/prius_msgs/prius_msgs_s__rosidl_typesupport_introspection_c.cpython-310-x86_64-linux-gnu.so\n'}
[0.432845] (prius_msgs) StdoutLine: {'line': b'-- Up-to-date: /sbel/gazebo-demo/install/prius_msgs/local/lib/python3.10/dist-packages/prius_msgs/_prius_msgs_s.ep.rosidl_typesupport_c.c\n'}
[0.455700] (prius_msgs) StdoutLine: {'line': b"Listing '/sbel/gazebo-demo/install/prius_msgs/local/lib/python3.10/dist-packages/prius_msgs'...\n"}
[0.455819] (prius_msgs) StdoutLine: {'line': b"Listing '/sbel/gazebo-demo/install/prius_msgs/local/lib/python3.10/dist-packages/prius_msgs/msg'...\n"}
[0.458708] (prius_msgs) StdoutLine: {'line': b'-- Up-to-date: /sbel/gazebo-demo/install/prius_msgs/local/lib/python3.10/dist-packages/prius_msgs/prius_msgs_s__rosidl_typesupport_fastrtps_c.cpython-310-x86_64-linux-gnu.so\n'}
[0.459043] (prius_msgs) StdoutLine: {'line': b'-- Up-to-date: /sbel/gazebo-demo/install/prius_msgs/local/lib/python3.10/dist-packages/prius_msgs/prius_msgs_s__rosidl_typesupport_introspection_c.cpython-310-x86_64-linux-gnu.so\n'}
[0.459438] (prius_msgs) StdoutLine: {'line': b'-- Up-to-date: /sbel/gazebo-demo/install/prius_msgs/local/lib/python3.10/dist-packages/prius_msgs/prius_msgs_s__rosidl_typesupport_c.cpython-310-x86_64-linux-gnu.so\n'}
[0.459755] (prius_msgs) StdoutLine: {'line': b'-- Up-to-date: /sbel/gazebo-demo/install/prius_msgs/lib/libprius_msgs__rosidl_generator_py.so\n'}
[0.459949] (prius_msgs) StdoutLine: {'line': b'-- Up-to-date: /sbel/gazebo-demo/install/prius_msgs/share/prius_msgs/msg/Control.idl\n'}
[0.460016] (prius_msgs) StdoutLine: {'line': b'-- Up-to-date: /sbel/gazebo-demo/install/prius_msgs/share/prius_msgs/msg/Control.msg\n'}
[0.460083] (prius_msgs) StdoutLine: {'line': b'-- Up-to-date: /sbel/gazebo-demo/install/prius_msgs/share/ament_index/resource_index/package_run_dependencies/prius_msgs\n'}
[0.460147] (prius_msgs) StdoutLine: {'line': b'-- Up-to-date: /sbel/gazebo-demo/install/prius_msgs/share/ament_index/resource_index/parent_prefix_path/prius_msgs\n'}
[0.460213] (prius_msgs) StdoutLine: {'line': b'-- Up-to-date: /sbel/gazebo-demo/install/prius_msgs/share/prius_msgs/environment/ament_prefix_path.sh\n'}
[0.460290] (prius_msgs) StdoutLine: {'line': b'-- Up-to-date: /sbel/gazebo-demo/install/prius_msgs/share/prius_msgs/environment/ament_prefix_path.dsv\n'}
[0.460356] (prius_msgs) StdoutLine: {'line': b'-- Up-to-date: /sbel/gazebo-demo/install/prius_msgs/share/prius_msgs/environment/path.sh\n'}
[0.460426] (prius_msgs) StdoutLine: {'line': b'-- Up-to-date: /sbel/gazebo-demo/install/prius_msgs/share/prius_msgs/environment/path.dsv\n'}
[0.460488] (prius_msgs) StdoutLine: {'line': b'-- Up-to-date: /sbel/gazebo-demo/install/prius_msgs/share/prius_msgs/local_setup.bash\n'}
[0.460571] (prius_msgs) StdoutLine: {'line': b'-- Up-to-date: /sbel/gazebo-demo/install/prius_msgs/share/prius_msgs/local_setup.sh\n'}
[0.460625] (prius_msgs) StdoutLine: {'line': b'-- Up-to-date: /sbel/gazebo-demo/install/prius_msgs/share/prius_msgs/local_setup.zsh\n'}
[0.460673] (prius_msgs) StdoutLine: {'line': b'-- Up-to-date: /sbel/gazebo-demo/install/prius_msgs/share/prius_msgs/local_setup.dsv\n'}
[0.460727] (prius_msgs) StdoutLine: {'line': b'-- Installing: /sbel/gazebo-demo/install/prius_msgs/share/prius_msgs/package.dsv\n'}
[0.460802] (prius_msgs) StdoutLine: {'line': b'-- Up-to-date: /sbel/gazebo-demo/install/prius_msgs/share/ament_index/resource_index/packages/prius_msgs\n'}
[0.460908] (prius_msgs) StdoutLine: {'line': b'-- Up-to-date: /sbel/gazebo-demo/install/prius_msgs/share/prius_msgs/cmake/export_prius_msgs__rosidl_generator_cExport.cmake\n'}
[0.460974] (prius_msgs) StdoutLine: {'line': b'-- Up-to-date: /sbel/gazebo-demo/install/prius_msgs/share/prius_msgs/cmake/export_prius_msgs__rosidl_generator_cExport-noconfig.cmake\n'}
[0.461061] (prius_msgs) StdoutLine: {'line': b'-- Up-to-date: /sbel/gazebo-demo/install/prius_msgs/share/prius_msgs/cmake/export_prius_msgs__rosidl_typesupport_fastrtps_cExport.cmake\n'}
[0.461128] (prius_msgs) StdoutLine: {'line': b'-- Up-to-date: /sbel/gazebo-demo/install/prius_msgs/share/prius_msgs/cmake/export_prius_msgs__rosidl_typesupport_fastrtps_cExport-noconfig.cmake\n'}
[0.461210] (prius_msgs) StdoutLine: {'line': b'-- Up-to-date: /sbel/gazebo-demo/install/prius_msgs/share/prius_msgs/cmake/export_prius_msgs__rosidl_generator_cppExport.cmake\n'}
[0.461303] (prius_msgs) StdoutLine: {'line': b'-- Up-to-date: /sbel/gazebo-demo/install/prius_msgs/share/prius_msgs/cmake/export_prius_msgs__rosidl_typesupport_fastrtps_cppExport.cmake\n'}
[0.461368] (prius_msgs) StdoutLine: {'line': b'-- Up-to-date: /sbel/gazebo-demo/install/prius_msgs/share/prius_msgs/cmake/export_prius_msgs__rosidl_typesupport_fastrtps_cppExport-noconfig.cmake\n'}
[0.461450] (prius_msgs) StdoutLine: {'line': b'-- Up-to-date: /sbel/gazebo-demo/install/prius_msgs/share/prius_msgs/cmake/prius_msgs__rosidl_typesupport_introspection_cExport.cmake\n'}
[0.461514] (prius_msgs) StdoutLine: {'line': b'-- Up-to-date: /sbel/gazebo-demo/install/prius_msgs/share/prius_msgs/cmake/prius_msgs__rosidl_typesupport_introspection_cExport-noconfig.cmake\n'}
[0.461595] (prius_msgs) StdoutLine: {'line': b'-- Up-to-date: /sbel/gazebo-demo/install/prius_msgs/share/prius_msgs/cmake/prius_msgs__rosidl_typesupport_cExport.cmake\n'}
[0.461663] (prius_msgs) StdoutLine: {'line': b'-- Up-to-date: /sbel/gazebo-demo/install/prius_msgs/share/prius_msgs/cmake/prius_msgs__rosidl_typesupport_cExport-noconfig.cmake\n'}
[0.461793] (prius_msgs) StdoutLine: {'line': b'-- Up-to-date: /sbel/gazebo-demo/install/prius_msgs/share/prius_msgs/cmake/prius_msgs__rosidl_typesupport_introspection_cppExport.cmake\n'}
[0.461861] (prius_msgs) StdoutLine: {'line': b'-- Up-to-date: /sbel/gazebo-demo/install/prius_msgs/share/prius_msgs/cmake/prius_msgs__rosidl_typesupport_introspection_cppExport-noconfig.cmake\n'}
[0.461936] (prius_msgs) StdoutLine: {'line': b'-- Up-to-date: /sbel/gazebo-demo/install/prius_msgs/share/prius_msgs/cmake/prius_msgs__rosidl_typesupport_cppExport.cmake\n'}
[0.462002] (prius_msgs) StdoutLine: {'line': b'-- Up-to-date: /sbel/gazebo-demo/install/prius_msgs/share/prius_msgs/cmake/prius_msgs__rosidl_typesupport_cppExport-noconfig.cmake\n'}
[0.462097] (prius_msgs) StdoutLine: {'line': b'-- Up-to-date: /sbel/gazebo-demo/install/prius_msgs/share/prius_msgs/cmake/export_prius_msgs__rosidl_generator_pyExport.cmake\n'}
[0.462160] (prius_msgs) StdoutLine: {'line': b'-- Up-to-date: /sbel/gazebo-demo/install/prius_msgs/share/prius_msgs/cmake/export_prius_msgs__rosidl_generator_pyExport-noconfig.cmake\n'}
[0.462212] (prius_msgs) StdoutLine: {'line': b'-- Up-to-date: /sbel/gazebo-demo/install/prius_msgs/share/prius_msgs/cmake/rosidl_cmake-extras.cmake\n'}
[0.462268] (prius_msgs) StdoutLine: {'line': b'-- Up-to-date: /sbel/gazebo-demo/install/prius_msgs/share/prius_msgs/cmake/ament_cmake_export_dependencies-extras.cmake\n'}
[0.462316] (prius_msgs) StdoutLine: {'line': b'-- Up-to-date: /sbel/gazebo-demo/install/prius_msgs/share/prius_msgs/cmake/ament_cmake_export_include_directories-extras.cmake\n'}
[0.462372] (prius_msgs) StdoutLine: {'line': b'-- Up-to-date: /sbel/gazebo-demo/install/prius_msgs/share/prius_msgs/cmake/ament_cmake_export_libraries-extras.cmake\n'}
[0.462431] (prius_msgs) StdoutLine: {'line': b'-- Up-to-date: /sbel/gazebo-demo/install/prius_msgs/share/prius_msgs/cmake/ament_cmake_export_targets-extras.cmake\n'}
[0.462481] (prius_msgs) StdoutLine: {'line': b'-- Up-to-date: /sbel/gazebo-demo/install/prius_msgs/share/prius_msgs/cmake/rosidl_cmake_export_typesupport_targets-extras.cmake\n'}
[0.462537] (prius_msgs) StdoutLine: {'line': b'-- Up-to-date: /sbel/gazebo-demo/install/prius_msgs/share/prius_msgs/cmake/rosidl_cmake_export_typesupport_libraries-extras.cmake\n'}
[0.462602] (prius_msgs) StdoutLine: {'line': b'-- Up-to-date: /sbel/gazebo-demo/install/prius_msgs/share/prius_msgs/cmake/prius_msgsConfig.cmake\n'}
[0.462665] (prius_msgs) StdoutLine: {'line': b'-- Up-to-date: /sbel/gazebo-demo/install/prius_msgs/share/prius_msgs/cmake/prius_msgsConfig-version.cmake\n'}
[0.462714] (prius_msgs) StdoutLine: {'line': b'-- Up-to-date: /sbel/gazebo-demo/install/prius_msgs/share/prius_msgs/package.xml\n'}
[0.464300] (prius_msgs) CommandEnded: {'returncode': 0}
[0.500449] (-) TimerEvent: {}
[0.600665] (-) TimerEvent: {}
[0.625431] (prius_msgs) JobEnded: {'identifier': 'prius_msgs', 'rc': 0}
[0.626075] (car_demo) JobStarted: {'identifier': 'car_demo'}
[0.679987] (car_demo) JobProgress: {'identifier': 'car_demo', 'progress': 'cmake'}
[0.680540] (car_demo) JobProgress: {'identifier': 'car_demo', 'progress': 'build'}
[0.680765] (car_demo) Command: {'cmd': ['/usr/bin/cmake', '--build', '/sbel/gazebo-demo/build/car_demo', '--', '-j16', '-l16'], 'cwd': '/sbel/gazebo-demo/build/car_demo', 'env': OrderedDict([('TMUX', '/tmp/tmux-0/default,42667,1'), ('LANGUAGE', 'en_US:en'), ('HOSTNAME', 'ef32acc5240d'), ('SHLVL', '2'), ('LD_LIBRARY_PATH', '/sbel/gazebo-demo/install/prius_msgs/lib:/sbel/gazebo-demo/install/car_demo/lib:/chrono_ros_interfaces/install/chrono_ros_interfaces/lib:/usr/lib/x86_64-linux-gnu/gazebo-11/plugins:/opt/ros/humble/opt/rviz_ogre_vendor/lib:/opt/ros/humble/lib/x86_64-linux-gnu:/opt/ros/humble/lib'), ('HOME', '/sbel'), ('NO_VNC_PORT', '6901'), ('OLDPWD', '/sbel'), ('TERM_PROGRAM_VERSION', '3.2a'), ('STARTUPDIR', '/dockerstartup'), ('ROS_PYTHON_VERSION', '3'), ('VNC_COL_DEPTH', '24'), ('COLCON_PREFIX_PATH', '/sbel/gazebo-demo/install:/chrono_ros_interfaces/install'), ('ROS_DISTRO', 'humble'), ('_', '/usr/bin/colcon'), ('ROS_VERSION', '2'), ('NO_VNC_HOME', '/sbel/noVNC'), ('TERM', 'screen'), ('GAZEBO_MODEL_PATH', '/sbel/gazebo-demo/install/prius_description/share/prius_description/models:/opt/ros/humble/share/prius_description/models'), ('ROS_LOCALHOST_ONLY', '0'), ('PATH', '/opt/ros/humble/bin:/usr/local/sbin:/usr/local/bin:/usr/sbin:/usr/bin:/sbin:/bin'), ('DISPLAY', ':1'), ('LANG', 'en_US.UTF-8'), ('TERM_PROGRAM', 'tmux'), ('AMENT_PREFIX_PATH', '/sbel/gazebo-demo/install/car_demo:/sbel/gazebo-demo/install/prius_msgs:/sbel/gazebo-demo/install/prius_description:/chrono_ros_interfaces/install/chrono_ros_interfaces:/opt/ros/humble'), ('DEBIAN_FRONTEND', 'noninteractive'), ('SHELL', '/bin/bash'), ('PWD', '/sbel/gazebo-demo/build/car_demo'), ('VNC_RESOLUTION', '1600x900'), ('LC_ALL', 'en_US.UTF-8'), ('PYTHONPATH', '/sbel/gazebo-demo/install/car_demo/local/lib/python3.10/dist-packages:/sbel/gazebo-demo/install/prius_msgs/local/lib/python3.10/dist-packages:/chrono_ros_interfaces/install/chrono_ros_interfaces/local/lib/python3.10/dist-packages:/opt/ros/humble/lib/python3.10/site-packages:/opt/ros/humble/local/lib/python3.10/dist-packages'), ('VNC_PW', 'sbel'), ('COLCON', '1'), ('TMUX_PANE', '%2'), ('CMAKE_PREFIX_PATH', '/sbel/gazebo-demo/install/prius_msgs:/sbel/gazebo-demo/install/prius_description:/sbel/gazebo-demo/install/car_demo:/chrono_ros_interfaces/install/chrono_ros_interfaces:/opt/ros/humble'), ('VNC_PORT', '5901')]), 'shell': False}
[0.700741] (-) TimerEvent: {}
[0.728945] (car_demo) StdoutLine: {'line': b'[ 50%] Built target gtest_main\n'}
[0.729119] (car_demo) StdoutLine: {'line': b'[ 50%] Built target gtest\n'}
[0.733428] (car_demo) StdoutLine: {'line': b'[ 50%] Built target ament_cmake_python_copy_car_demo\n'}
[0.747895] (car_demo) StdoutLine: {'line': b'[ 75%] Built target PriusHybridPlugin\n'}
[0.768564] (car_demo) StdoutLine: {'line': b'[100%] Built target PriusHybridPluginTest\n'}
[0.800820] (-) TimerEvent: {}
[0.901046] (-) TimerEvent: {}
[0.901206] (car_demo) StdoutLine: {'line': b'running egg_info\n'}
[0.901618] (car_demo) StdoutLine: {'line': b'writing car_demo.egg-info/PKG-INFO\n'}
[0.901803] (car_demo) StdoutLine: {'line': b'writing dependency_links to car_demo.egg-info/dependency_links.txt\n'}
[0.901959] (car_demo) StdoutLine: {'line': b'writing top-level names to car_demo.egg-info/top_level.txt\n'}
[0.903345] (car_demo) StdoutLine: {'line': b"reading manifest file 'car_demo.egg-info/SOURCES.txt'\n"}
[0.903777] (car_demo) StdoutLine: {'line': b"writing manifest file 'car_demo.egg-info/SOURCES.txt'\n"}
[0.923696] (car_demo) StdoutLine: {'line': b'[100%] Built target ament_cmake_python_build_car_demo_egg\n'}
[0.933308] (car_demo) CommandEnded: {'returncode': 0}
[0.962244] (car_demo) JobProgress: {'identifier': 'car_demo', 'progress': 'install'}
[0.962726] (car_demo) Command: {'cmd': ['/usr/bin/cmake', '--install', '/sbel/gazebo-demo/build/car_demo'], 'cwd': '/sbel/gazebo-demo/build/car_demo', 'env': OrderedDict([('TMUX', '/tmp/tmux-0/default,42667,1'), ('LANGUAGE', 'en_US:en'), ('HOSTNAME', 'ef32acc5240d'), ('SHLVL', '2'), ('LD_LIBRARY_PATH', '/sbel/gazebo-demo/install/prius_msgs/lib:/sbel/gazebo-demo/install/car_demo/lib:/chrono_ros_interfaces/install/chrono_ros_interfaces/lib:/usr/lib/x86_64-linux-gnu/gazebo-11/plugins:/opt/ros/humble/opt/rviz_ogre_vendor/lib:/opt/ros/humble/lib/x86_64-linux-gnu:/opt/ros/humble/lib'), ('HOME', '/sbel'), ('NO_VNC_PORT', '6901'), ('OLDPWD', '/sbel'), ('TERM_PROGRAM_VERSION', '3.2a'), ('STARTUPDIR', '/dockerstartup'), ('ROS_PYTHON_VERSION', '3'), ('VNC_COL_DEPTH', '24'), ('COLCON_PREFIX_PATH', '/sbel/gazebo-demo/install:/chrono_ros_interfaces/install'), ('ROS_DISTRO', 'humble'), ('_', '/usr/bin/colcon'), ('ROS_VERSION', '2'), ('NO_VNC_HOME', '/sbel/noVNC'), ('TERM', 'screen'), ('GAZEBO_MODEL_PATH', '/sbel/gazebo-demo/install/prius_description/share/prius_description/models:/opt/ros/humble/share/prius_description/models'), ('ROS_LOCALHOST_ONLY', '0'), ('PATH', '/opt/ros/humble/bin:/usr/local/sbin:/usr/local/bin:/usr/sbin:/usr/bin:/sbin:/bin'), ('DISPLAY', ':1'), ('LANG', 'en_US.UTF-8'), ('TERM_PROGRAM', 'tmux'), ('AMENT_PREFIX_PATH', '/sbel/gazebo-demo/install/car_demo:/sbel/gazebo-demo/install/prius_msgs:/sbel/gazebo-demo/install/prius_description:/chrono_ros_interfaces/install/chrono_ros_interfaces:/opt/ros/humble'), ('DEBIAN_FRONTEND', 'noninteractive'), ('SHELL', '/bin/bash'), ('PWD', '/sbel/gazebo-demo/build/car_demo'), ('VNC_RESOLUTION', '1600x900'), ('LC_ALL', 'en_US.UTF-8'), ('PYTHONPATH', '/sbel/gazebo-demo/install/car_demo/local/lib/python3.10/dist-packages:/sbel/gazebo-demo/install/prius_msgs/local/lib/python3.10/dist-packages:/chrono_ros_interfaces/install/chrono_ros_interfaces/local/lib/python3.10/dist-packages:/opt/ros/humble/lib/python3.10/site-packages:/opt/ros/humble/local/lib/python3.10/dist-packages'), ('VNC_PW', 'sbel'), ('COLCON', '1'), ('TMUX_PANE', '%2'), ('CMAKE_PREFIX_PATH', '/sbel/gazebo-demo/install/prius_msgs:/sbel/gazebo-demo/install/prius_description:/sbel/gazebo-demo/install/car_demo:/chrono_ros_interfaces/install/chrono_ros_interfaces:/opt/ros/humble'), ('VNC_PORT', '5901')]), 'shell': False}
[0.969466] (car_demo) StdoutLine: {'line': b'-- Install configuration: ""\n'}
[0.969568] (car_demo) StdoutLine: {'line': b'-- Up-to-date: /sbel/gazebo-demo/install/car_demo/share/car_demo/environment/library_path.sh\n'}
[0.969660] (car_demo) StdoutLine: {'line': b'-- Up-to-date: /sbel/gazebo-demo/install/car_demo/share/car_demo/environment/library_path.dsv\n'}
[0.969744] (car_demo) StdoutLine: {'line': b'-- Up-to-date: /sbel/gazebo-demo/install/car_demo/share/car_demo/environment/gazebo_plugins.sh\n'}
[0.969825] (car_demo) StdoutLine: {'line': b'-- Up-to-date: /sbel/gazebo-demo/install/car_demo/share/car_demo/environment/gazebo_plugins.dsv\n'}
[0.969887] (car_demo) StdoutLine: {'line': b'-- Up-to-date: /sbel/gazebo-demo/install/car_demo/share/car_demo/environment/pythonpath.sh\n'}
[0.969958] (car_demo) StdoutLine: {'line': b'-- Up-to-date: /sbel/gazebo-demo/install/car_demo/share/car_demo/environment/pythonpath.dsv\n'}
[0.970017] (car_demo) StdoutLine: {'line': b'-- Up-to-date: /sbel/gazebo-demo/install/car_demo/local/lib/python3.10/dist-packages/car_demo-0.0.1-py3.10.egg-info\n'}
[0.970065] (car_demo) StdoutLine: {'line': b'-- Installing: /sbel/gazebo-demo/install/car_demo/local/lib/python3.10/dist-packages/car_demo-0.0.1-py3.10.egg-info/dependency_links.txt\n'}
[0.970163] (car_demo) StdoutLine: {'line': b'-- Installing: /sbel/gazebo-demo/install/car_demo/local/lib/python3.10/dist-packages/car_demo-0.0.1-py3.10.egg-info/PKG-INFO\n'}
[0.970375] (car_demo) StdoutLine: {'line': b'-- Installing: /sbel/gazebo-demo/install/car_demo/local/lib/python3.10/dist-packages/car_demo-0.0.1-py3.10.egg-info/SOURCES.txt\n'}
[0.970580] (car_demo) StdoutLine: {'line': b'-- Installing: /sbel/gazebo-demo/install/car_demo/local/lib/python3.10/dist-packages/car_demo-0.0.1-py3.10.egg-info/top_level.txt\n'}
[0.970806] (car_demo) StdoutLine: {'line': b'-- Up-to-date: /sbel/gazebo-demo/install/car_demo/local/lib/python3.10/dist-packages/car_demo\n'}
[0.970874] (car_demo) StdoutLine: {'line': b'-- Up-to-date: /sbel/gazebo-demo/install/car_demo/local/lib/python3.10/dist-packages/car_demo/__init__.py\n'}
[0.993291] (car_demo) StdoutLine: {'line': b"Listing '/sbel/gazebo-demo/install/car_demo/local/lib/python3.10/dist-packages/car_demo'...\n"}
[0.995694] (car_demo) StdoutLine: {'line': b'-- Up-to-date: /sbel/gazebo-demo/install/car_demo/lib/car_demo/trajectory_controller.py\n'}
[0.995803] (car_demo) StdoutLine: {'line': b'-- Up-to-date: /sbel/gazebo-demo/install/car_demo/lib/car_demo/prius_teleop_keyboard.py\n'}
[0.995875] (car_demo) StdoutLine: {'line': b'-- Up-to-date: /sbel/gazebo-demo/install/car_demo/lib/car_demo/joystick_translator.py\n'}
[0.996058] (car_demo) StdoutLine: {'line': b'-- Up-to-date: /sbel/gazebo-demo/install/car_demo/lib/libPriusHybridPlugin.so\n'}
[0.996309] (car_demo) StdoutLine: {'line': b'-- Up-to-date: /sbel/gazebo-demo/install/car_demo/share/ament_index/resource_index/package_run_dependencies/car_demo\n'}
[0.996386] (car_demo) StdoutLine: {'line': b'-- Up-to-date: /sbel/gazebo-demo/install/car_demo/share/ament_index/resource_index/parent_prefix_path/car_demo\n'}
[0.996462] (car_demo) StdoutLine: {'line': b'-- Up-to-date: /sbel/gazebo-demo/install/car_demo/share/car_demo/environment/ament_prefix_path.sh\n'}
[0.996535] (car_demo) StdoutLine: {'line': b'-- Up-to-date: /sbel/gazebo-demo/install/car_demo/share/car_demo/environment/ament_prefix_path.dsv\n'}
[0.996607] (car_demo) StdoutLine: {'line': b'-- Up-to-date: /sbel/gazebo-demo/install/car_demo/share/car_demo/environment/path.sh\n'}
[0.996690] (car_demo) StdoutLine: {'line': b'-- Up-to-date: /sbel/gazebo-demo/install/car_demo/share/car_demo/environment/path.dsv\n'}
[0.996755] (car_demo) StdoutLine: {'line': b'-- Up-to-date: /sbel/gazebo-demo/install/car_demo/share/car_demo/local_setup.bash\n'}
[0.996827] (car_demo) StdoutLine: {'line': b'-- Up-to-date: /sbel/gazebo-demo/install/car_demo/share/car_demo/local_setup.sh\n'}
[0.996888] (car_demo) StdoutLine: {'line': b'-- Up-to-date: /sbel/gazebo-demo/install/car_demo/share/car_demo/local_setup.zsh\n'}
[0.996947] (car_demo) StdoutLine: {'line': b'-- Up-to-date: /sbel/gazebo-demo/install/car_demo/share/car_demo/local_setup.dsv\n'}
[0.996996] (car_demo) StdoutLine: {'line': b'-- Installing: /sbel/gazebo-demo/install/car_demo/share/car_demo/package.dsv\n'}
[0.997058] (car_demo) StdoutLine: {'line': b'-- Up-to-date: /sbel/gazebo-demo/install/car_demo/share/ament_index/resource_index/packages/car_demo\n'}
[0.997120] (car_demo) StdoutLine: {'line': b'-- Up-to-date: /sbel/gazebo-demo/install/car_demo/share/car_demo/cmake/ament_cmake_export_libraries-extras.cmake\n'}
[0.997180] (car_demo) StdoutLine: {'line': b'-- Up-to-date: /sbel/gazebo-demo/install/car_demo/share/car_demo/cmake/ament_cmake_export_include_directories-extras.cmake\n'}
[0.997242] (car_demo) StdoutLine: {'line': b'-- Up-to-date: /sbel/gazebo-demo/install/car_demo/share/car_demo/cmake/ament_cmake_export_dependencies-extras.cmake\n'}
[0.997309] (car_demo) StdoutLine: {'line': b'-- Up-to-date: /sbel/gazebo-demo/install/car_demo/share/car_demo/cmake/car_demoConfig.cmake\n'}
[0.997372] (car_demo) StdoutLine: {'line': b'-- Up-to-date: /sbel/gazebo-demo/install/car_demo/share/car_demo/cmake/car_demoConfig-version.cmake\n'}
[0.997422] (car_demo) StdoutLine: {'line': b'-- Up-to-date: /sbel/gazebo-demo/install/car_demo/share/car_demo/package.xml\n'}
[0.997492] (car_demo) StdoutLine: {'line': b'-- Up-to-date: /sbel/gazebo-demo/install/car_demo/share/car_demo/launch\n'}
[0.997551] (car_demo) StdoutLine: {'line': b'-- Up-to-date: /sbel/gazebo-demo/install/car_demo/share/car_demo/launch/demo.launch.py\n'}
[0.997613] (car_demo) StdoutLine: {'line': b'-- Up-to-date: /sbel/gazebo-demo/install/car_demo/share/car_demo/launch/spawn_prius.launch.py\n'}
[0.997687] (car_demo) StdoutLine: {'line': b'-- Up-to-date: /sbel/gazebo-demo/install/car_demo/share/car_demo/models\n'}
[0.997757] (car_demo) StdoutLine: {'line': b'-- Up-to-date: /sbel/gazebo-demo/install/car_demo/share/car_demo/models/speed_limit_sign\n'}
[0.997825] (car_demo) StdoutLine: {'line': b'-- Up-to-date: /sbel/gazebo-demo/install/car_demo/share/car_demo/models/speed_limit_sign/model-1_4.sdf\n'}
[0.997883] (car_demo) StdoutLine: {'line': b'-- Up-to-date: /sbel/gazebo-demo/install/car_demo/share/car_demo/models/speed_limit_sign/meshes\n'}
[0.997967] (car_demo) StdoutLine: {'line': b'-- Up-to-date: /sbel/gazebo-demo/install/car_demo/share/car_demo/models/speed_limit_sign/meshes/speed_limit_sign.dae\n'}
[0.998037] (car_demo) StdoutLine: {'line': b'-- Up-to-date: /sbel/gazebo-demo/install/car_demo/share/car_demo/models/speed_limit_sign/model-1_3.sdf\n'}
[0.998106] (car_demo) StdoutLine: {'line': b'-- Up-to-date: /sbel/gazebo-demo/install/car_demo/share/car_demo/models/speed_limit_sign/materials\n'}
[0.998166] (car_demo) StdoutLine: {'line': b'-- Up-to-date: /sbel/gazebo-demo/install/car_demo/share/car_demo/models/speed_limit_sign/materials/textures\n'}
[0.998217] (car_demo) StdoutLine: {'line': b'-- Up-to-date: /sbel/gazebo-demo/install/car_demo/share/car_demo/models/speed_limit_sign/materials/textures/Speed_90.png\n'}
[0.998285] (car_demo) StdoutLine: {'line': b'-- Up-to-date: /sbel/gazebo-demo/install/car_demo/share/car_demo/models/speed_limit_sign/materials/textures/Speed_30.png\n'}
[0.998352] (car_demo) StdoutLine: {'line': b'-- Up-to-date: /sbel/gazebo-demo/install/car_demo/share/car_demo/models/speed_limit_sign/materials/textures/Speed_120.png\n'}
[0.998417] (car_demo) StdoutLine: {'line': b'-- Up-to-date: /sbel/gazebo-demo/install/car_demo/share/car_demo/models/speed_limit_sign/materials/textures/Speed_40.png\n'}
[0.998483] (car_demo) StdoutLine: {'line': b'-- Up-to-date: /sbel/gazebo-demo/install/car_demo/share/car_demo/models/speed_limit_sign/materials/textures/Speed_16.png\n'}
[0.998537] (car_demo) StdoutLine: {'line': b'-- Up-to-date: /sbel/gazebo-demo/install/car_demo/share/car_demo/models/speed_limit_sign/materials/textures/Speed_50.png\n'}
[0.998602] (car_demo) StdoutLine: {'line': b'-- Up-to-date: /sbel/gazebo-demo/install/car_demo/share/car_demo/models/speed_limit_sign/materials/textures/Speed_110.png\n'}
[0.998652] (car_demo) StdoutLine: {'line': b'-- Up-to-date: /sbel/gazebo-demo/install/car_demo/share/car_demo/models/speed_limit_sign/materials/textures/Speed_130.png\n'}
[0.998708] (car_demo) StdoutLine: {'line': b'-- Up-to-date: /sbel/gazebo-demo/install/car_demo/share/car_demo/models/speed_limit_sign/materials/textures/StopSign_Diffuse.png\n'}
[0.998767] (car_demo) StdoutLine: {'line': b'-- Up-to-date: /sbel/gazebo-demo/install/car_demo/share/car_demo/models/speed_limit_sign/materials/textures/Speed_60.png\n'}
[0.998833] (car_demo) StdoutLine: {'line': b'-- Up-to-date: /sbel/gazebo-demo/install/car_demo/share/car_demo/models/speed_limit_sign/materials/textures/Speed_100.png\n'}
[0.998895] (car_demo) StdoutLine: {'line': b'-- Up-to-date: /sbel/gazebo-demo/install/car_demo/share/car_demo/models/speed_limit_sign/materials/textures/Speed_80.png\n'}
[0.998960] (car_demo) StdoutLine: {'line': b'-- Up-to-date: /sbel/gazebo-demo/install/car_demo/share/car_demo/models/speed_limit_sign/materials/textures/Speed_70.png\n'}
[0.999018] (car_demo) StdoutLine: {'line': b'-- Up-to-date: /sbel/gazebo-demo/install/car_demo/share/car_demo/models/speed_limit_sign/materials/textures/StopSign_Spec.png\n'}
[0.999085] (car_demo) StdoutLine: {'line': b'-- Up-to-date: /sbel/gazebo-demo/install/car_demo/share/car_demo/models/speed_limit_sign/materials/textures/Speed_Spec.png\n'}
[0.999146] (car_demo) StdoutLine: {'line': b'-- Up-to-date: /sbel/gazebo-demo/install/car_demo/share/car_demo/models/speed_limit_sign/model.config\n'}
[0.999211] (car_demo) StdoutLine: {'line': b'-- Up-to-date: /sbel/gazebo-demo/install/car_demo/share/car_demo/models/speed_limit_sign/model.sdf\n'}
[0.999284] (car_demo) StdoutLine: {'line': b'-- Up-to-date: /sbel/gazebo-demo/install/car_demo/share/car_demo/models/grey_wall\n'}
[0.999343] (car_demo) StdoutLine: {'line': b'-- Up-to-date: /sbel/gazebo-demo/install/car_demo/share/car_demo/models/grey_wall/model-1_4.sdf\n'}
[0.999395] (car_demo) StdoutLine: {'line': b'-- Up-to-date: /sbel/gazebo-demo/install/car_demo/share/car_demo/models/grey_wall/model-1_3.sdf\n'}
[0.999459] (car_demo) StdoutLine: {'line': b'-- Up-to-date: /sbel/gazebo-demo/install/car_demo/share/car_demo/models/grey_wall/materials\n'}
[0.999526] (car_demo) StdoutLine: {'line': b'-- Up-to-date: /sbel/gazebo-demo/install/car_demo/share/car_demo/models/grey_wall/materials/scripts\n'}
[0.999578] (car_demo) StdoutLine: {'line': b'-- Up-to-date: /sbel/gazebo-demo/install/car_demo/share/car_demo/models/grey_wall/materials/scripts/grey_wall.material\n'}
[0.999639] (car_demo) StdoutLine: {'line': b'-- Up-to-date: /sbel/gazebo-demo/install/car_demo/share/car_demo/models/grey_wall/materials/textures\n'}
[0.999698] (car_demo) StdoutLine: {'line': b'-- Up-to-date: /sbel/gazebo-demo/install/car_demo/share/car_demo/models/grey_wall/materials/textures/grey_wall.png\n'}
[0.999756] (car_demo) StdoutLine: {'line': b'-- Up-to-date: /sbel/gazebo-demo/install/car_demo/share/car_demo/models/grey_wall/model.config\n'}
[0.999812] (car_demo) StdoutLine: {'line': b'-- Up-to-date: /sbel/gazebo-demo/install/car_demo/share/car_demo/models/grey_wall/model.sdf\n'}
[0.999873] (car_demo) StdoutLine: {'line': b'-- Up-to-date: /sbel/gazebo-demo/install/car_demo/share/car_demo/models/construction_cone\n'}
[0.999936] (car_demo) StdoutLine: {'line': b'-- Up-to-date: /sbel/gazebo-demo/install/car_demo/share/car_demo/models/construction_cone/model-1_4.sdf\n'}
[0.999997] (car_demo) StdoutLine: {'line': b'-- Up-to-date: /sbel/gazebo-demo/install/car_demo/share/car_demo/models/construction_cone/meshes\n'}
[1.000059] (car_demo) StdoutLine: {'line': b'-- Up-to-date: /sbel/gazebo-demo/install/car_demo/share/car_demo/models/construction_cone/meshes/construction_cone.dae\n'}
[1.000120] (car_demo) StdoutLine: {'line': b'-- Up-to-date: /sbel/gazebo-demo/install/car_demo/share/car_demo/models/construction_cone/model-1_3.sdf\n'}
[1.000180] (car_demo) StdoutLine: {'line': b'-- Up-to-date: /sbel/gazebo-demo/install/car_demo/share/car_demo/models/construction_cone/materials\n'}
[1.000238] (car_demo) StdoutLine: {'line': b'-- Up-to-date: /sbel/gazebo-demo/install/car_demo/share/car_demo/models/construction_cone/materials/textures\n'}
[1.000303] (car_demo) StdoutLine: {'line': b'-- Up-to-date: /sbel/gazebo-demo/install/car_demo/share/car_demo/models/construction_cone/materials/textures/Construction_Cone_Diffuse.png\n'}
[1.000368] (car_demo) StdoutLine: {'line': b'-- Up-to-date: /sbel/gazebo-demo/install/car_demo/share/car_demo/models/construction_cone/model.config\n'}
[1.000427] (car_demo) StdoutLine: {'line': b'-- Up-to-date: /sbel/gazebo-demo/install/car_demo/share/car_demo/models/construction_cone/model.sdf\n'}
[1.000490] (car_demo) StdoutLine: {'line': b'-- Up-to-date: /sbel/gazebo-demo/install/car_demo/share/car_demo/models/house_3\n'}
[1.000551] (car_demo) StdoutLine: {'line': b'-- Up-to-date: /sbel/gazebo-demo/install/car_demo/share/car_demo/models/house_3/model-1_4.sdf\n'}
[1.000609] (car_demo) StdoutLine: {'line': b'-- Up-to-date: /sbel/gazebo-demo/install/car_demo/share/car_demo/models/house_3/meshes\n'}
[1.000665] (car_demo) StdoutLine: {'line': b'-- Up-to-date: /sbel/gazebo-demo/install/car_demo/share/car_demo/models/house_3/meshes/house_3.dae\n'}
[1.000717] (car_demo) StdoutLine: {'line': b'-- Up-to-date: /sbel/gazebo-demo/install/car_demo/share/car_demo/models/house_3/model-1_3.sdf\n'}
[1.000782] (car_demo) StdoutLine: {'line': b'-- Up-to-date: /sbel/gazebo-demo/install/car_demo/share/car_demo/models/house_3/materials\n'}
[1.000855] (car_demo) StdoutLine: {'line': b'-- Up-to-date: /sbel/gazebo-demo/install/car_demo/share/car_demo/models/house_3/materials/scripts\n'}
[1.000922] (car_demo) StdoutLine: {'line': b'-- Up-to-date: /sbel/gazebo-demo/install/car_demo/share/car_demo/models/house_3/materials/scripts/house_3.material\n'}
[1.000983] (car_demo) StdoutLine: {'line': b'-- Up-to-date: /sbel/gazebo-demo/install/car_demo/share/car_demo/models/house_3/materials/textures\n'}
[1.001041] (-) TimerEvent: {}
[1.001120] (car_demo) StdoutLine: {'line': b'-- Up-to-date: /sbel/gazebo-demo/install/car_demo/share/car_demo/models/house_3/materials/textures/House_3_Diffuse.png\n'}
[1.001190] (car_demo) StdoutLine: {'line': b'-- Up-to-date: /sbel/gazebo-demo/install/car_demo/share/car_demo/models/house_3/model.config\n'}
[1.001258] (car_demo) StdoutLine: {'line': b'-- Up-to-date: /sbel/gazebo-demo/install/car_demo/share/car_demo/models/house_3/model.sdf\n'}
[1.001327] (car_demo) StdoutLine: {'line': b'-- Up-to-date: /sbel/gazebo-demo/install/car_demo/share/car_demo/models/house_1\n'}
[1.001399] (car_demo) StdoutLine: {'line': b'-- Up-to-date: /sbel/gazebo-demo/install/car_demo/share/car_demo/models/house_1/model-1_4.sdf\n'}
[1.001468] (car_demo) StdoutLine: {'line': b'-- Up-to-date: /sbel/gazebo-demo/install/car_demo/share/car_demo/models/house_1/meshes\n'}
[1.001530] (car_demo) StdoutLine: {'line': b'-- Up-to-date: /sbel/gazebo-demo/install/car_demo/share/car_demo/models/house_1/meshes/house_1.dae\n'}
[1.001582] (car_demo) StdoutLine: {'line': b'-- Up-to-date: /sbel/gazebo-demo/install/car_demo/share/car_demo/models/house_1/model-1_3.sdf\n'}
[1.001643] (car_demo) StdoutLine: {'line': b'-- Up-to-date: /sbel/gazebo-demo/install/car_demo/share/car_demo/models/house_1/materials\n'}
[1.001700] (car_demo) StdoutLine: {'line': b'-- Up-to-date: /sbel/gazebo-demo/install/car_demo/share/car_demo/models/house_1/materials/scripts\n'}
[1.001754] (car_demo) StdoutLine: {'line': b'-- Up-to-date: /sbel/gazebo-demo/install/car_demo/share/car_demo/models/house_1/materials/scripts/house_1.material\n'}
[1.001813] (car_demo) StdoutLine: {'line': b'-- Up-to-date: /sbel/gazebo-demo/install/car_demo/share/car_demo/models/house_1/materials/textures\n'}
[1.001872] (car_demo) StdoutLine: {'line': b'-- Up-to-date: /sbel/gazebo-demo/install/car_demo/share/car_demo/models/house_1/materials/textures/House_1_Normal.png\n'}
[1.001950] (car_demo) StdoutLine: {'line': b'-- Up-to-date: /sbel/gazebo-demo/install/car_demo/share/car_demo/models/house_1/materials/textures/House_1_Diffuse.png\n'}
[1.002021] (car_demo) StdoutLine: {'line': b'-- Up-to-date: /sbel/gazebo-demo/install/car_demo/share/car_demo/models/house_1/materials/textures/House_1_Spec.png\n'}
[1.002084] (car_demo) StdoutLine: {'line': b'-- Up-to-date: /sbel/gazebo-demo/install/car_demo/share/car_demo/models/house_1/model.config\n'}
[1.002149] (car_demo) StdoutLine: {'line': b'-- Up-to-date: /sbel/gazebo-demo/install/car_demo/share/car_demo/models/house_1/model.sdf\n'}
[1.002209] (car_demo) StdoutLine: {'line': b'-- Up-to-date: /sbel/gazebo-demo/install/car_demo/share/car_demo/models/mcity\n'}
[1.002275] (car_demo) StdoutLine: {'line': b'-- Up-to-date: /sbel/gazebo-demo/install/car_demo/share/car_demo/models/mcity/meshes\n'}
[1.002328] (car_demo) StdoutLine: {'line': b'-- Up-to-date: /sbel/gazebo-demo/install/car_demo/share/car_demo/models/mcity/meshes/mcity.obj\n'}
[1.002387] (car_demo) StdoutLine: {'line': b'-- Up-to-date: /sbel/gazebo-demo/install/car_demo/share/car_demo/models/mcity/meshes/mcity.mtl\n'}
[1.002445] (car_demo) StdoutLine: {'line': b'-- Up-to-date: /sbel/gazebo-demo/install/car_demo/share/car_demo/models/mcity/materials\n'}
[1.002506] (car_demo) StdoutLine: {'line': b'-- Up-to-date: /sbel/gazebo-demo/install/car_demo/share/car_demo/models/mcity/materials/textures\n'}
[1.002566] (car_demo) StdoutLine: {'line': b'-- Up-to-date: /sbel/gazebo-demo/install/car_demo/share/car_demo/models/mcity/materials/textures/GuardRail.png\n'}
[1.002633] (car_demo) StdoutLine: {'line': b'-- Up-to-date: /sbel/gazebo-demo/install/car_demo/share/car_demo/models/mcity/materials/textures/OverheadSigns.png\n'}
[1.002689] (car_demo) StdoutLine: {'line': b'-- Up-to-date: /sbel/gazebo-demo/install/car_demo/share/car_demo/models/mcity/materials/textures/Brick.png\n'}
[1.002747] (car_demo) StdoutLine: {'line': b'-- Up-to-date: /sbel/gazebo-demo/install/car_demo/share/car_demo/models/mcity/materials/textures/Road_DoubleYellowLine.png\n'}
[1.002807] (car_demo) StdoutLine: {'line': b'-- Up-to-date: /sbel/gazebo-demo/install/car_demo/share/car_demo/models/mcity/materials/textures/Road_SingleWhiteLine.png\n'}
[1.002863] (car_demo) StdoutLine: {'line': b'-- Up-to-date: /sbel/gazebo-demo/install/car_demo/share/car_demo/models/mcity/materials/textures/Road_DoubleYellowLine_Light.png\n'}
[1.002926] (car_demo) StdoutLine: {'line': b'-- Up-to-date: /sbel/gazebo-demo/install/car_demo/share/car_demo/models/mcity/materials/textures/Road_Blank.png\n'}
[1.002987] (car_demo) StdoutLine: {'line': b'-- Up-to-date: /sbel/gazebo-demo/install/car_demo/share/car_demo/models/mcity/materials/textures/StreetLamp_Short.png\n'}
[1.003051] (car_demo) StdoutLine: {'line': b'-- Up-to-date: /sbel/gazebo-demo/install/car_demo/share/car_demo/models/mcity/materials/textures/Colors.png\n'}
[1.003113] (car_demo) StdoutLine: {'line': b'-- Up-to-date: /sbel/gazebo-demo/install/car_demo/share/car_demo/models/mcity/materials/textures/OverheadSignBase.png\n'}
[1.003174] (car_demo) StdoutLine: {'line': b'-- Up-to-date: /sbel/gazebo-demo/install/car_demo/share/car_demo/models/mcity/materials/textures/StreetLamp_Tall.png\n'}
[1.003241] (car_demo) StdoutLine: {'line': b'-- Up-to-date: /sbel/gazebo-demo/install/car_demo/share/car_demo/models/mcity/materials/textures/Tunnel.png\n'}
[1.003293] (car_demo) StdoutLine: {'line': b'-- Up-to-date: /sbel/gazebo-demo/install/car_demo/share/car_demo/models/mcity/materials/textures/Buildings.png\n'}
[1.003351] (car_demo) StdoutLine: {'line': b'-- Up-to-date: /sbel/gazebo-demo/install/car_demo/share/car_demo/models/mcity/materials/textures/Concrete_Ground.png\n'}
[1.003418] (car_demo) StdoutLine: {'line': b'-- Up-to-date: /sbel/gazebo-demo/install/car_demo/share/car_demo/models/mcity/materials/textures/Crosswalk.png\n'}
[1.003471] (car_demo) StdoutLine: {'line': b'-- Up-to-date: /sbel/gazebo-demo/install/car_demo/share/car_demo/models/mcity/materials/textures/TrafficBarrel.png\n'}
[1.003521] (car_demo) StdoutLine: {'line': b'-- Up-to-date: /sbel/gazebo-demo/install/car_demo/share/car_demo/models/mcity/materials/textures/RailroadGate.png\n'}
[1.003587] (car_demo) StdoutLine: {'line': b'-- Up-to-date: /sbel/gazebo-demo/install/car_demo/share/car_demo/models/mcity/materials/textures/Gravel.png\n'}
[1.003648] (car_demo) StdoutLine: {'line': b'-- Up-to-date: /sbel/gazebo-demo/install/car_demo/share/car_demo/models/mcity/materials/textures/Grass.png\n'}
[1.003700] (car_demo) StdoutLine: {'line': b'-- Up-to-date: /sbel/gazebo-demo/install/car_demo/share/car_demo/models/mcity/materials/textures/Curb.png\n'}
[1.003763] (car_demo) StdoutLine: {'line': b'-- Up-to-date: /sbel/gazebo-demo/install/car_demo/share/car_demo/models/mcity/materials/textures/Road_Blank_Light.png\n'}
[1.003818] (car_demo) StdoutLine: {'line': b'-- Up-to-date: /sbel/gazebo-demo/install/car_demo/share/car_demo/models/mcity/materials/textures/Asphalt.png\n'}
[1.003882] (car_demo) StdoutLine: {'line': b'-- Up-to-date: /sbel/gazebo-demo/install/car_demo/share/car_demo/models/mcity/model.config\n'}
[1.003949] (car_demo) StdoutLine: {'line': b'-- Up-to-date: /sbel/gazebo-demo/install/car_demo/share/car_demo/models/mcity/model.sdf\n'}
[1.004009] (car_demo) StdoutLine: {'line': b'-- Up-to-date: /sbel/gazebo-demo/install/car_demo/share/car_demo/models/house_2\n'}
[1.004068] (car_demo) StdoutLine: {'line': b'-- Up-to-date: /sbel/gazebo-demo/install/car_demo/share/car_demo/models/house_2/model-1_4.sdf\n'}
[1.004135] (car_demo) StdoutLine: {'line': b'-- Up-to-date: /sbel/gazebo-demo/install/car_demo/share/car_demo/models/house_2/meshes\n'}
[1.004201] (car_demo) StdoutLine: {'line': b'-- Up-to-date: /sbel/gazebo-demo/install/car_demo/share/car_demo/models/house_2/meshes/house_2.dae\n'}
[1.004272] (car_demo) StdoutLine: {'line': b'-- Up-to-date: /sbel/gazebo-demo/install/car_demo/share/car_demo/models/house_2/model-1_3.sdf\n'}
[1.004332] (car_demo) StdoutLine: {'line': b'-- Up-to-date: /sbel/gazebo-demo/install/car_demo/share/car_demo/models/house_2/materials\n'}
[1.004398] (car_demo) StdoutLine: {'line': b'-- Up-to-date: /sbel/gazebo-demo/install/car_demo/share/car_demo/models/house_2/materials/scripts\n'}
[1.004458] (car_demo) StdoutLine: {'line': b'-- Up-to-date: /sbel/gazebo-demo/install/car_demo/share/car_demo/models/house_2/materials/scripts/house_2.material\n'}
[1.004517] (car_demo) StdoutLine: {'line': b'-- Up-to-date: /sbel/gazebo-demo/install/car_demo/share/car_demo/models/house_2/materials/textures\n'}
[1.004576] (car_demo) StdoutLine: {'line': b'-- Up-to-date: /sbel/gazebo-demo/install/car_demo/share/car_demo/models/house_2/materials/textures/House_2_Diffuse.png\n'}
[1.004643] (car_demo) StdoutLine: {'line': b'-- Up-to-date: /sbel/gazebo-demo/install/car_demo/share/car_demo/models/house_2/model.config\n'}
[1.004701] (car_demo) StdoutLine: {'line': b'-- Up-to-date: /sbel/gazebo-demo/install/car_demo/share/car_demo/models/house_2/model.sdf\n'}
[1.004759] (car_demo) StdoutLine: {'line': b'-- Up-to-date: /sbel/gazebo-demo/install/car_demo/share/car_demo/models/jersey_barrier\n'}
[1.004826] (car_demo) StdoutLine: {'line': b'-- Up-to-date: /sbel/gazebo-demo/install/car_demo/share/car_demo/models/jersey_barrier/model-1_4.sdf\n'}
[1.004877] (car_demo) StdoutLine: {'line': b'-- Up-to-date: /sbel/gazebo-demo/install/car_demo/share/car_demo/models/jersey_barrier/meshes\n'}
[1.004944] (car_demo) StdoutLine: {'line': b'-- Up-to-date: /sbel/gazebo-demo/install/car_demo/share/car_demo/models/jersey_barrier/meshes/jersey_barrier.dae\n'}
[1.005004] (car_demo) StdoutLine: {'line': b'-- Up-to-date: /sbel/gazebo-demo/install/car_demo/share/car_demo/models/jersey_barrier/materials\n'}
[1.005070] (car_demo) StdoutLine: {'line': b'-- Up-to-date: /sbel/gazebo-demo/install/car_demo/share/car_demo/models/jersey_barrier/materials/textures\n'}
[1.005135] (car_demo) StdoutLine: {'line': b'-- Up-to-date: /sbel/gazebo-demo/install/car_demo/share/car_demo/models/jersey_barrier/materials/textures/jersey_barrier_spec.png\n'}
[1.005193] (car_demo) StdoutLine: {'line': b'-- Up-to-date: /sbel/gazebo-demo/install/car_demo/share/car_demo/models/jersey_barrier/materials/textures/jersey_barrier_diffuse.png\n'}
[1.005252] (car_demo) StdoutLine: {'line': b'-- Up-to-date: /sbel/gazebo-demo/install/car_demo/share/car_demo/models/jersey_barrier/materials/textures/jersey_barrier.png\n'}
[1.005316] (car_demo) StdoutLine: {'line': b'-- Up-to-date: /sbel/gazebo-demo/install/car_demo/share/car_demo/models/jersey_barrier/model.config\n'}
[1.005382] (car_demo) StdoutLine: {'line': b'-- Up-to-date: /sbel/gazebo-demo/install/car_demo/share/car_demo/models/jersey_barrier/model.sdf\n'}
[1.005442] (car_demo) StdoutLine: {'line': b'-- Up-to-date: /sbel/gazebo-demo/install/car_demo/share/car_demo/models/powerplant\n'}
[1.005510] (car_demo) StdoutLine: {'line': b'-- Up-to-date: /sbel/gazebo-demo/install/car_demo/share/car_demo/models/powerplant/model-1_2.sdf\n'}
[1.005559] (car_demo) StdoutLine: {'line': b'-- Up-to-date: /sbel/gazebo-demo/install/car_demo/share/car_demo/models/powerplant/model-1_4.sdf\n'}
[1.005606] (car_demo) StdoutLine: {'line': b'-- Up-to-date: /sbel/gazebo-demo/install/car_demo/share/car_demo/models/powerplant/meshes\n'}
[1.005651] (car_demo) StdoutLine: {'line': b'-- Up-to-date: /sbel/gazebo-demo/install/car_demo/share/car_demo/models/powerplant/meshes/powerplant.dae\n'}
[1.005696] (car_demo) StdoutLine: {'line': b'-- Up-to-date: /sbel/gazebo-demo/install/car_demo/share/car_demo/models/powerplant/model-1_3.sdf\n'}
[1.005753] (car_demo) StdoutLine: {'line': b'-- Up-to-date: /sbel/gazebo-demo/install/car_demo/share/car_demo/models/powerplant/materials\n'}
[1.005801] (car_demo) StdoutLine: {'line': b'-- Up-to-date: /sbel/gazebo-demo/install/car_demo/share/car_demo/models/powerplant/materials/textures\n'}
[1.005852] (car_demo) StdoutLine: {'line': b'-- Up-to-date: /sbel/gazebo-demo/install/car_demo/share/car_demo/models/powerplant/materials/textures/__auto_8.png\n'}
[1.005898] (car_demo) StdoutLine: {'line': b'-- Up-to-date: /sbel/gazebo-demo/install/car_demo/share/car_demo/models/powerplant/materials/textures/__auto_37.png\n'}
[1.006045] (car_demo) StdoutLine: {'line': b'-- Up-to-date: /sbel/gazebo-demo/install/car_demo/share/car_demo/models/powerplant/materials/textures/__auto_1.png\n'}
[1.006100] (car_demo) StdoutLine: {'line': b'-- Up-to-date: /sbel/gazebo-demo/install/car_demo/share/car_demo/models/powerplant/materials/textures/__auto_36.png\n'}
[1.006147] (car_demo) StdoutLine: {'line': b'-- Up-to-date: /sbel/gazebo-demo/install/car_demo/share/car_demo/models/powerplant/materials/textures/__auto_23.png\n'}
[1.006194] (car_demo) StdoutLine: {'line': b'-- Up-to-date: /sbel/gazebo-demo/install/car_demo/share/car_demo/models/powerplant/materials/textures/__auto_25.png\n'}
[1.006239] (car_demo) StdoutLine: {'line': b'-- Up-to-date: /sbel/gazebo-demo/install/car_demo/share/car_demo/models/powerplant/materials/textures/__auto_27.png\n'}
[1.006284] (car_demo) StdoutLine: {'line': b'-- Up-to-date: /sbel/gazebo-demo/install/car_demo/share/car_demo/models/powerplant/materials/textures/__auto_6.png\n'}
[1.006330] (car_demo) StdoutLine: {'line': b'-- Up-to-date: /sbel/gazebo-demo/install/car_demo/share/car_demo/models/powerplant/materials/textures/__auto_13.png\n'}
[1.006375] (car_demo) StdoutLine: {'line': b'-- Up-to-date: /sbel/gazebo-demo/install/car_demo/share/car_demo/models/powerplant/materials/textures/__auto_2.png\n'}
[1.006421] (car_demo) StdoutLine: {'line': b'-- Up-to-date: /sbel/gazebo-demo/install/car_demo/share/car_demo/models/powerplant/materials/textures/__auto_21.png\n'}
[1.006466] (car_demo) StdoutLine: {'line': b'-- Up-to-date: /sbel/gazebo-demo/install/car_demo/share/car_demo/models/powerplant/materials/textures/__auto_34.png\n'}
[1.006511] (car_demo) StdoutLine: {'line': b'-- Up-to-date: /sbel/gazebo-demo/install/car_demo/share/car_demo/models/powerplant/materials/textures/__auto_33.png\n'}
[1.006555] (car_demo) StdoutLine: {'line': b'-- Up-to-date: /sbel/gazebo-demo/install/car_demo/share/car_demo/models/powerplant/materials/textures/__auto_7.png\n'}
[1.006601] (car_demo) StdoutLine: {'line': b'-- Up-to-date: /sbel/gazebo-demo/install/car_demo/share/car_demo/models/powerplant/materials/textures/__auto_32.png\n'}
[1.006646] (car_demo) StdoutLine: {'line': b'-- Up-to-date: /sbel/gazebo-demo/install/car_demo/share/car_demo/models/powerplant/materials/textures/__auto_19.png\n'}
[1.006691] (car_demo) StdoutLine: {'line': b'-- Up-to-date: /sbel/gazebo-demo/install/car_demo/share/car_demo/models/powerplant/materials/textures/__auto_20.png\n'}
[1.006735] (car_demo) StdoutLine: {'line': b'-- Up-to-date: /sbel/gazebo-demo/install/car_demo/share/car_demo/models/powerplant/materials/textures/__auto_11.png\n'}
[1.006779] (car_demo) StdoutLine: {'line': b'-- Up-to-date: /sbel/gazebo-demo/install/car_demo/share/car_demo/models/powerplant/materials/textures/__auto_38.png\n'}
[1.006826] (car_demo) StdoutLine: {'line': b'-- Up-to-date: /sbel/gazebo-demo/install/car_demo/share/car_demo/models/powerplant/materials/textures/__auto_17.png\n'}
[1.006871] (car_demo) StdoutLine: {'line': b'-- Up-to-date: /sbel/gazebo-demo/install/car_demo/share/car_demo/models/powerplant/materials/textures/__auto_3.png\n'}
[1.006929] (car_demo) StdoutLine: {'line': b'-- Up-to-date: /sbel/gazebo-demo/install/car_demo/share/car_demo/models/powerplant/materials/textures/__auto_35.png\n'}
[1.006976] (car_demo) StdoutLine: {'line': b'-- Up-to-date: /sbel/gazebo-demo/install/car_demo/share/car_demo/models/powerplant/materials/textures/__auto_10.png\n'}
[1.007022] (car_demo) StdoutLine: {'line': b'-- Up-to-date: /sbel/gazebo-demo/install/car_demo/share/car_demo/models/powerplant/materials/textures/__auto_12.png\n'}
[1.007068] (car_demo) StdoutLine: {'line': b'-- Up-to-date: /sbel/gazebo-demo/install/car_demo/share/car_demo/models/powerplant/materials/textures/__auto_26.png\n'}
[1.007118] (car_demo) StdoutLine: {'line': b'-- Up-to-date: /sbel/gazebo-demo/install/car_demo/share/car_demo/models/powerplant/materials/textures/__auto_9.png\n'}
[1.007163] (car_demo) StdoutLine: {'line': b'-- Up-to-date: /sbel/gazebo-demo/install/car_demo/share/car_demo/models/powerplant/materials/textures/__auto_.png\n'}
[1.007207] (car_demo) StdoutLine: {'line': b'-- Up-to-date: /sbel/gazebo-demo/install/car_demo/share/car_demo/models/powerplant/materials/textures/__auto_22.png\n'}
[1.007252] (car_demo) StdoutLine: {'line': b'-- Up-to-date: /sbel/gazebo-demo/install/car_demo/share/car_demo/models/powerplant/model.config\n'}
[1.007452] (car_demo) StdoutLine: {'line': b'-- Up-to-date: /sbel/gazebo-demo/install/car_demo/share/car_demo/models/powerplant/model.sdf\n'}
[1.007785] (car_demo) StdoutLine: {'line': b'-- Up-to-date: /sbel/gazebo-demo/install/car_demo/share/car_demo/models/cloverleaf_interchange\n'}
[1.008009] (car_demo) StdoutLine: {'line': b'-- Up-to-date: /sbel/gazebo-demo/install/car_demo/share/car_demo/models/cloverleaf_interchange/meshes\n'}
[1.008149] (car_demo) StdoutLine: {'line': b'-- Up-to-date: /sbel/gazebo-demo/install/car_demo/share/car_demo/models/cloverleaf_interchange/meshes/cloverleaf.obj\n'}
[1.008284] (car_demo) StdoutLine: {'line': b'-- Up-to-date: /sbel/gazebo-demo/install/car_demo/share/car_demo/models/cloverleaf_interchange/meshes/cloverleaf.mtl\n'}
[1.008430] (car_demo) StdoutLine: {'line': b'-- Up-to-date: /sbel/gazebo-demo/install/car_demo/share/car_demo/models/cloverleaf_interchange/materials\n'}
[1.008550] (car_demo) StdoutLine: {'line': b'-- Up-to-date: /sbel/gazebo-demo/install/car_demo/share/car_demo/models/cloverleaf_interchange/materials/textures\n'}
[1.008664] (car_demo) StdoutLine: {'line': b'-- Up-to-date: /sbel/gazebo-demo/install/car_demo/share/car_demo/models/cloverleaf_interchange/materials/textures/arrow.png\n'}
[1.008767] (car_demo) StdoutLine: {'line': b'-- Up-to-date: /sbel/gazebo-demo/install/car_demo/share/car_demo/models/cloverleaf_interchange/materials/textures/grass.png\n'}
[1.008908] (car_demo) StdoutLine: {'line': b'-- Up-to-date: /sbel/gazebo-demo/install/car_demo/share/car_demo/models/cloverleaf_interchange/materials/textures/cross.png\n'}
[1.009012] (car_demo) StdoutLine: {'line': b'-- Up-to-date: /sbel/gazebo-demo/install/car_demo/share/car_demo/models/cloverleaf_interchange/materials/textures/road.png\n'}
[1.009080] (car_demo) StdoutLine: {'line': b'-- Up-to-date: /sbel/gazebo-demo/install/car_demo/share/car_demo/models/cloverleaf_interchange/materials/textures/concrete.png\n'}
[1.009212] (car_demo) StdoutLine: {'line': b'-- Up-to-date: /sbel/gazebo-demo/install/car_demo/share/car_demo/models/cloverleaf_interchange/model.config\n'}
[1.009323] (car_demo) StdoutLine: {'line': b'-- Up-to-date: /sbel/gazebo-demo/install/car_demo/share/car_demo/models/cloverleaf_interchange/model.sdf\n'}
[1.009454] (car_demo) StdoutLine: {'line': b'-- Up-to-date: /sbel/gazebo-demo/install/car_demo/share/car_demo/models/gas_station\n'}
[1.009529] (car_demo) StdoutLine: {'line': b'-- Up-to-date: /sbel/gazebo-demo/install/car_demo/share/car_demo/models/gas_station/model-1_4.sdf\n'}
[1.009617] (car_demo) StdoutLine: {'line': b'-- Up-to-date: /sbel/gazebo-demo/install/car_demo/share/car_demo/models/gas_station/meshes\n'}
[1.009776] (car_demo) StdoutLine: {'line': b'-- Up-to-date: /sbel/gazebo-demo/install/car_demo/share/car_demo/models/gas_station/meshes/gas_station.dae\n'}
[1.009938] (car_demo) StdoutLine: {'line': b'-- Up-to-date: /sbel/gazebo-demo/install/car_demo/share/car_demo/models/gas_station/model-1_3.sdf\n'}
[1.010016] (car_demo) StdoutLine: {'line': b'-- Up-to-date: /sbel/gazebo-demo/install/car_demo/share/car_demo/models/gas_station/materials\n'}
[1.010162] (car_demo) StdoutLine: {'line': b'-- Up-to-date: /sbel/gazebo-demo/install/car_demo/share/car_demo/models/gas_station/materials/scripts\n'}
[1.010282] (car_demo) StdoutLine: {'line': b'-- Up-to-date: /sbel/gazebo-demo/install/car_demo/share/car_demo/models/gas_station/materials/scripts/gas_station.material\n'}
[1.010386] (car_demo) StdoutLine: {'line': b'-- Up-to-date: /sbel/gazebo-demo/install/car_demo/share/car_demo/models/gas_station/materials/textures\n'}
[1.010508] (car_demo) StdoutLine: {'line': b'-- Up-to-date: /sbel/gazebo-demo/install/car_demo/share/car_demo/models/gas_station/materials/textures/GasStation_Normal.png\n'}
[1.010610] (car_demo) StdoutLine: {'line': b'-- Up-to-date: /sbel/gazebo-demo/install/car_demo/share/car_demo/models/gas_station/materials/textures/GasStation_Spec.png\n'}
[1.010713] (car_demo) StdoutLine: {'line': b'-- Up-to-date: /sbel/gazebo-demo/install/car_demo/share/car_demo/models/gas_station/materials/textures/GasStation_Diffuse.png\n'}
[1.010827] (car_demo) StdoutLine: {'line': b'-- Up-to-date: /sbel/gazebo-demo/install/car_demo/share/car_demo/models/gas_station/model.config\n'}
[1.010894] (car_demo) StdoutLine: {'line': b'-- Up-to-date: /sbel/gazebo-demo/install/car_demo/share/car_demo/models/gas_station/model.sdf\n'}
[1.011027] (car_demo) StdoutLine: {'line': b'-- Up-to-date: /sbel/gazebo-demo/install/car_demo/share/car_demo/models/dumpster\n'}
[1.011190] (car_demo) StdoutLine: {'line': b'-- Up-to-date: /sbel/gazebo-demo/install/car_demo/share/car_demo/models/dumpster/model-1_4.sdf\n'}
[1.011293] (car_demo) StdoutLine: {'line': b'-- Up-to-date: /sbel/gazebo-demo/install/car_demo/share/car_demo/models/dumpster/meshes\n'}
[1.011361] (car_demo) StdoutLine: {'line': b'-- Up-to-date: /sbel/gazebo-demo/install/car_demo/share/car_demo/models/dumpster/meshes/dumpster.dae\n'}
[1.011486] (car_demo) StdoutLine: {'line': b'-- Up-to-date: /sbel/gazebo-demo/install/car_demo/share/car_demo/models/dumpster/model-1_3.sdf\n'}
[1.011588] (car_demo) StdoutLine: {'line': b'-- Up-to-date: /sbel/gazebo-demo/install/car_demo/share/car_demo/models/dumpster/materials\n'}
[1.011690] (car_demo) StdoutLine: {'line': b'-- Up-to-date: /sbel/gazebo-demo/install/car_demo/share/car_demo/models/dumpster/materials/scripts\n'}
[1.011798] (car_demo) StdoutLine: {'line': b'-- Up-to-date: /sbel/gazebo-demo/install/car_demo/share/car_demo/models/dumpster/materials/scripts/dumpster.material\n'}
[1.011863] (car_demo) StdoutLine: {'line': b'-- Up-to-date: /sbel/gazebo-demo/install/car_demo/share/car_demo/models/dumpster/materials/textures\n'}
[1.011996] (car_demo) StdoutLine: {'line': b'-- Up-to-date: /sbel/gazebo-demo/install/car_demo/share/car_demo/models/dumpster/materials/textures/Dumpster_Spec.png\n'}
[1.012104] (car_demo) StdoutLine: {'line': b'-- Up-to-date: /sbel/gazebo-demo/install/car_demo/share/car_demo/models/dumpster/materials/textures/Dumpster_Diffuse.png\n'}
[1.012207] (car_demo) StdoutLine: {'line': b'-- Up-to-date: /sbel/gazebo-demo/install/car_demo/share/car_demo/models/dumpster/model.config\n'}
[1.012389] (car_demo) StdoutLine: {'line': b'-- Up-to-date: /sbel/gazebo-demo/install/car_demo/share/car_demo/models/dumpster/model.sdf\n'}
[1.012494] (car_demo) StdoutLine: {'line': b'-- Up-to-date: /sbel/gazebo-demo/install/car_demo/share/car_demo/rviz\n'}
[1.012610] (car_demo) StdoutLine: {'line': b'-- Up-to-date: /sbel/gazebo-demo/install/car_demo/share/car_demo/rviz/ros2.rviz\n'}
[1.012736] (car_demo) StdoutLine: {'line': b'-- Up-to-date: /sbel/gazebo-demo/install/car_demo/share/car_demo/worlds\n'}
[1.012848] (car_demo) StdoutLine: {'line': b'-- Up-to-date: /sbel/gazebo-demo/install/car_demo/share/car_demo/worlds/mcity.world\n'}
[1.012942] (car_demo) StdoutLine: {'line': b'-- Up-to-date: /sbel/gazebo-demo/install/car_demo/lib/libPriusHybridPlugin.so\n'}
[1.013042] (car_demo) CommandEnded: {'returncode': 0}
[1.101119] (-) TimerEvent: {}
[1.136221] (car_demo) JobEnded: {'identifier': 'car_demo', 'rc': 0}
[1.136761] (-) EventReactorShutdown: {}
