[0.045s] Invoking command in '/sbel/gazebo-demo/build/car_demo': AMENT_PREFIX_PATH=/sbel/gazebo-demo/install/prius_msgs:/sbel/gazebo-demo/install/prius_description:${AMENT_PREFIX_PATH} CMAKE_PREFIX_PATH=/sbel/gazebo-demo/install/prius_msgs:/sbel/gazebo-demo/install/prius_description:/chrono_ros_interfaces/install/chrono_ros_interfaces:/opt/ros/humble GAZEBO_MODEL_PATH=/sbel/gazebo-demo/install/prius_description/share/prius_description/models LD_LIBRARY_PATH=/sbel/gazebo-demo/install/prius_msgs/lib:${LD_LIBRARY_PATH} PYTHONPATH=/sbel/gazebo-demo/install/prius_msgs/local/lib/python3.10/dist-packages:${PYTHONPATH} /usr/bin/cmake /sbel/gazebo-demo/car_demo -DAMENT_CMAKE_SYMLINK_INSTALL=1 -DCMAKE_INSTALL_PREFIX=/sbel/gazebo-demo/install/car_demo
[0.087s] -- The C compiler identification is GNU 11.4.0
[0.126s] -- The CXX compiler identification is GNU 11.4.0
[0.132s] -- Detecting C compiler ABI info
[0.186s] -- Detecting C compiler ABI info - done
[0.191s] -- Check for working C compiler: /usr/bin/cc - skipped
[0.191s] -- Detecting C compile features
[0.191s] -- Detecting C compile features - done
[0.193s] -- Detecting CXX compiler ABI info
[0.255s] -- Detecting CXX compiler ABI info - done
[0.260s] -- Check for working CXX compiler: /usr/bin/c++ - skipped
[0.260s] -- Detecting CXX compile features
[0.260s] -- Detecting CXX compile features - done
[0.263s] -- Found ament_cmake: 1.3.5 (/opt/ros/humble/share/ament_cmake/cmake)
[0.385s] -- Found Python3: /usr/bin/python3.10 (found version "3.10.12") found components: Interpreter 
[0.427s] -- Override CMake install command with custom implementation using symlinks instead of copying resources
[0.463s] -- Found rclcpp: 16.0.6 (/opt/ros/humble/share/rclcpp/cmake)
[0.508s] -- Found rosidl_generator_c: 3.1.5 (/opt/ros/humble/share/rosidl_generator_c/cmake)
[0.513s] -- Found rosidl_adapter: 3.1.5 (/opt/ros/humble/share/rosidl_adapter/cmake)
[0.520s] -- Found rosidl_generator_cpp: 3.1.5 (/opt/ros/humble/share/rosidl_generator_cpp/cmake)
[0.531s] -- Using all available rosidl_typesupport_c: rosidl_typesupport_fastrtps_c;rosidl_typesupport_introspection_c
[0.547s] -- Using all available rosidl_typesupport_cpp: rosidl_typesupport_fastrtps_cpp;rosidl_typesupport_introspection_cpp
[0.613s] -- Found rmw_implementation_cmake: 6.1.1 (/opt/ros/humble/share/rmw_implementation_cmake/cmake)
[0.616s] -- Found rmw_fastrtps_cpp: 6.2.4 (/opt/ros/humble/share/rmw_fastrtps_cpp/cmake)
[0.719s] -- Found OpenSSL: /usr/lib/x86_64-linux-gnu/libcrypto.so (found version "3.0.2")  
[0.750s] -- Found FastRTPS: /opt/ros/humble/include  
[0.802s] -- Using RMW implementation 'rmw_fastrtps_cpp' as default
[0.814s] -- Looking for pthread.h
[0.872s] -- Looking for pthread.h - found
[0.872s] -- Performing Test CMAKE_HAVE_LIBC_PTHREAD
[0.930s] -- Performing Test CMAKE_HAVE_LIBC_PTHREAD - Success
[0.931s] -- Found Threads: TRUE  
[1.048s] -- Found rclpy: 3.3.10 (/opt/ros/humble/share/rclpy/cmake)
[1.066s] [31mCMake Error at CMakeLists.txt:18 (find_package):
[1.066s]   By not providing "Findgazebo_dev.cmake" in CMAKE_MODULE_PATH this project
[1.066s]   has asked CMake to find a package configuration file provided by
[1.066s]   "gazebo_dev", but CMake did not find one.
[1.066s] 
[1.066s]   Could not find a package configuration file provided by "gazebo_dev" with
[1.066s]   any of the following names:
[1.066s] 
[1.066s]     gazebo_devConfig.cmake
[1.066s]     gazebo_dev-config.cmake
[1.066s] 
[1.066s]   Add the installation prefix of "gazebo_dev" to CMAKE_PREFIX_PATH or set
[1.066s]   "gazebo_dev_DIR" to a directory containing one of the above files.  If
[1.066s]   "gazebo_dev" provides a separate development package or SDK, be sure it has
[1.066s]   been installed.
[1.066s] 
[1.066s] [0m
[1.066s] -- Configuring incomplete, errors occurred!
[1.066s] See also "/sbel/gazebo-demo/build/car_demo/CMakeFiles/CMakeOutput.log".
[1.072s] Invoked command in '/sbel/gazebo-demo/build/car_demo' returned '1': AMENT_PREFIX_PATH=/sbel/gazebo-demo/install/prius_msgs:/sbel/gazebo-demo/install/prius_description:${AMENT_PREFIX_PATH} CMAKE_PREFIX_PATH=/sbel/gazebo-demo/install/prius_msgs:/sbel/gazebo-demo/install/prius_description:/chrono_ros_interfaces/install/chrono_ros_interfaces:/opt/ros/humble GAZEBO_MODEL_PATH=/sbel/gazebo-demo/install/prius_description/share/prius_description/models LD_LIBRARY_PATH=/sbel/gazebo-demo/install/prius_msgs/lib:${LD_LIBRARY_PATH} PYTHONPATH=/sbel/gazebo-demo/install/prius_msgs/local/lib/python3.10/dist-packages:${PYTHONPATH} /usr/bin/cmake /sbel/gazebo-demo/car_demo -DAMENT_CMAKE_SYMLINK_INSTALL=1 -DCMAKE_INSTALL_PREFIX=/sbel/gazebo-demo/install/car_demo
