[0.000000] (-) TimerEvent: {}
[0.000314] (prius_description) JobQueued: {'identifier': 'prius_description', 'dependencies': OrderedDict()}
[0.000417] (prius_msgs) JobQueued: {'identifier': 'prius_msgs', 'dependencies': OrderedDict()}
[0.000463] (car_demo) JobQueued: {'identifier': 'car_demo', 'dependencies': OrderedDict([('prius_description', '/sbel/gazebo-demo/install/prius_description'), ('prius_msgs', '/sbel/gazebo-demo/install/prius_msgs')])}
[0.000492] (prius_description) JobStarted: {'identifier': 'prius_description'}
[0.052092] (prius_msgs) JobStarted: {'identifier': 'prius_msgs'}
[0.099854] (-) TimerEvent: {}
[0.102422] (prius_description) JobProgress: {'identifier': 'prius_description', 'progress': 'cmake'}
[0.102794] (prius_description) JobProgress: {'identifier': 'prius_description', 'progress': 'build'}
[0.103241] (prius_description) Command: {'cmd': ['/usr/bin/cmake', '--build', '/sbel/gazebo-demo/build/prius_description', '--', '-j16', '-l16'], 'cwd': '/sbel/gazebo-demo/build/prius_description', 'env': OrderedDict([('TMUX', '/tmp/tmux-0/default,42667,4'), ('LANGUAGE', 'en_US:en'), ('HOSTNAME', 'ef32acc5240d'), ('SHLVL', '2'), ('LD_LIBRARY_PATH', '/sbel/gazebo-demo/install/car_demo/lib:/sbel/gazebo-demo/install/prius_msgs/lib:/chrono_ros_interfaces/install/chrono_ros_interfaces/lib:/usr/lib/x86_64-linux-gnu/gazebo-11/plugins:/opt/ros/humble/opt/rviz_ogre_vendor/lib:/opt/ros/humble/lib/x86_64-linux-gnu:/opt/ros/humble/lib'), ('HOME', '/sbel'), ('NO_VNC_PORT', '6901'), ('OLDPWD', '/sbel'), ('TERM_PROGRAM_VERSION', '3.2a'), ('STARTUPDIR', '/dockerstartup'), ('ROS_PYTHON_VERSION', '3'), ('VNC_COL_DEPTH', '24'), ('COLCON_PREFIX_PATH', '/sbel/gazebo-demo/install:/chrono_ros_interfaces/install'), ('ROS_DISTRO', 'humble'), ('_', '/usr/bin/colcon'), ('ROS_VERSION', '2'), ('NO_VNC_HOME', '/sbel/noVNC'), ('TERM', 'screen'), ('GAZEBO_MODEL_PATH', '/opt/ros/humble/share/prius_description/models'), ('ROS_LOCALHOST_ONLY', '0'), ('PATH', '/opt/ros/humble/bin:/usr/local/sbin:/usr/local/bin:/usr/sbin:/usr/bin:/sbin:/bin'), ('DISPLAY', ':1'), ('LANG', 'en_US.UTF-8'), ('TERM_PROGRAM', 'tmux'), ('AMENT_PREFIX_PATH', '/sbel/gazebo-demo/install/car_demo:/sbel/gazebo-demo/install/prius_msgs:/sbel/gazebo-demo/install/prius_description:/chrono_ros_interfaces/install/chrono_ros_interfaces:/opt/ros/humble'), ('DEBIAN_FRONTEND', 'noninteractive'), ('SHELL', '/bin/bash'), ('PWD', '/sbel/gazebo-demo/build/prius_description'), ('VNC_RESOLUTION', '1600x900'), ('LC_ALL', 'en_US.UTF-8'), ('PYTHONPATH', '/sbel/gazebo-demo/install/car_demo/local/lib/python3.10/dist-packages:/sbel/gazebo-demo/install/prius_msgs/local/lib/python3.10/dist-packages:/chrono_ros_interfaces/install/chrono_ros_interfaces/local/lib/python3.10/dist-packages:/opt/ros/humble/lib/python3.10/site-packages:/opt/ros/humble/local/lib/python3.10/dist-packages'), ('VNC_PW', 'sbel'), ('COLCON', '1'), ('TMUX_PANE', '%8'), ('CMAKE_PREFIX_PATH', '/sbel/gazebo-demo/install/car_demo:/sbel/gazebo-demo/install/prius_msgs:/sbel/gazebo-demo/install/prius_description:/chrono_ros_interfaces/install/chrono_ros_interfaces:/opt/ros/humble'), ('VNC_PORT', '5901')]), 'shell': False}
[0.105660] (prius_msgs) JobProgress: {'identifier': 'prius_msgs', 'progress': 'cmake'}
[0.106052] (prius_msgs) JobProgress: {'identifier': 'prius_msgs', 'progress': 'build'}
[0.106200] (prius_msgs) Command: {'cmd': ['/usr/bin/cmake', '--build', '/sbel/gazebo-demo/build/prius_msgs', '--', '-j16', '-l16'], 'cwd': '/sbel/gazebo-demo/build/prius_msgs', 'env': OrderedDict([('TMUX', '/tmp/tmux-0/default,42667,4'), ('LANGUAGE', 'en_US:en'), ('HOSTNAME', 'ef32acc5240d'), ('SHLVL', '2'), ('LD_LIBRARY_PATH', '/sbel/gazebo-demo/install/car_demo/lib:/sbel/gazebo-demo/install/prius_msgs/lib:/chrono_ros_interfaces/install/chrono_ros_interfaces/lib:/usr/lib/x86_64-linux-gnu/gazebo-11/plugins:/opt/ros/humble/opt/rviz_ogre_vendor/lib:/opt/ros/humble/lib/x86_64-linux-gnu:/opt/ros/humble/lib'), ('HOME', '/sbel'), ('NO_VNC_PORT', '6901'), ('OLDPWD', '/sbel'), ('TERM_PROGRAM_VERSION', '3.2a'), ('STARTUPDIR', '/dockerstartup'), ('ROS_PYTHON_VERSION', '3'), ('VNC_COL_DEPTH', '24'), ('COLCON_PREFIX_PATH', '/sbel/gazebo-demo/install:/chrono_ros_interfaces/install'), ('ROS_DISTRO', 'humble'), ('_', '/usr/bin/colcon'), ('ROS_VERSION', '2'), ('NO_VNC_HOME', '/sbel/noVNC'), ('TERM', 'screen'), ('GAZEBO_MODEL_PATH', '/opt/ros/humble/share/prius_description/models'), ('ROS_LOCALHOST_ONLY', '0'), ('PATH', '/opt/ros/humble/bin:/usr/local/sbin:/usr/local/bin:/usr/sbin:/usr/bin:/sbin:/bin'), ('DISPLAY', ':1'), ('LANG', 'en_US.UTF-8'), ('TERM_PROGRAM', 'tmux'), ('AMENT_PREFIX_PATH', '/sbel/gazebo-demo/install/car_demo:/sbel/gazebo-demo/install/prius_msgs:/sbel/gazebo-demo/install/prius_description:/chrono_ros_interfaces/install/chrono_ros_interfaces:/opt/ros/humble'), ('DEBIAN_FRONTEND', 'noninteractive'), ('SHELL', '/bin/bash'), ('PWD', '/sbel/gazebo-demo/build/prius_msgs'), ('VNC_RESOLUTION', '1600x900'), ('LC_ALL', 'en_US.UTF-8'), ('PYTHONPATH', '/sbel/gazebo-demo/install/car_demo/local/lib/python3.10/dist-packages:/sbel/gazebo-demo/install/prius_msgs/local/lib/python3.10/dist-packages:/chrono_ros_interfaces/install/chrono_ros_interfaces/local/lib/python3.10/dist-packages:/opt/ros/humble/lib/python3.10/site-packages:/opt/ros/humble/local/lib/python3.10/dist-packages'), ('VNC_PW', 'sbel'), ('COLCON', '1'), ('TMUX_PANE', '%8'), ('CMAKE_PREFIX_PATH', '/sbel/gazebo-demo/install/car_demo:/sbel/gazebo-demo/install/prius_msgs:/sbel/gazebo-demo/install/prius_description:/chrono_ros_interfaces/install/chrono_ros_interfaces:/opt/ros/humble'), ('VNC_PORT', '5901')]), 'shell': False}
[0.136492] (prius_description) CommandEnded: {'returncode': 0}
[0.147829] (prius_msgs) StdoutLine: {'line': b'[  3%] Built target prius_msgs__cpp\n'}
[0.148779] (prius_msgs) StdoutLine: {'line': b'[ 12%] Built target prius_msgs__rosidl_generator_c\n'}
[0.156059] (prius_description) JobProgress: {'identifier': 'prius_description', 'progress': 'install'}
[0.157369] (prius_msgs) StdoutLine: {'line': b'[ 12%] Built target ament_cmake_python_copy_prius_msgs\n'}
[0.165096] (prius_description) Command: {'cmd': ['/usr/bin/cmake', '--install', '/sbel/gazebo-demo/build/prius_description'], 'cwd': '/sbel/gazebo-demo/build/prius_description', 'env': OrderedDict([('TMUX', '/tmp/tmux-0/default,42667,4'), ('LANGUAGE', 'en_US:en'), ('HOSTNAME', 'ef32acc5240d'), ('SHLVL', '2'), ('LD_LIBRARY_PATH', '/sbel/gazebo-demo/install/car_demo/lib:/sbel/gazebo-demo/install/prius_msgs/lib:/chrono_ros_interfaces/install/chrono_ros_interfaces/lib:/usr/lib/x86_64-linux-gnu/gazebo-11/plugins:/opt/ros/humble/opt/rviz_ogre_vendor/lib:/opt/ros/humble/lib/x86_64-linux-gnu:/opt/ros/humble/lib'), ('HOME', '/sbel'), ('NO_VNC_PORT', '6901'), ('OLDPWD', '/sbel'), ('TERM_PROGRAM_VERSION', '3.2a'), ('STARTUPDIR', '/dockerstartup'), ('ROS_PYTHON_VERSION', '3'), ('VNC_COL_DEPTH', '24'), ('COLCON_PREFIX_PATH', '/sbel/gazebo-demo/install:/chrono_ros_interfaces/install'), ('ROS_DISTRO', 'humble'), ('_', '/usr/bin/colcon'), ('ROS_VERSION', '2'), ('NO_VNC_HOME', '/sbel/noVNC'), ('TERM', 'screen'), ('GAZEBO_MODEL_PATH', '/opt/ros/humble/share/prius_description/models'), ('ROS_LOCALHOST_ONLY', '0'), ('PATH', '/opt/ros/humble/bin:/usr/local/sbin:/usr/local/bin:/usr/sbin:/usr/bin:/sbin:/bin'), ('DISPLAY', ':1'), ('LANG', 'en_US.UTF-8'), ('TERM_PROGRAM', 'tmux'), ('AMENT_PREFIX_PATH', '/sbel/gazebo-demo/install/car_demo:/sbel/gazebo-demo/install/prius_msgs:/sbel/gazebo-demo/install/prius_description:/chrono_ros_interfaces/install/chrono_ros_interfaces:/opt/ros/humble'), ('DEBIAN_FRONTEND', 'noninteractive'), ('SHELL', '/bin/bash'), ('PWD', '/sbel/gazebo-demo/build/prius_description'), ('VNC_RESOLUTION', '1600x900'), ('LC_ALL', 'en_US.UTF-8'), ('PYTHONPATH', '/sbel/gazebo-demo/install/car_demo/local/lib/python3.10/dist-packages:/sbel/gazebo-demo/install/prius_msgs/local/lib/python3.10/dist-packages:/chrono_ros_interfaces/install/chrono_ros_interfaces/local/lib/python3.10/dist-packages:/opt/ros/humble/lib/python3.10/site-packages:/opt/ros/humble/local/lib/python3.10/dist-packages'), ('VNC_PW', 'sbel'), ('COLCON', '1'), ('TMUX_PANE', '%8'), ('CMAKE_PREFIX_PATH', '/sbel/gazebo-demo/install/car_demo:/sbel/gazebo-demo/install/prius_msgs:/sbel/gazebo-demo/install/prius_description:/chrono_ros_interfaces/install/chrono_ros_interfaces:/opt/ros/humble'), ('VNC_PORT', '5901')]), 'shell': False}
[0.167010] (prius_msgs) StdoutLine: {'line': b'[ 22%] Built target prius_msgs__rosidl_typesupport_c\n'}
[0.167157] (prius_msgs) StdoutLine: {'line': b'[ 32%] Built target prius_msgs__rosidl_typesupport_cpp\n'}
[0.167478] (prius_msgs) StdoutLine: {'line': b'[ 51%] Built target prius_msgs__rosidl_typesupport_fastrtps_cpp\n'}
[0.167571] (prius_msgs) StdoutLine: {'line': b'[ 51%] Built target prius_msgs__rosidl_typesupport_introspection_cpp\n'}
[0.168115] (prius_msgs) StdoutLine: {'line': b'[ 61%] Built target prius_msgs__rosidl_typesupport_introspection_c\n'}
[0.170065] (prius_msgs) StdoutLine: {'line': b'[ 70%] Built target prius_msgs__rosidl_typesupport_fastrtps_c\n'}
[0.171409] (prius_description) StdoutLine: {'line': b'-- Install configuration: ""\n'}
[0.171524] (prius_description) StdoutLine: {'line': b'-- Up-to-date: /sbel/gazebo-demo/install/prius_description/share/prius_description/environment/gazebo_envs.sh\n'}
[0.171607] (prius_description) StdoutLine: {'line': b'-- Up-to-date: /sbel/gazebo-demo/install/prius_description/share/prius_description/meshes\n'}
[0.171696] (prius_description) StdoutLine: {'line': b'-- Up-to-date: /sbel/gazebo-demo/install/prius_description/share/prius_description/meshes/wheel.obj\n'}
[0.171787] (prius_description) StdoutLine: {'line': b'-- Up-to-date: /sbel/gazebo-demo/install/prius_description/share/prius_description/meshes/hybrid_body.mtl\n'}
[0.171873] (prius_description) StdoutLine: {'line': b'-- Up-to-date: /sbel/gazebo-demo/install/prius_description/share/prius_description/meshes/Hybrid.png\n'}
[0.171954] (prius_description) StdoutLine: {'line': b'-- Up-to-date: /sbel/gazebo-demo/install/prius_description/share/prius_description/meshes/steering_wheel.mtl\n'}
[0.172039] (prius_description) StdoutLine: {'line': b'-- Up-to-date: /sbel/gazebo-demo/install/prius_description/share/prius_description/meshes/model.config\n'}
[0.172113] (prius_description) StdoutLine: {'line': b'-- Up-to-date: /sbel/gazebo-demo/install/prius_description/share/prius_description/meshes/Wheels3.png\n'}
[0.172187] (prius_description) StdoutLine: {'line': b'-- Up-to-date: /sbel/gazebo-demo/install/prius_description/share/prius_description/meshes/Hybrid_Interior.png\n'}
[0.172240] (prius_description) StdoutLine: {'line': b'-- Up-to-date: /sbel/gazebo-demo/install/prius_description/share/prius_description/meshes/steering_wheel.obj\n'}
[0.172289] (prius_description) StdoutLine: {'line': b'-- Up-to-date: /sbel/gazebo-demo/install/prius_description/share/prius_description/meshes/wheel.mtl\n'}
[0.172337] (prius_description) StdoutLine: {'line': b'-- Up-to-date: /sbel/gazebo-demo/install/prius_description/share/prius_description/meshes/hybrid_body.obj\n'}
[0.172387] (prius_description) StdoutLine: {'line': b'-- Up-to-date: /sbel/gazebo-demo/install/prius_description/share/prius_description/urdf\n'}
[0.172435] (prius_description) StdoutLine: {'line': b'-- Installing: /sbel/gazebo-demo/install/prius_description/share/prius_description/urdf/prius.urdf\n'}
[0.172552] (prius_description) StdoutLine: {'line': b'-- Up-to-date: /sbel/gazebo-demo/install/prius_description/share/prius_description/model.config\n'}
[0.172620] (prius_description) StdoutLine: {'line': b'-- Up-to-date: /sbel/gazebo-demo/install/prius_description/share/ament_index/resource_index/package_run_dependencies/prius_description\n'}
[0.172691] (prius_description) StdoutLine: {'line': b'-- Up-to-date: /sbel/gazebo-demo/install/prius_description/share/ament_index/resource_index/parent_prefix_path/prius_description\n'}
[0.172763] (prius_description) StdoutLine: {'line': b'-- Up-to-date: /sbel/gazebo-demo/install/prius_description/share/prius_description/environment/ament_prefix_path.sh\n'}
[0.172922] (prius_description) StdoutLine: {'line': b'-- Up-to-date: /sbel/gazebo-demo/install/prius_description/share/prius_description/environment/ament_prefix_path.dsv\n'}
[0.173001] (prius_description) StdoutLine: {'line': b'-- Up-to-date: /sbel/gazebo-demo/install/prius_description/share/prius_description/environment/path.sh\n'}
[0.173086] (prius_description) StdoutLine: {'line': b'-- Up-to-date: /sbel/gazebo-demo/install/prius_description/share/prius_description/environment/path.dsv\n'}
[0.173162] (prius_description) StdoutLine: {'line': b'-- Up-to-date: /sbel/gazebo-demo/install/prius_description/share/prius_description/local_setup.bash\n'}
[0.173229] (prius_description) StdoutLine: {'line': b'-- Up-to-date: /sbel/gazebo-demo/install/prius_description/share/prius_description/local_setup.sh\n'}
[0.173280] (prius_description) StdoutLine: {'line': b'-- Up-to-date: /sbel/gazebo-demo/install/prius_description/share/prius_description/local_setup.zsh\n'}
[0.173329] (prius_description) StdoutLine: {'line': b'-- Up-to-date: /sbel/gazebo-demo/install/prius_description/share/prius_description/local_setup.dsv\n'}
[0.173378] (prius_description) StdoutLine: {'line': b'-- Installing: /sbel/gazebo-demo/install/prius_description/share/prius_description/package.dsv\n'}
[0.173441] (prius_description) StdoutLine: {'line': b'-- Up-to-date: /sbel/gazebo-demo/install/prius_description/share/ament_index/resource_index/packages/prius_description\n'}
[0.173507] (prius_description) StdoutLine: {'line': b'-- Up-to-date: /sbel/gazebo-demo/install/prius_description/share/prius_description/cmake/prius_descriptionConfig.cmake\n'}
[0.173583] (prius_description) StdoutLine: {'line': b'-- Up-to-date: /sbel/gazebo-demo/install/prius_description/share/prius_description/cmake/prius_descriptionConfig-version.cmake\n'}
[0.173648] (prius_description) StdoutLine: {'line': b'-- Up-to-date: /sbel/gazebo-demo/install/prius_description/share/prius_description/package.xml\n'}
[0.175005] (prius_description) CommandEnded: {'returncode': 0}
[0.187411] (prius_msgs) StdoutLine: {'line': b'[ 70%] Built target prius_msgs\n'}
[0.199951] (-) TimerEvent: {}
[0.206213] (prius_msgs) StdoutLine: {'line': b'[ 74%] Built target prius_msgs__py\n'}
[0.225365] (prius_msgs) StdoutLine: {'line': b'[ 80%] Built target prius_msgs__rosidl_generator_py\n'}
[0.244836] (prius_msgs) StdoutLine: {'line': b'[100%] Built target prius_msgs__rosidl_typesupport_introspection_c__pyext\n'}
[0.245090] (prius_msgs) StdoutLine: {'line': b'[100%] Built target prius_msgs__rosidl_typesupport_fastrtps_c__pyext\n'}
[0.245218] (prius_msgs) StdoutLine: {'line': b'[100%] Built target prius_msgs__rosidl_typesupport_c__pyext\n'}
[0.273749] (prius_description) JobEnded: {'identifier': 'prius_description', 'rc': 0}
[0.300018] (-) TimerEvent: {}
[0.324557] (prius_msgs) StdoutLine: {'line': b'running egg_info\n'}
[0.324954] (prius_msgs) StdoutLine: {'line': b'writing prius_msgs.egg-info/PKG-INFO\n'}
[0.325112] (prius_msgs) StdoutLine: {'line': b'writing dependency_links to prius_msgs.egg-info/dependency_links.txt\n'}
[0.325245] (prius_msgs) StdoutLine: {'line': b'writing top-level names to prius_msgs.egg-info/top_level.txt\n'}
[0.326542] (prius_msgs) StdoutLine: {'line': b"reading manifest file 'prius_msgs.egg-info/SOURCES.txt'\n"}
[0.326937] (prius_msgs) StdoutLine: {'line': b"writing manifest file 'prius_msgs.egg-info/SOURCES.txt'\n"}
[0.344487] (prius_msgs) StdoutLine: {'line': b'[100%] Built target ament_cmake_python_build_prius_msgs_egg\n'}
[0.353942] (prius_msgs) CommandEnded: {'returncode': 0}
[0.400098] (-) TimerEvent: {}
[0.414120] (prius_msgs) JobProgress: {'identifier': 'prius_msgs', 'progress': 'install'}
[0.414453] (prius_msgs) Command: {'cmd': ['/usr/bin/cmake', '--install', '/sbel/gazebo-demo/build/prius_msgs'], 'cwd': '/sbel/gazebo-demo/build/prius_msgs', 'env': OrderedDict([('TMUX', '/tmp/tmux-0/default,42667,4'), ('LANGUAGE', 'en_US:en'), ('HOSTNAME', 'ef32acc5240d'), ('SHLVL', '2'), ('LD_LIBRARY_PATH', '/sbel/gazebo-demo/install/car_demo/lib:/sbel/gazebo-demo/install/prius_msgs/lib:/chrono_ros_interfaces/install/chrono_ros_interfaces/lib:/usr/lib/x86_64-linux-gnu/gazebo-11/plugins:/opt/ros/humble/opt/rviz_ogre_vendor/lib:/opt/ros/humble/lib/x86_64-linux-gnu:/opt/ros/humble/lib'), ('HOME', '/sbel'), ('NO_VNC_PORT', '6901'), ('OLDPWD', '/sbel'), ('TERM_PROGRAM_VERSION', '3.2a'), ('STARTUPDIR', '/dockerstartup'), ('ROS_PYTHON_VERSION', '3'), ('VNC_COL_DEPTH', '24'), ('COLCON_PREFIX_PATH', '/sbel/gazebo-demo/install:/chrono_ros_interfaces/install'), ('ROS_DISTRO', 'humble'), ('_', '/usr/bin/colcon'), ('ROS_VERSION', '2'), ('NO_VNC_HOME', '/sbel/noVNC'), ('TERM', 'screen'), ('GAZEBO_MODEL_PATH', '/opt/ros/humble/share/prius_description/models'), ('ROS_LOCALHOST_ONLY', '0'), ('PATH', '/opt/ros/humble/bin:/usr/local/sbin:/usr/local/bin:/usr/sbin:/usr/bin:/sbin:/bin'), ('DISPLAY', ':1'), ('LANG', 'en_US.UTF-8'), ('TERM_PROGRAM', 'tmux'), ('AMENT_PREFIX_PATH', '/sbel/gazebo-demo/install/car_demo:/sbel/gazebo-demo/install/prius_msgs:/sbel/gazebo-demo/install/prius_description:/chrono_ros_interfaces/install/chrono_ros_interfaces:/opt/ros/humble'), ('DEBIAN_FRONTEND', 'noninteractive'), ('SHELL', '/bin/bash'), ('PWD', '/sbel/gazebo-demo/build/prius_msgs'), ('VNC_RESOLUTION', '1600x900'), ('LC_ALL', 'en_US.UTF-8'), ('PYTHONPATH', '/sbel/gazebo-demo/install/car_demo/local/lib/python3.10/dist-packages:/sbel/gazebo-demo/install/prius_msgs/local/lib/python3.10/dist-packages:/chrono_ros_interfaces/install/chrono_ros_interfaces/local/lib/python3.10/dist-packages:/opt/ros/humble/lib/python3.10/site-packages:/opt/ros/humble/local/lib/python3.10/dist-packages'), ('VNC_PW', 'sbel'), ('COLCON', '1'), ('TMUX_PANE', '%8'), ('CMAKE_PREFIX_PATH', '/sbel/gazebo-demo/install/car_demo:/sbel/gazebo-demo/install/prius_msgs:/sbel/gazebo-demo/install/prius_description:/chrono_ros_interfaces/install/chrono_ros_interfaces:/opt/ros/humble'), ('VNC_PORT', '5901')]), 'shell': False}
[0.421529] (prius_msgs) StdoutLine: {'line': b'-- Install configuration: ""\n'}
[0.421624] (prius_msgs) StdoutLine: {'line': b'-- Up-to-date: /sbel/gazebo-demo/install/prius_msgs/share/ament_index/resource_index/rosidl_interfaces/prius_msgs\n'}
[0.421693] (prius_msgs) StdoutLine: {'line': b'-- Up-to-date: /sbel/gazebo-demo/install/prius_msgs/include/prius_msgs/prius_msgs\n'}
[0.421771] (prius_msgs) StdoutLine: {'line': b'-- Up-to-date: /sbel/gazebo-demo/install/prius_msgs/include/prius_msgs/prius_msgs/msg\n'}
[0.421826] (prius_msgs) StdoutLine: {'line': b'-- Up-to-date: /sbel/gazebo-demo/install/prius_msgs/include/prius_msgs/prius_msgs/msg/rosidl_generator_c__visibility_control.h\n'}
[0.421896] (prius_msgs) StdoutLine: {'line': b'-- Up-to-date: /sbel/gazebo-demo/install/prius_msgs/include/prius_msgs/prius_msgs/msg/detail\n'}
[0.421979] (prius_msgs) StdoutLine: {'line': b'-- Up-to-date: /sbel/gazebo-demo/install/prius_msgs/include/prius_msgs/prius_msgs/msg/detail/control__struct.h\n'}
[0.422041] (prius_msgs) StdoutLine: {'line': b'-- Up-to-date: /sbel/gazebo-demo/install/prius_msgs/include/prius_msgs/prius_msgs/msg/detail/control__type_support.h\n'}
[0.422099] (prius_msgs) StdoutLine: {'line': b'-- Up-to-date: /sbel/gazebo-demo/install/prius_msgs/include/prius_msgs/prius_msgs/msg/detail/control__functions.c\n'}
[0.422157] (prius_msgs) StdoutLine: {'line': b'-- Up-to-date: /sbel/gazebo-demo/install/prius_msgs/include/prius_msgs/prius_msgs/msg/detail/control__functions.h\n'}
[0.422204] (prius_msgs) StdoutLine: {'line': b'-- Up-to-date: /sbel/gazebo-demo/install/prius_msgs/include/prius_msgs/prius_msgs/msg/control.h\n'}
[0.422249] (prius_msgs) StdoutLine: {'line': b'-- Up-to-date: /sbel/gazebo-demo/install/prius_msgs/share/prius_msgs/environment/library_path.sh\n'}
[0.422294] (prius_msgs) StdoutLine: {'line': b'-- Up-to-date: /sbel/gazebo-demo/install/prius_msgs/share/prius_msgs/environment/library_path.dsv\n'}
[0.422354] (prius_msgs) StdoutLine: {'line': b'-- Up-to-date: /sbel/gazebo-demo/install/prius_msgs/lib/libprius_msgs__rosidl_generator_c.so\n'}
[0.422534] (prius_msgs) StdoutLine: {'line': b'-- Up-to-date: /sbel/gazebo-demo/install/prius_msgs/include/prius_msgs/prius_msgs\n'}
[0.422596] (prius_msgs) StdoutLine: {'line': b'-- Up-to-date: /sbel/gazebo-demo/install/prius_msgs/include/prius_msgs/prius_msgs/msg\n'}
[0.422666] (prius_msgs) StdoutLine: {'line': b'-- Up-to-date: /sbel/gazebo-demo/install/prius_msgs/include/prius_msgs/prius_msgs/msg/rosidl_typesupport_fastrtps_c__visibility_control.h\n'}
[0.422724] (prius_msgs) StdoutLine: {'line': b'-- Up-to-date: /sbel/gazebo-demo/install/prius_msgs/include/prius_msgs/prius_msgs/msg/detail\n'}
[0.422779] (prius_msgs) StdoutLine: {'line': b'-- Up-to-date: /sbel/gazebo-demo/install/prius_msgs/include/prius_msgs/prius_msgs/msg/detail/control__rosidl_typesupport_fastrtps_c.h\n'}
[0.422913] (prius_msgs) StdoutLine: {'line': b'-- Up-to-date: /sbel/gazebo-demo/install/prius_msgs/lib/libprius_msgs__rosidl_typesupport_fastrtps_c.so\n'}
[0.423104] (prius_msgs) StdoutLine: {'line': b'-- Up-to-date: /sbel/gazebo-demo/install/prius_msgs/include/prius_msgs/prius_msgs\n'}
[0.423161] (prius_msgs) StdoutLine: {'line': b'-- Up-to-date: /sbel/gazebo-demo/install/prius_msgs/include/prius_msgs/prius_msgs/msg\n'}
[0.423220] (prius_msgs) StdoutLine: {'line': b'-- Up-to-date: /sbel/gazebo-demo/install/prius_msgs/include/prius_msgs/prius_msgs/msg/control.hpp\n'}
[0.423275] (prius_msgs) StdoutLine: {'line': b'-- Up-to-date: /sbel/gazebo-demo/install/prius_msgs/include/prius_msgs/prius_msgs/msg/detail\n'}
[0.423344] (prius_msgs) StdoutLine: {'line': b'-- Up-to-date: /sbel/gazebo-demo/install/prius_msgs/include/prius_msgs/prius_msgs/msg/detail/control__builder.hpp\n'}
[0.423412] (prius_msgs) StdoutLine: {'line': b'-- Up-to-date: /sbel/gazebo-demo/install/prius_msgs/include/prius_msgs/prius_msgs/msg/detail/control__traits.hpp\n'}
[0.423480] (prius_msgs) StdoutLine: {'line': b'-- Up-to-date: /sbel/gazebo-demo/install/prius_msgs/include/prius_msgs/prius_msgs/msg/detail/control__struct.hpp\n'}
[0.423538] (prius_msgs) StdoutLine: {'line': b'-- Up-to-date: /sbel/gazebo-demo/install/prius_msgs/include/prius_msgs/prius_msgs\n'}
[0.423596] (prius_msgs) StdoutLine: {'line': b'-- Up-to-date: /sbel/gazebo-demo/install/prius_msgs/include/prius_msgs/prius_msgs/msg\n'}
[0.423653] (prius_msgs) StdoutLine: {'line': b'-- Up-to-date: /sbel/gazebo-demo/install/prius_msgs/include/prius_msgs/prius_msgs/msg/rosidl_typesupport_fastrtps_cpp__visibility_control.h\n'}
[0.423723] (prius_msgs) StdoutLine: {'line': b'-- Up-to-date: /sbel/gazebo-demo/install/prius_msgs/include/prius_msgs/prius_msgs/msg/detail\n'}
[0.423770] (prius_msgs) StdoutLine: {'line': b'-- Up-to-date: /sbel/gazebo-demo/install/prius_msgs/include/prius_msgs/prius_msgs/msg/detail/dds_fastrtps\n'}
[0.423814] (prius_msgs) StdoutLine: {'line': b'-- Up-to-date: /sbel/gazebo-demo/install/prius_msgs/include/prius_msgs/prius_msgs/msg/detail/control__rosidl_typesupport_fastrtps_cpp.hpp\n'}
[0.423869] (prius_msgs) StdoutLine: {'line': b'-- Up-to-date: /sbel/gazebo-demo/install/prius_msgs/lib/libprius_msgs__rosidl_typesupport_fastrtps_cpp.so\n'}
[0.424036] (prius_msgs) StdoutLine: {'line': b'-- Up-to-date: /sbel/gazebo-demo/install/prius_msgs/include/prius_msgs/prius_msgs\n'}
[0.424092] (prius_msgs) StdoutLine: {'line': b'-- Up-to-date: /sbel/gazebo-demo/install/prius_msgs/include/prius_msgs/prius_msgs/msg\n'}
[0.424146] (prius_msgs) StdoutLine: {'line': b'-- Up-to-date: /sbel/gazebo-demo/install/prius_msgs/include/prius_msgs/prius_msgs/msg/rosidl_typesupport_introspection_c__visibility_control.h\n'}
[0.424205] (prius_msgs) StdoutLine: {'line': b'-- Up-to-date: /sbel/gazebo-demo/install/prius_msgs/include/prius_msgs/prius_msgs/msg/detail\n'}
[0.424268] (prius_msgs) StdoutLine: {'line': b'-- Up-to-date: /sbel/gazebo-demo/install/prius_msgs/include/prius_msgs/prius_msgs/msg/detail/control__rosidl_typesupport_introspection_c.h\n'}
[0.424316] (prius_msgs) StdoutLine: {'line': b'-- Up-to-date: /sbel/gazebo-demo/install/prius_msgs/include/prius_msgs/prius_msgs/msg/detail/control__type_support.c\n'}
[0.424432] (prius_msgs) StdoutLine: {'line': b'-- Up-to-date: /sbel/gazebo-demo/install/prius_msgs/lib/libprius_msgs__rosidl_typesupport_introspection_c.so\n'}
[0.424721] (prius_msgs) StdoutLine: {'line': b'-- Up-to-date: /sbel/gazebo-demo/install/prius_msgs/lib/libprius_msgs__rosidl_typesupport_c.so\n'}
[0.424884] (prius_msgs) StdoutLine: {'line': b'-- Up-to-date: /sbel/gazebo-demo/install/prius_msgs/include/prius_msgs/prius_msgs\n'}
[0.424934] (prius_msgs) StdoutLine: {'line': b'-- Up-to-date: /sbel/gazebo-demo/install/prius_msgs/include/prius_msgs/prius_msgs/msg\n'}
[0.424990] (prius_msgs) StdoutLine: {'line': b'-- Up-to-date: /sbel/gazebo-demo/install/prius_msgs/include/prius_msgs/prius_msgs/msg/detail\n'}
[0.425047] (prius_msgs) StdoutLine: {'line': b'-- Up-to-date: /sbel/gazebo-demo/install/prius_msgs/include/prius_msgs/prius_msgs/msg/detail/control__type_support.cpp\n'}
[0.425106] (prius_msgs) StdoutLine: {'line': b'-- Up-to-date: /sbel/gazebo-demo/install/prius_msgs/include/prius_msgs/prius_msgs/msg/detail/control__rosidl_typesupport_introspection_cpp.hpp\n'}
[0.425256] (prius_msgs) StdoutLine: {'line': b'-- Up-to-date: /sbel/gazebo-demo/install/prius_msgs/lib/libprius_msgs__rosidl_typesupport_introspection_cpp.so\n'}
[0.425571] (prius_msgs) StdoutLine: {'line': b'-- Up-to-date: /sbel/gazebo-demo/install/prius_msgs/lib/libprius_msgs__rosidl_typesupport_cpp.so\n'}
[0.425750] (prius_msgs) StdoutLine: {'line': b'-- Up-to-date: /sbel/gazebo-demo/install/prius_msgs/share/prius_msgs/environment/pythonpath.sh\n'}
[0.425805] (prius_msgs) StdoutLine: {'line': b'-- Up-to-date: /sbel/gazebo-demo/install/prius_msgs/share/prius_msgs/environment/pythonpath.dsv\n'}
[0.425861] (prius_msgs) StdoutLine: {'line': b'-- Up-to-date: /sbel/gazebo-demo/install/prius_msgs/local/lib/python3.10/dist-packages/prius_msgs-0.0.1-py3.10.egg-info\n'}
[0.425918] (prius_msgs) StdoutLine: {'line': b'-- Installing: /sbel/gazebo-demo/install/prius_msgs/local/lib/python3.10/dist-packages/prius_msgs-0.0.1-py3.10.egg-info/dependency_links.txt\n'}
[0.426186] (prius_msgs) StdoutLine: {'line': b'-- Installing: /sbel/gazebo-demo/install/prius_msgs/local/lib/python3.10/dist-packages/prius_msgs-0.0.1-py3.10.egg-info/PKG-INFO\n'}
[0.426391] (prius_msgs) StdoutLine: {'line': b'-- Installing: /sbel/gazebo-demo/install/prius_msgs/local/lib/python3.10/dist-packages/prius_msgs-0.0.1-py3.10.egg-info/SOURCES.txt\n'}
[0.426595] (prius_msgs) StdoutLine: {'line': b'-- Installing: /sbel/gazebo-demo/install/prius_msgs/local/lib/python3.10/dist-packages/prius_msgs-0.0.1-py3.10.egg-info/top_level.txt\n'}
[0.426818] (prius_msgs) StdoutLine: {'line': b'-- Up-to-date: /sbel/gazebo-demo/install/prius_msgs/local/lib/python3.10/dist-packages/prius_msgs\n'}
[0.426882] (prius_msgs) StdoutLine: {'line': b'-- Up-to-date: /sbel/gazebo-demo/install/prius_msgs/local/lib/python3.10/dist-packages/prius_msgs/_prius_msgs_s.ep.rosidl_typesupport_fastrtps_c.c\n'}
[0.426946] (prius_msgs) StdoutLine: {'line': b'-- Up-to-date: /sbel/gazebo-demo/install/prius_msgs/local/lib/python3.10/dist-packages/prius_msgs/prius_msgs_s__rosidl_typesupport_c.cpython-310-x86_64-linux-gnu.so\n'}
[0.427018] (prius_msgs) StdoutLine: {'line': b'-- Up-to-date: /sbel/gazebo-demo/install/prius_msgs/local/lib/python3.10/dist-packages/prius_msgs/__init__.py\n'}
[0.427092] (prius_msgs) StdoutLine: {'line': b'-- Up-to-date: /sbel/gazebo-demo/install/prius_msgs/local/lib/python3.10/dist-packages/prius_msgs/libprius_msgs__rosidl_generator_py.so\n'}
[0.427140] (prius_msgs) StdoutLine: {'line': b'-- Up-to-date: /sbel/gazebo-demo/install/prius_msgs/local/lib/python3.10/dist-packages/prius_msgs/_prius_msgs_s.ep.rosidl_typesupport_introspection_c.c\n'}
[0.427204] (prius_msgs) StdoutLine: {'line': b'-- Up-to-date: /sbel/gazebo-demo/install/prius_msgs/local/lib/python3.10/dist-packages/prius_msgs/prius_msgs_s__rosidl_typesupport_fastrtps_c.cpython-310-x86_64-linux-gnu.so\n'}
[0.427268] (prius_msgs) StdoutLine: {'line': b'-- Up-to-date: /sbel/gazebo-demo/install/prius_msgs/local/lib/python3.10/dist-packages/prius_msgs/msg\n'}
[0.427325] (prius_msgs) StdoutLine: {'line': b'-- Up-to-date: /sbel/gazebo-demo/install/prius_msgs/local/lib/python3.10/dist-packages/prius_msgs/msg/_control.py\n'}
[0.427380] (prius_msgs) StdoutLine: {'line': b'-- Up-to-date: /sbel/gazebo-demo/install/prius_msgs/local/lib/python3.10/dist-packages/prius_msgs/msg/__init__.py\n'}
[0.427430] (prius_msgs) StdoutLine: {'line': b'-- Up-to-date: /sbel/gazebo-demo/install/prius_msgs/local/lib/python3.10/dist-packages/prius_msgs/msg/_control_s.c\n'}
[0.427475] (prius_msgs) StdoutLine: {'line': b'-- Up-to-date: /sbel/gazebo-demo/install/prius_msgs/local/lib/python3.10/dist-packages/prius_msgs/prius_msgs_s__rosidl_typesupport_introspection_c.cpython-310-x86_64-linux-gnu.so\n'}
[0.427519] (prius_msgs) StdoutLine: {'line': b'-- Up-to-date: /sbel/gazebo-demo/install/prius_msgs/local/lib/python3.10/dist-packages/prius_msgs/_prius_msgs_s.ep.rosidl_typesupport_c.c\n'}
[0.449698] (prius_msgs) StdoutLine: {'line': b"Listing '/sbel/gazebo-demo/install/prius_msgs/local/lib/python3.10/dist-packages/prius_msgs'...\n"}
[0.449802] (prius_msgs) StdoutLine: {'line': b"Listing '/sbel/gazebo-demo/install/prius_msgs/local/lib/python3.10/dist-packages/prius_msgs/msg'...\n"}
[0.452193] (prius_msgs) StdoutLine: {'line': b'-- Up-to-date: /sbel/gazebo-demo/install/prius_msgs/local/lib/python3.10/dist-packages/prius_msgs/prius_msgs_s__rosidl_typesupport_fastrtps_c.cpython-310-x86_64-linux-gnu.so\n'}
[0.452533] (prius_msgs) StdoutLine: {'line': b'-- Up-to-date: /sbel/gazebo-demo/install/prius_msgs/local/lib/python3.10/dist-packages/prius_msgs/prius_msgs_s__rosidl_typesupport_introspection_c.cpython-310-x86_64-linux-gnu.so\n'}
[0.452862] (prius_msgs) StdoutLine: {'line': b'-- Up-to-date: /sbel/gazebo-demo/install/prius_msgs/local/lib/python3.10/dist-packages/prius_msgs/prius_msgs_s__rosidl_typesupport_c.cpython-310-x86_64-linux-gnu.so\n'}
[0.453180] (prius_msgs) StdoutLine: {'line': b'-- Up-to-date: /sbel/gazebo-demo/install/prius_msgs/lib/libprius_msgs__rosidl_generator_py.so\n'}
[0.453374] (prius_msgs) StdoutLine: {'line': b'-- Up-to-date: /sbel/gazebo-demo/install/prius_msgs/share/prius_msgs/msg/Control.idl\n'}
[0.453490] (prius_msgs) StdoutLine: {'line': b'-- Up-to-date: /sbel/gazebo-demo/install/prius_msgs/share/prius_msgs/msg/Control.msg\n'}
[0.453603] (prius_msgs) StdoutLine: {'line': b'-- Up-to-date: /sbel/gazebo-demo/install/prius_msgs/share/ament_index/resource_index/package_run_dependencies/prius_msgs\n'}
[0.453703] (prius_msgs) StdoutLine: {'line': b'-- Up-to-date: /sbel/gazebo-demo/install/prius_msgs/share/ament_index/resource_index/parent_prefix_path/prius_msgs\n'}
[0.453811] (prius_msgs) StdoutLine: {'line': b'-- Up-to-date: /sbel/gazebo-demo/install/prius_msgs/share/prius_msgs/environment/ament_prefix_path.sh\n'}
[0.453916] (prius_msgs) StdoutLine: {'line': b'-- Up-to-date: /sbel/gazebo-demo/install/prius_msgs/share/prius_msgs/environment/ament_prefix_path.dsv\n'}
[0.454021] (prius_msgs) StdoutLine: {'line': b'-- Up-to-date: /sbel/gazebo-demo/install/prius_msgs/share/prius_msgs/environment/path.sh\n'}
[0.454103] (prius_msgs) StdoutLine: {'line': b'-- Up-to-date: /sbel/gazebo-demo/install/prius_msgs/share/prius_msgs/environment/path.dsv\n'}
[0.454160] (prius_msgs) StdoutLine: {'line': b'-- Up-to-date: /sbel/gazebo-demo/install/prius_msgs/share/prius_msgs/local_setup.bash\n'}
[0.454207] (prius_msgs) StdoutLine: {'line': b'-- Up-to-date: /sbel/gazebo-demo/install/prius_msgs/share/prius_msgs/local_setup.sh\n'}
[0.454272] (prius_msgs) StdoutLine: {'line': b'-- Up-to-date: /sbel/gazebo-demo/install/prius_msgs/share/prius_msgs/local_setup.zsh\n'}
[0.454318] (prius_msgs) StdoutLine: {'line': b'-- Up-to-date: /sbel/gazebo-demo/install/prius_msgs/share/prius_msgs/local_setup.dsv\n'}
[0.454413] (prius_msgs) StdoutLine: {'line': b'-- Installing: /sbel/gazebo-demo/install/prius_msgs/share/prius_msgs/package.dsv\n'}
[0.454515] (prius_msgs) StdoutLine: {'line': b'-- Up-to-date: /sbel/gazebo-demo/install/prius_msgs/share/ament_index/resource_index/packages/prius_msgs\n'}
[0.454588] (prius_msgs) StdoutLine: {'line': b'-- Up-to-date: /sbel/gazebo-demo/install/prius_msgs/share/prius_msgs/cmake/export_prius_msgs__rosidl_generator_cExport.cmake\n'}
[0.454649] (prius_msgs) StdoutLine: {'line': b'-- Up-to-date: /sbel/gazebo-demo/install/prius_msgs/share/prius_msgs/cmake/export_prius_msgs__rosidl_generator_cExport-noconfig.cmake\n'}
[0.454703] (prius_msgs) StdoutLine: {'line': b'-- Up-to-date: /sbel/gazebo-demo/install/prius_msgs/share/prius_msgs/cmake/export_prius_msgs__rosidl_typesupport_fastrtps_cExport.cmake\n'}
[0.454764] (prius_msgs) StdoutLine: {'line': b'-- Up-to-date: /sbel/gazebo-demo/install/prius_msgs/share/prius_msgs/cmake/export_prius_msgs__rosidl_typesupport_fastrtps_cExport-noconfig.cmake\n'}
[0.454833] (prius_msgs) StdoutLine: {'line': b'-- Up-to-date: /sbel/gazebo-demo/install/prius_msgs/share/prius_msgs/cmake/export_prius_msgs__rosidl_generator_cppExport.cmake\n'}
[0.454904] (prius_msgs) StdoutLine: {'line': b'-- Up-to-date: /sbel/gazebo-demo/install/prius_msgs/share/prius_msgs/cmake/export_prius_msgs__rosidl_typesupport_fastrtps_cppExport.cmake\n'}
[0.454960] (prius_msgs) StdoutLine: {'line': b'-- Up-to-date: /sbel/gazebo-demo/install/prius_msgs/share/prius_msgs/cmake/export_prius_msgs__rosidl_typesupport_fastrtps_cppExport-noconfig.cmake\n'}
[0.455020] (prius_msgs) StdoutLine: {'line': b'-- Up-to-date: /sbel/gazebo-demo/install/prius_msgs/share/prius_msgs/cmake/prius_msgs__rosidl_typesupport_introspection_cExport.cmake\n'}
[0.455070] (prius_msgs) StdoutLine: {'line': b'-- Up-to-date: /sbel/gazebo-demo/install/prius_msgs/share/prius_msgs/cmake/prius_msgs__rosidl_typesupport_introspection_cExport-noconfig.cmake\n'}
[0.455130] (prius_msgs) StdoutLine: {'line': b'-- Up-to-date: /sbel/gazebo-demo/install/prius_msgs/share/prius_msgs/cmake/prius_msgs__rosidl_typesupport_cExport.cmake\n'}
[0.455192] (prius_msgs) StdoutLine: {'line': b'-- Up-to-date: /sbel/gazebo-demo/install/prius_msgs/share/prius_msgs/cmake/prius_msgs__rosidl_typesupport_cExport-noconfig.cmake\n'}
[0.455253] (prius_msgs) StdoutLine: {'line': b'-- Up-to-date: /sbel/gazebo-demo/install/prius_msgs/share/prius_msgs/cmake/prius_msgs__rosidl_typesupport_introspection_cppExport.cmake\n'}
[0.455309] (prius_msgs) StdoutLine: {'line': b'-- Up-to-date: /sbel/gazebo-demo/install/prius_msgs/share/prius_msgs/cmake/prius_msgs__rosidl_typesupport_introspection_cppExport-noconfig.cmake\n'}
[0.455395] (prius_msgs) StdoutLine: {'line': b'-- Up-to-date: /sbel/gazebo-demo/install/prius_msgs/share/prius_msgs/cmake/prius_msgs__rosidl_typesupport_cppExport.cmake\n'}
[0.455457] (prius_msgs) StdoutLine: {'line': b'-- Up-to-date: /sbel/gazebo-demo/install/prius_msgs/share/prius_msgs/cmake/prius_msgs__rosidl_typesupport_cppExport-noconfig.cmake\n'}
[0.455542] (prius_msgs) StdoutLine: {'line': b'-- Up-to-date: /sbel/gazebo-demo/install/prius_msgs/share/prius_msgs/cmake/export_prius_msgs__rosidl_generator_pyExport.cmake\n'}
[0.455603] (prius_msgs) StdoutLine: {'line': b'-- Up-to-date: /sbel/gazebo-demo/install/prius_msgs/share/prius_msgs/cmake/export_prius_msgs__rosidl_generator_pyExport-noconfig.cmake\n'}
[0.455661] (prius_msgs) StdoutLine: {'line': b'-- Up-to-date: /sbel/gazebo-demo/install/prius_msgs/share/prius_msgs/cmake/rosidl_cmake-extras.cmake\n'}
[0.455709] (prius_msgs) StdoutLine: {'line': b'-- Up-to-date: /sbel/gazebo-demo/install/prius_msgs/share/prius_msgs/cmake/ament_cmake_export_dependencies-extras.cmake\n'}
[0.455764] (prius_msgs) StdoutLine: {'line': b'-- Up-to-date: /sbel/gazebo-demo/install/prius_msgs/share/prius_msgs/cmake/ament_cmake_export_include_directories-extras.cmake\n'}
[0.455820] (prius_msgs) StdoutLine: {'line': b'-- Up-to-date: /sbel/gazebo-demo/install/prius_msgs/share/prius_msgs/cmake/ament_cmake_export_libraries-extras.cmake\n'}
[0.455878] (prius_msgs) StdoutLine: {'line': b'-- Up-to-date: /sbel/gazebo-demo/install/prius_msgs/share/prius_msgs/cmake/ament_cmake_export_targets-extras.cmake\n'}
[0.455941] (prius_msgs) StdoutLine: {'line': b'-- Up-to-date: /sbel/gazebo-demo/install/prius_msgs/share/prius_msgs/cmake/rosidl_cmake_export_typesupport_targets-extras.cmake\n'}
[0.455999] (prius_msgs) StdoutLine: {'line': b'-- Up-to-date: /sbel/gazebo-demo/install/prius_msgs/share/prius_msgs/cmake/rosidl_cmake_export_typesupport_libraries-extras.cmake\n'}
[0.456056] (prius_msgs) StdoutLine: {'line': b'-- Up-to-date: /sbel/gazebo-demo/install/prius_msgs/share/prius_msgs/cmake/prius_msgsConfig.cmake\n'}
[0.456215] (prius_msgs) StdoutLine: {'line': b'-- Up-to-date: /sbel/gazebo-demo/install/prius_msgs/share/prius_msgs/cmake/prius_msgsConfig-version.cmake\n'}
[0.456260] (prius_msgs) StdoutLine: {'line': b'-- Up-to-date: /sbel/gazebo-demo/install/prius_msgs/share/prius_msgs/package.xml\n'}
[0.457734] (prius_msgs) CommandEnded: {'returncode': 0}
[0.500162] (-) TimerEvent: {}
[0.600362] (-) TimerEvent: {}
[0.619127] (prius_msgs) JobEnded: {'identifier': 'prius_msgs', 'rc': 0}
[0.619789] (car_demo) JobStarted: {'identifier': 'car_demo'}
[0.672780] (car_demo) JobProgress: {'identifier': 'car_demo', 'progress': 'cmake'}
[0.673429] (car_demo) JobProgress: {'identifier': 'car_demo', 'progress': 'build'}
[0.673656] (car_demo) Command: {'cmd': ['/usr/bin/cmake', '--build', '/sbel/gazebo-demo/build/car_demo', '--', '-j16', '-l16'], 'cwd': '/sbel/gazebo-demo/build/car_demo', 'env': OrderedDict([('TMUX', '/tmp/tmux-0/default,42667,4'), ('LANGUAGE', 'en_US:en'), ('HOSTNAME', 'ef32acc5240d'), ('SHLVL', '2'), ('LD_LIBRARY_PATH', '/sbel/gazebo-demo/install/prius_msgs/lib:/sbel/gazebo-demo/install/car_demo/lib:/chrono_ros_interfaces/install/chrono_ros_interfaces/lib:/usr/lib/x86_64-linux-gnu/gazebo-11/plugins:/opt/ros/humble/opt/rviz_ogre_vendor/lib:/opt/ros/humble/lib/x86_64-linux-gnu:/opt/ros/humble/lib'), ('HOME', '/sbel'), ('NO_VNC_PORT', '6901'), ('OLDPWD', '/sbel'), ('TERM_PROGRAM_VERSION', '3.2a'), ('STARTUPDIR', '/dockerstartup'), ('ROS_PYTHON_VERSION', '3'), ('VNC_COL_DEPTH', '24'), ('COLCON_PREFIX_PATH', '/sbel/gazebo-demo/install:/chrono_ros_interfaces/install'), ('ROS_DISTRO', 'humble'), ('_', '/usr/bin/colcon'), ('ROS_VERSION', '2'), ('NO_VNC_HOME', '/sbel/noVNC'), ('TERM', 'screen'), ('GAZEBO_MODEL_PATH', '/sbel/gazebo-demo/install/prius_description/share/prius_description/models:/opt/ros/humble/share/prius_description/models'), ('ROS_LOCALHOST_ONLY', '0'), ('PATH', '/opt/ros/humble/bin:/usr/local/sbin:/usr/local/bin:/usr/sbin:/usr/bin:/sbin:/bin'), ('DISPLAY', ':1'), ('LANG', 'en_US.UTF-8'), ('TERM_PROGRAM', 'tmux'), ('AMENT_PREFIX_PATH', '/sbel/gazebo-demo/install/car_demo:/sbel/gazebo-demo/install/prius_msgs:/sbel/gazebo-demo/install/prius_description:/chrono_ros_interfaces/install/chrono_ros_interfaces:/opt/ros/humble'), ('DEBIAN_FRONTEND', 'noninteractive'), ('SHELL', '/bin/bash'), ('PWD', '/sbel/gazebo-demo/build/car_demo'), ('VNC_RESOLUTION', '1600x900'), ('LC_ALL', 'en_US.UTF-8'), ('PYTHONPATH', '/sbel/gazebo-demo/install/car_demo/local/lib/python3.10/dist-packages:/sbel/gazebo-demo/install/prius_msgs/local/lib/python3.10/dist-packages:/chrono_ros_interfaces/install/chrono_ros_interfaces/local/lib/python3.10/dist-packages:/opt/ros/humble/lib/python3.10/site-packages:/opt/ros/humble/local/lib/python3.10/dist-packages'), ('VNC_PW', 'sbel'), ('COLCON', '1'), ('TMUX_PANE', '%8'), ('CMAKE_PREFIX_PATH', '/sbel/gazebo-demo/install/prius_msgs:/sbel/gazebo-demo/install/prius_description:/sbel/gazebo-demo/install/car_demo:/chrono_ros_interfaces/install/chrono_ros_interfaces:/opt/ros/humble'), ('VNC_PORT', '5901')]), 'shell': False}
[0.700438] (-) TimerEvent: {}
[0.721610] (car_demo) StdoutLine: {'line': b'[ 25%] Built target gtest\n'}
[0.721995] (car_demo) StdoutLine: {'line': b'[ 50%] Built target gtest_main\n'}
[0.725187] (car_demo) StdoutLine: {'line': b'[ 50%] Built target ament_cmake_python_copy_car_demo\n'}
[0.741174] (car_demo) StdoutLine: {'line': b'[ 75%] Built target PriusHybridPlugin\n'}
[0.761228] (car_demo) StdoutLine: {'line': b'[100%] Built target PriusHybridPluginTest\n'}
[0.800514] (-) TimerEvent: {}
[0.887086] (car_demo) StdoutLine: {'line': b'running egg_info\n'}
[0.887459] (car_demo) StdoutLine: {'line': b'writing car_demo.egg-info/PKG-INFO\n'}
[0.887614] (car_demo) StdoutLine: {'line': b'writing dependency_links to car_demo.egg-info/dependency_links.txt\n'}
[0.887740] (car_demo) StdoutLine: {'line': b'writing top-level names to car_demo.egg-info/top_level.txt\n'}
[0.888943] (car_demo) StdoutLine: {'line': b"reading manifest file 'car_demo.egg-info/SOURCES.txt'\n"}
[0.889310] (car_demo) StdoutLine: {'line': b"writing manifest file 'car_demo.egg-info/SOURCES.txt'\n"}
[0.900588] (-) TimerEvent: {}
[0.907521] (car_demo) StdoutLine: {'line': b'[100%] Built target ament_cmake_python_build_car_demo_egg\n'}
[0.917157] (car_demo) CommandEnded: {'returncode': 0}
[0.944980] (car_demo) JobProgress: {'identifier': 'car_demo', 'progress': 'install'}
[0.945452] (car_demo) Command: {'cmd': ['/usr/bin/cmake', '--install', '/sbel/gazebo-demo/build/car_demo'], 'cwd': '/sbel/gazebo-demo/build/car_demo', 'env': OrderedDict([('TMUX', '/tmp/tmux-0/default,42667,4'), ('LANGUAGE', 'en_US:en'), ('HOSTNAME', 'ef32acc5240d'), ('SHLVL', '2'), ('LD_LIBRARY_PATH', '/sbel/gazebo-demo/install/prius_msgs/lib:/sbel/gazebo-demo/install/car_demo/lib:/chrono_ros_interfaces/install/chrono_ros_interfaces/lib:/usr/lib/x86_64-linux-gnu/gazebo-11/plugins:/opt/ros/humble/opt/rviz_ogre_vendor/lib:/opt/ros/humble/lib/x86_64-linux-gnu:/opt/ros/humble/lib'), ('HOME', '/sbel'), ('NO_VNC_PORT', '6901'), ('OLDPWD', '/sbel'), ('TERM_PROGRAM_VERSION', '3.2a'), ('STARTUPDIR', '/dockerstartup'), ('ROS_PYTHON_VERSION', '3'), ('VNC_COL_DEPTH', '24'), ('COLCON_PREFIX_PATH', '/sbel/gazebo-demo/install:/chrono_ros_interfaces/install'), ('ROS_DISTRO', 'humble'), ('_', '/usr/bin/colcon'), ('ROS_VERSION', '2'), ('NO_VNC_HOME', '/sbel/noVNC'), ('TERM', 'screen'), ('GAZEBO_MODEL_PATH', '/sbel/gazebo-demo/install/prius_description/share/prius_description/models:/opt/ros/humble/share/prius_description/models'), ('ROS_LOCALHOST_ONLY', '0'), ('PATH', '/opt/ros/humble/bin:/usr/local/sbin:/usr/local/bin:/usr/sbin:/usr/bin:/sbin:/bin'), ('DISPLAY', ':1'), ('LANG', 'en_US.UTF-8'), ('TERM_PROGRAM', 'tmux'), ('AMENT_PREFIX_PATH', '/sbel/gazebo-demo/install/car_demo:/sbel/gazebo-demo/install/prius_msgs:/sbel/gazebo-demo/install/prius_description:/chrono_ros_interfaces/install/chrono_ros_interfaces:/opt/ros/humble'), ('DEBIAN_FRONTEND', 'noninteractive'), ('SHELL', '/bin/bash'), ('PWD', '/sbel/gazebo-demo/build/car_demo'), ('VNC_RESOLUTION', '1600x900'), ('LC_ALL', 'en_US.UTF-8'), ('PYTHONPATH', '/sbel/gazebo-demo/install/car_demo/local/lib/python3.10/dist-packages:/sbel/gazebo-demo/install/prius_msgs/local/lib/python3.10/dist-packages:/chrono_ros_interfaces/install/chrono_ros_interfaces/local/lib/python3.10/dist-packages:/opt/ros/humble/lib/python3.10/site-packages:/opt/ros/humble/local/lib/python3.10/dist-packages'), ('VNC_PW', 'sbel'), ('COLCON', '1'), ('TMUX_PANE', '%8'), ('CMAKE_PREFIX_PATH', '/sbel/gazebo-demo/install/prius_msgs:/sbel/gazebo-demo/install/prius_description:/sbel/gazebo-demo/install/car_demo:/chrono_ros_interfaces/install/chrono_ros_interfaces:/opt/ros/humble'), ('VNC_PORT', '5901')]), 'shell': False}
[0.952044] (car_demo) StdoutLine: {'line': b'-- Install configuration: ""\n'}
[0.952146] (car_demo) StdoutLine: {'line': b'-- Up-to-date: /sbel/gazebo-demo/install/car_demo/share/car_demo/environment/library_path.sh\n'}
[0.952237] (car_demo) StdoutLine: {'line': b'-- Up-to-date: /sbel/gazebo-demo/install/car_demo/share/car_demo/environment/library_path.dsv\n'}
[0.952323] (car_demo) StdoutLine: {'line': b'-- Up-to-date: /sbel/gazebo-demo/install/car_demo/share/car_demo/environment/gazebo_plugins.sh\n'}
[0.952407] (car_demo) StdoutLine: {'line': b'-- Up-to-date: /sbel/gazebo-demo/install/car_demo/share/car_demo/environment/gazebo_plugins.dsv\n'}
[0.952480] (car_demo) StdoutLine: {'line': b'-- Up-to-date: /sbel/gazebo-demo/install/car_demo/share/car_demo/environment/pythonpath.sh\n'}
[0.952537] (car_demo) StdoutLine: {'line': b'-- Up-to-date: /sbel/gazebo-demo/install/car_demo/share/car_demo/environment/pythonpath.dsv\n'}
[0.952605] (car_demo) StdoutLine: {'line': b'-- Up-to-date: /sbel/gazebo-demo/install/car_demo/local/lib/python3.10/dist-packages/car_demo-0.0.1-py3.10.egg-info\n'}
[0.952697] (car_demo) StdoutLine: {'line': b'-- Installing: /sbel/gazebo-demo/install/car_demo/local/lib/python3.10/dist-packages/car_demo-0.0.1-py3.10.egg-info/dependency_links.txt\n'}
[0.952817] (car_demo) StdoutLine: {'line': b'-- Installing: /sbel/gazebo-demo/install/car_demo/local/lib/python3.10/dist-packages/car_demo-0.0.1-py3.10.egg-info/PKG-INFO\n'}
[0.952956] (car_demo) StdoutLine: {'line': b'-- Installing: /sbel/gazebo-demo/install/car_demo/local/lib/python3.10/dist-packages/car_demo-0.0.1-py3.10.egg-info/SOURCES.txt\n'}
[0.953104] (car_demo) StdoutLine: {'line': b'-- Installing: /sbel/gazebo-demo/install/car_demo/local/lib/python3.10/dist-packages/car_demo-0.0.1-py3.10.egg-info/top_level.txt\n'}
[0.953323] (car_demo) StdoutLine: {'line': b'-- Up-to-date: /sbel/gazebo-demo/install/car_demo/local/lib/python3.10/dist-packages/car_demo\n'}
[0.953452] (car_demo) StdoutLine: {'line': b'-- Up-to-date: /sbel/gazebo-demo/install/car_demo/local/lib/python3.10/dist-packages/car_demo/__init__.py\n'}
[0.976131] (car_demo) StdoutLine: {'line': b"Listing '/sbel/gazebo-demo/install/car_demo/local/lib/python3.10/dist-packages/car_demo'...\n"}
[0.978596] (car_demo) StdoutLine: {'line': b'-- Up-to-date: /sbel/gazebo-demo/install/car_demo/lib/car_demo/trajectory_controller.py\n'}
[0.978700] (car_demo) StdoutLine: {'line': b'-- Up-to-date: /sbel/gazebo-demo/install/car_demo/lib/car_demo/prius_teleop_keyboard.py\n'}
[0.978764] (car_demo) StdoutLine: {'line': b'-- Up-to-date: /sbel/gazebo-demo/install/car_demo/lib/car_demo/joystick_translator.py\n'}
[0.978908] (car_demo) StdoutLine: {'line': b'-- Up-to-date: /sbel/gazebo-demo/install/car_demo/lib/libPriusHybridPlugin.so\n'}
[0.979160] (car_demo) StdoutLine: {'line': b'-- Up-to-date: /sbel/gazebo-demo/install/car_demo/share/ament_index/resource_index/package_run_dependencies/car_demo\n'}
[0.979229] (car_demo) StdoutLine: {'line': b'-- Up-to-date: /sbel/gazebo-demo/install/car_demo/share/ament_index/resource_index/parent_prefix_path/car_demo\n'}
[0.979297] (car_demo) StdoutLine: {'line': b'-- Up-to-date: /sbel/gazebo-demo/install/car_demo/share/car_demo/environment/ament_prefix_path.sh\n'}
[0.979373] (car_demo) StdoutLine: {'line': b'-- Up-to-date: /sbel/gazebo-demo/install/car_demo/share/car_demo/environment/ament_prefix_path.dsv\n'}
[0.979444] (car_demo) StdoutLine: {'line': b'-- Up-to-date: /sbel/gazebo-demo/install/car_demo/share/car_demo/environment/path.sh\n'}
[0.979501] (car_demo) StdoutLine: {'line': b'-- Up-to-date: /sbel/gazebo-demo/install/car_demo/share/car_demo/environment/path.dsv\n'}
[0.979561] (car_demo) StdoutLine: {'line': b'-- Up-to-date: /sbel/gazebo-demo/install/car_demo/share/car_demo/local_setup.bash\n'}
[0.979619] (car_demo) StdoutLine: {'line': b'-- Up-to-date: /sbel/gazebo-demo/install/car_demo/share/car_demo/local_setup.sh\n'}
[0.979687] (car_demo) StdoutLine: {'line': b'-- Up-to-date: /sbel/gazebo-demo/install/car_demo/share/car_demo/local_setup.zsh\n'}
[0.979736] (car_demo) StdoutLine: {'line': b'-- Up-to-date: /sbel/gazebo-demo/install/car_demo/share/car_demo/local_setup.dsv\n'}
[0.979782] (car_demo) StdoutLine: {'line': b'-- Installing: /sbel/gazebo-demo/install/car_demo/share/car_demo/package.dsv\n'}
[0.979924] (car_demo) StdoutLine: {'line': b'-- Up-to-date: /sbel/gazebo-demo/install/car_demo/share/ament_index/resource_index/packages/car_demo\n'}
[0.979984] (car_demo) StdoutLine: {'line': b'-- Up-to-date: /sbel/gazebo-demo/install/car_demo/share/car_demo/cmake/ament_cmake_export_libraries-extras.cmake\n'}
[0.980042] (car_demo) StdoutLine: {'line': b'-- Up-to-date: /sbel/gazebo-demo/install/car_demo/share/car_demo/cmake/ament_cmake_export_include_directories-extras.cmake\n'}
[0.980098] (car_demo) StdoutLine: {'line': b'-- Up-to-date: /sbel/gazebo-demo/install/car_demo/share/car_demo/cmake/ament_cmake_export_dependencies-extras.cmake\n'}
[0.980157] (car_demo) StdoutLine: {'line': b'-- Up-to-date: /sbel/gazebo-demo/install/car_demo/share/car_demo/cmake/car_demoConfig.cmake\n'}
[0.980220] (car_demo) StdoutLine: {'line': b'-- Up-to-date: /sbel/gazebo-demo/install/car_demo/share/car_demo/cmake/car_demoConfig-version.cmake\n'}
[0.980279] (car_demo) StdoutLine: {'line': b'-- Up-to-date: /sbel/gazebo-demo/install/car_demo/share/car_demo/package.xml\n'}
[0.980349] (car_demo) StdoutLine: {'line': b'-- Up-to-date: /sbel/gazebo-demo/install/car_demo/share/car_demo/launch\n'}
[0.980411] (car_demo) StdoutLine: {'line': b'-- Up-to-date: /sbel/gazebo-demo/install/car_demo/share/car_demo/launch/demo.launch.py\n'}
[0.980467] (car_demo) StdoutLine: {'line': b'-- Up-to-date: /sbel/gazebo-demo/install/car_demo/share/car_demo/launch/spawn_prius.launch.py\n'}
[0.980536] (car_demo) StdoutLine: {'line': b'-- Up-to-date: /sbel/gazebo-demo/install/car_demo/share/car_demo/models\n'}
[0.980592] (car_demo) StdoutLine: {'line': b'-- Up-to-date: /sbel/gazebo-demo/install/car_demo/share/car_demo/models/speed_limit_sign\n'}
[0.980661] (car_demo) StdoutLine: {'line': b'-- Up-to-date: /sbel/gazebo-demo/install/car_demo/share/car_demo/models/speed_limit_sign/model-1_4.sdf\n'}
[0.980720] (car_demo) StdoutLine: {'line': b'-- Up-to-date: /sbel/gazebo-demo/install/car_demo/share/car_demo/models/speed_limit_sign/meshes\n'}
[0.980777] (car_demo) StdoutLine: {'line': b'-- Up-to-date: /sbel/gazebo-demo/install/car_demo/share/car_demo/models/speed_limit_sign/meshes/speed_limit_sign.dae\n'}
[0.980845] (car_demo) StdoutLine: {'line': b'-- Up-to-date: /sbel/gazebo-demo/install/car_demo/share/car_demo/models/speed_limit_sign/model-1_3.sdf\n'}
[0.980916] (car_demo) StdoutLine: {'line': b'-- Up-to-date: /sbel/gazebo-demo/install/car_demo/share/car_demo/models/speed_limit_sign/materials\n'}
[0.980982] (car_demo) StdoutLine: {'line': b'-- Up-to-date: /sbel/gazebo-demo/install/car_demo/share/car_demo/models/speed_limit_sign/materials/textures\n'}
[0.981041] (car_demo) StdoutLine: {'line': b'-- Up-to-date: /sbel/gazebo-demo/install/car_demo/share/car_demo/models/speed_limit_sign/materials/textures/Speed_90.png\n'}
[0.981111] (car_demo) StdoutLine: {'line': b'-- Up-to-date: /sbel/gazebo-demo/install/car_demo/share/car_demo/models/speed_limit_sign/materials/textures/Speed_30.png\n'}
[0.981180] (car_demo) StdoutLine: {'line': b'-- Up-to-date: /sbel/gazebo-demo/install/car_demo/share/car_demo/models/speed_limit_sign/materials/textures/Speed_120.png\n'}
[0.981244] (car_demo) StdoutLine: {'line': b'-- Up-to-date: /sbel/gazebo-demo/install/car_demo/share/car_demo/models/speed_limit_sign/materials/textures/Speed_40.png\n'}
[0.981313] (car_demo) StdoutLine: {'line': b'-- Up-to-date: /sbel/gazebo-demo/install/car_demo/share/car_demo/models/speed_limit_sign/materials/textures/Speed_16.png\n'}
[0.981378] (car_demo) StdoutLine: {'line': b'-- Up-to-date: /sbel/gazebo-demo/install/car_demo/share/car_demo/models/speed_limit_sign/materials/textures/Speed_50.png\n'}
[0.981443] (car_demo) StdoutLine: {'line': b'-- Up-to-date: /sbel/gazebo-demo/install/car_demo/share/car_demo/models/speed_limit_sign/materials/textures/Speed_110.png\n'}
[0.981503] (car_demo) StdoutLine: {'line': b'-- Up-to-date: /sbel/gazebo-demo/install/car_demo/share/car_demo/models/speed_limit_sign/materials/textures/Speed_130.png\n'}
[0.981561] (car_demo) StdoutLine: {'line': b'-- Up-to-date: /sbel/gazebo-demo/install/car_demo/share/car_demo/models/speed_limit_sign/materials/textures/StopSign_Diffuse.png\n'}
[0.981629] (car_demo) StdoutLine: {'line': b'-- Up-to-date: /sbel/gazebo-demo/install/car_demo/share/car_demo/models/speed_limit_sign/materials/textures/Speed_60.png\n'}
[0.981695] (car_demo) StdoutLine: {'line': b'-- Up-to-date: /sbel/gazebo-demo/install/car_demo/share/car_demo/models/speed_limit_sign/materials/textures/Speed_100.png\n'}
[0.981763] (car_demo) StdoutLine: {'line': b'-- Up-to-date: /sbel/gazebo-demo/install/car_demo/share/car_demo/models/speed_limit_sign/materials/textures/Speed_80.png\n'}
[0.981820] (car_demo) StdoutLine: {'line': b'-- Up-to-date: /sbel/gazebo-demo/install/car_demo/share/car_demo/models/speed_limit_sign/materials/textures/Speed_70.png\n'}
[0.981876] (car_demo) StdoutLine: {'line': b'-- Up-to-date: /sbel/gazebo-demo/install/car_demo/share/car_demo/models/speed_limit_sign/materials/textures/StopSign_Spec.png\n'}
[0.981948] (car_demo) StdoutLine: {'line': b'-- Up-to-date: /sbel/gazebo-demo/install/car_demo/share/car_demo/models/speed_limit_sign/materials/textures/Speed_Spec.png\n'}
[0.982009] (car_demo) StdoutLine: {'line': b'-- Up-to-date: /sbel/gazebo-demo/install/car_demo/share/car_demo/models/speed_limit_sign/model.config\n'}
[0.982062] (car_demo) StdoutLine: {'line': b'-- Up-to-date: /sbel/gazebo-demo/install/car_demo/share/car_demo/models/speed_limit_sign/model.sdf\n'}
[0.982128] (car_demo) StdoutLine: {'line': b'-- Up-to-date: /sbel/gazebo-demo/install/car_demo/share/car_demo/models/grey_wall\n'}
[0.982194] (car_demo) StdoutLine: {'line': b'-- Up-to-date: /sbel/gazebo-demo/install/car_demo/share/car_demo/models/grey_wall/model-1_4.sdf\n'}
[0.982258] (car_demo) StdoutLine: {'line': b'-- Up-to-date: /sbel/gazebo-demo/install/car_demo/share/car_demo/models/grey_wall/model-1_3.sdf\n'}
[0.982314] (car_demo) StdoutLine: {'line': b'-- Up-to-date: /sbel/gazebo-demo/install/car_demo/share/car_demo/models/grey_wall/materials\n'}
[0.982380] (car_demo) StdoutLine: {'line': b'-- Up-to-date: /sbel/gazebo-demo/install/car_demo/share/car_demo/models/grey_wall/materials/scripts\n'}
[0.982438] (car_demo) StdoutLine: {'line': b'-- Up-to-date: /sbel/gazebo-demo/install/car_demo/share/car_demo/models/grey_wall/materials/scripts/grey_wall.material\n'}
[0.982506] (car_demo) StdoutLine: {'line': b'-- Up-to-date: /sbel/gazebo-demo/install/car_demo/share/car_demo/models/grey_wall/materials/textures\n'}
[0.982566] (car_demo) StdoutLine: {'line': b'-- Up-to-date: /sbel/gazebo-demo/install/car_demo/share/car_demo/models/grey_wall/materials/textures/grey_wall.png\n'}
[0.982634] (car_demo) StdoutLine: {'line': b'-- Up-to-date: /sbel/gazebo-demo/install/car_demo/share/car_demo/models/grey_wall/model.config\n'}
[0.982693] (car_demo) StdoutLine: {'line': b'-- Up-to-date: /sbel/gazebo-demo/install/car_demo/share/car_demo/models/grey_wall/model.sdf\n'}
[0.982762] (car_demo) StdoutLine: {'line': b'-- Up-to-date: /sbel/gazebo-demo/install/car_demo/share/car_demo/models/construction_cone\n'}
[0.982829] (car_demo) StdoutLine: {'line': b'-- Up-to-date: /sbel/gazebo-demo/install/car_demo/share/car_demo/models/construction_cone/model-1_4.sdf\n'}
[0.982888] (car_demo) StdoutLine: {'line': b'-- Up-to-date: /sbel/gazebo-demo/install/car_demo/share/car_demo/models/construction_cone/meshes\n'}
[0.982946] (car_demo) StdoutLine: {'line': b'-- Up-to-date: /sbel/gazebo-demo/install/car_demo/share/car_demo/models/construction_cone/meshes/construction_cone.dae\n'}
[0.983014] (car_demo) StdoutLine: {'line': b'-- Up-to-date: /sbel/gazebo-demo/install/car_demo/share/car_demo/models/construction_cone/model-1_3.sdf\n'}
[0.983071] (car_demo) StdoutLine: {'line': b'-- Up-to-date: /sbel/gazebo-demo/install/car_demo/share/car_demo/models/construction_cone/materials\n'}
[0.983138] (car_demo) StdoutLine: {'line': b'-- Up-to-date: /sbel/gazebo-demo/install/car_demo/share/car_demo/models/construction_cone/materials/textures\n'}
[0.983214] (car_demo) StdoutLine: {'line': b'-- Up-to-date: /sbel/gazebo-demo/install/car_demo/share/car_demo/models/construction_cone/materials/textures/Construction_Cone_Diffuse.png\n'}
[0.983274] (car_demo) StdoutLine: {'line': b'-- Up-to-date: /sbel/gazebo-demo/install/car_demo/share/car_demo/models/construction_cone/model.config\n'}
[0.983330] (car_demo) StdoutLine: {'line': b'-- Up-to-date: /sbel/gazebo-demo/install/car_demo/share/car_demo/models/construction_cone/model.sdf\n'}
[0.983400] (car_demo) StdoutLine: {'line': b'-- Up-to-date: /sbel/gazebo-demo/install/car_demo/share/car_demo/models/house_3\n'}
[0.983457] (car_demo) StdoutLine: {'line': b'-- Up-to-date: /sbel/gazebo-demo/install/car_demo/share/car_demo/models/house_3/model-1_4.sdf\n'}
[0.983514] (car_demo) StdoutLine: {'line': b'-- Up-to-date: /sbel/gazebo-demo/install/car_demo/share/car_demo/models/house_3/meshes\n'}
[0.983579] (car_demo) StdoutLine: {'line': b'-- Up-to-date: /sbel/gazebo-demo/install/car_demo/share/car_demo/models/house_3/meshes/house_3.dae\n'}
[0.983644] (car_demo) StdoutLine: {'line': b'-- Up-to-date: /sbel/gazebo-demo/install/car_demo/share/car_demo/models/house_3/model-1_3.sdf\n'}
[0.983709] (car_demo) StdoutLine: {'line': b'-- Up-to-date: /sbel/gazebo-demo/install/car_demo/share/car_demo/models/house_3/materials\n'}
[0.983782] (car_demo) StdoutLine: {'line': b'-- Up-to-date: /sbel/gazebo-demo/install/car_demo/share/car_demo/models/house_3/materials/scripts\n'}
[0.983844] (car_demo) StdoutLine: {'line': b'-- Up-to-date: /sbel/gazebo-demo/install/car_demo/share/car_demo/models/house_3/materials/scripts/house_3.material\n'}
[0.983914] (car_demo) StdoutLine: {'line': b'-- Up-to-date: /sbel/gazebo-demo/install/car_demo/share/car_demo/models/house_3/materials/textures\n'}
[0.983979] (car_demo) StdoutLine: {'line': b'-- Up-to-date: /sbel/gazebo-demo/install/car_demo/share/car_demo/models/house_3/materials/textures/House_3_Diffuse.png\n'}
[0.984044] (car_demo) StdoutLine: {'line': b'-- Up-to-date: /sbel/gazebo-demo/install/car_demo/share/car_demo/models/house_3/model.config\n'}
[0.984111] (car_demo) StdoutLine: {'line': b'-- Up-to-date: /sbel/gazebo-demo/install/car_demo/share/car_demo/models/house_3/model.sdf\n'}
[0.984175] (car_demo) StdoutLine: {'line': b'-- Up-to-date: /sbel/gazebo-demo/install/car_demo/share/car_demo/models/house_1\n'}
[0.984235] (car_demo) StdoutLine: {'line': b'-- Up-to-date: /sbel/gazebo-demo/install/car_demo/share/car_demo/models/house_1/model-1_4.sdf\n'}
[0.984301] (car_demo) StdoutLine: {'line': b'-- Up-to-date: /sbel/gazebo-demo/install/car_demo/share/car_demo/models/house_1/meshes\n'}
[0.984369] (car_demo) StdoutLine: {'line': b'-- Up-to-date: /sbel/gazebo-demo/install/car_demo/share/car_demo/models/house_1/meshes/house_1.dae\n'}
[0.984436] (car_demo) StdoutLine: {'line': b'-- Up-to-date: /sbel/gazebo-demo/install/car_demo/share/car_demo/models/house_1/model-1_3.sdf\n'}
[0.984491] (car_demo) StdoutLine: {'line': b'-- Up-to-date: /sbel/gazebo-demo/install/car_demo/share/car_demo/models/house_1/materials\n'}
[0.984557] (car_demo) StdoutLine: {'line': b'-- Up-to-date: /sbel/gazebo-demo/install/car_demo/share/car_demo/models/house_1/materials/scripts\n'}
[0.984614] (car_demo) StdoutLine: {'line': b'-- Up-to-date: /sbel/gazebo-demo/install/car_demo/share/car_demo/models/house_1/materials/scripts/house_1.material\n'}
[0.984677] (car_demo) StdoutLine: {'line': b'-- Up-to-date: /sbel/gazebo-demo/install/car_demo/share/car_demo/models/house_1/materials/textures\n'}
[0.984733] (car_demo) StdoutLine: {'line': b'-- Up-to-date: /sbel/gazebo-demo/install/car_demo/share/car_demo/models/house_1/materials/textures/House_1_Normal.png\n'}
[0.984801] (car_demo) StdoutLine: {'line': b'-- Up-to-date: /sbel/gazebo-demo/install/car_demo/share/car_demo/models/house_1/materials/textures/House_1_Diffuse.png\n'}
[0.984858] (car_demo) StdoutLine: {'line': b'-- Up-to-date: /sbel/gazebo-demo/install/car_demo/share/car_demo/models/house_1/materials/textures/House_1_Spec.png\n'}
[0.984925] (car_demo) StdoutLine: {'line': b'-- Up-to-date: /sbel/gazebo-demo/install/car_demo/share/car_demo/models/house_1/model.config\n'}
[0.984990] (car_demo) StdoutLine: {'line': b'-- Up-to-date: /sbel/gazebo-demo/install/car_demo/share/car_demo/models/house_1/model.sdf\n'}
[0.985046] (car_demo) StdoutLine: {'line': b'-- Up-to-date: /sbel/gazebo-demo/install/car_demo/share/car_demo/models/mcity\n'}
[0.985103] (car_demo) StdoutLine: {'line': b'-- Up-to-date: /sbel/gazebo-demo/install/car_demo/share/car_demo/models/mcity/meshes\n'}
[0.985169] (car_demo) StdoutLine: {'line': b'-- Up-to-date: /sbel/gazebo-demo/install/car_demo/share/car_demo/models/mcity/meshes/mcity.obj\n'}
[0.985227] (car_demo) StdoutLine: {'line': b'-- Up-to-date: /sbel/gazebo-demo/install/car_demo/share/car_demo/models/mcity/meshes/mcity.mtl\n'}
[0.985294] (car_demo) StdoutLine: {'line': b'-- Up-to-date: /sbel/gazebo-demo/install/car_demo/share/car_demo/models/mcity/materials\n'}
[0.985361] (car_demo) StdoutLine: {'line': b'-- Up-to-date: /sbel/gazebo-demo/install/car_demo/share/car_demo/models/mcity/materials/textures\n'}
[0.985436] (car_demo) StdoutLine: {'line': b'-- Up-to-date: /sbel/gazebo-demo/install/car_demo/share/car_demo/models/mcity/materials/textures/GuardRail.png\n'}
[0.985502] (car_demo) StdoutLine: {'line': b'-- Up-to-date: /sbel/gazebo-demo/install/car_demo/share/car_demo/models/mcity/materials/textures/OverheadSigns.png\n'}
[0.985563] (car_demo) StdoutLine: {'line': b'-- Up-to-date: /sbel/gazebo-demo/install/car_demo/share/car_demo/models/mcity/materials/textures/Brick.png\n'}
[0.985619] (car_demo) StdoutLine: {'line': b'-- Up-to-date: /sbel/gazebo-demo/install/car_demo/share/car_demo/models/mcity/materials/textures/Road_DoubleYellowLine.png\n'}
[0.985712] (car_demo) StdoutLine: {'line': b'-- Up-to-date: /sbel/gazebo-demo/install/car_demo/share/car_demo/models/mcity/materials/textures/Road_SingleWhiteLine.png\n'}
[0.985822] (car_demo) StdoutLine: {'line': b'-- Up-to-date: /sbel/gazebo-demo/install/car_demo/share/car_demo/models/mcity/materials/textures/Road_DoubleYellowLine_Light.png\n'}
[0.985958] (car_demo) StdoutLine: {'line': b'-- Up-to-date: /sbel/gazebo-demo/install/car_demo/share/car_demo/models/mcity/materials/textures/Road_Blank.png\n'}
[0.986074] (car_demo) StdoutLine: {'line': b'-- Up-to-date: /sbel/gazebo-demo/install/car_demo/share/car_demo/models/mcity/materials/textures/StreetLamp_Short.png\n'}
[0.986182] (car_demo) StdoutLine: {'line': b'-- Up-to-date: /sbel/gazebo-demo/install/car_demo/share/car_demo/models/mcity/materials/textures/Colors.png\n'}
[0.986288] (car_demo) StdoutLine: {'line': b'-- Up-to-date: /sbel/gazebo-demo/install/car_demo/share/car_demo/models/mcity/materials/textures/OverheadSignBase.png\n'}
[0.986396] (car_demo) StdoutLine: {'line': b'-- Up-to-date: /sbel/gazebo-demo/install/car_demo/share/car_demo/models/mcity/materials/textures/StreetLamp_Tall.png\n'}
[0.986508] (car_demo) StdoutLine: {'line': b'-- Up-to-date: /sbel/gazebo-demo/install/car_demo/share/car_demo/models/mcity/materials/textures/Tunnel.png\n'}
[0.986611] (car_demo) StdoutLine: {'line': b'-- Up-to-date: /sbel/gazebo-demo/install/car_demo/share/car_demo/models/mcity/materials/textures/Buildings.png\n'}
[0.986709] (car_demo) StdoutLine: {'line': b'-- Up-to-date: /sbel/gazebo-demo/install/car_demo/share/car_demo/models/mcity/materials/textures/Concrete_Ground.png\n'}
[0.986797] (car_demo) StdoutLine: {'line': b'-- Up-to-date: /sbel/gazebo-demo/install/car_demo/share/car_demo/models/mcity/materials/textures/Crosswalk.png\n'}
[0.986883] (car_demo) StdoutLine: {'line': b'-- Up-to-date: /sbel/gazebo-demo/install/car_demo/share/car_demo/models/mcity/materials/textures/TrafficBarrel.png\n'}
[0.986957] (car_demo) StdoutLine: {'line': b'-- Up-to-date: /sbel/gazebo-demo/install/car_demo/share/car_demo/models/mcity/materials/textures/RailroadGate.png\n'}
[0.987096] (car_demo) StdoutLine: {'line': b'-- Up-to-date: /sbel/gazebo-demo/install/car_demo/share/car_demo/models/mcity/materials/textures/Gravel.png\n'}
[0.987207] (car_demo) StdoutLine: {'line': b'-- Up-to-date: /sbel/gazebo-demo/install/car_demo/share/car_demo/models/mcity/materials/textures/Grass.png\n'}
[0.987318] (car_demo) StdoutLine: {'line': b'-- Up-to-date: /sbel/gazebo-demo/install/car_demo/share/car_demo/models/mcity/materials/textures/Curb.png\n'}
[0.987422] (car_demo) StdoutLine: {'line': b'-- Up-to-date: /sbel/gazebo-demo/install/car_demo/share/car_demo/models/mcity/materials/textures/Road_Blank_Light.png\n'}
[0.987505] (car_demo) StdoutLine: {'line': b'-- Up-to-date: /sbel/gazebo-demo/install/car_demo/share/car_demo/models/mcity/materials/textures/Asphalt.png\n'}
[0.987590] (car_demo) StdoutLine: {'line': b'-- Up-to-date: /sbel/gazebo-demo/install/car_demo/share/car_demo/models/mcity/model.config\n'}
[0.987669] (car_demo) StdoutLine: {'line': b'-- Up-to-date: /sbel/gazebo-demo/install/car_demo/share/car_demo/models/mcity/model.sdf\n'}
[0.987748] (car_demo) StdoutLine: {'line': b'-- Up-to-date: /sbel/gazebo-demo/install/car_demo/share/car_demo/models/house_2\n'}
[0.987827] (car_demo) StdoutLine: {'line': b'-- Up-to-date: /sbel/gazebo-demo/install/car_demo/share/car_demo/models/house_2/model-1_4.sdf\n'}
[0.987921] (car_demo) StdoutLine: {'line': b'-- Up-to-date: /sbel/gazebo-demo/install/car_demo/share/car_demo/models/house_2/meshes\n'}
[0.988011] (car_demo) StdoutLine: {'line': b'-- Up-to-date: /sbel/gazebo-demo/install/car_demo/share/car_demo/models/house_2/meshes/house_2.dae\n'}
[0.988098] (car_demo) StdoutLine: {'line': b'-- Up-to-date: /sbel/gazebo-demo/install/car_demo/share/car_demo/models/house_2/model-1_3.sdf\n'}
[0.988178] (car_demo) StdoutLine: {'line': b'-- Up-to-date: /sbel/gazebo-demo/install/car_demo/share/car_demo/models/house_2/materials\n'}
[0.988260] (car_demo) StdoutLine: {'line': b'-- Up-to-date: /sbel/gazebo-demo/install/car_demo/share/car_demo/models/house_2/materials/scripts\n'}
[0.988341] (car_demo) StdoutLine: {'line': b'-- Up-to-date: /sbel/gazebo-demo/install/car_demo/share/car_demo/models/house_2/materials/scripts/house_2.material\n'}
[0.988420] (car_demo) StdoutLine: {'line': b'-- Up-to-date: /sbel/gazebo-demo/install/car_demo/share/car_demo/models/house_2/materials/textures\n'}
[0.988497] (car_demo) StdoutLine: {'line': b'-- Up-to-date: /sbel/gazebo-demo/install/car_demo/share/car_demo/models/house_2/materials/textures/House_2_Diffuse.png\n'}
[0.988573] (car_demo) StdoutLine: {'line': b'-- Up-to-date: /sbel/gazebo-demo/install/car_demo/share/car_demo/models/house_2/model.config\n'}
[0.988649] (car_demo) StdoutLine: {'line': b'-- Up-to-date: /sbel/gazebo-demo/install/car_demo/share/car_demo/models/house_2/model.sdf\n'}
[0.988724] (car_demo) StdoutLine: {'line': b'-- Up-to-date: /sbel/gazebo-demo/install/car_demo/share/car_demo/models/jersey_barrier\n'}
[0.988815] (car_demo) StdoutLine: {'line': b'-- Up-to-date: /sbel/gazebo-demo/install/car_demo/share/car_demo/models/jersey_barrier/model-1_4.sdf\n'}
[0.988898] (car_demo) StdoutLine: {'line': b'-- Up-to-date: /sbel/gazebo-demo/install/car_demo/share/car_demo/models/jersey_barrier/meshes\n'}
[0.988990] (car_demo) StdoutLine: {'line': b'-- Up-to-date: /sbel/gazebo-demo/install/car_demo/share/car_demo/models/jersey_barrier/meshes/jersey_barrier.dae\n'}
[0.989076] (car_demo) StdoutLine: {'line': b'-- Up-to-date: /sbel/gazebo-demo/install/car_demo/share/car_demo/models/jersey_barrier/materials\n'}
[0.989151] (car_demo) StdoutLine: {'line': b'-- Up-to-date: /sbel/gazebo-demo/install/car_demo/share/car_demo/models/jersey_barrier/materials/textures\n'}
[0.989227] (car_demo) StdoutLine: {'line': b'-- Up-to-date: /sbel/gazebo-demo/install/car_demo/share/car_demo/models/jersey_barrier/materials/textures/jersey_barrier_spec.png\n'}
[0.989295] (car_demo) StdoutLine: {'line': b'-- Up-to-date: /sbel/gazebo-demo/install/car_demo/share/car_demo/models/jersey_barrier/materials/textures/jersey_barrier_diffuse.png\n'}
[0.989371] (car_demo) StdoutLine: {'line': b'-- Up-to-date: /sbel/gazebo-demo/install/car_demo/share/car_demo/models/jersey_barrier/materials/textures/jersey_barrier.png\n'}
[0.989456] (car_demo) StdoutLine: {'line': b'-- Up-to-date: /sbel/gazebo-demo/install/car_demo/share/car_demo/models/jersey_barrier/model.config\n'}
[0.989526] (car_demo) StdoutLine: {'line': b'-- Up-to-date: /sbel/gazebo-demo/install/car_demo/share/car_demo/models/jersey_barrier/model.sdf\n'}
[0.989596] (car_demo) StdoutLine: {'line': b'-- Up-to-date: /sbel/gazebo-demo/install/car_demo/share/car_demo/models/powerplant\n'}
[0.989668] (car_demo) StdoutLine: {'line': b'-- Up-to-date: /sbel/gazebo-demo/install/car_demo/share/car_demo/models/powerplant/model-1_2.sdf\n'}
[0.989747] (car_demo) StdoutLine: {'line': b'-- Up-to-date: /sbel/gazebo-demo/install/car_demo/share/car_demo/models/powerplant/model-1_4.sdf\n'}
[0.989827] (car_demo) StdoutLine: {'line': b'-- Up-to-date: /sbel/gazebo-demo/install/car_demo/share/car_demo/models/powerplant/meshes\n'}
[0.989909] (car_demo) StdoutLine: {'line': b'-- Up-to-date: /sbel/gazebo-demo/install/car_demo/share/car_demo/models/powerplant/meshes/powerplant.dae\n'}
[0.989998] (car_demo) StdoutLine: {'line': b'-- Up-to-date: /sbel/gazebo-demo/install/car_demo/share/car_demo/models/powerplant/model-1_3.sdf\n'}
[0.990071] (car_demo) StdoutLine: {'line': b'-- Up-to-date: /sbel/gazebo-demo/install/car_demo/share/car_demo/models/powerplant/materials\n'}
[0.990143] (car_demo) StdoutLine: {'line': b'-- Up-to-date: /sbel/gazebo-demo/install/car_demo/share/car_demo/models/powerplant/materials/textures\n'}
[0.990218] (car_demo) StdoutLine: {'line': b'-- Up-to-date: /sbel/gazebo-demo/install/car_demo/share/car_demo/models/powerplant/materials/textures/__auto_8.png\n'}
[0.990287] (car_demo) StdoutLine: {'line': b'-- Up-to-date: /sbel/gazebo-demo/install/car_demo/share/car_demo/models/powerplant/materials/textures/__auto_37.png\n'}
[0.990354] (car_demo) StdoutLine: {'line': b'-- Up-to-date: /sbel/gazebo-demo/install/car_demo/share/car_demo/models/powerplant/materials/textures/__auto_1.png\n'}
[0.990420] (car_demo) StdoutLine: {'line': b'-- Up-to-date: /sbel/gazebo-demo/install/car_demo/share/car_demo/models/powerplant/materials/textures/__auto_36.png\n'}
[0.990486] (car_demo) StdoutLine: {'line': b'-- Up-to-date: /sbel/gazebo-demo/install/car_demo/share/car_demo/models/powerplant/materials/textures/__auto_23.png\n'}
[0.990551] (car_demo) StdoutLine: {'line': b'-- Up-to-date: /sbel/gazebo-demo/install/car_demo/share/car_demo/models/powerplant/materials/textures/__auto_25.png\n'}
[0.990612] (car_demo) StdoutLine: {'line': b'-- Up-to-date: /sbel/gazebo-demo/install/car_demo/share/car_demo/models/powerplant/materials/textures/__auto_27.png\n'}
[0.990672] (car_demo) StdoutLine: {'line': b'-- Up-to-date: /sbel/gazebo-demo/install/car_demo/share/car_demo/models/powerplant/materials/textures/__auto_6.png\n'}
[0.990734] (car_demo) StdoutLine: {'line': b'-- Up-to-date: /sbel/gazebo-demo/install/car_demo/share/car_demo/models/powerplant/materials/textures/__auto_13.png\n'}
[0.990796] (car_demo) StdoutLine: {'line': b'-- Up-to-date: /sbel/gazebo-demo/install/car_demo/share/car_demo/models/powerplant/materials/textures/__auto_2.png\n'}
[0.990858] (car_demo) StdoutLine: {'line': b'-- Up-to-date: /sbel/gazebo-demo/install/car_demo/share/car_demo/models/powerplant/materials/textures/__auto_21.png\n'}
[0.990920] (car_demo) StdoutLine: {'line': b'-- Up-to-date: /sbel/gazebo-demo/install/car_demo/share/car_demo/models/powerplant/materials/textures/__auto_34.png\n'}
[0.990982] (car_demo) StdoutLine: {'line': b'-- Up-to-date: /sbel/gazebo-demo/install/car_demo/share/car_demo/models/powerplant/materials/textures/__auto_33.png\n'}
[0.991044] (car_demo) StdoutLine: {'line': b'-- Up-to-date: /sbel/gazebo-demo/install/car_demo/share/car_demo/models/powerplant/materials/textures/__auto_7.png\n'}
[0.991108] (car_demo) StdoutLine: {'line': b'-- Up-to-date: /sbel/gazebo-demo/install/car_demo/share/car_demo/models/powerplant/materials/textures/__auto_32.png\n'}
[0.991171] (car_demo) StdoutLine: {'line': b'-- Up-to-date: /sbel/gazebo-demo/install/car_demo/share/car_demo/models/powerplant/materials/textures/__auto_19.png\n'}
[0.991237] (car_demo) StdoutLine: {'line': b'-- Up-to-date: /sbel/gazebo-demo/install/car_demo/share/car_demo/models/powerplant/materials/textures/__auto_20.png\n'}
[0.991301] (car_demo) StdoutLine: {'line': b'-- Up-to-date: /sbel/gazebo-demo/install/car_demo/share/car_demo/models/powerplant/materials/textures/__auto_11.png\n'}
[0.991364] (car_demo) StdoutLine: {'line': b'-- Up-to-date: /sbel/gazebo-demo/install/car_demo/share/car_demo/models/powerplant/materials/textures/__auto_38.png\n'}
[0.991429] (car_demo) StdoutLine: {'line': b'-- Up-to-date: /sbel/gazebo-demo/install/car_demo/share/car_demo/models/powerplant/materials/textures/__auto_17.png\n'}
[0.991483] (car_demo) StdoutLine: {'line': b'-- Up-to-date: /sbel/gazebo-demo/install/car_demo/share/car_demo/models/powerplant/materials/textures/__auto_3.png\n'}
[0.991684] (car_demo) StdoutLine: {'line': b'-- Up-to-date: /sbel/gazebo-demo/install/car_demo/share/car_demo/models/powerplant/materials/textures/__auto_35.png\n'}
[0.992025] (car_demo) StdoutLine: {'line': b'-- Up-to-date: /sbel/gazebo-demo/install/car_demo/share/car_demo/models/powerplant/materials/textures/__auto_10.png\n'}
[0.992244] (car_demo) StdoutLine: {'line': b'-- Up-to-date: /sbel/gazebo-demo/install/car_demo/share/car_demo/models/powerplant/materials/textures/__auto_12.png\n'}
[0.992395] (car_demo) StdoutLine: {'line': b'-- Up-to-date: /sbel/gazebo-demo/install/car_demo/share/car_demo/models/powerplant/materials/textures/__auto_26.png\n'}
[0.992510] (car_demo) StdoutLine: {'line': b'-- Up-to-date: /sbel/gazebo-demo/install/car_demo/share/car_demo/models/powerplant/materials/textures/__auto_9.png\n'}
[0.992643] (car_demo) StdoutLine: {'line': b'-- Up-to-date: /sbel/gazebo-demo/install/car_demo/share/car_demo/models/powerplant/materials/textures/__auto_.png\n'}
[0.992759] (car_demo) StdoutLine: {'line': b'-- Up-to-date: /sbel/gazebo-demo/install/car_demo/share/car_demo/models/powerplant/materials/textures/__auto_22.png\n'}
[0.992825] (car_demo) StdoutLine: {'line': b'-- Up-to-date: /sbel/gazebo-demo/install/car_demo/share/car_demo/models/powerplant/model.config\n'}
[0.992941] (car_demo) StdoutLine: {'line': b'-- Up-to-date: /sbel/gazebo-demo/install/car_demo/share/car_demo/models/powerplant/model.sdf\n'}
[0.993045] (car_demo) StdoutLine: {'line': b'-- Up-to-date: /sbel/gazebo-demo/install/car_demo/share/car_demo/models/cloverleaf_interchange\n'}
[0.993186] (car_demo) StdoutLine: {'line': b'-- Up-to-date: /sbel/gazebo-demo/install/car_demo/share/car_demo/models/cloverleaf_interchange/meshes\n'}
[0.993292] (car_demo) StdoutLine: {'line': b'-- Up-to-date: /sbel/gazebo-demo/install/car_demo/share/car_demo/models/cloverleaf_interchange/meshes/cloverleaf.obj\n'}
[0.993424] (car_demo) StdoutLine: {'line': b'-- Up-to-date: /sbel/gazebo-demo/install/car_demo/share/car_demo/models/cloverleaf_interchange/meshes/cloverleaf.mtl\n'}
[0.993537] (car_demo) StdoutLine: {'line': b'-- Up-to-date: /sbel/gazebo-demo/install/car_demo/share/car_demo/models/cloverleaf_interchange/materials\n'}
[0.993661] (car_demo) StdoutLine: {'line': b'-- Up-to-date: /sbel/gazebo-demo/install/car_demo/share/car_demo/models/cloverleaf_interchange/materials/textures\n'}
[0.993765] (car_demo) StdoutLine: {'line': b'-- Up-to-date: /sbel/gazebo-demo/install/car_demo/share/car_demo/models/cloverleaf_interchange/materials/textures/arrow.png\n'}
[0.993869] (car_demo) StdoutLine: {'line': b'-- Up-to-date: /sbel/gazebo-demo/install/car_demo/share/car_demo/models/cloverleaf_interchange/materials/textures/grass.png\n'}
[0.993972] (car_demo) StdoutLine: {'line': b'-- Up-to-date: /sbel/gazebo-demo/install/car_demo/share/car_demo/models/cloverleaf_interchange/materials/textures/cross.png\n'}
[0.994096] (car_demo) StdoutLine: {'line': b'-- Up-to-date: /sbel/gazebo-demo/install/car_demo/share/car_demo/models/cloverleaf_interchange/materials/textures/road.png\n'}
[0.994207] (car_demo) StdoutLine: {'line': b'-- Up-to-date: /sbel/gazebo-demo/install/car_demo/share/car_demo/models/cloverleaf_interchange/materials/textures/concrete.png\n'}
[0.994311] (car_demo) StdoutLine: {'line': b'-- Up-to-date: /sbel/gazebo-demo/install/car_demo/share/car_demo/models/cloverleaf_interchange/model.config\n'}
[0.994430] (car_demo) StdoutLine: {'line': b'-- Up-to-date: /sbel/gazebo-demo/install/car_demo/share/car_demo/models/cloverleaf_interchange/model.sdf\n'}
[0.994533] (car_demo) StdoutLine: {'line': b'-- Up-to-date: /sbel/gazebo-demo/install/car_demo/share/car_demo/models/gas_station\n'}
[0.994633] (car_demo) StdoutLine: {'line': b'-- Up-to-date: /sbel/gazebo-demo/install/car_demo/share/car_demo/models/gas_station/model-1_4.sdf\n'}
[0.994699] (car_demo) StdoutLine: {'line': b'-- Up-to-date: /sbel/gazebo-demo/install/car_demo/share/car_demo/models/gas_station/meshes\n'}
[0.994818] (car_demo) StdoutLine: {'line': b'-- Up-to-date: /sbel/gazebo-demo/install/car_demo/share/car_demo/models/gas_station/meshes/gas_station.dae\n'}
[0.994949] (car_demo) StdoutLine: {'line': b'-- Up-to-date: /sbel/gazebo-demo/install/car_demo/share/car_demo/models/gas_station/model-1_3.sdf\n'}
[0.995057] (car_demo) StdoutLine: {'line': b'-- Up-to-date: /sbel/gazebo-demo/install/car_demo/share/car_demo/models/gas_station/materials\n'}
[0.995173] (car_demo) StdoutLine: {'line': b'-- Up-to-date: /sbel/gazebo-demo/install/car_demo/share/car_demo/models/gas_station/materials/scripts\n'}
[0.995278] (car_demo) StdoutLine: {'line': b'-- Up-to-date: /sbel/gazebo-demo/install/car_demo/share/car_demo/models/gas_station/materials/scripts/gas_station.material\n'}
[0.995399] (car_demo) StdoutLine: {'line': b'-- Up-to-date: /sbel/gazebo-demo/install/car_demo/share/car_demo/models/gas_station/materials/textures\n'}
[0.995501] (car_demo) StdoutLine: {'line': b'-- Up-to-date: /sbel/gazebo-demo/install/car_demo/share/car_demo/models/gas_station/materials/textures/GasStation_Normal.png\n'}
[0.995605] (car_demo) StdoutLine: {'line': b'-- Up-to-date: /sbel/gazebo-demo/install/car_demo/share/car_demo/models/gas_station/materials/textures/GasStation_Spec.png\n'}
[0.995669] (car_demo) StdoutLine: {'line': b'-- Up-to-date: /sbel/gazebo-demo/install/car_demo/share/car_demo/models/gas_station/materials/textures/GasStation_Diffuse.png\n'}
[0.995789] (car_demo) StdoutLine: {'line': b'-- Up-to-date: /sbel/gazebo-demo/install/car_demo/share/car_demo/models/gas_station/model.config\n'}
[0.995905] (car_demo) StdoutLine: {'line': b'-- Up-to-date: /sbel/gazebo-demo/install/car_demo/share/car_demo/models/gas_station/model.sdf\n'}
[0.996010] (car_demo) StdoutLine: {'line': b'-- Up-to-date: /sbel/gazebo-demo/install/car_demo/share/car_demo/models/dumpster\n'}
[0.996117] (car_demo) StdoutLine: {'line': b'-- Up-to-date: /sbel/gazebo-demo/install/car_demo/share/car_demo/models/dumpster/model-1_4.sdf\n'}
[0.996225] (car_demo) StdoutLine: {'line': b'-- Up-to-date: /sbel/gazebo-demo/install/car_demo/share/car_demo/models/dumpster/meshes\n'}
[0.996331] (car_demo) StdoutLine: {'line': b'-- Up-to-date: /sbel/gazebo-demo/install/car_demo/share/car_demo/models/dumpster/meshes/dumpster.dae\n'}
[0.996436] (car_demo) StdoutLine: {'line': b'-- Up-to-date: /sbel/gazebo-demo/install/car_demo/share/car_demo/models/dumpster/model-1_3.sdf\n'}
[0.996548] (car_demo) StdoutLine: {'line': b'-- Up-to-date: /sbel/gazebo-demo/install/car_demo/share/car_demo/models/dumpster/materials\n'}
[0.996641] (car_demo) StdoutLine: {'line': b'-- Up-to-date: /sbel/gazebo-demo/install/car_demo/share/car_demo/models/dumpster/materials/scripts\n'}
[0.996782] (car_demo) StdoutLine: {'line': b'-- Up-to-date: /sbel/gazebo-demo/install/car_demo/share/car_demo/models/dumpster/materials/scripts/dumpster.material\n'}
[0.996886] (car_demo) StdoutLine: {'line': b'-- Up-to-date: /sbel/gazebo-demo/install/car_demo/share/car_demo/models/dumpster/materials/textures\n'}
[0.996988] (car_demo) StdoutLine: {'line': b'-- Up-to-date: /sbel/gazebo-demo/install/car_demo/share/car_demo/models/dumpster/materials/textures/Dumpster_Spec.png\n'}
[0.997106] (car_demo) StdoutLine: {'line': b'-- Up-to-date: /sbel/gazebo-demo/install/car_demo/share/car_demo/models/dumpster/materials/textures/Dumpster_Diffuse.png\n'}
[0.997210] (car_demo) StdoutLine: {'line': b'-- Up-to-date: /sbel/gazebo-demo/install/car_demo/share/car_demo/models/dumpster/model.config\n'}
[0.997314] (car_demo) StdoutLine: {'line': b'-- Up-to-date: /sbel/gazebo-demo/install/car_demo/share/car_demo/models/dumpster/model.sdf\n'}
[0.997416] (car_demo) StdoutLine: {'line': b'-- Up-to-date: /sbel/gazebo-demo/install/car_demo/share/car_demo/rviz\n'}
[0.997526] (car_demo) StdoutLine: {'line': b'-- Up-to-date: /sbel/gazebo-demo/install/car_demo/share/car_demo/rviz/ros2.rviz\n'}
[0.997625] (car_demo) StdoutLine: {'line': b'-- Up-to-date: /sbel/gazebo-demo/install/car_demo/share/car_demo/worlds\n'}
[0.997734] (car_demo) StdoutLine: {'line': b'-- Up-to-date: /sbel/gazebo-demo/install/car_demo/share/car_demo/worlds/mcity.world\n'}
[0.997854] (car_demo) StdoutLine: {'line': b'-- Up-to-date: /sbel/gazebo-demo/install/car_demo/lib/libPriusHybridPlugin.so\n'}
[0.998007] (car_demo) CommandEnded: {'returncode': 0}
[1.000666] (-) TimerEvent: {}
[1.100886] (-) TimerEvent: {}
[1.121760] (car_demo) JobEnded: {'identifier': 'car_demo', 'rc': 0}
[1.122267] (-) EventReactorShutdown: {}
