[0.052s] Invoking command in '/sbel/gazebo-demo/build/car_demo': AMENT_PREFIX_PATH=/sbel/gazebo-demo/install/prius_msgs:/sbel/gazebo-demo/install/prius_description:${AMENT_PREFIX_PATH} CMAKE_PREFIX_PATH=/sbel/gazebo-demo/install/prius_msgs:/sbel/gazebo-demo/install/prius_description:/chrono_ros_interfaces/install/chrono_ros_interfaces:/opt/ros/humble GAZEBO_MODEL_PATH=/sbel/gazebo-demo/install/prius_description/share/prius_description/models LD_LIBRARY_PATH=/sbel/gazebo-demo/install/prius_msgs/lib:${LD_LIBRARY_PATH} PYTHONPATH=/sbel/gazebo-demo/install/prius_msgs/local/lib/python3.10/dist-packages:${PYTHONPATH} /usr/bin/cmake --build /sbel/gazebo-demo/build/car_demo -- -j16 -l16
[0.077s] -- Found ament_cmake: 1.3.5 (/opt/ros/humble/share/ament_cmake/cmake)
[0.177s] -- Found rclcpp: 16.0.6 (/opt/ros/humble/share/rclcpp/cmake)
[0.201s] -- Found rosidl_generator_c: 3.1.5 (/opt/ros/humble/share/rosidl_generator_c/cmake)
[0.203s] -- Found rosidl_adapter: 3.1.5 (/opt/ros/humble/share/rosidl_adapter/cmake)
[0.207s] -- Found rosidl_generator_cpp: 3.1.5 (/opt/ros/humble/share/rosidl_generator_cpp/cmake)
[0.215s] -- Using all available rosidl_typesupport_c: rosidl_typesupport_fastrtps_c;rosidl_typesupport_introspection_c
[0.225s] -- Using all available rosidl_typesupport_cpp: rosidl_typesupport_fastrtps_cpp;rosidl_typesupport_introspection_cpp
[0.265s] -- Found rmw_implementation_cmake: 6.1.1 (/opt/ros/humble/share/rmw_implementation_cmake/cmake)
[0.266s] -- Found rmw_fastrtps_cpp: 6.2.4 (/opt/ros/humble/share/rmw_fastrtps_cpp/cmake)
[0.393s] -- Using RMW implementation 'rmw_fastrtps_cpp' as default
[0.497s] -- Found rclpy: 3.3.10 (/opt/ros/humble/share/rclpy/cmake)
[0.497s] -- Found gazebo_dev: 3.7.0 (/opt/ros/humble/share/gazebo_dev/cmake)
[0.518s] -- Found DART: /usr/include (Required is at least version "6.6") found components: dart 
[0.538s] -- Found Protobuf: /usr/lib/x86_64-linux-gnu/libprotobuf.so (found version "3.12.4") 
[0.540s] -- Looking for ignition-math6 -- found version 6.15.1
[0.543s] -- Searching for dependencies of ignition-math6
[0.544s] -- Looking for OGRE...
[0.548s] -- Found Ogre Ghadamon (1.9.0)
[0.548s] -- Found OGRE: optimized;/usr/lib/x86_64-linux-gnu/libOgreMain.so;debug;/usr/lib/x86_64-linux-gnu/libOgreMain.so
[0.555s] -- Looking for OGRE_Paging...
[0.555s] -- Found OGRE_Paging: optimized;/usr/lib/x86_64-linux-gnu/libOgrePaging.so;debug;/usr/lib/x86_64-linux-gnu/libOgrePaging.so
[0.555s] -- Looking for OGRE_Terrain...
[0.555s] -- Found OGRE_Terrain: optimized;/usr/lib/x86_64-linux-gnu/libOgreTerrain.so;debug;/usr/lib/x86_64-linux-gnu/libOgreTerrain.so
[0.555s] -- Looking for OGRE_Property...
[0.555s] -- Found OGRE_Property: optimized;/usr/lib/x86_64-linux-gnu/libOgreProperty.so;debug;/usr/lib/x86_64-linux-gnu/libOgreProperty.so
[0.555s] -- Looking for OGRE_RTShaderSystem...
[0.556s] -- Found OGRE_RTShaderSystem: optimized;/usr/lib/x86_64-linux-gnu/libOgreRTShaderSystem.so;debug;/usr/lib/x86_64-linux-gnu/libOgreRTShaderSystem.so
[0.556s] -- Looking for OGRE_Volume...
[0.556s] -- Found OGRE_Volume: optimized;/usr/lib/x86_64-linux-gnu/libOgreVolume.so;debug;/usr/lib/x86_64-linux-gnu/libOgreVolume.so
[0.556s] -- Looking for OGRE_Overlay...
[0.556s] -- Found OGRE_Overlay: optimized;/usr/lib/x86_64-linux-gnu/libOgreOverlay.so;debug;/usr/lib/x86_64-linux-gnu/libOgreOverlay.so
[0.630s] -- Looking for ignition-math6 -- found version 6.15.1
[0.630s] -- Looking for ignition-transport8 -- found version 8.2.1
[0.631s] -- Searching for dependencies of ignition-transport8
[0.654s] -- Found Protobuf: /usr/lib/x86_64-linux-gnu/libprotobuf.so (found suitable version "3.12.4", minimum required is "3") 
[0.672s] -- Config-file not installed for ZeroMQ -- checking for pkg-config
[0.675s] -- Checking for module 'libzmq >= 4'
[0.687s] --   Found libzmq , version 4.3.4
[0.723s] -- Checking for module 'uuid'
[0.734s] --   Found uuid, version 2.37.2
[0.764s] -- Looking for ignition-msgs5 -- found version 5.8.1
[0.764s] -- Searching for dependencies of ignition-msgs5
[0.788s] -- Looking for ignition-math6 -- found version 6.15.1
[0.792s] -- Checking for module 'tinyxml2'
[0.803s] --   Found tinyxml2, version 9.0.0
[0.833s] -- Looking for ignition-msgs5 -- found version 5.8.1
[0.833s] -- Looking for ignition-common3 -- found version 3.14.0
[0.834s] -- Searching for dependencies of ignition-common3
[0.834s] -- Looking for dlfcn.h - found
[0.834s] -- Looking for libdl - found
[0.842s] -- Searching for <ignition-common3> component [graphics]
[0.842s] -- Looking for ignition-common3-graphics -- found version 3.14.0
[0.843s] -- Searching for dependencies of ignition-common3-graphics
[0.843s] -- Looking for ignition-math6 -- found version 6.15.1
[0.844s] -- Looking for ignition-fuel_tools4 -- found version 4.4.0
[0.844s] -- Searching for dependencies of ignition-fuel_tools4
[0.881s] -- Checking for module 'jsoncpp'
[0.892s] --   Found jsoncpp, version 1.9.5
[0.926s] -- Checking for module 'libzip'
[0.937s] --   Found libzip, version 1.7.3
[0.966s] -- Looking for ignition-common3 -- found version 3.14.0
[0.966s] -- Looking for ignition-math6 -- found version 6.15.1
[0.966s] -- Looking for ignition-msgs5 -- found version 5.8.1
[0.967s] -- Gazebo version: 11.10
[0.968s] -- Found gazebo_msgs: 3.7.0 (/opt/ros/humble/share/gazebo_msgs/cmake)
[1.134s] -- Found gazebo_ros: 3.7.0 (/opt/ros/humble/share/gazebo_ros/cmake)
[1.139s] -- Found prius_msgs: 0.0.1 (/sbel/gazebo-demo/install/prius_msgs/share/prius_msgs/cmake)
[1.175s] -- Looking for ignition-math6 -- found version 6.15.1
[1.175s] -- Found prius_description: 0.0.1 (/sbel/gazebo-demo/install/prius_description/share/prius_description/cmake)
[1.229s] -- Found ament_lint_auto: 0.12.8 (/opt/ros/humble/share/ament_lint_auto/cmake)
[1.271s] -- Found ament_cmake_gtest: 1.3.5 (/opt/ros/humble/share/ament_cmake_gtest/cmake)
[1.271s] -- Found gtest sources under '/opt/ros/humble/src/gtest_vendor': C++ tests using 'Google Test' will be built
[1.287s] -- Configuring done
[1.325s] -- Generating done
[1.327s] -- Build files have been written to: /sbel/gazebo-demo/build/car_demo
[1.351s] [35m[1mConsolidate compiler generated dependencies of target gtest_main[0m
[1.351s] [35m[1mConsolidate compiler generated dependencies of target gtest[0m
[1.352s] [35m[1mConsolidate compiler generated dependencies of target PriusHybridPlugin[0m
[1.363s] [ 25%] Built target gtest_main
[1.363s] [ 50%] Built target gtest
[1.364s] [ 50%] Built target ament_cmake_python_copy_car_demo
[1.373s] [35m[1mConsolidate compiler generated dependencies of target PriusHybridPluginTest[0m
[1.407s] [ 62%] [32mBuilding CXX object CMakeFiles/PriusHybridPlugin.dir/plugins/PriusHybridPlugin.cc.o[0m
[1.422s] [ 75%] [32mBuilding CXX object CMakeFiles/PriusHybridPluginTest.dir/plugins/PriusHybridPlugin.cc.o[0m
[1.526s] running egg_info
[1.527s] writing car_demo.egg-info/PKG-INFO
[1.527s] writing dependency_links to car_demo.egg-info/dependency_links.txt
[1.527s] writing top-level names to car_demo.egg-info/top_level.txt
[1.528s] reading manifest file 'car_demo.egg-info/SOURCES.txt'
[1.528s] writing manifest file 'car_demo.egg-info/SOURCES.txt'
[1.546s] [ 75%] Built target ament_cmake_python_build_car_demo_egg
[15.684s] [ 87%] [32m[1mLinking CXX executable PriusHybridPluginTest[0m
[15.782s] [100%] [32m[1mLinking CXX shared library libPriusHybridPlugin.so[0m
[16.321s] [100%] Built target PriusHybridPlugin
[16.670s] [100%] Built target PriusHybridPluginTest
[16.679s] Invoked command in '/sbel/gazebo-demo/build/car_demo' returned '0': AMENT_PREFIX_PATH=/sbel/gazebo-demo/install/prius_msgs:/sbel/gazebo-demo/install/prius_description:${AMENT_PREFIX_PATH} CMAKE_PREFIX_PATH=/sbel/gazebo-demo/install/prius_msgs:/sbel/gazebo-demo/install/prius_description:/chrono_ros_interfaces/install/chrono_ros_interfaces:/opt/ros/humble GAZEBO_MODEL_PATH=/sbel/gazebo-demo/install/prius_description/share/prius_description/models LD_LIBRARY_PATH=/sbel/gazebo-demo/install/prius_msgs/lib:${LD_LIBRARY_PATH} PYTHONPATH=/sbel/gazebo-demo/install/prius_msgs/local/lib/python3.10/dist-packages:${PYTHONPATH} /usr/bin/cmake --build /sbel/gazebo-demo/build/car_demo -- -j16 -l16
[16.705s] Invoking command in '/sbel/gazebo-demo/build/car_demo': AMENT_PREFIX_PATH=/sbel/gazebo-demo/install/prius_msgs:/sbel/gazebo-demo/install/prius_description:${AMENT_PREFIX_PATH} CMAKE_PREFIX_PATH=/sbel/gazebo-demo/install/prius_msgs:/sbel/gazebo-demo/install/prius_description:/chrono_ros_interfaces/install/chrono_ros_interfaces:/opt/ros/humble GAZEBO_MODEL_PATH=/sbel/gazebo-demo/install/prius_description/share/prius_description/models LD_LIBRARY_PATH=/sbel/gazebo-demo/install/prius_msgs/lib:${LD_LIBRARY_PATH} PYTHONPATH=/sbel/gazebo-demo/install/prius_msgs/local/lib/python3.10/dist-packages:${PYTHONPATH} /usr/bin/cmake --install /sbel/gazebo-demo/build/car_demo
[16.710s] -- Install configuration: ""
[16.711s] -- Installing: /sbel/gazebo-demo/install/car_demo/share/car_demo/environment/library_path.sh
[16.711s] -- Installing: /sbel/gazebo-demo/install/car_demo/share/car_demo/environment/library_path.dsv
[16.711s] -- Up-to-date: /sbel/gazebo-demo/install/car_demo/share/car_demo/environment/gazebo_plugins.sh
[16.711s] -- Installing: /sbel/gazebo-demo/install/car_demo/share/car_demo/environment/gazebo_plugins.dsv
[16.711s] -- Up-to-date: /sbel/gazebo-demo/install/car_demo/share/car_demo/environment/pythonpath.sh
[16.711s] -- Installing: /sbel/gazebo-demo/install/car_demo/share/car_demo/environment/pythonpath.dsv
[16.712s] -- Up-to-date: /sbel/gazebo-demo/install/car_demo/local/lib/python3.10/dist-packages/car_demo-0.0.1-py3.10.egg-info
[16.712s] -- Installing: /sbel/gazebo-demo/install/car_demo/local/lib/python3.10/dist-packages/car_demo-0.0.1-py3.10.egg-info/dependency_links.txt
[16.712s] -- Installing: /sbel/gazebo-demo/install/car_demo/local/lib/python3.10/dist-packages/car_demo-0.0.1-py3.10.egg-info/PKG-INFO
[16.712s] -- Installing: /sbel/gazebo-demo/install/car_demo/local/lib/python3.10/dist-packages/car_demo-0.0.1-py3.10.egg-info/SOURCES.txt
[16.712s] -- Installing: /sbel/gazebo-demo/install/car_demo/local/lib/python3.10/dist-packages/car_demo-0.0.1-py3.10.egg-info/top_level.txt
[16.712s] -- Up-to-date: /sbel/gazebo-demo/install/car_demo/local/lib/python3.10/dist-packages/car_demo
[16.712s] -- Up-to-date: /sbel/gazebo-demo/install/car_demo/local/lib/python3.10/dist-packages/car_demo/__init__.py
[16.735s] Listing '/sbel/gazebo-demo/install/car_demo/local/lib/python3.10/dist-packages/car_demo'...
[16.735s] Compiling '/sbel/gazebo-demo/install/car_demo/local/lib/python3.10/dist-packages/car_demo/__init__.py'...
[16.738s] -- Up-to-date: /sbel/gazebo-demo/install/car_demo/lib/car_demo/trajectory_controller.py
[16.738s] -- Up-to-date: /sbel/gazebo-demo/install/car_demo/lib/car_demo/prius_teleop_keyboard.py
[16.738s] -- Up-to-date: /sbel/gazebo-demo/install/car_demo/lib/car_demo/joystick_translator.py
[16.738s] -- Installing: /sbel/gazebo-demo/install/car_demo/lib/libPriusHybridPlugin.so
[16.750s] -- Set runtime path of "/sbel/gazebo-demo/install/car_demo/lib/libPriusHybridPlugin.so" to ""
[16.750s] -- Up-to-date: /sbel/gazebo-demo/install/car_demo/share/ament_index/resource_index/package_run_dependencies/car_demo
[16.750s] -- Installing: /sbel/gazebo-demo/install/car_demo/share/ament_index/resource_index/parent_prefix_path/car_demo
[16.750s] -- Installing: /sbel/gazebo-demo/install/car_demo/share/car_demo/environment/ament_prefix_path.sh
[16.750s] -- Installing: /sbel/gazebo-demo/install/car_demo/share/car_demo/environment/ament_prefix_path.dsv
[16.750s] -- Installing: /sbel/gazebo-demo/install/car_demo/share/car_demo/environment/path.sh
[16.751s] -- Installing: /sbel/gazebo-demo/install/car_demo/share/car_demo/environment/path.dsv
[16.751s] -- Up-to-date: /sbel/gazebo-demo/install/car_demo/share/car_demo/local_setup.bash
[16.751s] -- Up-to-date: /sbel/gazebo-demo/install/car_demo/share/car_demo/local_setup.sh
[16.751s] -- Up-to-date: /sbel/gazebo-demo/install/car_demo/share/car_demo/local_setup.zsh
[16.751s] -- Installing: /sbel/gazebo-demo/install/car_demo/share/car_demo/local_setup.dsv
[16.751s] -- Installing: /sbel/gazebo-demo/install/car_demo/share/car_demo/package.dsv
[16.751s] -- Up-to-date: /sbel/gazebo-demo/install/car_demo/share/ament_index/resource_index/packages/car_demo
[16.751s] -- Up-to-date: /sbel/gazebo-demo/install/car_demo/share/car_demo/cmake/ament_cmake_export_libraries-extras.cmake
[16.751s] -- Up-to-date: /sbel/gazebo-demo/install/car_demo/share/car_demo/cmake/ament_cmake_export_include_directories-extras.cmake
[16.751s] -- Up-to-date: /sbel/gazebo-demo/install/car_demo/share/car_demo/cmake/ament_cmake_export_dependencies-extras.cmake
[16.752s] -- Up-to-date: /sbel/gazebo-demo/install/car_demo/share/car_demo/cmake/car_demoConfig.cmake
[16.752s] -- Up-to-date: /sbel/gazebo-demo/install/car_demo/share/car_demo/cmake/car_demoConfig-version.cmake
[16.752s] -- Up-to-date: /sbel/gazebo-demo/install/car_demo/share/car_demo/package.xml
[16.752s] -- Up-to-date: /sbel/gazebo-demo/install/car_demo/share/car_demo/launch
[16.752s] -- Up-to-date: /sbel/gazebo-demo/install/car_demo/share/car_demo/launch/demo.launch.py
[16.752s] -- Up-to-date: /sbel/gazebo-demo/install/car_demo/share/car_demo/launch/spawn_prius.launch.py
[16.752s] -- Up-to-date: /sbel/gazebo-demo/install/car_demo/share/car_demo/models
[16.752s] -- Up-to-date: /sbel/gazebo-demo/install/car_demo/share/car_demo/models/speed_limit_sign
[16.752s] -- Up-to-date: /sbel/gazebo-demo/install/car_demo/share/car_demo/models/speed_limit_sign/model-1_4.sdf
[16.752s] -- Up-to-date: /sbel/gazebo-demo/install/car_demo/share/car_demo/models/speed_limit_sign/meshes
[16.752s] -- Up-to-date: /sbel/gazebo-demo/install/car_demo/share/car_demo/models/speed_limit_sign/meshes/speed_limit_sign.dae
[16.752s] -- Up-to-date: /sbel/gazebo-demo/install/car_demo/share/car_demo/models/speed_limit_sign/model-1_3.sdf
[16.752s] -- Up-to-date: /sbel/gazebo-demo/install/car_demo/share/car_demo/models/speed_limit_sign/materials
[16.752s] -- Up-to-date: /sbel/gazebo-demo/install/car_demo/share/car_demo/models/speed_limit_sign/materials/textures
[16.752s] -- Up-to-date: /sbel/gazebo-demo/install/car_demo/share/car_demo/models/speed_limit_sign/materials/textures/Speed_90.png
[16.752s] -- Up-to-date: /sbel/gazebo-demo/install/car_demo/share/car_demo/models/speed_limit_sign/materials/textures/Speed_30.png
[16.752s] -- Up-to-date: /sbel/gazebo-demo/install/car_demo/share/car_demo/models/speed_limit_sign/materials/textures/Speed_120.png
[16.752s] -- Up-to-date: /sbel/gazebo-demo/install/car_demo/share/car_demo/models/speed_limit_sign/materials/textures/Speed_40.png
[16.753s] -- Up-to-date: /sbel/gazebo-demo/install/car_demo/share/car_demo/models/speed_limit_sign/materials/textures/Speed_16.png
[16.753s] -- Up-to-date: /sbel/gazebo-demo/install/car_demo/share/car_demo/models/speed_limit_sign/materials/textures/Speed_50.png
[16.753s] -- Up-to-date: /sbel/gazebo-demo/install/car_demo/share/car_demo/models/speed_limit_sign/materials/textures/Speed_110.png
[16.753s] -- Up-to-date: /sbel/gazebo-demo/install/car_demo/share/car_demo/models/speed_limit_sign/materials/textures/Speed_130.png
[16.753s] -- Up-to-date: /sbel/gazebo-demo/install/car_demo/share/car_demo/models/speed_limit_sign/materials/textures/StopSign_Diffuse.png
[16.753s] -- Up-to-date: /sbel/gazebo-demo/install/car_demo/share/car_demo/models/speed_limit_sign/materials/textures/Speed_60.png
[16.753s] -- Up-to-date: /sbel/gazebo-demo/install/car_demo/share/car_demo/models/speed_limit_sign/materials/textures/Speed_100.png
[16.753s] -- Up-to-date: /sbel/gazebo-demo/install/car_demo/share/car_demo/models/speed_limit_sign/materials/textures/Speed_80.png
[16.753s] -- Up-to-date: /sbel/gazebo-demo/install/car_demo/share/car_demo/models/speed_limit_sign/materials/textures/Speed_70.png
[16.753s] -- Up-to-date: /sbel/gazebo-demo/install/car_demo/share/car_demo/models/speed_limit_sign/materials/textures/StopSign_Spec.png
[16.753s] -- Up-to-date: /sbel/gazebo-demo/install/car_demo/share/car_demo/models/speed_limit_sign/materials/textures/Speed_Spec.png
[16.753s] -- Up-to-date: /sbel/gazebo-demo/install/car_demo/share/car_demo/models/speed_limit_sign/model.config
[16.753s] -- Up-to-date: /sbel/gazebo-demo/install/car_demo/share/car_demo/models/speed_limit_sign/model.sdf
[16.753s] -- Up-to-date: /sbel/gazebo-demo/install/car_demo/share/car_demo/models/grey_wall
[16.753s] -- Up-to-date: /sbel/gazebo-demo/install/car_demo/share/car_demo/models/grey_wall/model-1_4.sdf
[16.753s] -- Up-to-date: /sbel/gazebo-demo/install/car_demo/share/car_demo/models/grey_wall/model-1_3.sdf
[16.753s] -- Up-to-date: /sbel/gazebo-demo/install/car_demo/share/car_demo/models/grey_wall/materials
[16.753s] -- Up-to-date: /sbel/gazebo-demo/install/car_demo/share/car_demo/models/grey_wall/materials/scripts
[16.754s] -- Up-to-date: /sbel/gazebo-demo/install/car_demo/share/car_demo/models/grey_wall/materials/scripts/grey_wall.material
[16.754s] -- Up-to-date: /sbel/gazebo-demo/install/car_demo/share/car_demo/models/grey_wall/materials/textures
[16.754s] -- Up-to-date: /sbel/gazebo-demo/install/car_demo/share/car_demo/models/grey_wall/materials/textures/grey_wall.png
[16.754s] -- Up-to-date: /sbel/gazebo-demo/install/car_demo/share/car_demo/models/grey_wall/model.config
[16.754s] -- Up-to-date: /sbel/gazebo-demo/install/car_demo/share/car_demo/models/grey_wall/model.sdf
[16.754s] -- Up-to-date: /sbel/gazebo-demo/install/car_demo/share/car_demo/models/construction_cone
[16.754s] -- Up-to-date: /sbel/gazebo-demo/install/car_demo/share/car_demo/models/construction_cone/model-1_4.sdf
[16.754s] -- Up-to-date: /sbel/gazebo-demo/install/car_demo/share/car_demo/models/construction_cone/meshes
[16.754s] -- Up-to-date: /sbel/gazebo-demo/install/car_demo/share/car_demo/models/construction_cone/meshes/construction_cone.dae
[16.754s] -- Up-to-date: /sbel/gazebo-demo/install/car_demo/share/car_demo/models/construction_cone/model-1_3.sdf
[16.754s] -- Up-to-date: /sbel/gazebo-demo/install/car_demo/share/car_demo/models/construction_cone/materials
[16.754s] -- Up-to-date: /sbel/gazebo-demo/install/car_demo/share/car_demo/models/construction_cone/materials/textures
[16.754s] -- Up-to-date: /sbel/gazebo-demo/install/car_demo/share/car_demo/models/construction_cone/materials/textures/Construction_Cone_Diffuse.png
[16.754s] -- Up-to-date: /sbel/gazebo-demo/install/car_demo/share/car_demo/models/construction_cone/model.config
[16.754s] -- Up-to-date: /sbel/gazebo-demo/install/car_demo/share/car_demo/models/construction_cone/model.sdf
[16.754s] -- Up-to-date: /sbel/gazebo-demo/install/car_demo/share/car_demo/models/house_3
[16.754s] -- Up-to-date: /sbel/gazebo-demo/install/car_demo/share/car_demo/models/house_3/model-1_4.sdf
[16.754s] -- Up-to-date: /sbel/gazebo-demo/install/car_demo/share/car_demo/models/house_3/meshes
[16.754s] -- Up-to-date: /sbel/gazebo-demo/install/car_demo/share/car_demo/models/house_3/meshes/house_3.dae
[16.755s] -- Up-to-date: /sbel/gazebo-demo/install/car_demo/share/car_demo/models/house_3/model-1_3.sdf
[16.755s] -- Up-to-date: /sbel/gazebo-demo/install/car_demo/share/car_demo/models/house_3/materials
[16.755s] -- Up-to-date: /sbel/gazebo-demo/install/car_demo/share/car_demo/models/house_3/materials/scripts
[16.755s] -- Up-to-date: /sbel/gazebo-demo/install/car_demo/share/car_demo/models/house_3/materials/scripts/house_3.material
[16.755s] -- Up-to-date: /sbel/gazebo-demo/install/car_demo/share/car_demo/models/house_3/materials/textures
[16.755s] -- Up-to-date: /sbel/gazebo-demo/install/car_demo/share/car_demo/models/house_3/materials/textures/House_3_Diffuse.png
[16.755s] -- Up-to-date: /sbel/gazebo-demo/install/car_demo/share/car_demo/models/house_3/model.config
[16.755s] -- Up-to-date: /sbel/gazebo-demo/install/car_demo/share/car_demo/models/house_3/model.sdf
[16.755s] -- Up-to-date: /sbel/gazebo-demo/install/car_demo/share/car_demo/models/house_1
[16.755s] -- Up-to-date: /sbel/gazebo-demo/install/car_demo/share/car_demo/models/house_1/model-1_4.sdf
[16.755s] -- Up-to-date: /sbel/gazebo-demo/install/car_demo/share/car_demo/models/house_1/meshes
[16.755s] -- Up-to-date: /sbel/gazebo-demo/install/car_demo/share/car_demo/models/house_1/meshes/house_1.dae
[16.755s] -- Up-to-date: /sbel/gazebo-demo/install/car_demo/share/car_demo/models/house_1/model-1_3.sdf
[16.755s] -- Up-to-date: /sbel/gazebo-demo/install/car_demo/share/car_demo/models/house_1/materials
[16.755s] -- Up-to-date: /sbel/gazebo-demo/install/car_demo/share/car_demo/models/house_1/materials/scripts
[16.755s] -- Up-to-date: /sbel/gazebo-demo/install/car_demo/share/car_demo/models/house_1/materials/scripts/house_1.material
[16.755s] -- Up-to-date: /sbel/gazebo-demo/install/car_demo/share/car_demo/models/house_1/materials/textures
[16.755s] -- Up-to-date: /sbel/gazebo-demo/install/car_demo/share/car_demo/models/house_1/materials/textures/House_1_Normal.png
[16.756s] -- Up-to-date: /sbel/gazebo-demo/install/car_demo/share/car_demo/models/house_1/materials/textures/House_1_Diffuse.png
[16.756s] -- Up-to-date: /sbel/gazebo-demo/install/car_demo/share/car_demo/models/house_1/materials/textures/House_1_Spec.png
[16.756s] -- Up-to-date: /sbel/gazebo-demo/install/car_demo/share/car_demo/models/house_1/model.config
[16.756s] -- Up-to-date: /sbel/gazebo-demo/install/car_demo/share/car_demo/models/house_1/model.sdf
[16.756s] -- Up-to-date: /sbel/gazebo-demo/install/car_demo/share/car_demo/models/mcity
[16.756s] -- Up-to-date: /sbel/gazebo-demo/install/car_demo/share/car_demo/models/mcity/meshes
[16.756s] -- Up-to-date: /sbel/gazebo-demo/install/car_demo/share/car_demo/models/mcity/meshes/mcity.obj
[16.756s] -- Up-to-date: /sbel/gazebo-demo/install/car_demo/share/car_demo/models/mcity/meshes/mcity.mtl
[16.756s] -- Up-to-date: /sbel/gazebo-demo/install/car_demo/share/car_demo/models/mcity/materials
[16.756s] -- Up-to-date: /sbel/gazebo-demo/install/car_demo/share/car_demo/models/mcity/materials/textures
[16.756s] -- Up-to-date: /sbel/gazebo-demo/install/car_demo/share/car_demo/models/mcity/materials/textures/GuardRail.png
[16.756s] -- Up-to-date: /sbel/gazebo-demo/install/car_demo/share/car_demo/models/mcity/materials/textures/OverheadSigns.png
[16.756s] -- Up-to-date: /sbel/gazebo-demo/install/car_demo/share/car_demo/models/mcity/materials/textures/Brick.png
[16.756s] -- Up-to-date: /sbel/gazebo-demo/install/car_demo/share/car_demo/models/mcity/materials/textures/Road_DoubleYellowLine.png
[16.756s] -- Up-to-date: /sbel/gazebo-demo/install/car_demo/share/car_demo/models/mcity/materials/textures/Road_SingleWhiteLine.png
[16.756s] -- Up-to-date: /sbel/gazebo-demo/install/car_demo/share/car_demo/models/mcity/materials/textures/Road_DoubleYellowLine_Light.png
[16.756s] -- Up-to-date: /sbel/gazebo-demo/install/car_demo/share/car_demo/models/mcity/materials/textures/Road_Blank.png
[16.756s] -- Up-to-date: /sbel/gazebo-demo/install/car_demo/share/car_demo/models/mcity/materials/textures/StreetLamp_Short.png
[16.756s] -- Up-to-date: /sbel/gazebo-demo/install/car_demo/share/car_demo/models/mcity/materials/textures/Colors.png
[16.757s] -- Up-to-date: /sbel/gazebo-demo/install/car_demo/share/car_demo/models/mcity/materials/textures/OverheadSignBase.png
[16.757s] -- Up-to-date: /sbel/gazebo-demo/install/car_demo/share/car_demo/models/mcity/materials/textures/StreetLamp_Tall.png
[16.757s] -- Up-to-date: /sbel/gazebo-demo/install/car_demo/share/car_demo/models/mcity/materials/textures/Tunnel.png
[16.757s] -- Up-to-date: /sbel/gazebo-demo/install/car_demo/share/car_demo/models/mcity/materials/textures/Buildings.png
[16.757s] -- Up-to-date: /sbel/gazebo-demo/install/car_demo/share/car_demo/models/mcity/materials/textures/Concrete_Ground.png
[16.757s] -- Up-to-date: /sbel/gazebo-demo/install/car_demo/share/car_demo/models/mcity/materials/textures/Crosswalk.png
[16.757s] -- Up-to-date: /sbel/gazebo-demo/install/car_demo/share/car_demo/models/mcity/materials/textures/TrafficBarrel.png
[16.757s] -- Up-to-date: /sbel/gazebo-demo/install/car_demo/share/car_demo/models/mcity/materials/textures/RailroadGate.png
[16.757s] -- Up-to-date: /sbel/gazebo-demo/install/car_demo/share/car_demo/models/mcity/materials/textures/Gravel.png
[16.757s] -- Up-to-date: /sbel/gazebo-demo/install/car_demo/share/car_demo/models/mcity/materials/textures/Grass.png
[16.757s] -- Up-to-date: /sbel/gazebo-demo/install/car_demo/share/car_demo/models/mcity/materials/textures/Curb.png
[16.757s] -- Up-to-date: /sbel/gazebo-demo/install/car_demo/share/car_demo/models/mcity/materials/textures/Road_Blank_Light.png
[16.757s] -- Up-to-date: /sbel/gazebo-demo/install/car_demo/share/car_demo/models/mcity/materials/textures/Asphalt.png
[16.757s] -- Up-to-date: /sbel/gazebo-demo/install/car_demo/share/car_demo/models/mcity/model.config
[16.757s] -- Up-to-date: /sbel/gazebo-demo/install/car_demo/share/car_demo/models/mcity/model.sdf
[16.757s] -- Up-to-date: /sbel/gazebo-demo/install/car_demo/share/car_demo/models/house_2
[16.757s] -- Up-to-date: /sbel/gazebo-demo/install/car_demo/share/car_demo/models/house_2/model-1_4.sdf
[16.757s] -- Up-to-date: /sbel/gazebo-demo/install/car_demo/share/car_demo/models/house_2/meshes
[16.757s] -- Up-to-date: /sbel/gazebo-demo/install/car_demo/share/car_demo/models/house_2/meshes/house_2.dae
[16.758s] -- Up-to-date: /sbel/gazebo-demo/install/car_demo/share/car_demo/models/house_2/model-1_3.sdf
[16.758s] -- Up-to-date: /sbel/gazebo-demo/install/car_demo/share/car_demo/models/house_2/materials
[16.758s] -- Up-to-date: /sbel/gazebo-demo/install/car_demo/share/car_demo/models/house_2/materials/scripts
[16.758s] -- Up-to-date: /sbel/gazebo-demo/install/car_demo/share/car_demo/models/house_2/materials/scripts/house_2.material
[16.758s] -- Up-to-date: /sbel/gazebo-demo/install/car_demo/share/car_demo/models/house_2/materials/textures
[16.758s] -- Up-to-date: /sbel/gazebo-demo/install/car_demo/share/car_demo/models/house_2/materials/textures/House_2_Diffuse.png
[16.758s] -- Up-to-date: /sbel/gazebo-demo/install/car_demo/share/car_demo/models/house_2/model.config
[16.758s] -- Up-to-date: /sbel/gazebo-demo/install/car_demo/share/car_demo/models/house_2/model.sdf
[16.758s] -- Up-to-date: /sbel/gazebo-demo/install/car_demo/share/car_demo/models/jersey_barrier
[16.758s] -- Up-to-date: /sbel/gazebo-demo/install/car_demo/share/car_demo/models/jersey_barrier/model-1_4.sdf
[16.758s] -- Up-to-date: /sbel/gazebo-demo/install/car_demo/share/car_demo/models/jersey_barrier/meshes
[16.758s] -- Up-to-date: /sbel/gazebo-demo/install/car_demo/share/car_demo/models/jersey_barrier/meshes/jersey_barrier.dae
[16.758s] -- Up-to-date: /sbel/gazebo-demo/install/car_demo/share/car_demo/models/jersey_barrier/materials
[16.758s] -- Up-to-date: /sbel/gazebo-demo/install/car_demo/share/car_demo/models/jersey_barrier/materials/textures
[16.758s] -- Up-to-date: /sbel/gazebo-demo/install/car_demo/share/car_demo/models/jersey_barrier/materials/textures/jersey_barrier_spec.png
[16.758s] -- Up-to-date: /sbel/gazebo-demo/install/car_demo/share/car_demo/models/jersey_barrier/materials/textures/jersey_barrier_diffuse.png
[16.758s] -- Up-to-date: /sbel/gazebo-demo/install/car_demo/share/car_demo/models/jersey_barrier/materials/textures/jersey_barrier.png
[16.758s] -- Up-to-date: /sbel/gazebo-demo/install/car_demo/share/car_demo/models/jersey_barrier/model.config
[16.758s] -- Up-to-date: /sbel/gazebo-demo/install/car_demo/share/car_demo/models/jersey_barrier/model.sdf
[16.759s] -- Up-to-date: /sbel/gazebo-demo/install/car_demo/share/car_demo/models/powerplant
[16.759s] -- Up-to-date: /sbel/gazebo-demo/install/car_demo/share/car_demo/models/powerplant/model-1_2.sdf
[16.759s] -- Up-to-date: /sbel/gazebo-demo/install/car_demo/share/car_demo/models/powerplant/model-1_4.sdf
[16.759s] -- Up-to-date: /sbel/gazebo-demo/install/car_demo/share/car_demo/models/powerplant/meshes
[16.759s] -- Up-to-date: /sbel/gazebo-demo/install/car_demo/share/car_demo/models/powerplant/meshes/powerplant.dae
[16.759s] -- Up-to-date: /sbel/gazebo-demo/install/car_demo/share/car_demo/models/powerplant/model-1_3.sdf
[16.759s] -- Up-to-date: /sbel/gazebo-demo/install/car_demo/share/car_demo/models/powerplant/materials
[16.759s] -- Up-to-date: /sbel/gazebo-demo/install/car_demo/share/car_demo/models/powerplant/materials/textures
[16.759s] -- Up-to-date: /sbel/gazebo-demo/install/car_demo/share/car_demo/models/powerplant/materials/textures/__auto_8.png
[16.759s] -- Up-to-date: /sbel/gazebo-demo/install/car_demo/share/car_demo/models/powerplant/materials/textures/__auto_37.png
[16.759s] -- Up-to-date: /sbel/gazebo-demo/install/car_demo/share/car_demo/models/powerplant/materials/textures/__auto_1.png
[16.759s] -- Up-to-date: /sbel/gazebo-demo/install/car_demo/share/car_demo/models/powerplant/materials/textures/__auto_36.png
[16.759s] -- Up-to-date: /sbel/gazebo-demo/install/car_demo/share/car_demo/models/powerplant/materials/textures/__auto_23.png
[16.759s] -- Up-to-date: /sbel/gazebo-demo/install/car_demo/share/car_demo/models/powerplant/materials/textures/__auto_25.png
[16.759s] -- Up-to-date: /sbel/gazebo-demo/install/car_demo/share/car_demo/models/powerplant/materials/textures/__auto_27.png
[16.759s] -- Up-to-date: /sbel/gazebo-demo/install/car_demo/share/car_demo/models/powerplant/materials/textures/__auto_6.png
[16.759s] -- Up-to-date: /sbel/gazebo-demo/install/car_demo/share/car_demo/models/powerplant/materials/textures/__auto_13.png
[16.759s] -- Up-to-date: /sbel/gazebo-demo/install/car_demo/share/car_demo/models/powerplant/materials/textures/__auto_2.png
[16.759s] -- Up-to-date: /sbel/gazebo-demo/install/car_demo/share/car_demo/models/powerplant/materials/textures/__auto_21.png
[16.759s] -- Up-to-date: /sbel/gazebo-demo/install/car_demo/share/car_demo/models/powerplant/materials/textures/__auto_34.png
[16.759s] -- Up-to-date: /sbel/gazebo-demo/install/car_demo/share/car_demo/models/powerplant/materials/textures/__auto_33.png
[16.759s] -- Up-to-date: /sbel/gazebo-demo/install/car_demo/share/car_demo/models/powerplant/materials/textures/__auto_7.png
[16.759s] -- Up-to-date: /sbel/gazebo-demo/install/car_demo/share/car_demo/models/powerplant/materials/textures/__auto_32.png
[16.760s] -- Up-to-date: /sbel/gazebo-demo/install/car_demo/share/car_demo/models/powerplant/materials/textures/__auto_19.png
[16.760s] -- Up-to-date: /sbel/gazebo-demo/install/car_demo/share/car_demo/models/powerplant/materials/textures/__auto_20.png
[16.760s] -- Up-to-date: /sbel/gazebo-demo/install/car_demo/share/car_demo/models/powerplant/materials/textures/__auto_11.png
[16.760s] -- Up-to-date: /sbel/gazebo-demo/install/car_demo/share/car_demo/models/powerplant/materials/textures/__auto_38.png
[16.760s] -- Up-to-date: /sbel/gazebo-demo/install/car_demo/share/car_demo/models/powerplant/materials/textures/__auto_17.png
[16.760s] -- Up-to-date: /sbel/gazebo-demo/install/car_demo/share/car_demo/models/powerplant/materials/textures/__auto_3.png
[16.760s] -- Up-to-date: /sbel/gazebo-demo/install/car_demo/share/car_demo/models/powerplant/materials/textures/__auto_35.png
[16.760s] -- Up-to-date: /sbel/gazebo-demo/install/car_demo/share/car_demo/models/powerplant/materials/textures/__auto_10.png
[16.760s] -- Up-to-date: /sbel/gazebo-demo/install/car_demo/share/car_demo/models/powerplant/materials/textures/__auto_12.png
[16.760s] -- Up-to-date: /sbel/gazebo-demo/install/car_demo/share/car_demo/models/powerplant/materials/textures/__auto_26.png
[16.760s] -- Up-to-date: /sbel/gazebo-demo/install/car_demo/share/car_demo/models/powerplant/materials/textures/__auto_9.png
[16.760s] -- Up-to-date: /sbel/gazebo-demo/install/car_demo/share/car_demo/models/powerplant/materials/textures/__auto_.png
[16.760s] -- Up-to-date: /sbel/gazebo-demo/install/car_demo/share/car_demo/models/powerplant/materials/textures/__auto_22.png
[16.760s] -- Up-to-date: /sbel/gazebo-demo/install/car_demo/share/car_demo/models/powerplant/model.config
[16.760s] -- Up-to-date: /sbel/gazebo-demo/install/car_demo/share/car_demo/models/powerplant/model.sdf
[16.760s] -- Up-to-date: /sbel/gazebo-demo/install/car_demo/share/car_demo/models/cloverleaf_interchange
[16.760s] -- Up-to-date: /sbel/gazebo-demo/install/car_demo/share/car_demo/models/cloverleaf_interchange/meshes
[16.760s] -- Up-to-date: /sbel/gazebo-demo/install/car_demo/share/car_demo/models/cloverleaf_interchange/meshes/cloverleaf.obj
[16.760s] -- Up-to-date: /sbel/gazebo-demo/install/car_demo/share/car_demo/models/cloverleaf_interchange/meshes/cloverleaf.mtl
[16.760s] -- Up-to-date: /sbel/gazebo-demo/install/car_demo/share/car_demo/models/cloverleaf_interchange/materials
[16.760s] -- Up-to-date: /sbel/gazebo-demo/install/car_demo/share/car_demo/models/cloverleaf_interchange/materials/textures
[16.760s] -- Up-to-date: /sbel/gazebo-demo/install/car_demo/share/car_demo/models/cloverleaf_interchange/materials/textures/arrow.png
[16.760s] -- Up-to-date: /sbel/gazebo-demo/install/car_demo/share/car_demo/models/cloverleaf_interchange/materials/textures/grass.png
[16.760s] -- Up-to-date: /sbel/gazebo-demo/install/car_demo/share/car_demo/models/cloverleaf_interchange/materials/textures/cross.png
[16.760s] -- Up-to-date: /sbel/gazebo-demo/install/car_demo/share/car_demo/models/cloverleaf_interchange/materials/textures/road.png
[16.760s] -- Up-to-date: /sbel/gazebo-demo/install/car_demo/share/car_demo/models/cloverleaf_interchange/materials/textures/concrete.png
[16.761s] -- Up-to-date: /sbel/gazebo-demo/install/car_demo/share/car_demo/models/cloverleaf_interchange/model.config
[16.761s] -- Up-to-date: /sbel/gazebo-demo/install/car_demo/share/car_demo/models/cloverleaf_interchange/model.sdf
[16.761s] -- Up-to-date: /sbel/gazebo-demo/install/car_demo/share/car_demo/models/gas_station
[16.761s] -- Up-to-date: /sbel/gazebo-demo/install/car_demo/share/car_demo/models/gas_station/model-1_4.sdf
[16.761s] -- Up-to-date: /sbel/gazebo-demo/install/car_demo/share/car_demo/models/gas_station/meshes
[16.761s] -- Up-to-date: /sbel/gazebo-demo/install/car_demo/share/car_demo/models/gas_station/meshes/gas_station.dae
[16.761s] -- Up-to-date: /sbel/gazebo-demo/install/car_demo/share/car_demo/models/gas_station/model-1_3.sdf
[16.761s] -- Up-to-date: /sbel/gazebo-demo/install/car_demo/share/car_demo/models/gas_station/materials
[16.761s] -- Up-to-date: /sbel/gazebo-demo/install/car_demo/share/car_demo/models/gas_station/materials/scripts
[16.761s] -- Up-to-date: /sbel/gazebo-demo/install/car_demo/share/car_demo/models/gas_station/materials/scripts/gas_station.material
[16.761s] -- Up-to-date: /sbel/gazebo-demo/install/car_demo/share/car_demo/models/gas_station/materials/textures
[16.761s] -- Up-to-date: /sbel/gazebo-demo/install/car_demo/share/car_demo/models/gas_station/materials/textures/GasStation_Normal.png
[16.761s] -- Up-to-date: /sbel/gazebo-demo/install/car_demo/share/car_demo/models/gas_station/materials/textures/GasStation_Spec.png
[16.761s] -- Up-to-date: /sbel/gazebo-demo/install/car_demo/share/car_demo/models/gas_station/materials/textures/GasStation_Diffuse.png
[16.761s] -- Up-to-date: /sbel/gazebo-demo/install/car_demo/share/car_demo/models/gas_station/model.config
[16.761s] -- Up-to-date: /sbel/gazebo-demo/install/car_demo/share/car_demo/models/gas_station/model.sdf
[16.761s] -- Up-to-date: /sbel/gazebo-demo/install/car_demo/share/car_demo/models/dumpster
[16.762s] -- Up-to-date: /sbel/gazebo-demo/install/car_demo/share/car_demo/models/dumpster/model-1_4.sdf
[16.762s] -- Up-to-date: /sbel/gazebo-demo/install/car_demo/share/car_demo/models/dumpster/meshes
[16.762s] -- Up-to-date: /sbel/gazebo-demo/install/car_demo/share/car_demo/models/dumpster/meshes/dumpster.dae
[16.762s] -- Up-to-date: /sbel/gazebo-demo/install/car_demo/share/car_demo/models/dumpster/model-1_3.sdf
[16.762s] -- Up-to-date: /sbel/gazebo-demo/install/car_demo/share/car_demo/models/dumpster/materials
[16.762s] -- Up-to-date: /sbel/gazebo-demo/install/car_demo/share/car_demo/models/dumpster/materials/scripts
[16.762s] -- Up-to-date: /sbel/gazebo-demo/install/car_demo/share/car_demo/models/dumpster/materials/scripts/dumpster.material
[16.762s] -- Up-to-date: /sbel/gazebo-demo/install/car_demo/share/car_demo/models/dumpster/materials/textures
[16.762s] -- Up-to-date: /sbel/gazebo-demo/install/car_demo/share/car_demo/models/dumpster/materials/textures/Dumpster_Spec.png
[16.762s] -- Up-to-date: /sbel/gazebo-demo/install/car_demo/share/car_demo/models/dumpster/materials/textures/Dumpster_Diffuse.png
[16.763s] -- Up-to-date: /sbel/gazebo-demo/install/car_demo/share/car_demo/models/dumpster/model.config
[16.763s] -- Up-to-date: /sbel/gazebo-demo/install/car_demo/share/car_demo/models/dumpster/model.sdf
[16.763s] -- Up-to-date: /sbel/gazebo-demo/install/car_demo/share/car_demo/rviz
[16.763s] -- Up-to-date: /sbel/gazebo-demo/install/car_demo/share/car_demo/rviz/ros2.rviz
[16.763s] -- Up-to-date: /sbel/gazebo-demo/install/car_demo/share/car_demo/worlds
[16.763s] -- Up-to-date: /sbel/gazebo-demo/install/car_demo/share/car_demo/worlds/mcity.world
[16.763s] -- Up-to-date: /sbel/gazebo-demo/install/car_demo/lib/libPriusHybridPlugin.so
[16.763s] Invoked command in '/sbel/gazebo-demo/build/car_demo' returned '0': AMENT_PREFIX_PATH=/sbel/gazebo-demo/install/prius_msgs:/sbel/gazebo-demo/install/prius_description:${AMENT_PREFIX_PATH} CMAKE_PREFIX_PATH=/sbel/gazebo-demo/install/prius_msgs:/sbel/gazebo-demo/install/prius_description:/chrono_ros_interfaces/install/chrono_ros_interfaces:/opt/ros/humble GAZEBO_MODEL_PATH=/sbel/gazebo-demo/install/prius_description/share/prius_description/models LD_LIBRARY_PATH=/sbel/gazebo-demo/install/prius_msgs/lib:${LD_LIBRARY_PATH} PYTHONPATH=/sbel/gazebo-demo/install/prius_msgs/local/lib/python3.10/dist-packages:${PYTHONPATH} /usr/bin/cmake --install /sbel/gazebo-demo/build/car_demo
