[0.099s] Invoking command in '/sbel/gazebo-demo/build/prius_description': CMAKE_PREFIX_PATH=${CMAKE_PREFIX_PATH}:/opt/ros/humble /usr/bin/cmake --build /sbel/gazebo-demo/build/prius_description -- -j16 -l16
[0.131s] Invoked command in '/sbel/gazebo-demo/build/prius_description' returned '0': CMAKE_PREFIX_PATH=${CMAKE_PREFIX_PATH}:/opt/ros/humble /usr/bin/cmake --build /sbel/gazebo-demo/build/prius_description -- -j16 -l16
[0.158s] Invoking command in '/sbel/gazebo-demo/build/prius_description': CMAKE_PREFIX_PATH=${CMAKE_PREFIX_PATH}:/opt/ros/humble /usr/bin/cmake --install /sbel/gazebo-demo/build/prius_description
[0.164s] -- Install configuration: ""
[0.164s] -- Up-to-date: /sbel/gazebo-demo/install/prius_description/share/prius_description/environment/gazebo_envs.sh
[0.164s] -- Up-to-date: /sbel/gazebo-demo/install/prius_description/share/prius_description/meshes
[0.164s] -- Up-to-date: /sbel/gazebo-demo/install/prius_description/share/prius_description/meshes/wheel.obj
[0.164s] -- Up-to-date: /sbel/gazebo-demo/install/prius_description/share/prius_description/meshes/hybrid_body.mtl
[0.165s] -- Up-to-date: /sbel/gazebo-demo/install/prius_description/share/prius_description/meshes/Hybrid.png
[0.165s] -- Up-to-date: /sbel/gazebo-demo/install/prius_description/share/prius_description/meshes/steering_wheel.mtl
[0.165s] -- Up-to-date: /sbel/gazebo-demo/install/prius_description/share/prius_description/meshes/model.config
[0.165s] -- Up-to-date: /sbel/gazebo-demo/install/prius_description/share/prius_description/meshes/Wheels3.png
[0.165s] -- Up-to-date: /sbel/gazebo-demo/install/prius_description/share/prius_description/meshes/Hybrid_Interior.png
[0.165s] -- Up-to-date: /sbel/gazebo-demo/install/prius_description/share/prius_description/meshes/steering_wheel.obj
[0.165s] -- Up-to-date: /sbel/gazebo-demo/install/prius_description/share/prius_description/meshes/wheel.mtl
[0.165s] -- Up-to-date: /sbel/gazebo-demo/install/prius_description/share/prius_description/meshes/hybrid_body.obj
[0.165s] -- Up-to-date: /sbel/gazebo-demo/install/prius_description/share/prius_description/urdf
[0.165s] -- Up-to-date: /sbel/gazebo-demo/install/prius_description/share/prius_description/urdf/prius.urdf
[0.165s] -- Up-to-date: /sbel/gazebo-demo/install/prius_description/share/prius_description/model.config
[0.165s] -- Up-to-date: /sbel/gazebo-demo/install/prius_description/share/ament_index/resource_index/package_run_dependencies/prius_description
[0.165s] -- Up-to-date: /sbel/gazebo-demo/install/prius_description/share/ament_index/resource_index/parent_prefix_path/prius_description
[0.165s] -- Up-to-date: /sbel/gazebo-demo/install/prius_description/share/prius_description/environment/ament_prefix_path.sh
[0.165s] -- Up-to-date: /sbel/gazebo-demo/install/prius_description/share/prius_description/environment/ament_prefix_path.dsv
[0.166s] -- Up-to-date: /sbel/gazebo-demo/install/prius_description/share/prius_description/environment/path.sh
[0.166s] -- Up-to-date: /sbel/gazebo-demo/install/prius_description/share/prius_description/environment/path.dsv
[0.166s] -- Up-to-date: /sbel/gazebo-demo/install/prius_description/share/prius_description/local_setup.bash
[0.166s] -- Up-to-date: /sbel/gazebo-demo/install/prius_description/share/prius_description/local_setup.sh
[0.166s] -- Up-to-date: /sbel/gazebo-demo/install/prius_description/share/prius_description/local_setup.zsh
[0.166s] -- Up-to-date: /sbel/gazebo-demo/install/prius_description/share/prius_description/local_setup.dsv
[0.166s] -- Installing: /sbel/gazebo-demo/install/prius_description/share/prius_description/package.dsv
[0.166s] -- Up-to-date: /sbel/gazebo-demo/install/prius_description/share/ament_index/resource_index/packages/prius_description
[0.166s] -- Up-to-date: /sbel/gazebo-demo/install/prius_description/share/prius_description/cmake/prius_descriptionConfig.cmake
[0.166s] -- Up-to-date: /sbel/gazebo-demo/install/prius_description/share/prius_description/cmake/prius_descriptionConfig-version.cmake
[0.166s] -- Up-to-date: /sbel/gazebo-demo/install/prius_description/share/prius_description/package.xml
[0.167s] Invoked command in '/sbel/gazebo-demo/build/prius_description' returned '0': CMAKE_PREFIX_PATH=${CMAKE_PREFIX_PATH}:/opt/ros/humble /usr/bin/cmake --install /sbel/gazebo-demo/build/prius_description
