[0.000000] (-) TimerEvent: {}
[0.000301] (prius_description) JobQueued: {'identifier': 'prius_description', 'dependencies': OrderedDict()}
[0.000386] (prius_msgs) JobQueued: {'identifier': 'prius_msgs', 'dependencies': OrderedDict()}
[0.000426] (car_demo) JobQueued: {'identifier': 'car_demo', 'dependencies': OrderedDict([('prius_description', '/sbel/gazebo-demo/install/prius_description'), ('prius_msgs', '/sbel/gazebo-demo/install/prius_msgs')])}
[0.000453] (prius_description) JobStarted: {'identifier': 'prius_description'}
[0.041297] (prius_msgs) JobStarted: {'identifier': 'prius_msgs'}
[0.081690] (prius_description) JobProgress: {'identifier': 'prius_description', 'progress': 'cmake'}
[0.082058] (prius_description) Command: {'cmd': ['/usr/bin/cmake', '/sbel/gazebo-demo/prius_description', '-DAMENT_CMAKE_SYMLINK_INSTALL=1', '-DCMAKE_INSTALL_PREFIX=/sbel/gazebo-demo/install/prius_description'], 'cwd': '/sbel/gazebo-demo/build/prius_description', 'env': OrderedDict([('LANGUAGE', 'en_US:en'), ('HOSTNAME', '8badff0a978e'), ('SSH_AGENT_PID', '994'), ('SHLVL', '1'), ('LD_LIBRARY_PATH', '/chrono_ros_interfaces/install/chrono_ros_interfaces/lib:/opt/ros/humble/opt/rviz_ogre_vendor/lib:/opt/ros/humble/lib/x86_64-linux-gnu:/opt/ros/humble/lib'), ('HOME', '/sbel'), ('NO_VNC_PORT', '6901'), ('OLDPWD', '/sbel'), ('STARTUPDIR', '/dockerstartup'), ('ROS_PYTHON_VERSION', '3'), ('VNC_COL_DEPTH', '24'), ('COLCON_PREFIX_PATH', '/chrono_ros_interfaces/install'), ('ROS_DISTRO', 'humble'), ('_', '/usr/bin/colcon'), ('ROS_VERSION', '2'), ('NO_VNC_HOME', '/sbel/noVNC'), ('TERM', 'xterm'), ('ROS_LOCALHOST_ONLY', '0'), ('PATH', '/opt/ros/humble/bin:/usr/local/sbin:/usr/local/bin:/usr/sbin:/usr/bin:/sbin:/bin'), ('DISPLAY', ':1'), ('LANG', 'en_US.UTF-8'), ('SSH_AUTH_SOCK', '/tmp/ssh-XXXXXXIYocdq/agent.993'), ('AMENT_PREFIX_PATH', '/chrono_ros_interfaces/install/chrono_ros_interfaces:/opt/ros/humble'), ('DEBIAN_FRONTEND', 'noninteractive'), ('PWD', '/sbel/gazebo-demo/build/prius_description'), ('VNC_RESOLUTION', '1600x900'), ('LC_ALL', 'en_US.UTF-8'), ('PYTHONPATH', '/chrono_ros_interfaces/install/chrono_ros_interfaces/local/lib/python3.10/dist-packages:/opt/ros/humble/lib/python3.10/site-packages:/opt/ros/humble/local/lib/python3.10/dist-packages'), ('VNC_PW', 'sbel'), ('COLCON', '1'), ('CMAKE_PREFIX_PATH', '/chrono_ros_interfaces/install/chrono_ros_interfaces:/opt/ros/humble'), ('VNC_PORT', '5901')]), 'shell': False}
[0.084081] (prius_msgs) JobProgress: {'identifier': 'prius_msgs', 'progress': 'cmake'}
[0.084456] (prius_msgs) JobProgress: {'identifier': 'prius_msgs', 'progress': 'build'}
[0.084821] (prius_msgs) Command: {'cmd': ['/usr/bin/cmake', '--build', '/sbel/gazebo-demo/build/prius_msgs', '--', '-j16', '-l16'], 'cwd': '/sbel/gazebo-demo/build/prius_msgs', 'env': OrderedDict([('LANGUAGE', 'en_US:en'), ('HOSTNAME', '8badff0a978e'), ('SSH_AGENT_PID', '994'), ('SHLVL', '1'), ('LD_LIBRARY_PATH', '/chrono_ros_interfaces/install/chrono_ros_interfaces/lib:/opt/ros/humble/opt/rviz_ogre_vendor/lib:/opt/ros/humble/lib/x86_64-linux-gnu:/opt/ros/humble/lib'), ('HOME', '/sbel'), ('NO_VNC_PORT', '6901'), ('OLDPWD', '/sbel'), ('STARTUPDIR', '/dockerstartup'), ('ROS_PYTHON_VERSION', '3'), ('VNC_COL_DEPTH', '24'), ('COLCON_PREFIX_PATH', '/chrono_ros_interfaces/install'), ('ROS_DISTRO', 'humble'), ('_', '/usr/bin/colcon'), ('ROS_VERSION', '2'), ('NO_VNC_HOME', '/sbel/noVNC'), ('TERM', 'xterm'), ('ROS_LOCALHOST_ONLY', '0'), ('PATH', '/opt/ros/humble/bin:/usr/local/sbin:/usr/local/bin:/usr/sbin:/usr/bin:/sbin:/bin'), ('DISPLAY', ':1'), ('LANG', 'en_US.UTF-8'), ('SSH_AUTH_SOCK', '/tmp/ssh-XXXXXXIYocdq/agent.993'), ('AMENT_PREFIX_PATH', '/chrono_ros_interfaces/install/chrono_ros_interfaces:/opt/ros/humble'), ('DEBIAN_FRONTEND', 'noninteractive'), ('PWD', '/sbel/gazebo-demo/build/prius_msgs'), ('VNC_RESOLUTION', '1600x900'), ('LC_ALL', 'en_US.UTF-8'), ('PYTHONPATH', '/chrono_ros_interfaces/install/chrono_ros_interfaces/local/lib/python3.10/dist-packages:/opt/ros/humble/lib/python3.10/site-packages:/opt/ros/humble/local/lib/python3.10/dist-packages'), ('VNC_PW', 'sbel'), ('COLCON', '1'), ('CMAKE_PREFIX_PATH', '/chrono_ros_interfaces/install/chrono_ros_interfaces:/opt/ros/humble'), ('VNC_PORT', '5901')]), 'shell': False}
[0.092724] (prius_description) StdoutLine: {'line': b'-- Found ament_cmake: 1.3.5 (/opt/ros/humble/share/ament_cmake/cmake)\n'}
[0.099844] (-) TimerEvent: {}
[0.117972] (prius_msgs) StdoutLine: {'line': b'\x1b[35m\x1b[1mConsolidate compiler generated dependencies of target prius_msgs__rosidl_generator_c\x1b[0m\n'}
[0.125818] (prius_msgs) StdoutLine: {'line': b'[  3%] Built target prius_msgs__cpp\n'}
[0.126931] (prius_msgs) StdoutLine: {'line': b'[ 12%] Built target prius_msgs__rosidl_generator_c\n'}
[0.131800] (prius_msgs) StdoutLine: {'line': b'[ 12%] Built target ament_cmake_python_symlink_prius_msgs\n'}
[0.133610] (prius_msgs) StdoutLine: {'line': b'\x1b[35m\x1b[1mConsolidate compiler generated dependencies of target prius_msgs__rosidl_typesupport_cpp\x1b[0m\n'}
[0.133974] (prius_msgs) StdoutLine: {'line': b'\x1b[35m\x1b[1mConsolidate compiler generated dependencies of target prius_msgs__rosidl_typesupport_introspection_cpp\x1b[0m\n'}
[0.134568] (prius_msgs) StdoutLine: {'line': b'\x1b[35m\x1b[1mConsolidate compiler generated dependencies of target prius_msgs__rosidl_typesupport_fastrtps_cpp\x1b[0m\n'}
[0.134764] (prius_msgs) StdoutLine: {'line': b'\x1b[35m\x1b[1mConsolidate compiler generated dependencies of target prius_msgs__rosidl_typesupport_fastrtps_c\x1b[0m\n'}
[0.135179] (prius_msgs) StdoutLine: {'line': b'\x1b[35m\x1b[1mConsolidate compiler generated dependencies of target prius_msgs__rosidl_typesupport_introspection_c\x1b[0m\n'}
[0.137020] (prius_msgs) StdoutLine: {'line': b'\x1b[35m\x1b[1mConsolidate compiler generated dependencies of target prius_msgs__rosidl_typesupport_c\x1b[0m\n'}
[0.144823] (prius_msgs) StdoutLine: {'line': b'[ 32%] Built target prius_msgs__rosidl_typesupport_introspection_c\n'}
[0.144995] (prius_msgs) StdoutLine: {'line': b'[ 32%] Built target prius_msgs__rosidl_typesupport_cpp\n'}
[0.145331] (prius_msgs) StdoutLine: {'line': b'[ 41%] Built target prius_msgs__rosidl_typesupport_introspection_cpp\n'}
[0.146312] (prius_msgs) StdoutLine: {'line': b'[ 51%] Built target prius_msgs__rosidl_typesupport_c\n'}
[0.147333] (prius_msgs) StdoutLine: {'line': b'[ 61%] Built target prius_msgs__rosidl_typesupport_fastrtps_c\n'}
[0.147505] (prius_msgs) StdoutLine: {'line': b'[ 70%] Built target prius_msgs__rosidl_typesupport_fastrtps_cpp\n'}
[0.163775] (prius_msgs) StdoutLine: {'line': b'[ 70%] Built target prius_msgs\n'}
[0.180158] (prius_msgs) StdoutLine: {'line': b'[ 74%] Built target prius_msgs__py\n'}
[0.188249] (prius_msgs) StdoutLine: {'line': b'\x1b[35m\x1b[1mConsolidate compiler generated dependencies of target prius_msgs__rosidl_generator_py\x1b[0m\n'}
[0.193866] (prius_description) StdoutLine: {'line': b'-- Override CMake install command with custom implementation using symlinks instead of copying resources\n'}
[0.199910] (-) TimerEvent: {}
[0.200539] (prius_msgs) StdoutLine: {'line': b'[ 80%] Built target prius_msgs__rosidl_generator_py\n'}
[0.201754] (prius_description) StdoutLine: {'line': b'-- Found xacro: 2.0.8 (/opt/ros/humble/share/xacro/cmake)\n'}
[0.208866] (prius_msgs) StdoutLine: {'line': b'\x1b[35m\x1b[1mConsolidate compiler generated dependencies of target prius_msgs__rosidl_typesupport_introspection_c__pyext\x1b[0m\n'}
[0.208984] (prius_msgs) StdoutLine: {'line': b'\x1b[35m\x1b[1mConsolidate compiler generated dependencies of target prius_msgs__rosidl_typesupport_fastrtps_c__pyext\x1b[0m\n'}
[0.209048] (prius_msgs) StdoutLine: {'line': b'\x1b[35m\x1b[1mConsolidate compiler generated dependencies of target prius_msgs__rosidl_typesupport_c__pyext\x1b[0m\n'}
[0.220647] (prius_msgs) StdoutLine: {'line': b'[100%] Built target prius_msgs__rosidl_typesupport_fastrtps_c__pyext\n'}
[0.220773] (prius_msgs) StdoutLine: {'line': b'[100%] Built target prius_msgs__rosidl_typesupport_introspection_c__pyext\n'}
[0.220837] (prius_msgs) StdoutLine: {'line': b'[100%] Built target prius_msgs__rosidl_typesupport_c__pyext\n'}
[0.250125] (prius_description) StdoutLine: {'line': b'-- Configuring done\n'}
[0.253077] (prius_description) StdoutLine: {'line': b'-- Generating done\n'}
[0.253801] (prius_description) StdoutLine: {'line': b'-- Build files have been written to: /sbel/gazebo-demo/build/prius_description\n'}
[0.256039] (prius_description) CommandEnded: {'returncode': 0}
[0.256371] (prius_description) JobProgress: {'identifier': 'prius_description', 'progress': 'build'}
[0.256658] (prius_description) Command: {'cmd': ['/usr/bin/cmake', '--build', '/sbel/gazebo-demo/build/prius_description', '--', '-j16', '-l16'], 'cwd': '/sbel/gazebo-demo/build/prius_description', 'env': OrderedDict([('LANGUAGE', 'en_US:en'), ('HOSTNAME', '8badff0a978e'), ('SSH_AGENT_PID', '994'), ('SHLVL', '1'), ('LD_LIBRARY_PATH', '/chrono_ros_interfaces/install/chrono_ros_interfaces/lib:/opt/ros/humble/opt/rviz_ogre_vendor/lib:/opt/ros/humble/lib/x86_64-linux-gnu:/opt/ros/humble/lib'), ('HOME', '/sbel'), ('NO_VNC_PORT', '6901'), ('OLDPWD', '/sbel'), ('STARTUPDIR', '/dockerstartup'), ('ROS_PYTHON_VERSION', '3'), ('VNC_COL_DEPTH', '24'), ('COLCON_PREFIX_PATH', '/chrono_ros_interfaces/install'), ('ROS_DISTRO', 'humble'), ('_', '/usr/bin/colcon'), ('ROS_VERSION', '2'), ('NO_VNC_HOME', '/sbel/noVNC'), ('TERM', 'xterm'), ('ROS_LOCALHOST_ONLY', '0'), ('PATH', '/opt/ros/humble/bin:/usr/local/sbin:/usr/local/bin:/usr/sbin:/usr/bin:/sbin:/bin'), ('DISPLAY', ':1'), ('LANG', 'en_US.UTF-8'), ('SSH_AUTH_SOCK', '/tmp/ssh-XXXXXXIYocdq/agent.993'), ('AMENT_PREFIX_PATH', '/chrono_ros_interfaces/install/chrono_ros_interfaces:/opt/ros/humble'), ('DEBIAN_FRONTEND', 'noninteractive'), ('PWD', '/sbel/gazebo-demo/build/prius_description'), ('VNC_RESOLUTION', '1600x900'), ('LC_ALL', 'en_US.UTF-8'), ('PYTHONPATH', '/chrono_ros_interfaces/install/chrono_ros_interfaces/local/lib/python3.10/dist-packages:/opt/ros/humble/lib/python3.10/site-packages:/opt/ros/humble/local/lib/python3.10/dist-packages'), ('VNC_PW', 'sbel'), ('COLCON', '1'), ('CMAKE_PREFIX_PATH', '/chrono_ros_interfaces/install/chrono_ros_interfaces:/opt/ros/humble'), ('VNC_PORT', '5901')]), 'shell': False}
[0.286550] (prius_description) CommandEnded: {'returncode': 0}
[0.297050] (prius_msgs) StdoutLine: {'line': b'running egg_info\n'}
[0.297473] (prius_msgs) StdoutLine: {'line': b'writing prius_msgs.egg-info/PKG-INFO\n'}
[0.297655] (prius_msgs) StdoutLine: {'line': b'writing dependency_links to prius_msgs.egg-info/dependency_links.txt\n'}
[0.297776] (prius_msgs) StdoutLine: {'line': b'writing top-level names to prius_msgs.egg-info/top_level.txt\n'}
[0.299159] (prius_msgs) StdoutLine: {'line': b"reading manifest file 'prius_msgs.egg-info/SOURCES.txt'\n"}
[0.299568] (prius_msgs) StdoutLine: {'line': b"writing manifest file 'prius_msgs.egg-info/SOURCES.txt'\n"}
[0.299989] (-) TimerEvent: {}
[0.304300] (prius_description) JobProgress: {'identifier': 'prius_description', 'progress': 'install'}
[0.311303] (prius_description) Command: {'cmd': ['/usr/bin/cmake', '--install', '/sbel/gazebo-demo/build/prius_description'], 'cwd': '/sbel/gazebo-demo/build/prius_description', 'env': OrderedDict([('LANGUAGE', 'en_US:en'), ('HOSTNAME', '8badff0a978e'), ('SSH_AGENT_PID', '994'), ('SHLVL', '1'), ('LD_LIBRARY_PATH', '/chrono_ros_interfaces/install/chrono_ros_interfaces/lib:/opt/ros/humble/opt/rviz_ogre_vendor/lib:/opt/ros/humble/lib/x86_64-linux-gnu:/opt/ros/humble/lib'), ('HOME', '/sbel'), ('NO_VNC_PORT', '6901'), ('OLDPWD', '/sbel'), ('STARTUPDIR', '/dockerstartup'), ('ROS_PYTHON_VERSION', '3'), ('VNC_COL_DEPTH', '24'), ('COLCON_PREFIX_PATH', '/chrono_ros_interfaces/install'), ('ROS_DISTRO', 'humble'), ('_', '/usr/bin/colcon'), ('ROS_VERSION', '2'), ('NO_VNC_HOME', '/sbel/noVNC'), ('TERM', 'xterm'), ('ROS_LOCALHOST_ONLY', '0'), ('PATH', '/opt/ros/humble/bin:/usr/local/sbin:/usr/local/bin:/usr/sbin:/usr/bin:/sbin:/bin'), ('DISPLAY', ':1'), ('LANG', 'en_US.UTF-8'), ('SSH_AUTH_SOCK', '/tmp/ssh-XXXXXXIYocdq/agent.993'), ('AMENT_PREFIX_PATH', '/chrono_ros_interfaces/install/chrono_ros_interfaces:/opt/ros/humble'), ('DEBIAN_FRONTEND', 'noninteractive'), ('PWD', '/sbel/gazebo-demo/build/prius_description'), ('VNC_RESOLUTION', '1600x900'), ('LC_ALL', 'en_US.UTF-8'), ('PYTHONPATH', '/chrono_ros_interfaces/install/chrono_ros_interfaces/local/lib/python3.10/dist-packages:/opt/ros/humble/lib/python3.10/site-packages:/opt/ros/humble/local/lib/python3.10/dist-packages'), ('VNC_PW', 'sbel'), ('COLCON', '1'), ('CMAKE_PREFIX_PATH', '/chrono_ros_interfaces/install/chrono_ros_interfaces:/opt/ros/humble'), ('VNC_PORT', '5901')]), 'shell': False}
[0.316061] (prius_msgs) StdoutLine: {'line': b'[100%] Built target ament_cmake_python_build_prius_msgs_egg\n'}
[0.316951] (prius_description) StdoutLine: {'line': b'-- Install configuration: ""\n'}
[0.317301] (prius_description) StdoutLine: {'line': b'-- Execute custom install script\n'}
[0.317527] (prius_description) StdoutLine: {'line': b'-- Symlinking: /sbel/gazebo-demo/install/prius_description/share/prius_description/environment/gazebo_envs.sh\n'}
[0.324611] (prius_description) StdoutLine: {'line': b'-- Symlinking: /sbel/gazebo-demo/install/prius_description/share/prius_description/meshes/Hybrid.png\n'}
[0.325077] (prius_msgs) CommandEnded: {'returncode': 0}
[0.331160] (prius_description) StdoutLine: {'line': b'-- Symlinking: /sbel/gazebo-demo/install/prius_description/share/prius_description/meshes/Hybrid_Interior.png\n'}
[0.337995] (prius_description) StdoutLine: {'line': b'-- Symlinking: /sbel/gazebo-demo/install/prius_description/share/prius_description/meshes/Wheels3.png\n'}
[0.344510] (prius_description) StdoutLine: {'line': b'-- Symlinking: /sbel/gazebo-demo/install/prius_description/share/prius_description/meshes/hybrid_body.mtl\n'}
[0.351241] (prius_description) StdoutLine: {'line': b'-- Symlinking: /sbel/gazebo-demo/install/prius_description/share/prius_description/meshes/hybrid_body.obj\n'}
[0.357763] (prius_description) StdoutLine: {'line': b'-- Symlinking: /sbel/gazebo-demo/install/prius_description/share/prius_description/meshes/model.config\n'}
[0.364318] (prius_description) StdoutLine: {'line': b'-- Symlinking: /sbel/gazebo-demo/install/prius_description/share/prius_description/meshes/steering_wheel.mtl\n'}
[0.371353] (prius_description) StdoutLine: {'line': b'-- Symlinking: /sbel/gazebo-demo/install/prius_description/share/prius_description/meshes/steering_wheel.obj\n'}
[0.375803] (prius_msgs) JobProgress: {'identifier': 'prius_msgs', 'progress': 'install'}
[0.376110] (prius_msgs) Command: {'cmd': ['/usr/bin/cmake', '--install', '/sbel/gazebo-demo/build/prius_msgs'], 'cwd': '/sbel/gazebo-demo/build/prius_msgs', 'env': OrderedDict([('LANGUAGE', 'en_US:en'), ('HOSTNAME', '8badff0a978e'), ('SSH_AGENT_PID', '994'), ('SHLVL', '1'), ('LD_LIBRARY_PATH', '/chrono_ros_interfaces/install/chrono_ros_interfaces/lib:/opt/ros/humble/opt/rviz_ogre_vendor/lib:/opt/ros/humble/lib/x86_64-linux-gnu:/opt/ros/humble/lib'), ('HOME', '/sbel'), ('NO_VNC_PORT', '6901'), ('OLDPWD', '/sbel'), ('STARTUPDIR', '/dockerstartup'), ('ROS_PYTHON_VERSION', '3'), ('VNC_COL_DEPTH', '24'), ('COLCON_PREFIX_PATH', '/chrono_ros_interfaces/install'), ('ROS_DISTRO', 'humble'), ('_', '/usr/bin/colcon'), ('ROS_VERSION', '2'), ('NO_VNC_HOME', '/sbel/noVNC'), ('TERM', 'xterm'), ('ROS_LOCALHOST_ONLY', '0'), ('PATH', '/opt/ros/humble/bin:/usr/local/sbin:/usr/local/bin:/usr/sbin:/usr/bin:/sbin:/bin'), ('DISPLAY', ':1'), ('LANG', 'en_US.UTF-8'), ('SSH_AUTH_SOCK', '/tmp/ssh-XXXXXXIYocdq/agent.993'), ('AMENT_PREFIX_PATH', '/chrono_ros_interfaces/install/chrono_ros_interfaces:/opt/ros/humble'), ('DEBIAN_FRONTEND', 'noninteractive'), ('PWD', '/sbel/gazebo-demo/build/prius_msgs'), ('VNC_RESOLUTION', '1600x900'), ('LC_ALL', 'en_US.UTF-8'), ('PYTHONPATH', '/chrono_ros_interfaces/install/chrono_ros_interfaces/local/lib/python3.10/dist-packages:/opt/ros/humble/lib/python3.10/site-packages:/opt/ros/humble/local/lib/python3.10/dist-packages'), ('VNC_PW', 'sbel'), ('COLCON', '1'), ('CMAKE_PREFIX_PATH', '/chrono_ros_interfaces/install/chrono_ros_interfaces:/opt/ros/humble'), ('VNC_PORT', '5901')]), 'shell': False}
[0.377994] (prius_description) StdoutLine: {'line': b'-- Symlinking: /sbel/gazebo-demo/install/prius_description/share/prius_description/meshes/wheel.mtl\n'}
[0.382143] (prius_msgs) StdoutLine: {'line': b'-- Install configuration: ""\n'}
[0.382659] (prius_msgs) StdoutLine: {'line': b'-- Execute custom install script\n'}
[0.382998] (prius_msgs) StdoutLine: {'line': b'-- Symlinking: /sbel/gazebo-demo/install/prius_msgs/share/ament_index/resource_index/rosidl_interfaces/prius_msgs\n'}
[0.384453] (prius_description) StdoutLine: {'line': b'-- Symlinking: /sbel/gazebo-demo/install/prius_description/share/prius_description/meshes/wheel.obj\n'}
[0.390181] (prius_msgs) StdoutLine: {'line': b'-- Symlinking: /sbel/gazebo-demo/install/prius_msgs/include/prius_msgs/prius_msgs/msg/control.h\n'}
[0.391488] (prius_description) StdoutLine: {'line': b'-- Symlinking: /sbel/gazebo-demo/install/prius_description/share/prius_description/urdf/prius.urdf\n'}
[0.396781] (prius_msgs) StdoutLine: {'line': b'-- Symlinking: /sbel/gazebo-demo/install/prius_msgs/include/prius_msgs/prius_msgs/msg/detail/control__functions.h\n'}
[0.398151] (prius_description) StdoutLine: {'line': b'-- Symlinking: /sbel/gazebo-demo/install/prius_description/share/prius_description/model.config\n'}
[0.400051] (-) TimerEvent: {}
[0.403491] (prius_msgs) StdoutLine: {'line': b'-- Symlinking: /sbel/gazebo-demo/install/prius_msgs/include/prius_msgs/prius_msgs/msg/detail/control__struct.h\n'}
[0.404821] (prius_description) StdoutLine: {'line': b'-- Symlinking: /sbel/gazebo-demo/install/prius_description/share/ament_index/resource_index/package_run_dependencies/prius_description\n'}
[0.410069] (prius_msgs) StdoutLine: {'line': b'-- Symlinking: /sbel/gazebo-demo/install/prius_msgs/include/prius_msgs/prius_msgs/msg/detail/control__type_support.h\n'}
[0.411568] (prius_description) StdoutLine: {'line': b'-- Symlinking: /sbel/gazebo-demo/install/prius_description/share/ament_index/resource_index/parent_prefix_path/prius_description\n'}
[0.416687] (prius_msgs) StdoutLine: {'line': b'-- Symlinking: /sbel/gazebo-demo/install/prius_msgs/include/prius_msgs/prius_msgs/msg/rosidl_generator_c__visibility_control.h\n'}
[0.418247] (prius_description) StdoutLine: {'line': b'-- Symlinking: /sbel/gazebo-demo/install/prius_description/share/prius_description/environment/ament_prefix_path.sh\n'}
[0.423524] (prius_msgs) StdoutLine: {'line': b'-- Symlinking: /sbel/gazebo-demo/install/prius_msgs/share/prius_msgs/environment/library_path.sh\n'}
[0.425001] (prius_description) StdoutLine: {'line': b'-- Symlinking: /sbel/gazebo-demo/install/prius_description/share/prius_description/environment/ament_prefix_path.dsv\n'}
[0.430176] (prius_msgs) StdoutLine: {'line': b'-- Symlinking: /sbel/gazebo-demo/install/prius_msgs/share/prius_msgs/environment/library_path.dsv\n'}
[0.431705] (prius_description) StdoutLine: {'line': b'-- Symlinking: /sbel/gazebo-demo/install/prius_description/share/prius_description/environment/path.sh\n'}
[0.436933] (prius_msgs) StdoutLine: {'line': b'-- Symlinking: /sbel/gazebo-demo/install/prius_msgs/include/prius_msgs/prius_msgs/msg/detail/control__rosidl_typesupport_fastrtps_c.h\n'}
[0.438357] (prius_description) StdoutLine: {'line': b'-- Symlinking: /sbel/gazebo-demo/install/prius_description/share/prius_description/environment/path.dsv\n'}
[0.443804] (prius_msgs) StdoutLine: {'line': b'-- Symlinking: /sbel/gazebo-demo/install/prius_msgs/include/prius_msgs/prius_msgs/msg/rosidl_typesupport_fastrtps_c__visibility_control.h\n'}
[0.444845] (prius_description) StdoutLine: {'line': b'-- Symlinking: /sbel/gazebo-demo/install/prius_description/share/prius_description/local_setup.bash\n'}
[0.450750] (prius_msgs) StdoutLine: {'line': b'-- Symlinking: /sbel/gazebo-demo/install/prius_msgs/include/prius_msgs/prius_msgs/msg/control.hpp\n'}
[0.451492] (prius_description) StdoutLine: {'line': b'-- Symlinking: /sbel/gazebo-demo/install/prius_description/share/prius_description/local_setup.sh\n'}
[0.457360] (prius_msgs) StdoutLine: {'line': b'-- Symlinking: /sbel/gazebo-demo/install/prius_msgs/include/prius_msgs/prius_msgs/msg/detail/control__builder.hpp\n'}
[0.458392] (prius_description) StdoutLine: {'line': b'-- Symlinking: /sbel/gazebo-demo/install/prius_description/share/prius_description/local_setup.zsh\n'}
[0.464208] (prius_msgs) StdoutLine: {'line': b'-- Symlinking: /sbel/gazebo-demo/install/prius_msgs/include/prius_msgs/prius_msgs/msg/detail/control__struct.hpp\n'}
[0.465312] (prius_description) StdoutLine: {'line': b'-- Symlinking: /sbel/gazebo-demo/install/prius_description/share/prius_description/local_setup.dsv\n'}
[0.470715] (prius_msgs) StdoutLine: {'line': b'-- Symlinking: /sbel/gazebo-demo/install/prius_msgs/include/prius_msgs/prius_msgs/msg/detail/control__traits.hpp\n'}
[0.471764] (prius_description) StdoutLine: {'line': b'-- Symlinking: /sbel/gazebo-demo/install/prius_description/share/prius_description/package.dsv\n'}
[0.477736] (prius_msgs) StdoutLine: {'line': b'-- Symlinking: /sbel/gazebo-demo/install/prius_msgs/include/prius_msgs/prius_msgs/msg/detail/control__rosidl_typesupport_fastrtps_cpp.hpp\n'}
[0.478482] (prius_description) StdoutLine: {'line': b'-- Symlinking: /sbel/gazebo-demo/install/prius_description/share/ament_index/resource_index/packages/prius_description\n'}
[0.485143] (prius_msgs) StdoutLine: {'line': b'-- Symlinking: /sbel/gazebo-demo/install/prius_msgs/include/prius_msgs/prius_msgs/msg/rosidl_typesupport_fastrtps_cpp__visibility_control.h\n'}
[0.485265] (prius_description) StdoutLine: {'line': b'-- Symlinking: /sbel/gazebo-demo/install/prius_description/share/prius_description/cmake/prius_descriptionConfig.cmake\n'}
[0.492119] (prius_description) StdoutLine: {'line': b'-- Symlinking: /sbel/gazebo-demo/install/prius_description/share/prius_description/cmake/prius_descriptionConfig-version.cmake\n'}
[0.492230] (prius_msgs) StdoutLine: {'line': b'-- Symlinking: /sbel/gazebo-demo/install/prius_msgs/include/prius_msgs/prius_msgs/msg/detail/control__rosidl_typesupport_introspection_c.h\n'}
[0.498722] (prius_description) StdoutLine: {'line': b'-- Symlinking: /sbel/gazebo-demo/install/prius_description/share/prius_description/package.xml\n'}
[0.498914] (prius_msgs) StdoutLine: {'line': b'-- Symlinking: /sbel/gazebo-demo/install/prius_msgs/include/prius_msgs/prius_msgs/msg/rosidl_typesupport_introspection_c__visibility_control.h\n'}
[0.500112] (-) TimerEvent: {}
[0.505671] (prius_msgs) StdoutLine: {'line': b'-- Symlinking: /sbel/gazebo-demo/install/prius_msgs/include/prius_msgs/prius_msgs/msg/detail/control__rosidl_typesupport_introspection_cpp.hpp\n'}
[0.506543] (prius_description) CommandEnded: {'returncode': 0}
[0.512591] (prius_msgs) StdoutLine: {'line': b'-- Symlinking: /sbel/gazebo-demo/install/prius_msgs/share/prius_msgs/environment/pythonpath.sh\n'}
[0.519315] (prius_msgs) StdoutLine: {'line': b'-- Symlinking: /sbel/gazebo-demo/install/prius_msgs/share/prius_msgs/environment/pythonpath.dsv\n'}
[0.526166] (prius_msgs) StdoutLine: {'line': b'-- Symlinking: /sbel/gazebo-demo/install/prius_msgs/local/lib/python3.10/dist-packages/prius_msgs-0.0.1-py3.10.egg-info/PKG-INFO\n'}
[0.532717] (prius_msgs) StdoutLine: {'line': b'-- Symlinking: /sbel/gazebo-demo/install/prius_msgs/local/lib/python3.10/dist-packages/prius_msgs-0.0.1-py3.10.egg-info/SOURCES.txt\n'}
[0.539263] (prius_msgs) StdoutLine: {'line': b'-- Symlinking: /sbel/gazebo-demo/install/prius_msgs/local/lib/python3.10/dist-packages/prius_msgs-0.0.1-py3.10.egg-info/dependency_links.txt\n'}
[0.545783] (prius_msgs) StdoutLine: {'line': b'-- Symlinking: /sbel/gazebo-demo/install/prius_msgs/local/lib/python3.10/dist-packages/prius_msgs-0.0.1-py3.10.egg-info/top_level.txt\n'}
[0.553776] (prius_msgs) StdoutLine: {'line': b'-- Symlinking: /sbel/gazebo-demo/install/prius_msgs/local/lib/python3.10/dist-packages/prius_msgs/__init__.py\n'}
[0.560503] (prius_msgs) StdoutLine: {'line': b'-- Symlinking: /sbel/gazebo-demo/install/prius_msgs/local/lib/python3.10/dist-packages/prius_msgs/_prius_msgs_s.ep.rosidl_typesupport_c.c\n'}
[0.567202] (prius_msgs) StdoutLine: {'line': b'-- Symlinking: /sbel/gazebo-demo/install/prius_msgs/local/lib/python3.10/dist-packages/prius_msgs/_prius_msgs_s.ep.rosidl_typesupport_fastrtps_c.c\n'}
[0.573813] (prius_msgs) StdoutLine: {'line': b'-- Symlinking: /sbel/gazebo-demo/install/prius_msgs/local/lib/python3.10/dist-packages/prius_msgs/_prius_msgs_s.ep.rosidl_typesupport_introspection_c.c\n'}
[0.580315] (prius_msgs) StdoutLine: {'line': b'-- Symlinking: /sbel/gazebo-demo/install/prius_msgs/local/lib/python3.10/dist-packages/prius_msgs/libprius_msgs__rosidl_generator_py.so\n'}
[0.587335] (prius_msgs) StdoutLine: {'line': b'-- Symlinking: /sbel/gazebo-demo/install/prius_msgs/local/lib/python3.10/dist-packages/prius_msgs/msg/__init__.py\n'}
[0.593728] (prius_msgs) StdoutLine: {'line': b'-- Symlinking: /sbel/gazebo-demo/install/prius_msgs/local/lib/python3.10/dist-packages/prius_msgs/msg/_control.py\n'}
[0.600177] (-) TimerEvent: {}
[0.600363] (prius_msgs) StdoutLine: {'line': b'-- Symlinking: /sbel/gazebo-demo/install/prius_msgs/local/lib/python3.10/dist-packages/prius_msgs/msg/_control_s.c\n'}
[0.605679] (prius_description) JobEnded: {'identifier': 'prius_description', 'rc': 0}
[0.606699] (prius_msgs) StdoutLine: {'line': b'-- Symlinking: /sbel/gazebo-demo/install/prius_msgs/local/lib/python3.10/dist-packages/prius_msgs/prius_msgs_s__rosidl_typesupport_c.cpython-310-x86_64-linux-gnu.so\n'}
[0.613202] (prius_msgs) StdoutLine: {'line': b'-- Symlinking: /sbel/gazebo-demo/install/prius_msgs/local/lib/python3.10/dist-packages/prius_msgs/prius_msgs_s__rosidl_typesupport_fastrtps_c.cpython-310-x86_64-linux-gnu.so\n'}
[0.619518] (prius_msgs) StdoutLine: {'line': b'-- Symlinking: /sbel/gazebo-demo/install/prius_msgs/local/lib/python3.10/dist-packages/prius_msgs/prius_msgs_s__rosidl_typesupport_introspection_c.cpython-310-x86_64-linux-gnu.so\n'}
[0.626270] (prius_msgs) StdoutLine: {'line': b'-- Up-to-date symlink: /sbel/gazebo-demo/install/prius_msgs/local/lib/python3.10/dist-packages/prius_msgs/prius_msgs_s__rosidl_typesupport_fastrtps_c.cpython-310-x86_64-linux-gnu.so\n'}
[0.626524] (prius_msgs) StdoutLine: {'line': b'-- Up-to-date symlink: /sbel/gazebo-demo/install/prius_msgs/local/lib/python3.10/dist-packages/prius_msgs/prius_msgs_s__rosidl_typesupport_introspection_c.cpython-310-x86_64-linux-gnu.so\n'}
[0.626767] (prius_msgs) StdoutLine: {'line': b'-- Up-to-date symlink: /sbel/gazebo-demo/install/prius_msgs/local/lib/python3.10/dist-packages/prius_msgs/prius_msgs_s__rosidl_typesupport_c.cpython-310-x86_64-linux-gnu.so\n'}
[0.626971] (prius_msgs) StdoutLine: {'line': b'-- Symlinking: /sbel/gazebo-demo/install/prius_msgs/share/prius_msgs/msg/Control.idl\n'}
[0.633320] (prius_msgs) StdoutLine: {'line': b'-- Symlinking: /sbel/gazebo-demo/install/prius_msgs/share/prius_msgs/msg/Control.msg\n'}
[0.639819] (prius_msgs) StdoutLine: {'line': b'-- Symlinking: /sbel/gazebo-demo/install/prius_msgs/share/ament_index/resource_index/package_run_dependencies/prius_msgs\n'}
[0.646692] (prius_msgs) StdoutLine: {'line': b'-- Symlinking: /sbel/gazebo-demo/install/prius_msgs/share/ament_index/resource_index/parent_prefix_path/prius_msgs\n'}
[0.653228] (prius_msgs) StdoutLine: {'line': b'-- Symlinking: /sbel/gazebo-demo/install/prius_msgs/share/prius_msgs/environment/ament_prefix_path.sh\n'}
[0.659432] (prius_msgs) StdoutLine: {'line': b'-- Symlinking: /sbel/gazebo-demo/install/prius_msgs/share/prius_msgs/environment/ament_prefix_path.dsv\n'}
[0.665953] (prius_msgs) StdoutLine: {'line': b'-- Symlinking: /sbel/gazebo-demo/install/prius_msgs/share/prius_msgs/environment/path.sh\n'}
[0.672293] (prius_msgs) StdoutLine: {'line': b'-- Symlinking: /sbel/gazebo-demo/install/prius_msgs/share/prius_msgs/environment/path.dsv\n'}
[0.678648] (prius_msgs) StdoutLine: {'line': b'-- Symlinking: /sbel/gazebo-demo/install/prius_msgs/share/prius_msgs/local_setup.bash\n'}
[0.684990] (prius_msgs) StdoutLine: {'line': b'-- Symlinking: /sbel/gazebo-demo/install/prius_msgs/share/prius_msgs/local_setup.sh\n'}
[0.691703] (prius_msgs) StdoutLine: {'line': b'-- Symlinking: /sbel/gazebo-demo/install/prius_msgs/share/prius_msgs/local_setup.zsh\n'}
[0.697940] (prius_msgs) StdoutLine: {'line': b'-- Symlinking: /sbel/gazebo-demo/install/prius_msgs/share/prius_msgs/local_setup.dsv\n'}
[0.700239] (-) TimerEvent: {}
[0.704292] (prius_msgs) StdoutLine: {'line': b'-- Symlinking: /sbel/gazebo-demo/install/prius_msgs/share/prius_msgs/package.dsv\n'}
[0.710670] (prius_msgs) StdoutLine: {'line': b'-- Symlinking: /sbel/gazebo-demo/install/prius_msgs/share/ament_index/resource_index/packages/prius_msgs\n'}
[0.717039] (prius_msgs) StdoutLine: {'line': b'-- Symlinking: /sbel/gazebo-demo/install/prius_msgs/share/prius_msgs/cmake/rosidl_cmake-extras.cmake\n'}
[0.723431] (prius_msgs) StdoutLine: {'line': b'-- Symlinking: /sbel/gazebo-demo/install/prius_msgs/share/prius_msgs/cmake/ament_cmake_export_dependencies-extras.cmake\n'}
[0.730014] (prius_msgs) StdoutLine: {'line': b'-- Symlinking: /sbel/gazebo-demo/install/prius_msgs/share/prius_msgs/cmake/ament_cmake_export_include_directories-extras.cmake\n'}
[0.736257] (prius_msgs) StdoutLine: {'line': b'-- Symlinking: /sbel/gazebo-demo/install/prius_msgs/share/prius_msgs/cmake/ament_cmake_export_libraries-extras.cmake\n'}
[0.743086] (prius_msgs) StdoutLine: {'line': b'-- Symlinking: /sbel/gazebo-demo/install/prius_msgs/share/prius_msgs/cmake/ament_cmake_export_targets-extras.cmake\n'}
[0.749554] (prius_msgs) StdoutLine: {'line': b'-- Symlinking: /sbel/gazebo-demo/install/prius_msgs/share/prius_msgs/cmake/rosidl_cmake_export_typesupport_targets-extras.cmake\n'}
[0.756245] (prius_msgs) StdoutLine: {'line': b'-- Symlinking: /sbel/gazebo-demo/install/prius_msgs/share/prius_msgs/cmake/rosidl_cmake_export_typesupport_libraries-extras.cmake\n'}
[0.762700] (prius_msgs) StdoutLine: {'line': b'-- Symlinking: /sbel/gazebo-demo/install/prius_msgs/share/prius_msgs/cmake/prius_msgsConfig.cmake\n'}
[0.769042] (prius_msgs) StdoutLine: {'line': b'-- Symlinking: /sbel/gazebo-demo/install/prius_msgs/share/prius_msgs/cmake/prius_msgsConfig-version.cmake\n'}
[0.775427] (prius_msgs) StdoutLine: {'line': b'-- Symlinking: /sbel/gazebo-demo/install/prius_msgs/share/prius_msgs/package.xml\n'}
[0.782088] (prius_msgs) StdoutLine: {'line': b'-- Installing: /sbel/gazebo-demo/install/prius_msgs/lib/libprius_msgs__rosidl_generator_c.so\n'}
[0.782540] (prius_msgs) StdoutLine: {'line': b'-- Set runtime path of "/sbel/gazebo-demo/install/prius_msgs/lib/libprius_msgs__rosidl_generator_c.so" to ""\n'}
[0.782612] (prius_msgs) StdoutLine: {'line': b'-- Installing: /sbel/gazebo-demo/install/prius_msgs/lib/libprius_msgs__rosidl_typesupport_fastrtps_c.so\n'}
[0.783006] (prius_msgs) StdoutLine: {'line': b'-- Set runtime path of "/sbel/gazebo-demo/install/prius_msgs/lib/libprius_msgs__rosidl_typesupport_fastrtps_c.so" to ""\n'}
[0.783080] (prius_msgs) StdoutLine: {'line': b'-- Installing: /sbel/gazebo-demo/install/prius_msgs/lib/libprius_msgs__rosidl_typesupport_fastrtps_cpp.so\n'}
[0.783470] (prius_msgs) StdoutLine: {'line': b'-- Set runtime path of "/sbel/gazebo-demo/install/prius_msgs/lib/libprius_msgs__rosidl_typesupport_fastrtps_cpp.so" to ""\n'}
[0.783540] (prius_msgs) StdoutLine: {'line': b'-- Installing: /sbel/gazebo-demo/install/prius_msgs/lib/libprius_msgs__rosidl_typesupport_introspection_c.so\n'}
[0.784019] (prius_msgs) StdoutLine: {'line': b'-- Set runtime path of "/sbel/gazebo-demo/install/prius_msgs/lib/libprius_msgs__rosidl_typesupport_introspection_c.so" to ""\n'}
[0.784090] (prius_msgs) StdoutLine: {'line': b'-- Installing: /sbel/gazebo-demo/install/prius_msgs/lib/libprius_msgs__rosidl_typesupport_c.so\n'}
[0.784419] (prius_msgs) StdoutLine: {'line': b'-- Set runtime path of "/sbel/gazebo-demo/install/prius_msgs/lib/libprius_msgs__rosidl_typesupport_c.so" to ""\n'}
[0.784490] (prius_msgs) StdoutLine: {'line': b'-- Installing: /sbel/gazebo-demo/install/prius_msgs/lib/libprius_msgs__rosidl_typesupport_introspection_cpp.so\n'}
[0.784886] (prius_msgs) StdoutLine: {'line': b'-- Set runtime path of "/sbel/gazebo-demo/install/prius_msgs/lib/libprius_msgs__rosidl_typesupport_introspection_cpp.so" to ""\n'}
[0.784955] (prius_msgs) StdoutLine: {'line': b'-- Installing: /sbel/gazebo-demo/install/prius_msgs/lib/libprius_msgs__rosidl_typesupport_cpp.so\n'}
[0.785317] (prius_msgs) StdoutLine: {'line': b'-- Set runtime path of "/sbel/gazebo-demo/install/prius_msgs/lib/libprius_msgs__rosidl_typesupport_cpp.so" to ""\n'}
[0.800305] (-) TimerEvent: {}
[0.809215] (prius_msgs) StdoutLine: {'line': b"Listing '/sbel/gazebo-demo/install/prius_msgs/local/lib/python3.10/dist-packages/prius_msgs'...\n"}
[0.809300] (prius_msgs) StdoutLine: {'line': b"Compiling '/sbel/gazebo-demo/install/prius_msgs/local/lib/python3.10/dist-packages/prius_msgs/__init__.py'...\n"}
[0.809358] (prius_msgs) StdoutLine: {'line': b"Listing '/sbel/gazebo-demo/install/prius_msgs/local/lib/python3.10/dist-packages/prius_msgs/msg'...\n"}
[0.809411] (prius_msgs) StdoutLine: {'line': b"Compiling '/sbel/gazebo-demo/install/prius_msgs/local/lib/python3.10/dist-packages/prius_msgs/msg/__init__.py'...\n"}
[0.809463] (prius_msgs) StdoutLine: {'line': b"Compiling '/sbel/gazebo-demo/install/prius_msgs/local/lib/python3.10/dist-packages/prius_msgs/msg/_control.py'...\n"}
[0.811964] (prius_msgs) StdoutLine: {'line': b'-- Installing: /sbel/gazebo-demo/install/prius_msgs/lib/libprius_msgs__rosidl_generator_py.so\n'}
[0.812423] (prius_msgs) StdoutLine: {'line': b'-- Set runtime path of "/sbel/gazebo-demo/install/prius_msgs/lib/libprius_msgs__rosidl_generator_py.so" to ""\n'}
[0.812494] (prius_msgs) StdoutLine: {'line': b'-- Installing: /sbel/gazebo-demo/install/prius_msgs/share/prius_msgs/cmake/export_prius_msgs__rosidl_generator_cExport.cmake\n'}
[0.812692] (prius_msgs) StdoutLine: {'line': b'-- Installing: /sbel/gazebo-demo/install/prius_msgs/share/prius_msgs/cmake/export_prius_msgs__rosidl_generator_cExport-noconfig.cmake\n'}
[0.812892] (prius_msgs) StdoutLine: {'line': b'-- Installing: /sbel/gazebo-demo/install/prius_msgs/share/prius_msgs/cmake/export_prius_msgs__rosidl_typesupport_fastrtps_cExport.cmake\n'}
[0.813091] (prius_msgs) StdoutLine: {'line': b'-- Installing: /sbel/gazebo-demo/install/prius_msgs/share/prius_msgs/cmake/export_prius_msgs__rosidl_typesupport_fastrtps_cExport-noconfig.cmake\n'}
[0.813292] (prius_msgs) StdoutLine: {'line': b'-- Installing: /sbel/gazebo-demo/install/prius_msgs/share/prius_msgs/cmake/export_prius_msgs__rosidl_generator_cppExport.cmake\n'}
[0.813489] (prius_msgs) StdoutLine: {'line': b'-- Installing: /sbel/gazebo-demo/install/prius_msgs/share/prius_msgs/cmake/export_prius_msgs__rosidl_typesupport_fastrtps_cppExport.cmake\n'}
[0.813681] (prius_msgs) StdoutLine: {'line': b'-- Installing: /sbel/gazebo-demo/install/prius_msgs/share/prius_msgs/cmake/export_prius_msgs__rosidl_typesupport_fastrtps_cppExport-noconfig.cmake\n'}
[0.813880] (prius_msgs) StdoutLine: {'line': b'-- Installing: /sbel/gazebo-demo/install/prius_msgs/share/prius_msgs/cmake/prius_msgs__rosidl_typesupport_introspection_cExport.cmake\n'}
[0.814167] (prius_msgs) StdoutLine: {'line': b'-- Installing: /sbel/gazebo-demo/install/prius_msgs/share/prius_msgs/cmake/prius_msgs__rosidl_typesupport_introspection_cExport-noconfig.cmake\n'}
[0.814274] (prius_msgs) StdoutLine: {'line': b'-- Installing: /sbel/gazebo-demo/install/prius_msgs/share/prius_msgs/cmake/prius_msgs__rosidl_typesupport_cExport.cmake\n'}
[0.814481] (prius_msgs) StdoutLine: {'line': b'-- Installing: /sbel/gazebo-demo/install/prius_msgs/share/prius_msgs/cmake/prius_msgs__rosidl_typesupport_cExport-noconfig.cmake\n'}
[0.814678] (prius_msgs) StdoutLine: {'line': b'-- Installing: /sbel/gazebo-demo/install/prius_msgs/share/prius_msgs/cmake/prius_msgs__rosidl_typesupport_introspection_cppExport.cmake\n'}
[0.814876] (prius_msgs) StdoutLine: {'line': b'-- Installing: /sbel/gazebo-demo/install/prius_msgs/share/prius_msgs/cmake/prius_msgs__rosidl_typesupport_introspection_cppExport-noconfig.cmake\n'}
[0.815080] (prius_msgs) StdoutLine: {'line': b'-- Installing: /sbel/gazebo-demo/install/prius_msgs/share/prius_msgs/cmake/prius_msgs__rosidl_typesupport_cppExport.cmake\n'}
[0.815273] (prius_msgs) StdoutLine: {'line': b'-- Installing: /sbel/gazebo-demo/install/prius_msgs/share/prius_msgs/cmake/prius_msgs__rosidl_typesupport_cppExport-noconfig.cmake\n'}
[0.815471] (prius_msgs) StdoutLine: {'line': b'-- Installing: /sbel/gazebo-demo/install/prius_msgs/share/prius_msgs/cmake/export_prius_msgs__rosidl_generator_pyExport.cmake\n'}
[0.815666] (prius_msgs) StdoutLine: {'line': b'-- Installing: /sbel/gazebo-demo/install/prius_msgs/share/prius_msgs/cmake/export_prius_msgs__rosidl_generator_pyExport-noconfig.cmake\n'}
[0.817458] (prius_msgs) CommandEnded: {'returncode': 0}
[0.900386] (-) TimerEvent: {}
[0.971097] (prius_msgs) JobEnded: {'identifier': 'prius_msgs', 'rc': 0}
[0.971666] (car_demo) JobStarted: {'identifier': 'car_demo'}
[1.000473] (-) TimerEvent: {}
[1.015659] (car_demo) JobProgress: {'identifier': 'car_demo', 'progress': 'cmake'}
[1.015892] (car_demo) Command: {'cmd': ['/usr/bin/cmake', '/sbel/gazebo-demo/car_demo', '-DAMENT_CMAKE_SYMLINK_INSTALL=1', '-DCMAKE_INSTALL_PREFIX=/sbel/gazebo-demo/install/car_demo'], 'cwd': '/sbel/gazebo-demo/build/car_demo', 'env': OrderedDict([('LANGUAGE', 'en_US:en'), ('HOSTNAME', '8badff0a978e'), ('SSH_AGENT_PID', '994'), ('SHLVL', '1'), ('LD_LIBRARY_PATH', '/sbel/gazebo-demo/install/prius_msgs/lib:/chrono_ros_interfaces/install/chrono_ros_interfaces/lib:/opt/ros/humble/opt/rviz_ogre_vendor/lib:/opt/ros/humble/lib/x86_64-linux-gnu:/opt/ros/humble/lib'), ('HOME', '/sbel'), ('NO_VNC_PORT', '6901'), ('OLDPWD', '/sbel'), ('STARTUPDIR', '/dockerstartup'), ('ROS_PYTHON_VERSION', '3'), ('VNC_COL_DEPTH', '24'), ('COLCON_PREFIX_PATH', '/chrono_ros_interfaces/install'), ('ROS_DISTRO', 'humble'), ('_', '/usr/bin/colcon'), ('ROS_VERSION', '2'), ('NO_VNC_HOME', '/sbel/noVNC'), ('TERM', 'xterm'), ('GAZEBO_MODEL_PATH', '/sbel/gazebo-demo/install/prius_description/share/prius_description/models'), ('ROS_LOCALHOST_ONLY', '0'), ('PATH', '/opt/ros/humble/bin:/usr/local/sbin:/usr/local/bin:/usr/sbin:/usr/bin:/sbin:/bin'), ('DISPLAY', ':1'), ('LANG', 'en_US.UTF-8'), ('SSH_AUTH_SOCK', '/tmp/ssh-XXXXXXIYocdq/agent.993'), ('AMENT_PREFIX_PATH', '/sbel/gazebo-demo/install/prius_msgs:/sbel/gazebo-demo/install/prius_description:/chrono_ros_interfaces/install/chrono_ros_interfaces:/opt/ros/humble'), ('DEBIAN_FRONTEND', 'noninteractive'), ('PWD', '/sbel/gazebo-demo/build/car_demo'), ('VNC_RESOLUTION', '1600x900'), ('LC_ALL', 'en_US.UTF-8'), ('PYTHONPATH', '/sbel/gazebo-demo/install/prius_msgs/local/lib/python3.10/dist-packages:/chrono_ros_interfaces/install/chrono_ros_interfaces/local/lib/python3.10/dist-packages:/opt/ros/humble/lib/python3.10/site-packages:/opt/ros/humble/local/lib/python3.10/dist-packages'), ('VNC_PW', 'sbel'), ('COLCON', '1'), ('CMAKE_PREFIX_PATH', '/sbel/gazebo-demo/install/prius_msgs:/sbel/gazebo-demo/install/prius_description:/chrono_ros_interfaces/install/chrono_ros_interfaces:/opt/ros/humble'), ('VNC_PORT', '5901')]), 'shell': False}
[1.058203] (car_demo) StdoutLine: {'line': b'-- The C compiler identification is GNU 11.4.0\n'}
[1.097996] (car_demo) StdoutLine: {'line': b'-- The CXX compiler identification is GNU 11.4.0\n'}
[1.100537] (-) TimerEvent: {}
[1.103297] (car_demo) StdoutLine: {'line': b'-- Detecting C compiler ABI info\n'}
[1.157770] (car_demo) StdoutLine: {'line': b'-- Detecting C compiler ABI info - done\n'}
[1.162197] (car_demo) StdoutLine: {'line': b'-- Check for working C compiler: /usr/bin/cc - skipped\n'}
[1.162389] (car_demo) StdoutLine: {'line': b'-- Detecting C compile features\n'}
[1.162647] (car_demo) StdoutLine: {'line': b'-- Detecting C compile features - done\n'}
[1.164869] (car_demo) StdoutLine: {'line': b'-- Detecting CXX compiler ABI info\n'}
[1.200626] (-) TimerEvent: {}
[1.226299] (car_demo) StdoutLine: {'line': b'-- Detecting CXX compiler ABI info - done\n'}
[1.231504] (car_demo) StdoutLine: {'line': b'-- Check for working CXX compiler: /usr/bin/c++ - skipped\n'}
[1.231707] (car_demo) StdoutLine: {'line': b'-- Detecting CXX compile features\n'}
[1.232016] (car_demo) StdoutLine: {'line': b'-- Detecting CXX compile features - done\n'}
[1.235055] (car_demo) StdoutLine: {'line': b'-- Found ament_cmake: 1.3.5 (/opt/ros/humble/share/ament_cmake/cmake)\n'}
[1.300711] (-) TimerEvent: {}
[1.356226] (car_demo) StdoutLine: {'line': b'-- Found Python3: /usr/bin/python3.10 (found version "3.10.12") found components: Interpreter \n'}
[1.398141] (car_demo) StdoutLine: {'line': b'-- Override CMake install command with custom implementation using symlinks instead of copying resources\n'}
[1.400770] (-) TimerEvent: {}
[1.434871] (car_demo) StdoutLine: {'line': b'-- Found rclcpp: 16.0.6 (/opt/ros/humble/share/rclcpp/cmake)\n'}
[1.479279] (car_demo) StdoutLine: {'line': b'-- Found rosidl_generator_c: 3.1.5 (/opt/ros/humble/share/rosidl_generator_c/cmake)\n'}
[1.484243] (car_demo) StdoutLine: {'line': b'-- Found rosidl_adapter: 3.1.5 (/opt/ros/humble/share/rosidl_adapter/cmake)\n'}
[1.491855] (car_demo) StdoutLine: {'line': b'-- Found rosidl_generator_cpp: 3.1.5 (/opt/ros/humble/share/rosidl_generator_cpp/cmake)\n'}
[1.500831] (-) TimerEvent: {}
[1.503107] (car_demo) StdoutLine: {'line': b'-- Using all available rosidl_typesupport_c: rosidl_typesupport_fastrtps_c;rosidl_typesupport_introspection_c\n'}
[1.518992] (car_demo) StdoutLine: {'line': b'-- Using all available rosidl_typesupport_cpp: rosidl_typesupport_fastrtps_cpp;rosidl_typesupport_introspection_cpp\n'}
[1.584315] (car_demo) StdoutLine: {'line': b'-- Found rmw_implementation_cmake: 6.1.1 (/opt/ros/humble/share/rmw_implementation_cmake/cmake)\n'}
[1.587560] (car_demo) StdoutLine: {'line': b'-- Found rmw_fastrtps_cpp: 6.2.4 (/opt/ros/humble/share/rmw_fastrtps_cpp/cmake)\n'}
[1.601170] (-) TimerEvent: {}
[1.690769] (car_demo) StdoutLine: {'line': b'-- Found OpenSSL: /usr/lib/x86_64-linux-gnu/libcrypto.so (found version "3.0.2")  \n'}
[1.701583] (-) TimerEvent: {}
[1.721647] (car_demo) StdoutLine: {'line': b'-- Found FastRTPS: /opt/ros/humble/include  \n'}
[1.773778] (car_demo) StdoutLine: {'line': b"-- Using RMW implementation 'rmw_fastrtps_cpp' as default\n"}
[1.785983] (car_demo) StdoutLine: {'line': b'-- Looking for pthread.h\n'}
[1.801669] (-) TimerEvent: {}
[1.843684] (car_demo) StdoutLine: {'line': b'-- Looking for pthread.h - found\n'}
[1.843853] (car_demo) StdoutLine: {'line': b'-- Performing Test CMAKE_HAVE_LIBC_PTHREAD\n'}
[1.901463] (car_demo) StdoutLine: {'line': b'-- Performing Test CMAKE_HAVE_LIBC_PTHREAD - Success\n'}
[1.901733] (-) TimerEvent: {}
[1.902243] (car_demo) StdoutLine: {'line': b'-- Found Threads: TRUE  \n'}
[2.001829] (-) TimerEvent: {}
[2.019981] (car_demo) StdoutLine: {'line': b'-- Found rclpy: 3.3.10 (/opt/ros/humble/share/rclpy/cmake)\n'}
[2.037134] (car_demo) StderrLine: {'line': b'\x1b[31mCMake Error at CMakeLists.txt:18 (find_package):\n'}
[2.037262] (car_demo) StderrLine: {'line': b'  By not providing "Findgazebo_dev.cmake" in CMAKE_MODULE_PATH this project\n'}
[2.037323] (car_demo) StderrLine: {'line': b'  has asked CMake to find a package configuration file provided by\n'}
[2.037378] (car_demo) StderrLine: {'line': b'  "gazebo_dev", but CMake did not find one.\n'}
[2.037427] (car_demo) StderrLine: {'line': b'\n'}
[2.037475] (car_demo) StderrLine: {'line': b'  Could not find a package configuration file provided by "gazebo_dev" with\n'}
[2.037524] (car_demo) StderrLine: {'line': b'  any of the following names:\n'}
[2.037574] (car_demo) StderrLine: {'line': b'\n'}
[2.037622] (car_demo) StderrLine: {'line': b'    gazebo_devConfig.cmake\n'}
[2.037669] (car_demo) StderrLine: {'line': b'    gazebo_dev-config.cmake\n'}
[2.037716] (car_demo) StderrLine: {'line': b'\n'}
[2.037763] (car_demo) StderrLine: {'line': b'  Add the installation prefix of "gazebo_dev" to CMAKE_PREFIX_PATH or set\n'}
[2.037812] (car_demo) StderrLine: {'line': b'  "gazebo_dev_DIR" to a directory containing one of the above files.  If\n'}
[2.037858] (car_demo) StderrLine: {'line': b'  "gazebo_dev" provides a separate development package or SDK, be sure it has\n'}
[2.037908] (car_demo) StderrLine: {'line': b'  been installed.\n'}
[2.037953] (car_demo) StderrLine: {'line': b'\n'}
[2.037998] (car_demo) StderrLine: {'line': b'\x1b[0m\n'}
[2.038043] (car_demo) StdoutLine: {'line': b'-- Configuring incomplete, errors occurred!\n'}
[2.038093] (car_demo) StdoutLine: {'line': b'See also "/sbel/gazebo-demo/build/car_demo/CMakeFiles/CMakeOutput.log".\n'}
[2.043578] (car_demo) CommandEnded: {'returncode': 1}
[2.075121] (car_demo) JobEnded: {'identifier': 'car_demo', 'rc': 1}
[2.085445] (-) EventReactorShutdown: {}
