[0.099s] Invoking command in '/sbel/gazebo-demo/build/car_demo': CMAKE_PREFIX_PATH=/sbel/gazebo-demo/install/prius_msgs:/sbel/gazebo-demo/install/prius_description:/sbel/gazebo-demo/install/car_demo:/chrono_ros_interfaces/install/chrono_ros_interfaces:/opt/ros/humble GAZEBO_MODEL_PATH=/sbel/gazebo-demo/install/prius_description/share/prius_description/models:${GAZEBO_MODEL_PATH} LD_LIBRARY_PATH=/sbel/gazebo-demo/install/prius_msgs/lib:/sbel/gazebo-demo/install/car_demo/lib:/usr/lib/x86_64-linux-gnu/gazebo-11/plugins:/chrono_ros_interfaces/install/chrono_ros_interfaces/lib:/opt/ros/humble/opt/rviz_ogre_vendor/lib:/opt/ros/humble/lib/x86_64-linux-gnu:/opt/ros/humble/lib /usr/bin/cmake /sbel/gazebo-demo/car_demo -DCMAKE_INSTALL_PREFIX=/sbel/gazebo-demo/install/car_demo
[0.115s] -- Found ament_cmake: 1.3.5 (/opt/ros/humble/share/ament_cmake/cmake)
[0.268s] -- Override CMake install command with custom implementation using symlinks instead of copying resources
[0.280s] -- Found rclcpp: 16.0.6 (/opt/ros/humble/share/rclcpp/cmake)
[0.319s] -- Found rosidl_generator_c: 3.1.5 (/opt/ros/humble/share/rosidl_generator_c/cmake)
[0.321s] -- Found rosidl_adapter: 3.1.5 (/opt/ros/humble/share/rosidl_adapter/cmake)
[0.327s] -- Found rosidl_generator_cpp: 3.1.5 (/opt/ros/humble/share/rosidl_generator_cpp/cmake)
[0.340s] -- Using all available rosidl_typesupport_c: rosidl_typesupport_fastrtps_c;rosidl_typesupport_introspection_c
[0.356s] -- Using all available rosidl_typesupport_cpp: rosidl_typesupport_fastrtps_cpp;rosidl_typesupport_introspection_cpp
[0.416s] -- Found rmw_implementation_cmake: 6.1.1 (/opt/ros/humble/share/rmw_implementation_cmake/cmake)
[0.418s] -- Found rmw_fastrtps_cpp: 6.2.4 (/opt/ros/humble/share/rmw_fastrtps_cpp/cmake)
[0.633s] -- Using RMW implementation 'rmw_fastrtps_cpp' as default
[0.803s] -- Found rclpy: 3.3.10 (/opt/ros/humble/share/rclpy/cmake)
[0.804s] -- Found gazebo_dev: 3.7.0 (/opt/ros/humble/share/gazebo_dev/cmake)
[0.857s] -- Found DART: /usr/include (Required is at least version "6.6") found components: dart 
[0.904s] -- Found Protobuf: /usr/lib/x86_64-linux-gnu/libprotobuf.so (found version "3.12.4") 
[0.906s] -- Looking for ignition-math6 -- found version 6.15.1
[0.910s] -- Searching for dependencies of ignition-math6
[0.911s] -- Looking for OGRE...
[0.916s] -- Found Ogre Ghadamon (1.9.0)
[0.917s] -- Found OGRE: optimized;/usr/lib/x86_64-linux-gnu/libOgreMain.so;debug;/usr/lib/x86_64-linux-gnu/libOgreMain.so
[0.927s] -- Looking for OGRE_Paging...
[0.928s] -- Found OGRE_Paging: optimized;/usr/lib/x86_64-linux-gnu/libOgrePaging.so;debug;/usr/lib/x86_64-linux-gnu/libOgrePaging.so
[0.928s] -- Looking for OGRE_Terrain...
[0.928s] -- Found OGRE_Terrain: optimized;/usr/lib/x86_64-linux-gnu/libOgreTerrain.so;debug;/usr/lib/x86_64-linux-gnu/libOgreTerrain.so
[0.928s] -- Looking for OGRE_Property...
[0.928s] -- Found OGRE_Property: optimized;/usr/lib/x86_64-linux-gnu/libOgreProperty.so;debug;/usr/lib/x86_64-linux-gnu/libOgreProperty.so
[0.928s] -- Looking for OGRE_RTShaderSystem...
[0.928s] -- Found OGRE_RTShaderSystem: optimized;/usr/lib/x86_64-linux-gnu/libOgreRTShaderSystem.so;debug;/usr/lib/x86_64-linux-gnu/libOgreRTShaderSystem.so
[0.929s] -- Looking for OGRE_Volume...
[0.929s] -- Found OGRE_Volume: optimized;/usr/lib/x86_64-linux-gnu/libOgreVolume.so;debug;/usr/lib/x86_64-linux-gnu/libOgreVolume.so
[0.929s] -- Looking for OGRE_Overlay...
[0.929s] -- Found OGRE_Overlay: optimized;/usr/lib/x86_64-linux-gnu/libOgreOverlay.so;debug;/usr/lib/x86_64-linux-gnu/libOgreOverlay.so
[1.066s] -- Looking for ignition-math6 -- found version 6.15.1
[1.066s] -- Looking for ignition-transport8 -- found version 8.2.1
[1.067s] -- Searching for dependencies of ignition-transport8
[1.110s] -- Found Protobuf: /usr/lib/x86_64-linux-gnu/libprotobuf.so (found suitable version "3.12.4", minimum required is "3") 
[1.138s] -- Config-file not installed for ZeroMQ -- checking for pkg-config
[1.143s] -- Checking for module 'libzmq >= 4'
[1.176s] --   Found libzmq , version 4.3.4
[1.270s] -- Checking for module 'uuid'
[1.285s] --   Found uuid, version 2.37.2
[1.330s] -- Looking for ignition-msgs5 -- found version 5.8.1
[1.330s] -- Searching for dependencies of ignition-msgs5
[1.374s] -- Looking for ignition-math6 -- found version 6.15.1
[1.380s] -- Checking for module 'tinyxml2'
[1.397s] --   Found tinyxml2, version 9.0.0
[1.446s] -- Looking for ignition-msgs5 -- found version 5.8.1
[1.446s] -- Looking for ignition-common3 -- found version 3.14.0
[1.446s] -- Searching for dependencies of ignition-common3
[1.448s] -- Looking for dlfcn.h - found
[1.448s] -- Looking for libdl - found
[1.462s] -- Searching for <ignition-common3> component [graphics]
[1.463s] -- Looking for ignition-common3-graphics -- found version 3.14.0
[1.464s] -- Searching for dependencies of ignition-common3-graphics
[1.465s] -- Looking for ignition-math6 -- found version 6.15.1
[1.466s] -- Looking for ignition-fuel_tools4 -- found version 4.4.0
[1.468s] -- Searching for dependencies of ignition-fuel_tools4
[1.540s] -- Checking for module 'jsoncpp'
[1.579s] --   Found jsoncpp, version 1.9.5
[1.646s] -- Checking for module 'libzip'
[1.684s] --   Found libzip, version 1.7.3
[1.727s] -- Looking for ignition-common3 -- found version 3.14.0
[1.728s] -- Looking for ignition-math6 -- found version 6.15.1
[1.728s] -- Looking for ignition-msgs5 -- found version 5.8.1
[1.729s] -- Gazebo version: 11.10
[1.730s] -- Found gazebo_msgs: 3.7.0 (/opt/ros/humble/share/gazebo_msgs/cmake)
[2.006s] -- Found gazebo_ros: 3.7.0 (/opt/ros/humble/share/gazebo_ros/cmake)
[2.015s] -- Found prius_msgs: 0.0.1 (/sbel/gazebo-demo/install/prius_msgs/share/prius_msgs/cmake)
[2.074s] -- Looking for ignition-math6 -- found version 6.15.1
[2.075s] -- Found prius_description: 0.0.1 (/sbel/gazebo-demo/install/prius_description/share/prius_description/cmake)
[2.173s] -- Found ament_lint_auto: 0.12.8 (/opt/ros/humble/share/ament_lint_auto/cmake)
[2.252s] -- Found ament_cmake_gtest: 1.3.5 (/opt/ros/humble/share/ament_cmake_gtest/cmake)
[2.253s] -- Found gtest sources under '/opt/ros/humble/src/gtest_vendor': C++ tests using 'Google Test' will be built
[2.296s] -- Configuring done
[2.356s] -- Generating done
[2.360s] -- Build files have been written to: /sbel/gazebo-demo/build/car_demo
[2.376s] Invoked command in '/sbel/gazebo-demo/build/car_demo' returned '0': CMAKE_PREFIX_PATH=/sbel/gazebo-demo/install/prius_msgs:/sbel/gazebo-demo/install/prius_description:/sbel/gazebo-demo/install/car_demo:/chrono_ros_interfaces/install/chrono_ros_interfaces:/opt/ros/humble GAZEBO_MODEL_PATH=/sbel/gazebo-demo/install/prius_description/share/prius_description/models:${GAZEBO_MODEL_PATH} LD_LIBRARY_PATH=/sbel/gazebo-demo/install/prius_msgs/lib:/sbel/gazebo-demo/install/car_demo/lib:/usr/lib/x86_64-linux-gnu/gazebo-11/plugins:/chrono_ros_interfaces/install/chrono_ros_interfaces/lib:/opt/ros/humble/opt/rviz_ogre_vendor/lib:/opt/ros/humble/lib/x86_64-linux-gnu:/opt/ros/humble/lib /usr/bin/cmake /sbel/gazebo-demo/car_demo -DCMAKE_INSTALL_PREFIX=/sbel/gazebo-demo/install/car_demo
[2.376s] Invoking command in '/sbel/gazebo-demo/build/car_demo': CMAKE_PREFIX_PATH=/sbel/gazebo-demo/install/prius_msgs:/sbel/gazebo-demo/install/prius_description:/sbel/gazebo-demo/install/car_demo:/chrono_ros_interfaces/install/chrono_ros_interfaces:/opt/ros/humble GAZEBO_MODEL_PATH=/sbel/gazebo-demo/install/prius_description/share/prius_description/models:${GAZEBO_MODEL_PATH} LD_LIBRARY_PATH=/sbel/gazebo-demo/install/prius_msgs/lib:/sbel/gazebo-demo/install/car_demo/lib:/usr/lib/x86_64-linux-gnu/gazebo-11/plugins:/chrono_ros_interfaces/install/chrono_ros_interfaces/lib:/opt/ros/humble/opt/rviz_ogre_vendor/lib:/opt/ros/humble/lib/x86_64-linux-gnu:/opt/ros/humble/lib /usr/bin/cmake --build /sbel/gazebo-demo/build/car_demo -- -j16 -l16
[2.451s] [35m[1mConsolidate compiler generated dependencies of target PriusHybridPlugin[0m
[2.566s] [ 25%] Built target PriusHybridPlugin
[2.580s] [35m[1mConsolidate compiler generated dependencies of target gtest[0m
[2.620s] [ 50%] Built target gtest
[2.639s] [35m[1mConsolidate compiler generated dependencies of target gtest_main[0m
[2.674s] [ 75%] Built target gtest_main
[2.739s] [ 75%] Built target ament_cmake_python_symlink_car_demo
[2.756s] [35m[1mConsolidate compiler generated dependencies of target PriusHybridPluginTest[0m
[2.852s] [100%] Built target PriusHybridPluginTest
[3.118s] running egg_info
[3.118s] writing car_demo.egg-info/PKG-INFO
[3.118s] writing dependency_links to car_demo.egg-info/dependency_links.txt
[3.119s] writing top-level names to car_demo.egg-info/top_level.txt
[3.120s] reading manifest file 'car_demo.egg-info/SOURCES.txt'
[3.121s] writing manifest file 'car_demo.egg-info/SOURCES.txt'
[3.149s] [100%] Built target ament_cmake_python_build_car_demo_egg
[3.185s] Invoked command in '/sbel/gazebo-demo/build/car_demo' returned '0': CMAKE_PREFIX_PATH=/sbel/gazebo-demo/install/prius_msgs:/sbel/gazebo-demo/install/prius_description:/sbel/gazebo-demo/install/car_demo:/chrono_ros_interfaces/install/chrono_ros_interfaces:/opt/ros/humble GAZEBO_MODEL_PATH=/sbel/gazebo-demo/install/prius_description/share/prius_description/models:${GAZEBO_MODEL_PATH} LD_LIBRARY_PATH=/sbel/gazebo-demo/install/prius_msgs/lib:/sbel/gazebo-demo/install/car_demo/lib:/usr/lib/x86_64-linux-gnu/gazebo-11/plugins:/chrono_ros_interfaces/install/chrono_ros_interfaces/lib:/opt/ros/humble/opt/rviz_ogre_vendor/lib:/opt/ros/humble/lib/x86_64-linux-gnu:/opt/ros/humble/lib /usr/bin/cmake --build /sbel/gazebo-demo/build/car_demo -- -j16 -l16
[3.245s] Invoking command in '/sbel/gazebo-demo/build/car_demo': CMAKE_PREFIX_PATH=/sbel/gazebo-demo/install/prius_msgs:/sbel/gazebo-demo/install/prius_description:/sbel/gazebo-demo/install/car_demo:/chrono_ros_interfaces/install/chrono_ros_interfaces:/opt/ros/humble GAZEBO_MODEL_PATH=/sbel/gazebo-demo/install/prius_description/share/prius_description/models:${GAZEBO_MODEL_PATH} LD_LIBRARY_PATH=/sbel/gazebo-demo/install/prius_msgs/lib:/sbel/gazebo-demo/install/car_demo/lib:/usr/lib/x86_64-linux-gnu/gazebo-11/plugins:/chrono_ros_interfaces/install/chrono_ros_interfaces/lib:/opt/ros/humble/opt/rviz_ogre_vendor/lib:/opt/ros/humble/lib/x86_64-linux-gnu:/opt/ros/humble/lib /usr/bin/cmake --install /sbel/gazebo-demo/build/car_demo
[3.254s] -- Install configuration: ""
[3.254s] -- Execute custom install script
[3.254s] -- Up-to-date symlink: /sbel/gazebo-demo/install/car_demo/share/car_demo/environment/library_path.sh
[3.255s] -- Up-to-date symlink: /sbel/gazebo-demo/install/car_demo/share/car_demo/environment/library_path.dsv
[3.255s] -- Up-to-date symlink: /sbel/gazebo-demo/install/car_demo/share/car_demo/environment/gazebo_plugins.sh
[3.255s] -- Up-to-date symlink: /sbel/gazebo-demo/install/car_demo/share/car_demo/environment/gazebo_plugins.dsv
[3.255s] -- Up-to-date symlink: /sbel/gazebo-demo/install/car_demo/share/car_demo/environment/pythonpath.sh
[3.255s] -- Up-to-date symlink: /sbel/gazebo-demo/install/car_demo/share/car_demo/environment/pythonpath.dsv
[3.256s] -- Up-to-date symlink: /sbel/gazebo-demo/install/car_demo/local/lib/python3.10/dist-packages/car_demo-0.0.1-py3.10.egg-info/PKG-INFO
[3.256s] -- Up-to-date symlink: /sbel/gazebo-demo/install/car_demo/local/lib/python3.10/dist-packages/car_demo-0.0.1-py3.10.egg-info/SOURCES.txt
[3.256s] -- Up-to-date symlink: /sbel/gazebo-demo/install/car_demo/local/lib/python3.10/dist-packages/car_demo-0.0.1-py3.10.egg-info/dependency_links.txt
[3.256s] -- Up-to-date symlink: /sbel/gazebo-demo/install/car_demo/local/lib/python3.10/dist-packages/car_demo-0.0.1-py3.10.egg-info/top_level.txt
[3.256s] -- Up-to-date symlink: /sbel/gazebo-demo/install/car_demo/local/lib/python3.10/dist-packages/car_demo/__init__.py
[3.257s] -- Up-to-date symlink: /sbel/gazebo-demo/install/car_demo/lib/car_demo/prius_teleop_keyboard.py
[3.258s] -- Up-to-date symlink: /sbel/gazebo-demo/install/car_demo/lib/car_demo/joystick_translator.py
[3.259s] -- Up-to-date symlink: /sbel/gazebo-demo/install/car_demo/lib/libPriusHybridPlugin.so
[3.259s] -- Up-to-date symlink: /sbel/gazebo-demo/install/car_demo/share/ament_index/resource_index/package_run_dependencies/car_demo
[3.259s] -- Up-to-date symlink: /sbel/gazebo-demo/install/car_demo/share/ament_index/resource_index/parent_prefix_path/car_demo
[3.259s] -- Up-to-date symlink: /sbel/gazebo-demo/install/car_demo/share/car_demo/environment/ament_prefix_path.sh
[3.260s] -- Up-to-date symlink: /sbel/gazebo-demo/install/car_demo/share/car_demo/environment/ament_prefix_path.dsv
[3.260s] -- Up-to-date symlink: /sbel/gazebo-demo/install/car_demo/share/car_demo/environment/path.sh
[3.260s] -- Up-to-date symlink: /sbel/gazebo-demo/install/car_demo/share/car_demo/environment/path.dsv
[3.260s] -- Up-to-date symlink: /sbel/gazebo-demo/install/car_demo/share/car_demo/local_setup.bash
[3.260s] -- Up-to-date symlink: /sbel/gazebo-demo/install/car_demo/share/car_demo/local_setup.sh
[3.260s] -- Up-to-date symlink: /sbel/gazebo-demo/install/car_demo/share/car_demo/local_setup.zsh
[3.261s] -- Up-to-date symlink: /sbel/gazebo-demo/install/car_demo/share/car_demo/local_setup.dsv
[3.261s] -- Symlinking: /sbel/gazebo-demo/install/car_demo/share/car_demo/package.dsv
[3.278s] -- Up-to-date symlink: /sbel/gazebo-demo/install/car_demo/share/ament_index/resource_index/packages/car_demo
[3.278s] -- Up-to-date symlink: /sbel/gazebo-demo/install/car_demo/share/car_demo/cmake/ament_cmake_export_libraries-extras.cmake
[3.279s] -- Up-to-date symlink: /sbel/gazebo-demo/install/car_demo/share/car_demo/cmake/ament_cmake_export_include_directories-extras.cmake
[3.280s] -- Up-to-date symlink: /sbel/gazebo-demo/install/car_demo/share/car_demo/cmake/ament_cmake_export_dependencies-extras.cmake
[3.281s] -- Up-to-date symlink: /sbel/gazebo-demo/install/car_demo/share/car_demo/cmake/car_demoConfig.cmake
[3.282s] -- Up-to-date symlink: /sbel/gazebo-demo/install/car_demo/share/car_demo/cmake/car_demoConfig-version.cmake
[3.283s] -- Up-to-date symlink: /sbel/gazebo-demo/install/car_demo/share/car_demo/package.xml
[3.285s] -- Up-to-date symlink: /sbel/gazebo-demo/install/car_demo/share/car_demo/launch/demo.launch.py
[3.286s] -- Up-to-date symlink: /sbel/gazebo-demo/install/car_demo/share/car_demo/launch/spawn_prius.launch.py
[3.290s] -- Up-to-date symlink: /sbel/gazebo-demo/install/car_demo/share/car_demo/models/cloverleaf_interchange/materials/textures/arrow.png
[3.291s] -- Up-to-date symlink: /sbel/gazebo-demo/install/car_demo/share/car_demo/models/cloverleaf_interchange/materials/textures/concrete.png
[3.292s] -- Up-to-date symlink: /sbel/gazebo-demo/install/car_demo/share/car_demo/models/cloverleaf_interchange/materials/textures/cross.png
[3.293s] -- Up-to-date symlink: /sbel/gazebo-demo/install/car_demo/share/car_demo/models/cloverleaf_interchange/materials/textures/grass.png
[3.293s] -- Up-to-date symlink: /sbel/gazebo-demo/install/car_demo/share/car_demo/models/cloverleaf_interchange/materials/textures/road.png
[3.294s] -- Up-to-date symlink: /sbel/gazebo-demo/install/car_demo/share/car_demo/models/cloverleaf_interchange/meshes/cloverleaf.mtl
[3.294s] -- Up-to-date symlink: /sbel/gazebo-demo/install/car_demo/share/car_demo/models/cloverleaf_interchange/meshes/cloverleaf.obj
[3.294s] -- Up-to-date symlink: /sbel/gazebo-demo/install/car_demo/share/car_demo/models/cloverleaf_interchange/model.config
[3.294s] -- Up-to-date symlink: /sbel/gazebo-demo/install/car_demo/share/car_demo/models/cloverleaf_interchange/model.sdf
[3.295s] -- Up-to-date symlink: /sbel/gazebo-demo/install/car_demo/share/car_demo/models/construction_cone/materials/textures/Construction_Cone_Diffuse.png
[3.295s] -- Up-to-date symlink: /sbel/gazebo-demo/install/car_demo/share/car_demo/models/construction_cone/meshes/construction_cone.dae
[3.295s] -- Up-to-date symlink: /sbel/gazebo-demo/install/car_demo/share/car_demo/models/construction_cone/model-1_3.sdf
[3.296s] -- Up-to-date symlink: /sbel/gazebo-demo/install/car_demo/share/car_demo/models/construction_cone/model-1_4.sdf
[3.296s] -- Up-to-date symlink: /sbel/gazebo-demo/install/car_demo/share/car_demo/models/construction_cone/model.config
[3.296s] -- Up-to-date symlink: /sbel/gazebo-demo/install/car_demo/share/car_demo/models/construction_cone/model.sdf
[3.296s] -- Up-to-date symlink: /sbel/gazebo-demo/install/car_demo/share/car_demo/models/dumpster/materials/scripts/dumpster.material
[3.296s] -- Up-to-date symlink: /sbel/gazebo-demo/install/car_demo/share/car_demo/models/dumpster/materials/textures/Dumpster_Diffuse.png
[3.296s] -- Up-to-date symlink: /sbel/gazebo-demo/install/car_demo/share/car_demo/models/dumpster/materials/textures/Dumpster_Spec.png
[3.297s] -- Up-to-date symlink: /sbel/gazebo-demo/install/car_demo/share/car_demo/models/dumpster/meshes/dumpster.dae
[3.297s] -- Up-to-date symlink: /sbel/gazebo-demo/install/car_demo/share/car_demo/models/dumpster/model-1_3.sdf
[3.297s] -- Up-to-date symlink: /sbel/gazebo-demo/install/car_demo/share/car_demo/models/dumpster/model-1_4.sdf
[3.297s] -- Up-to-date symlink: /sbel/gazebo-demo/install/car_demo/share/car_demo/models/dumpster/model.config
[3.298s] -- Up-to-date symlink: /sbel/gazebo-demo/install/car_demo/share/car_demo/models/dumpster/model.sdf
[3.299s] -- Up-to-date symlink: /sbel/gazebo-demo/install/car_demo/share/car_demo/models/gas_station/materials/scripts/gas_station.material
[3.300s] -- Up-to-date symlink: /sbel/gazebo-demo/install/car_demo/share/car_demo/models/gas_station/materials/textures/GasStation_Diffuse.png
[3.300s] -- Up-to-date symlink: /sbel/gazebo-demo/install/car_demo/share/car_demo/models/gas_station/materials/textures/GasStation_Normal.png
[3.301s] -- Up-to-date symlink: /sbel/gazebo-demo/install/car_demo/share/car_demo/models/gas_station/materials/textures/GasStation_Spec.png
[3.301s] -- Up-to-date symlink: /sbel/gazebo-demo/install/car_demo/share/car_demo/models/gas_station/meshes/gas_station.dae
[3.301s] -- Up-to-date symlink: /sbel/gazebo-demo/install/car_demo/share/car_demo/models/gas_station/model-1_3.sdf
[3.302s] -- Up-to-date symlink: /sbel/gazebo-demo/install/car_demo/share/car_demo/models/gas_station/model-1_4.sdf
[3.302s] -- Up-to-date symlink: /sbel/gazebo-demo/install/car_demo/share/car_demo/models/gas_station/model.config
[3.303s] -- Up-to-date symlink: /sbel/gazebo-demo/install/car_demo/share/car_demo/models/gas_station/model.sdf
[3.303s] -- Up-to-date symlink: /sbel/gazebo-demo/install/car_demo/share/car_demo/models/grey_wall/materials/scripts/grey_wall.material
[3.303s] -- Up-to-date symlink: /sbel/gazebo-demo/install/car_demo/share/car_demo/models/grey_wall/materials/textures/grey_wall.png
[3.304s] -- Up-to-date symlink: /sbel/gazebo-demo/install/car_demo/share/car_demo/models/grey_wall/model-1_3.sdf
[3.304s] -- Up-to-date symlink: /sbel/gazebo-demo/install/car_demo/share/car_demo/models/grey_wall/model-1_4.sdf
[3.305s] -- Up-to-date symlink: /sbel/gazebo-demo/install/car_demo/share/car_demo/models/grey_wall/model.config
[3.305s] -- Up-to-date symlink: /sbel/gazebo-demo/install/car_demo/share/car_demo/models/grey_wall/model.sdf
[3.305s] -- Up-to-date symlink: /sbel/gazebo-demo/install/car_demo/share/car_demo/models/house_1/materials/scripts/house_1.material
[3.306s] -- Up-to-date symlink: /sbel/gazebo-demo/install/car_demo/share/car_demo/models/house_1/materials/textures/House_1_Diffuse.png
[3.306s] -- Up-to-date symlink: /sbel/gazebo-demo/install/car_demo/share/car_demo/models/house_1/materials/textures/House_1_Normal.png
[3.306s] -- Up-to-date symlink: /sbel/gazebo-demo/install/car_demo/share/car_demo/models/house_1/materials/textures/House_1_Spec.png
[3.306s] -- Up-to-date symlink: /sbel/gazebo-demo/install/car_demo/share/car_demo/models/house_1/meshes/house_1.dae
[3.307s] -- Up-to-date symlink: /sbel/gazebo-demo/install/car_demo/share/car_demo/models/house_1/model-1_3.sdf
[3.307s] -- Up-to-date symlink: /sbel/gazebo-demo/install/car_demo/share/car_demo/models/house_1/model-1_4.sdf
[3.308s] -- Up-to-date symlink: /sbel/gazebo-demo/install/car_demo/share/car_demo/models/house_1/model.config
[3.308s] -- Up-to-date symlink: /sbel/gazebo-demo/install/car_demo/share/car_demo/models/house_1/model.sdf
[3.309s] -- Up-to-date symlink: /sbel/gazebo-demo/install/car_demo/share/car_demo/models/house_2/materials/scripts/house_2.material
[3.309s] -- Up-to-date symlink: /sbel/gazebo-demo/install/car_demo/share/car_demo/models/house_2/materials/textures/House_2_Diffuse.png
[3.309s] -- Up-to-date symlink: /sbel/gazebo-demo/install/car_demo/share/car_demo/models/house_2/meshes/house_2.dae
[3.309s] -- Up-to-date symlink: /sbel/gazebo-demo/install/car_demo/share/car_demo/models/house_2/model-1_3.sdf
[3.309s] -- Up-to-date symlink: /sbel/gazebo-demo/install/car_demo/share/car_demo/models/house_2/model-1_4.sdf
[3.309s] -- Up-to-date symlink: /sbel/gazebo-demo/install/car_demo/share/car_demo/models/house_2/model.config
[3.309s] -- Up-to-date symlink: /sbel/gazebo-demo/install/car_demo/share/car_demo/models/house_2/model.sdf
[3.309s] -- Up-to-date symlink: /sbel/gazebo-demo/install/car_demo/share/car_demo/models/house_3/materials/scripts/house_3.material
[3.309s] -- Up-to-date symlink: /sbel/gazebo-demo/install/car_demo/share/car_demo/models/house_3/materials/textures/House_3_Diffuse.png
[3.309s] -- Up-to-date symlink: /sbel/gazebo-demo/install/car_demo/share/car_demo/models/house_3/meshes/house_3.dae
[3.309s] -- Up-to-date symlink: /sbel/gazebo-demo/install/car_demo/share/car_demo/models/house_3/model-1_3.sdf
[3.309s] -- Up-to-date symlink: /sbel/gazebo-demo/install/car_demo/share/car_demo/models/house_3/model-1_4.sdf
[3.310s] -- Up-to-date symlink: /sbel/gazebo-demo/install/car_demo/share/car_demo/models/house_3/model.config
[3.310s] -- Up-to-date symlink: /sbel/gazebo-demo/install/car_demo/share/car_demo/models/house_3/model.sdf
[3.310s] -- Up-to-date symlink: /sbel/gazebo-demo/install/car_demo/share/car_demo/models/jersey_barrier/materials/textures/jersey_barrier.png
[3.310s] -- Up-to-date symlink: /sbel/gazebo-demo/install/car_demo/share/car_demo/models/jersey_barrier/materials/textures/jersey_barrier_diffuse.png
[3.310s] -- Up-to-date symlink: /sbel/gazebo-demo/install/car_demo/share/car_demo/models/jersey_barrier/materials/textures/jersey_barrier_spec.png
[3.310s] -- Up-to-date symlink: /sbel/gazebo-demo/install/car_demo/share/car_demo/models/jersey_barrier/meshes/jersey_barrier.dae
[3.310s] -- Up-to-date symlink: /sbel/gazebo-demo/install/car_demo/share/car_demo/models/jersey_barrier/model-1_4.sdf
[3.310s] -- Up-to-date symlink: /sbel/gazebo-demo/install/car_demo/share/car_demo/models/jersey_barrier/model.config
[3.310s] -- Up-to-date symlink: /sbel/gazebo-demo/install/car_demo/share/car_demo/models/jersey_barrier/model.sdf
[3.310s] -- Up-to-date symlink: /sbel/gazebo-demo/install/car_demo/share/car_demo/models/mcity/materials/textures/Asphalt.png
[3.310s] -- Up-to-date symlink: /sbel/gazebo-demo/install/car_demo/share/car_demo/models/mcity/materials/textures/Brick.png
[3.311s] -- Up-to-date symlink: /sbel/gazebo-demo/install/car_demo/share/car_demo/models/mcity/materials/textures/Buildings.png
[3.311s] -- Up-to-date symlink: /sbel/gazebo-demo/install/car_demo/share/car_demo/models/mcity/materials/textures/Colors.png
[3.311s] -- Up-to-date symlink: /sbel/gazebo-demo/install/car_demo/share/car_demo/models/mcity/materials/textures/Concrete_Ground.png
[3.311s] -- Up-to-date symlink: /sbel/gazebo-demo/install/car_demo/share/car_demo/models/mcity/materials/textures/Crosswalk.png
[3.311s] -- Up-to-date symlink: /sbel/gazebo-demo/install/car_demo/share/car_demo/models/mcity/materials/textures/Curb.png
[3.311s] -- Up-to-date symlink: /sbel/gazebo-demo/install/car_demo/share/car_demo/models/mcity/materials/textures/Grass.png
[3.311s] -- Up-to-date symlink: /sbel/gazebo-demo/install/car_demo/share/car_demo/models/mcity/materials/textures/Gravel.png
[3.311s] -- Up-to-date symlink: /sbel/gazebo-demo/install/car_demo/share/car_demo/models/mcity/materials/textures/GuardRail.png
[3.311s] -- Up-to-date symlink: /sbel/gazebo-demo/install/car_demo/share/car_demo/models/mcity/materials/textures/OverheadSignBase.png
[3.311s] -- Up-to-date symlink: /sbel/gazebo-demo/install/car_demo/share/car_demo/models/mcity/materials/textures/OverheadSigns.png
[3.311s] -- Up-to-date symlink: /sbel/gazebo-demo/install/car_demo/share/car_demo/models/mcity/materials/textures/RailroadGate.png
[3.311s] -- Up-to-date symlink: /sbel/gazebo-demo/install/car_demo/share/car_demo/models/mcity/materials/textures/Road_Blank.png
[3.312s] -- Up-to-date symlink: /sbel/gazebo-demo/install/car_demo/share/car_demo/models/mcity/materials/textures/Road_Blank_Light.png
[3.312s] -- Up-to-date symlink: /sbel/gazebo-demo/install/car_demo/share/car_demo/models/mcity/materials/textures/Road_DoubleYellowLine.png
[3.312s] -- Up-to-date symlink: /sbel/gazebo-demo/install/car_demo/share/car_demo/models/mcity/materials/textures/Road_DoubleYellowLine_Light.png
[3.312s] -- Up-to-date symlink: /sbel/gazebo-demo/install/car_demo/share/car_demo/models/mcity/materials/textures/Road_SingleWhiteLine.png
[3.312s] -- Up-to-date symlink: /sbel/gazebo-demo/install/car_demo/share/car_demo/models/mcity/materials/textures/StreetLamp_Short.png
[3.312s] -- Up-to-date symlink: /sbel/gazebo-demo/install/car_demo/share/car_demo/models/mcity/materials/textures/StreetLamp_Tall.png
[3.312s] -- Up-to-date symlink: /sbel/gazebo-demo/install/car_demo/share/car_demo/models/mcity/materials/textures/TrafficBarrel.png
[3.312s] -- Up-to-date symlink: /sbel/gazebo-demo/install/car_demo/share/car_demo/models/mcity/materials/textures/Tunnel.png
[3.312s] -- Up-to-date symlink: /sbel/gazebo-demo/install/car_demo/share/car_demo/models/mcity/meshes/mcity.mtl
[3.312s] -- Up-to-date symlink: /sbel/gazebo-demo/install/car_demo/share/car_demo/models/mcity/meshes/mcity.obj
[3.312s] -- Up-to-date symlink: /sbel/gazebo-demo/install/car_demo/share/car_demo/models/mcity/model.config
[3.312s] -- Up-to-date symlink: /sbel/gazebo-demo/install/car_demo/share/car_demo/models/mcity/model.sdf
[3.312s] -- Up-to-date symlink: /sbel/gazebo-demo/install/car_demo/share/car_demo/models/powerplant/materials/textures/__auto_.png
[3.313s] -- Up-to-date symlink: /sbel/gazebo-demo/install/car_demo/share/car_demo/models/powerplant/materials/textures/__auto_1.png
[3.313s] -- Up-to-date symlink: /sbel/gazebo-demo/install/car_demo/share/car_demo/models/powerplant/materials/textures/__auto_10.png
[3.313s] -- Up-to-date symlink: /sbel/gazebo-demo/install/car_demo/share/car_demo/models/powerplant/materials/textures/__auto_11.png
[3.313s] -- Up-to-date symlink: /sbel/gazebo-demo/install/car_demo/share/car_demo/models/powerplant/materials/textures/__auto_12.png
[3.313s] -- Up-to-date symlink: /sbel/gazebo-demo/install/car_demo/share/car_demo/models/powerplant/materials/textures/__auto_13.png
[3.313s] -- Up-to-date symlink: /sbel/gazebo-demo/install/car_demo/share/car_demo/models/powerplant/materials/textures/__auto_17.png
[3.313s] -- Up-to-date symlink: /sbel/gazebo-demo/install/car_demo/share/car_demo/models/powerplant/materials/textures/__auto_19.png
[3.313s] -- Up-to-date symlink: /sbel/gazebo-demo/install/car_demo/share/car_demo/models/powerplant/materials/textures/__auto_2.png
[3.313s] -- Up-to-date symlink: /sbel/gazebo-demo/install/car_demo/share/car_demo/models/powerplant/materials/textures/__auto_20.png
[3.313s] -- Up-to-date symlink: /sbel/gazebo-demo/install/car_demo/share/car_demo/models/powerplant/materials/textures/__auto_21.png
[3.313s] -- Up-to-date symlink: /sbel/gazebo-demo/install/car_demo/share/car_demo/models/powerplant/materials/textures/__auto_22.png
[3.313s] -- Up-to-date symlink: /sbel/gazebo-demo/install/car_demo/share/car_demo/models/powerplant/materials/textures/__auto_23.png
[3.313s] -- Up-to-date symlink: /sbel/gazebo-demo/install/car_demo/share/car_demo/models/powerplant/materials/textures/__auto_25.png
[3.313s] -- Up-to-date symlink: /sbel/gazebo-demo/install/car_demo/share/car_demo/models/powerplant/materials/textures/__auto_26.png
[3.313s] -- Up-to-date symlink: /sbel/gazebo-demo/install/car_demo/share/car_demo/models/powerplant/materials/textures/__auto_27.png
[3.314s] -- Up-to-date symlink: /sbel/gazebo-demo/install/car_demo/share/car_demo/models/powerplant/materials/textures/__auto_3.png
[3.314s] -- Up-to-date symlink: /sbel/gazebo-demo/install/car_demo/share/car_demo/models/powerplant/materials/textures/__auto_32.png
[3.314s] -- Up-to-date symlink: /sbel/gazebo-demo/install/car_demo/share/car_demo/models/powerplant/materials/textures/__auto_33.png
[3.314s] -- Up-to-date symlink: /sbel/gazebo-demo/install/car_demo/share/car_demo/models/powerplant/materials/textures/__auto_34.png
[3.314s] -- Up-to-date symlink: /sbel/gazebo-demo/install/car_demo/share/car_demo/models/powerplant/materials/textures/__auto_35.png
[3.314s] -- Up-to-date symlink: /sbel/gazebo-demo/install/car_demo/share/car_demo/models/powerplant/materials/textures/__auto_36.png
[3.314s] -- Up-to-date symlink: /sbel/gazebo-demo/install/car_demo/share/car_demo/models/powerplant/materials/textures/__auto_37.png
[3.314s] -- Up-to-date symlink: /sbel/gazebo-demo/install/car_demo/share/car_demo/models/powerplant/materials/textures/__auto_38.png
[3.314s] -- Up-to-date symlink: /sbel/gazebo-demo/install/car_demo/share/car_demo/models/powerplant/materials/textures/__auto_6.png
[3.314s] -- Up-to-date symlink: /sbel/gazebo-demo/install/car_demo/share/car_demo/models/powerplant/materials/textures/__auto_7.png
[3.314s] -- Up-to-date symlink: /sbel/gazebo-demo/install/car_demo/share/car_demo/models/powerplant/materials/textures/__auto_8.png
[3.314s] -- Up-to-date symlink: /sbel/gazebo-demo/install/car_demo/share/car_demo/models/powerplant/materials/textures/__auto_9.png
[3.315s] -- Up-to-date symlink: /sbel/gazebo-demo/install/car_demo/share/car_demo/models/powerplant/meshes/powerplant.dae
[3.315s] -- Up-to-date symlink: /sbel/gazebo-demo/install/car_demo/share/car_demo/models/powerplant/model-1_2.sdf
[3.315s] -- Up-to-date symlink: /sbel/gazebo-demo/install/car_demo/share/car_demo/models/powerplant/model-1_3.sdf
[3.315s] -- Up-to-date symlink: /sbel/gazebo-demo/install/car_demo/share/car_demo/models/powerplant/model-1_4.sdf
[3.315s] -- Up-to-date symlink: /sbel/gazebo-demo/install/car_demo/share/car_demo/models/powerplant/model.config
[3.315s] -- Up-to-date symlink: /sbel/gazebo-demo/install/car_demo/share/car_demo/models/powerplant/model.sdf
[3.315s] -- Up-to-date symlink: /sbel/gazebo-demo/install/car_demo/share/car_demo/models/speed_limit_sign/materials/textures/Speed_100.png
[3.315s] -- Up-to-date symlink: /sbel/gazebo-demo/install/car_demo/share/car_demo/models/speed_limit_sign/materials/textures/Speed_110.png
[3.315s] -- Up-to-date symlink: /sbel/gazebo-demo/install/car_demo/share/car_demo/models/speed_limit_sign/materials/textures/Speed_120.png
[3.316s] -- Up-to-date symlink: /sbel/gazebo-demo/install/car_demo/share/car_demo/models/speed_limit_sign/materials/textures/Speed_130.png
[3.316s] -- Up-to-date symlink: /sbel/gazebo-demo/install/car_demo/share/car_demo/models/speed_limit_sign/materials/textures/Speed_16.png
[3.316s] -- Up-to-date symlink: /sbel/gazebo-demo/install/car_demo/share/car_demo/models/speed_limit_sign/materials/textures/Speed_30.png
[3.316s] -- Up-to-date symlink: /sbel/gazebo-demo/install/car_demo/share/car_demo/models/speed_limit_sign/materials/textures/Speed_40.png
[3.316s] -- Up-to-date symlink: /sbel/gazebo-demo/install/car_demo/share/car_demo/models/speed_limit_sign/materials/textures/Speed_50.png
[3.316s] -- Up-to-date symlink: /sbel/gazebo-demo/install/car_demo/share/car_demo/models/speed_limit_sign/materials/textures/Speed_60.png
[3.316s] -- Up-to-date symlink: /sbel/gazebo-demo/install/car_demo/share/car_demo/models/speed_limit_sign/materials/textures/Speed_70.png
[3.316s] -- Up-to-date symlink: /sbel/gazebo-demo/install/car_demo/share/car_demo/models/speed_limit_sign/materials/textures/Speed_80.png
[3.316s] -- Up-to-date symlink: /sbel/gazebo-demo/install/car_demo/share/car_demo/models/speed_limit_sign/materials/textures/Speed_90.png
[3.316s] -- Up-to-date symlink: /sbel/gazebo-demo/install/car_demo/share/car_demo/models/speed_limit_sign/materials/textures/Speed_Spec.png
[3.316s] -- Up-to-date symlink: /sbel/gazebo-demo/install/car_demo/share/car_demo/models/speed_limit_sign/materials/textures/StopSign_Diffuse.png
[3.316s] -- Up-to-date symlink: /sbel/gazebo-demo/install/car_demo/share/car_demo/models/speed_limit_sign/materials/textures/StopSign_Spec.png
[3.317s] -- Up-to-date symlink: /sbel/gazebo-demo/install/car_demo/share/car_demo/models/speed_limit_sign/meshes/speed_limit_sign.dae
[3.317s] -- Up-to-date symlink: /sbel/gazebo-demo/install/car_demo/share/car_demo/models/speed_limit_sign/model-1_3.sdf
[3.317s] -- Up-to-date symlink: /sbel/gazebo-demo/install/car_demo/share/car_demo/models/speed_limit_sign/model-1_4.sdf
[3.317s] -- Up-to-date symlink: /sbel/gazebo-demo/install/car_demo/share/car_demo/models/speed_limit_sign/model.config
[3.317s] -- Up-to-date symlink: /sbel/gazebo-demo/install/car_demo/share/car_demo/models/speed_limit_sign/model.sdf
[3.317s] -- Up-to-date symlink: /sbel/gazebo-demo/install/car_demo/share/car_demo/rviz/ros2.rviz
[3.317s] -- Up-to-date symlink: /sbel/gazebo-demo/install/car_demo/share/car_demo/worlds/mcity.world
[3.317s] -- Up-to-date symlink: /sbel/gazebo-demo/install/car_demo/lib/libPriusHybridPlugin.so
[3.354s] Listing '/sbel/gazebo-demo/install/car_demo/local/lib/python3.10/dist-packages/car_demo'...
[3.360s] Invoked command in '/sbel/gazebo-demo/build/car_demo' returned '0': CMAKE_PREFIX_PATH=/sbel/gazebo-demo/install/prius_msgs:/sbel/gazebo-demo/install/prius_description:/sbel/gazebo-demo/install/car_demo:/chrono_ros_interfaces/install/chrono_ros_interfaces:/opt/ros/humble GAZEBO_MODEL_PATH=/sbel/gazebo-demo/install/prius_description/share/prius_description/models:${GAZEBO_MODEL_PATH} LD_LIBRARY_PATH=/sbel/gazebo-demo/install/prius_msgs/lib:/sbel/gazebo-demo/install/car_demo/lib:/usr/lib/x86_64-linux-gnu/gazebo-11/plugins:/chrono_ros_interfaces/install/chrono_ros_interfaces/lib:/opt/ros/humble/opt/rviz_ogre_vendor/lib:/opt/ros/humble/lib/x86_64-linux-gnu:/opt/ros/humble/lib /usr/bin/cmake --install /sbel/gazebo-demo/build/car_demo
