[0.000000] (-) TimerEvent: {}
[0.000321] (prius_description) JobQueued: {'identifier': 'prius_description', 'dependencies': OrderedDict()}
[0.000417] (prius_msgs) JobQueued: {'identifier': 'prius_msgs', 'dependencies': OrderedDict()}
[0.000481] (car_demo) JobQueued: {'identifier': 'car_demo', 'dependencies': OrderedDict([('prius_description', '/sbel/gazebo-demo/install/prius_description'), ('prius_msgs', '/sbel/gazebo-demo/install/prius_msgs')])}
[0.000535] (prius_description) JobStarted: {'identifier': 'prius_description'}
[0.049121] (prius_msgs) JobStarted: {'identifier': 'prius_msgs'}
[0.097261] (prius_description) JobProgress: {'identifier': 'prius_description', 'progress': 'cmake'}
[0.097645] (prius_description) JobProgress: {'identifier': 'prius_description', 'progress': 'build'}
[0.098033] (prius_description) Command: {'cmd': ['/usr/bin/cmake', '--build', '/sbel/gazebo-demo/build/prius_description', '--', '-j16', '-l16'], 'cwd': '/sbel/gazebo-demo/build/prius_description', 'env': OrderedDict([('TMUX', '/tmp/tmux-0/default,42667,2'), ('LANGUAGE', 'en_US:en'), ('HOSTNAME', 'ef32acc5240d'), ('SHLVL', '2'), ('LD_LIBRARY_PATH', '/sbel/gazebo-demo/install/car_demo/lib:/sbel/gazebo-demo/install/prius_msgs/lib:/chrono_ros_interfaces/install/chrono_ros_interfaces/lib:/usr/lib/x86_64-linux-gnu/gazebo-11/plugins:/opt/ros/humble/opt/rviz_ogre_vendor/lib:/opt/ros/humble/lib/x86_64-linux-gnu:/opt/ros/humble/lib'), ('HOME', '/sbel'), ('NO_VNC_PORT', '6901'), ('OLDPWD', '/sbel/gazebo-demo/build'), ('TERM_PROGRAM_VERSION', '3.2a'), ('STARTUPDIR', '/dockerstartup'), ('ROS_PYTHON_VERSION', '3'), ('VNC_COL_DEPTH', '24'), ('COLCON_PREFIX_PATH', '/sbel/gazebo-demo/install:/chrono_ros_interfaces/install'), ('ROS_DISTRO', 'humble'), ('_', '/usr/bin/colcon'), ('ROS_VERSION', '2'), ('NO_VNC_HOME', '/sbel/noVNC'), ('TERM', 'screen'), ('GAZEBO_MODEL_PATH', '/opt/ros/humble/share/prius_description/models'), ('ROS_LOCALHOST_ONLY', '0'), ('PATH', '/opt/ros/humble/bin:/usr/local/sbin:/usr/local/bin:/usr/sbin:/usr/bin:/sbin:/bin'), ('DISPLAY', ':1'), ('LANG', 'en_US.UTF-8'), ('TERM_PROGRAM', 'tmux'), ('AMENT_PREFIX_PATH', '/sbel/gazebo-demo/install/car_demo:/sbel/gazebo-demo/install/prius_msgs:/sbel/gazebo-demo/install/prius_description:/chrono_ros_interfaces/install/chrono_ros_interfaces:/opt/ros/humble'), ('DEBIAN_FRONTEND', 'noninteractive'), ('SHELL', '/bin/bash'), ('PWD', '/sbel/gazebo-demo/build/prius_description'), ('VNC_RESOLUTION', '1600x900'), ('LC_ALL', 'en_US.UTF-8'), ('PYTHONPATH', '/sbel/gazebo-demo/install/car_demo/local/lib/python3.10/dist-packages:/sbel/gazebo-demo/install/prius_msgs/local/lib/python3.10/dist-packages:/chrono_ros_interfaces/install/chrono_ros_interfaces/local/lib/python3.10/dist-packages:/opt/ros/humble/lib/python3.10/site-packages:/opt/ros/humble/local/lib/python3.10/dist-packages'), ('VNC_PW', 'sbel'), ('COLCON', '1'), ('TMUX_PANE', '%5'), ('CMAKE_PREFIX_PATH', '/sbel/gazebo-demo/install/car_demo:/sbel/gazebo-demo/install/prius_msgs:/sbel/gazebo-demo/install/prius_description:/chrono_ros_interfaces/install/chrono_ros_interfaces:/opt/ros/humble'), ('VNC_PORT', '5901')]), 'shell': False}
[0.099795] (-) TimerEvent: {}
[0.100435] (prius_msgs) JobProgress: {'identifier': 'prius_msgs', 'progress': 'cmake'}
[0.100816] (prius_msgs) JobProgress: {'identifier': 'prius_msgs', 'progress': 'build'}
[0.100952] (prius_msgs) Command: {'cmd': ['/usr/bin/cmake', '--build', '/sbel/gazebo-demo/build/prius_msgs', '--', '-j16', '-l16'], 'cwd': '/sbel/gazebo-demo/build/prius_msgs', 'env': OrderedDict([('TMUX', '/tmp/tmux-0/default,42667,2'), ('LANGUAGE', 'en_US:en'), ('HOSTNAME', 'ef32acc5240d'), ('SHLVL', '2'), ('LD_LIBRARY_PATH', '/sbel/gazebo-demo/install/car_demo/lib:/sbel/gazebo-demo/install/prius_msgs/lib:/chrono_ros_interfaces/install/chrono_ros_interfaces/lib:/usr/lib/x86_64-linux-gnu/gazebo-11/plugins:/opt/ros/humble/opt/rviz_ogre_vendor/lib:/opt/ros/humble/lib/x86_64-linux-gnu:/opt/ros/humble/lib'), ('HOME', '/sbel'), ('NO_VNC_PORT', '6901'), ('OLDPWD', '/sbel/gazebo-demo/build'), ('TERM_PROGRAM_VERSION', '3.2a'), ('STARTUPDIR', '/dockerstartup'), ('ROS_PYTHON_VERSION', '3'), ('VNC_COL_DEPTH', '24'), ('COLCON_PREFIX_PATH', '/sbel/gazebo-demo/install:/chrono_ros_interfaces/install'), ('ROS_DISTRO', 'humble'), ('_', '/usr/bin/colcon'), ('ROS_VERSION', '2'), ('NO_VNC_HOME', '/sbel/noVNC'), ('TERM', 'screen'), ('GAZEBO_MODEL_PATH', '/opt/ros/humble/share/prius_description/models'), ('ROS_LOCALHOST_ONLY', '0'), ('PATH', '/opt/ros/humble/bin:/usr/local/sbin:/usr/local/bin:/usr/sbin:/usr/bin:/sbin:/bin'), ('DISPLAY', ':1'), ('LANG', 'en_US.UTF-8'), ('TERM_PROGRAM', 'tmux'), ('AMENT_PREFIX_PATH', '/sbel/gazebo-demo/install/car_demo:/sbel/gazebo-demo/install/prius_msgs:/sbel/gazebo-demo/install/prius_description:/chrono_ros_interfaces/install/chrono_ros_interfaces:/opt/ros/humble'), ('DEBIAN_FRONTEND', 'noninteractive'), ('SHELL', '/bin/bash'), ('PWD', '/sbel/gazebo-demo/build/prius_msgs'), ('VNC_RESOLUTION', '1600x900'), ('LC_ALL', 'en_US.UTF-8'), ('PYTHONPATH', '/sbel/gazebo-demo/install/car_demo/local/lib/python3.10/dist-packages:/sbel/gazebo-demo/install/prius_msgs/local/lib/python3.10/dist-packages:/chrono_ros_interfaces/install/chrono_ros_interfaces/local/lib/python3.10/dist-packages:/opt/ros/humble/lib/python3.10/site-packages:/opt/ros/humble/local/lib/python3.10/dist-packages'), ('VNC_PW', 'sbel'), ('COLCON', '1'), ('TMUX_PANE', '%5'), ('CMAKE_PREFIX_PATH', '/sbel/gazebo-demo/install/car_demo:/sbel/gazebo-demo/install/prius_msgs:/sbel/gazebo-demo/install/prius_description:/chrono_ros_interfaces/install/chrono_ros_interfaces:/opt/ros/humble'), ('VNC_PORT', '5901')]), 'shell': False}
[0.131551] (prius_description) CommandEnded: {'returncode': 0}
[0.142209] (prius_msgs) StdoutLine: {'line': b'[  3%] Built target prius_msgs__cpp\n'}
[0.143740] (prius_msgs) StdoutLine: {'line': b'[ 12%] Built target prius_msgs__rosidl_generator_c\n'}
[0.150309] (prius_description) JobProgress: {'identifier': 'prius_description', 'progress': 'install'}
[0.150969] (prius_msgs) StdoutLine: {'line': b'[ 12%] Built target ament_cmake_python_copy_prius_msgs\n'}
[0.157824] (prius_description) Command: {'cmd': ['/usr/bin/cmake', '--install', '/sbel/gazebo-demo/build/prius_description'], 'cwd': '/sbel/gazebo-demo/build/prius_description', 'env': OrderedDict([('TMUX', '/tmp/tmux-0/default,42667,2'), ('LANGUAGE', 'en_US:en'), ('HOSTNAME', 'ef32acc5240d'), ('SHLVL', '2'), ('LD_LIBRARY_PATH', '/sbel/gazebo-demo/install/car_demo/lib:/sbel/gazebo-demo/install/prius_msgs/lib:/chrono_ros_interfaces/install/chrono_ros_interfaces/lib:/usr/lib/x86_64-linux-gnu/gazebo-11/plugins:/opt/ros/humble/opt/rviz_ogre_vendor/lib:/opt/ros/humble/lib/x86_64-linux-gnu:/opt/ros/humble/lib'), ('HOME', '/sbel'), ('NO_VNC_PORT', '6901'), ('OLDPWD', '/sbel/gazebo-demo/build'), ('TERM_PROGRAM_VERSION', '3.2a'), ('STARTUPDIR', '/dockerstartup'), ('ROS_PYTHON_VERSION', '3'), ('VNC_COL_DEPTH', '24'), ('COLCON_PREFIX_PATH', '/sbel/gazebo-demo/install:/chrono_ros_interfaces/install'), ('ROS_DISTRO', 'humble'), ('_', '/usr/bin/colcon'), ('ROS_VERSION', '2'), ('NO_VNC_HOME', '/sbel/noVNC'), ('TERM', 'screen'), ('GAZEBO_MODEL_PATH', '/opt/ros/humble/share/prius_description/models'), ('ROS_LOCALHOST_ONLY', '0'), ('PATH', '/opt/ros/humble/bin:/usr/local/sbin:/usr/local/bin:/usr/sbin:/usr/bin:/sbin:/bin'), ('DISPLAY', ':1'), ('LANG', 'en_US.UTF-8'), ('TERM_PROGRAM', 'tmux'), ('AMENT_PREFIX_PATH', '/sbel/gazebo-demo/install/car_demo:/sbel/gazebo-demo/install/prius_msgs:/sbel/gazebo-demo/install/prius_description:/chrono_ros_interfaces/install/chrono_ros_interfaces:/opt/ros/humble'), ('DEBIAN_FRONTEND', 'noninteractive'), ('SHELL', '/bin/bash'), ('PWD', '/sbel/gazebo-demo/build/prius_description'), ('VNC_RESOLUTION', '1600x900'), ('LC_ALL', 'en_US.UTF-8'), ('PYTHONPATH', '/sbel/gazebo-demo/install/car_demo/local/lib/python3.10/dist-packages:/sbel/gazebo-demo/install/prius_msgs/local/lib/python3.10/dist-packages:/chrono_ros_interfaces/install/chrono_ros_interfaces/local/lib/python3.10/dist-packages:/opt/ros/humble/lib/python3.10/site-packages:/opt/ros/humble/local/lib/python3.10/dist-packages'), ('VNC_PW', 'sbel'), ('COLCON', '1'), ('TMUX_PANE', '%5'), ('CMAKE_PREFIX_PATH', '/sbel/gazebo-demo/install/car_demo:/sbel/gazebo-demo/install/prius_msgs:/sbel/gazebo-demo/install/prius_description:/chrono_ros_interfaces/install/chrono_ros_interfaces:/opt/ros/humble'), ('VNC_PORT', '5901')]), 'shell': False}
[0.161308] (prius_msgs) StdoutLine: {'line': b'[ 25%] Built target prius_msgs__rosidl_typesupport_cpp\n'}
[0.161455] (prius_msgs) StdoutLine: {'line': b'[ 32%] Built target prius_msgs__rosidl_typesupport_fastrtps_cpp\n'}
[0.161606] (prius_msgs) StdoutLine: {'line': b'[ 41%] Built target prius_msgs__rosidl_typesupport_introspection_cpp\n'}
[0.161966] (prius_msgs) StdoutLine: {'line': b'[ 51%] Built target prius_msgs__rosidl_typesupport_c\n'}
[0.162087] (prius_msgs) StdoutLine: {'line': b'[ 61%] Built target prius_msgs__rosidl_typesupport_introspection_c\n'}
[0.163842] (prius_description) StdoutLine: {'line': b'-- Install configuration: ""\n'}
[0.163978] (prius_description) StdoutLine: {'line': b'-- Up-to-date: /sbel/gazebo-demo/install/prius_description/share/prius_description/environment/gazebo_envs.sh\n'}
[0.164064] (prius_description) StdoutLine: {'line': b'-- Up-to-date: /sbel/gazebo-demo/install/prius_description/share/prius_description/meshes\n'}
[0.164157] (prius_description) StdoutLine: {'line': b'-- Up-to-date: /sbel/gazebo-demo/install/prius_description/share/prius_description/meshes/wheel.obj\n'}
[0.164390] (prius_description) StdoutLine: {'line': b'-- Up-to-date: /sbel/gazebo-demo/install/prius_description/share/prius_description/meshes/hybrid_body.mtl\n'}
[0.164466] (prius_description) StdoutLine: {'line': b'-- Up-to-date: /sbel/gazebo-demo/install/prius_description/share/prius_description/meshes/Hybrid.png\n'}
[0.164538] (prius_description) StdoutLine: {'line': b'-- Up-to-date: /sbel/gazebo-demo/install/prius_description/share/prius_description/meshes/steering_wheel.mtl\n'}
[0.164615] (prius_description) StdoutLine: {'line': b'-- Up-to-date: /sbel/gazebo-demo/install/prius_description/share/prius_description/meshes/model.config\n'}
[0.164675] (prius_description) StdoutLine: {'line': b'-- Up-to-date: /sbel/gazebo-demo/install/prius_description/share/prius_description/meshes/Wheels3.png\n'}
[0.164744] (prius_description) StdoutLine: {'line': b'-- Up-to-date: /sbel/gazebo-demo/install/prius_description/share/prius_description/meshes/Hybrid_Interior.png\n'}
[0.164822] (prius_description) StdoutLine: {'line': b'-- Up-to-date: /sbel/gazebo-demo/install/prius_description/share/prius_description/meshes/steering_wheel.obj\n'}
[0.164923] (prius_description) StdoutLine: {'line': b'-- Up-to-date: /sbel/gazebo-demo/install/prius_description/share/prius_description/meshes/wheel.mtl\n'}
[0.164994] (prius_description) StdoutLine: {'line': b'-- Up-to-date: /sbel/gazebo-demo/install/prius_description/share/prius_description/meshes/hybrid_body.obj\n'}
[0.165055] (prius_description) StdoutLine: {'line': b'-- Up-to-date: /sbel/gazebo-demo/install/prius_description/share/prius_description/urdf\n'}
[0.165102] (prius_description) StdoutLine: {'line': b'-- Up-to-date: /sbel/gazebo-demo/install/prius_description/share/prius_description/urdf/prius.urdf\n'}
[0.165144] (prius_description) StdoutLine: {'line': b'-- Up-to-date: /sbel/gazebo-demo/install/prius_description/share/prius_description/model.config\n'}
[0.165187] (prius_description) StdoutLine: {'line': b'-- Up-to-date: /sbel/gazebo-demo/install/prius_description/share/ament_index/resource_index/package_run_dependencies/prius_description\n'}
[0.165229] (prius_description) StdoutLine: {'line': b'-- Up-to-date: /sbel/gazebo-demo/install/prius_description/share/ament_index/resource_index/parent_prefix_path/prius_description\n'}
[0.165284] (prius_description) StdoutLine: {'line': b'-- Up-to-date: /sbel/gazebo-demo/install/prius_description/share/prius_description/environment/ament_prefix_path.sh\n'}
[0.165339] (prius_description) StdoutLine: {'line': b'-- Up-to-date: /sbel/gazebo-demo/install/prius_description/share/prius_description/environment/ament_prefix_path.dsv\n'}
[0.165398] (prius_description) StdoutLine: {'line': b'-- Up-to-date: /sbel/gazebo-demo/install/prius_description/share/prius_description/environment/path.sh\n'}
[0.165453] (prius_description) StdoutLine: {'line': b'-- Up-to-date: /sbel/gazebo-demo/install/prius_description/share/prius_description/environment/path.dsv\n'}
[0.165509] (prius_description) StdoutLine: {'line': b'-- Up-to-date: /sbel/gazebo-demo/install/prius_description/share/prius_description/local_setup.bash\n'}
[0.165563] (prius_msgs) StdoutLine: {'line': b'[ 70%] Built target prius_msgs__rosidl_typesupport_fastrtps_c\n'}
[0.165613] (prius_description) StdoutLine: {'line': b'-- Up-to-date: /sbel/gazebo-demo/install/prius_description/share/prius_description/local_setup.sh\n'}
[0.165659] (prius_description) StdoutLine: {'line': b'-- Up-to-date: /sbel/gazebo-demo/install/prius_description/share/prius_description/local_setup.zsh\n'}
[0.165713] (prius_description) StdoutLine: {'line': b'-- Up-to-date: /sbel/gazebo-demo/install/prius_description/share/prius_description/local_setup.dsv\n'}
[0.165782] (prius_description) StdoutLine: {'line': b'-- Installing: /sbel/gazebo-demo/install/prius_description/share/prius_description/package.dsv\n'}
[0.165836] (prius_description) StdoutLine: {'line': b'-- Up-to-date: /sbel/gazebo-demo/install/prius_description/share/ament_index/resource_index/packages/prius_description\n'}
[0.165882] (prius_description) StdoutLine: {'line': b'-- Up-to-date: /sbel/gazebo-demo/install/prius_description/share/prius_description/cmake/prius_descriptionConfig.cmake\n'}
[0.165926] (prius_description) StdoutLine: {'line': b'-- Up-to-date: /sbel/gazebo-demo/install/prius_description/share/prius_description/cmake/prius_descriptionConfig-version.cmake\n'}
[0.165969] (prius_description) StdoutLine: {'line': b'-- Up-to-date: /sbel/gazebo-demo/install/prius_description/share/prius_description/package.xml\n'}
[0.166647] (prius_description) CommandEnded: {'returncode': 0}
[0.182383] (prius_msgs) StdoutLine: {'line': b'[ 70%] Built target prius_msgs\n'}
[0.199884] (-) TimerEvent: {}
[0.201605] (prius_msgs) StdoutLine: {'line': b'[ 74%] Built target prius_msgs__py\n'}
[0.220471] (prius_msgs) StdoutLine: {'line': b'[ 80%] Built target prius_msgs__rosidl_generator_py\n'}
[0.239538] (prius_msgs) StdoutLine: {'line': b'[ 87%] Built target prius_msgs__rosidl_typesupport_fastrtps_c__pyext\n'}
[0.239938] (prius_msgs) StdoutLine: {'line': b'[ 93%] Built target prius_msgs__rosidl_typesupport_introspection_c__pyext\n'}
[0.240424] (prius_msgs) StdoutLine: {'line': b'[100%] Built target prius_msgs__rosidl_typesupport_c__pyext\n'}
[0.266483] (prius_description) JobEnded: {'identifier': 'prius_description', 'rc': 0}
[0.299955] (-) TimerEvent: {}
[0.319400] (prius_msgs) StdoutLine: {'line': b'running egg_info\n'}
[0.319813] (prius_msgs) StdoutLine: {'line': b'writing prius_msgs.egg-info/PKG-INFO\n'}
[0.319978] (prius_msgs) StdoutLine: {'line': b'writing dependency_links to prius_msgs.egg-info/dependency_links.txt\n'}
[0.320114] (prius_msgs) StdoutLine: {'line': b'writing top-level names to prius_msgs.egg-info/top_level.txt\n'}
[0.321519] (prius_msgs) StdoutLine: {'line': b"reading manifest file 'prius_msgs.egg-info/SOURCES.txt'\n"}
[0.321916] (prius_msgs) StdoutLine: {'line': b"writing manifest file 'prius_msgs.egg-info/SOURCES.txt'\n"}
[0.340364] (prius_msgs) StdoutLine: {'line': b'[100%] Built target ament_cmake_python_build_prius_msgs_egg\n'}
[0.349939] (prius_msgs) CommandEnded: {'returncode': 0}
[0.400037] (-) TimerEvent: {}
[0.410025] (prius_msgs) JobProgress: {'identifier': 'prius_msgs', 'progress': 'install'}
[0.410381] (prius_msgs) Command: {'cmd': ['/usr/bin/cmake', '--install', '/sbel/gazebo-demo/build/prius_msgs'], 'cwd': '/sbel/gazebo-demo/build/prius_msgs', 'env': OrderedDict([('TMUX', '/tmp/tmux-0/default,42667,2'), ('LANGUAGE', 'en_US:en'), ('HOSTNAME', 'ef32acc5240d'), ('SHLVL', '2'), ('LD_LIBRARY_PATH', '/sbel/gazebo-demo/install/car_demo/lib:/sbel/gazebo-demo/install/prius_msgs/lib:/chrono_ros_interfaces/install/chrono_ros_interfaces/lib:/usr/lib/x86_64-linux-gnu/gazebo-11/plugins:/opt/ros/humble/opt/rviz_ogre_vendor/lib:/opt/ros/humble/lib/x86_64-linux-gnu:/opt/ros/humble/lib'), ('HOME', '/sbel'), ('NO_VNC_PORT', '6901'), ('OLDPWD', '/sbel/gazebo-demo/build'), ('TERM_PROGRAM_VERSION', '3.2a'), ('STARTUPDIR', '/dockerstartup'), ('ROS_PYTHON_VERSION', '3'), ('VNC_COL_DEPTH', '24'), ('COLCON_PREFIX_PATH', '/sbel/gazebo-demo/install:/chrono_ros_interfaces/install'), ('ROS_DISTRO', 'humble'), ('_', '/usr/bin/colcon'), ('ROS_VERSION', '2'), ('NO_VNC_HOME', '/sbel/noVNC'), ('TERM', 'screen'), ('GAZEBO_MODEL_PATH', '/opt/ros/humble/share/prius_description/models'), ('ROS_LOCALHOST_ONLY', '0'), ('PATH', '/opt/ros/humble/bin:/usr/local/sbin:/usr/local/bin:/usr/sbin:/usr/bin:/sbin:/bin'), ('DISPLAY', ':1'), ('LANG', 'en_US.UTF-8'), ('TERM_PROGRAM', 'tmux'), ('AMENT_PREFIX_PATH', '/sbel/gazebo-demo/install/car_demo:/sbel/gazebo-demo/install/prius_msgs:/sbel/gazebo-demo/install/prius_description:/chrono_ros_interfaces/install/chrono_ros_interfaces:/opt/ros/humble'), ('DEBIAN_FRONTEND', 'noninteractive'), ('SHELL', '/bin/bash'), ('PWD', '/sbel/gazebo-demo/build/prius_msgs'), ('VNC_RESOLUTION', '1600x900'), ('LC_ALL', 'en_US.UTF-8'), ('PYTHONPATH', '/sbel/gazebo-demo/install/car_demo/local/lib/python3.10/dist-packages:/sbel/gazebo-demo/install/prius_msgs/local/lib/python3.10/dist-packages:/chrono_ros_interfaces/install/chrono_ros_interfaces/local/lib/python3.10/dist-packages:/opt/ros/humble/lib/python3.10/site-packages:/opt/ros/humble/local/lib/python3.10/dist-packages'), ('VNC_PW', 'sbel'), ('COLCON', '1'), ('TMUX_PANE', '%5'), ('CMAKE_PREFIX_PATH', '/sbel/gazebo-demo/install/car_demo:/sbel/gazebo-demo/install/prius_msgs:/sbel/gazebo-demo/install/prius_description:/chrono_ros_interfaces/install/chrono_ros_interfaces:/opt/ros/humble'), ('VNC_PORT', '5901')]), 'shell': False}
[0.417399] (prius_msgs) StdoutLine: {'line': b'-- Install configuration: ""\n'}
[0.417531] (prius_msgs) StdoutLine: {'line': b'-- Up-to-date: /sbel/gazebo-demo/install/prius_msgs/share/ament_index/resource_index/rosidl_interfaces/prius_msgs\n'}
[0.417642] (prius_msgs) StdoutLine: {'line': b'-- Up-to-date: /sbel/gazebo-demo/install/prius_msgs/include/prius_msgs/prius_msgs\n'}
[0.417758] (prius_msgs) StdoutLine: {'line': b'-- Up-to-date: /sbel/gazebo-demo/install/prius_msgs/include/prius_msgs/prius_msgs/msg\n'}
[0.417860] (prius_msgs) StdoutLine: {'line': b'-- Up-to-date: /sbel/gazebo-demo/install/prius_msgs/include/prius_msgs/prius_msgs/msg/rosidl_generator_c__visibility_control.h\n'}
[0.417943] (prius_msgs) StdoutLine: {'line': b'-- Up-to-date: /sbel/gazebo-demo/install/prius_msgs/include/prius_msgs/prius_msgs/msg/detail\n'}
[0.418019] (prius_msgs) StdoutLine: {'line': b'-- Up-to-date: /sbel/gazebo-demo/install/prius_msgs/include/prius_msgs/prius_msgs/msg/detail/control__struct.h\n'}
[0.418075] (prius_msgs) StdoutLine: {'line': b'-- Up-to-date: /sbel/gazebo-demo/install/prius_msgs/include/prius_msgs/prius_msgs/msg/detail/control__type_support.h\n'}
[0.418122] (prius_msgs) StdoutLine: {'line': b'-- Up-to-date: /sbel/gazebo-demo/install/prius_msgs/include/prius_msgs/prius_msgs/msg/detail/control__functions.c\n'}
[0.418182] (prius_msgs) StdoutLine: {'line': b'-- Up-to-date: /sbel/gazebo-demo/install/prius_msgs/include/prius_msgs/prius_msgs/msg/detail/control__functions.h\n'}
[0.418228] (prius_msgs) StdoutLine: {'line': b'-- Up-to-date: /sbel/gazebo-demo/install/prius_msgs/include/prius_msgs/prius_msgs/msg/control.h\n'}
[0.418280] (prius_msgs) StdoutLine: {'line': b'-- Up-to-date: /sbel/gazebo-demo/install/prius_msgs/share/prius_msgs/environment/library_path.sh\n'}
[0.418340] (prius_msgs) StdoutLine: {'line': b'-- Up-to-date: /sbel/gazebo-demo/install/prius_msgs/share/prius_msgs/environment/library_path.dsv\n'}
[0.418409] (prius_msgs) StdoutLine: {'line': b'-- Up-to-date: /sbel/gazebo-demo/install/prius_msgs/lib/libprius_msgs__rosidl_generator_c.so\n'}
[0.418477] (prius_msgs) StdoutLine: {'line': b'-- Up-to-date: /sbel/gazebo-demo/install/prius_msgs/include/prius_msgs/prius_msgs\n'}
[0.418542] (prius_msgs) StdoutLine: {'line': b'-- Up-to-date: /sbel/gazebo-demo/install/prius_msgs/include/prius_msgs/prius_msgs/msg\n'}
[0.418596] (prius_msgs) StdoutLine: {'line': b'-- Up-to-date: /sbel/gazebo-demo/install/prius_msgs/include/prius_msgs/prius_msgs/msg/rosidl_typesupport_fastrtps_c__visibility_control.h\n'}
[0.418640] (prius_msgs) StdoutLine: {'line': b'-- Up-to-date: /sbel/gazebo-demo/install/prius_msgs/include/prius_msgs/prius_msgs/msg/detail\n'}
[0.418686] (prius_msgs) StdoutLine: {'line': b'-- Up-to-date: /sbel/gazebo-demo/install/prius_msgs/include/prius_msgs/prius_msgs/msg/detail/control__rosidl_typesupport_fastrtps_c.h\n'}
[0.418748] (prius_msgs) StdoutLine: {'line': b'-- Up-to-date: /sbel/gazebo-demo/install/prius_msgs/lib/libprius_msgs__rosidl_typesupport_fastrtps_c.so\n'}
[0.418876] (prius_msgs) StdoutLine: {'line': b'-- Up-to-date: /sbel/gazebo-demo/install/prius_msgs/include/prius_msgs/prius_msgs\n'}
[0.418944] (prius_msgs) StdoutLine: {'line': b'-- Up-to-date: /sbel/gazebo-demo/install/prius_msgs/include/prius_msgs/prius_msgs/msg\n'}
[0.419028] (prius_msgs) StdoutLine: {'line': b'-- Up-to-date: /sbel/gazebo-demo/install/prius_msgs/include/prius_msgs/prius_msgs/msg/control.hpp\n'}
[0.419091] (prius_msgs) StdoutLine: {'line': b'-- Up-to-date: /sbel/gazebo-demo/install/prius_msgs/include/prius_msgs/prius_msgs/msg/detail\n'}
[0.419164] (prius_msgs) StdoutLine: {'line': b'-- Up-to-date: /sbel/gazebo-demo/install/prius_msgs/include/prius_msgs/prius_msgs/msg/detail/control__builder.hpp\n'}
[0.419243] (prius_msgs) StdoutLine: {'line': b'-- Up-to-date: /sbel/gazebo-demo/install/prius_msgs/include/prius_msgs/prius_msgs/msg/detail/control__traits.hpp\n'}
[0.419323] (prius_msgs) StdoutLine: {'line': b'-- Up-to-date: /sbel/gazebo-demo/install/prius_msgs/include/prius_msgs/prius_msgs/msg/detail/control__struct.hpp\n'}
[0.419392] (prius_msgs) StdoutLine: {'line': b'-- Up-to-date: /sbel/gazebo-demo/install/prius_msgs/include/prius_msgs/prius_msgs\n'}
[0.419466] (prius_msgs) StdoutLine: {'line': b'-- Up-to-date: /sbel/gazebo-demo/install/prius_msgs/include/prius_msgs/prius_msgs/msg\n'}
[0.419512] (prius_msgs) StdoutLine: {'line': b'-- Up-to-date: /sbel/gazebo-demo/install/prius_msgs/include/prius_msgs/prius_msgs/msg/rosidl_typesupport_fastrtps_cpp__visibility_control.h\n'}
[0.419570] (prius_msgs) StdoutLine: {'line': b'-- Up-to-date: /sbel/gazebo-demo/install/prius_msgs/include/prius_msgs/prius_msgs/msg/detail\n'}
[0.419636] (prius_msgs) StdoutLine: {'line': b'-- Up-to-date: /sbel/gazebo-demo/install/prius_msgs/include/prius_msgs/prius_msgs/msg/detail/dds_fastrtps\n'}
[0.419682] (prius_msgs) StdoutLine: {'line': b'-- Up-to-date: /sbel/gazebo-demo/install/prius_msgs/include/prius_msgs/prius_msgs/msg/detail/control__rosidl_typesupport_fastrtps_cpp.hpp\n'}
[0.419725] (prius_msgs) StdoutLine: {'line': b'-- Up-to-date: /sbel/gazebo-demo/install/prius_msgs/lib/libprius_msgs__rosidl_typesupport_fastrtps_cpp.so\n'}
[0.419787] (prius_msgs) StdoutLine: {'line': b'-- Up-to-date: /sbel/gazebo-demo/install/prius_msgs/include/prius_msgs/prius_msgs\n'}
[0.419852] (prius_msgs) StdoutLine: {'line': b'-- Up-to-date: /sbel/gazebo-demo/install/prius_msgs/include/prius_msgs/prius_msgs/msg\n'}
[0.419933] (prius_msgs) StdoutLine: {'line': b'-- Up-to-date: /sbel/gazebo-demo/install/prius_msgs/include/prius_msgs/prius_msgs/msg/rosidl_typesupport_introspection_c__visibility_control.h\n'}
[0.420008] (prius_msgs) StdoutLine: {'line': b'-- Up-to-date: /sbel/gazebo-demo/install/prius_msgs/include/prius_msgs/prius_msgs/msg/detail\n'}
[0.420064] (prius_msgs) StdoutLine: {'line': b'-- Up-to-date: /sbel/gazebo-demo/install/prius_msgs/include/prius_msgs/prius_msgs/msg/detail/control__rosidl_typesupport_introspection_c.h\n'}
[0.420115] (prius_msgs) StdoutLine: {'line': b'-- Up-to-date: /sbel/gazebo-demo/install/prius_msgs/include/prius_msgs/prius_msgs/msg/detail/control__type_support.c\n'}
[0.420180] (prius_msgs) StdoutLine: {'line': b'-- Up-to-date: /sbel/gazebo-demo/install/prius_msgs/lib/libprius_msgs__rosidl_typesupport_introspection_c.so\n'}
[0.420452] (prius_msgs) StdoutLine: {'line': b'-- Up-to-date: /sbel/gazebo-demo/install/prius_msgs/lib/libprius_msgs__rosidl_typesupport_c.so\n'}
[0.420605] (prius_msgs) StdoutLine: {'line': b'-- Up-to-date: /sbel/gazebo-demo/install/prius_msgs/include/prius_msgs/prius_msgs\n'}
[0.420674] (prius_msgs) StdoutLine: {'line': b'-- Up-to-date: /sbel/gazebo-demo/install/prius_msgs/include/prius_msgs/prius_msgs/msg\n'}
[0.420732] (prius_msgs) StdoutLine: {'line': b'-- Up-to-date: /sbel/gazebo-demo/install/prius_msgs/include/prius_msgs/prius_msgs/msg/detail\n'}
[0.420797] (prius_msgs) StdoutLine: {'line': b'-- Up-to-date: /sbel/gazebo-demo/install/prius_msgs/include/prius_msgs/prius_msgs/msg/detail/control__type_support.cpp\n'}
[0.420852] (prius_msgs) StdoutLine: {'line': b'-- Up-to-date: /sbel/gazebo-demo/install/prius_msgs/include/prius_msgs/prius_msgs/msg/detail/control__rosidl_typesupport_introspection_cpp.hpp\n'}
[0.420962] (prius_msgs) StdoutLine: {'line': b'-- Up-to-date: /sbel/gazebo-demo/install/prius_msgs/lib/libprius_msgs__rosidl_typesupport_introspection_cpp.so\n'}
[0.421266] (prius_msgs) StdoutLine: {'line': b'-- Up-to-date: /sbel/gazebo-demo/install/prius_msgs/lib/libprius_msgs__rosidl_typesupport_cpp.so\n'}
[0.421442] (prius_msgs) StdoutLine: {'line': b'-- Up-to-date: /sbel/gazebo-demo/install/prius_msgs/share/prius_msgs/environment/pythonpath.sh\n'}
[0.421509] (prius_msgs) StdoutLine: {'line': b'-- Up-to-date: /sbel/gazebo-demo/install/prius_msgs/share/prius_msgs/environment/pythonpath.dsv\n'}
[0.421661] (prius_msgs) StdoutLine: {'line': b'-- Up-to-date: /sbel/gazebo-demo/install/prius_msgs/local/lib/python3.10/dist-packages/prius_msgs-0.0.1-py3.10.egg-info\n'}
[0.421710] (prius_msgs) StdoutLine: {'line': b'-- Installing: /sbel/gazebo-demo/install/prius_msgs/local/lib/python3.10/dist-packages/prius_msgs-0.0.1-py3.10.egg-info/dependency_links.txt\n'}
[0.421830] (prius_msgs) StdoutLine: {'line': b'-- Installing: /sbel/gazebo-demo/install/prius_msgs/local/lib/python3.10/dist-packages/prius_msgs-0.0.1-py3.10.egg-info/PKG-INFO\n'}
[0.422031] (prius_msgs) StdoutLine: {'line': b'-- Installing: /sbel/gazebo-demo/install/prius_msgs/local/lib/python3.10/dist-packages/prius_msgs-0.0.1-py3.10.egg-info/SOURCES.txt\n'}
[0.422237] (prius_msgs) StdoutLine: {'line': b'-- Installing: /sbel/gazebo-demo/install/prius_msgs/local/lib/python3.10/dist-packages/prius_msgs-0.0.1-py3.10.egg-info/top_level.txt\n'}
[0.422451] (prius_msgs) StdoutLine: {'line': b'-- Up-to-date: /sbel/gazebo-demo/install/prius_msgs/local/lib/python3.10/dist-packages/prius_msgs\n'}
[0.422551] (prius_msgs) StdoutLine: {'line': b'-- Up-to-date: /sbel/gazebo-demo/install/prius_msgs/local/lib/python3.10/dist-packages/prius_msgs/_prius_msgs_s.ep.rosidl_typesupport_fastrtps_c.c\n'}
[0.422657] (prius_msgs) StdoutLine: {'line': b'-- Up-to-date: /sbel/gazebo-demo/install/prius_msgs/local/lib/python3.10/dist-packages/prius_msgs/prius_msgs_s__rosidl_typesupport_c.cpython-310-x86_64-linux-gnu.so\n'}
[0.422759] (prius_msgs) StdoutLine: {'line': b'-- Up-to-date: /sbel/gazebo-demo/install/prius_msgs/local/lib/python3.10/dist-packages/prius_msgs/__init__.py\n'}
[0.422821] (prius_msgs) StdoutLine: {'line': b'-- Up-to-date: /sbel/gazebo-demo/install/prius_msgs/local/lib/python3.10/dist-packages/prius_msgs/libprius_msgs__rosidl_generator_py.so\n'}
[0.422884] (prius_msgs) StdoutLine: {'line': b'-- Up-to-date: /sbel/gazebo-demo/install/prius_msgs/local/lib/python3.10/dist-packages/prius_msgs/_prius_msgs_s.ep.rosidl_typesupport_introspection_c.c\n'}
[0.422945] (prius_msgs) StdoutLine: {'line': b'-- Up-to-date: /sbel/gazebo-demo/install/prius_msgs/local/lib/python3.10/dist-packages/prius_msgs/prius_msgs_s__rosidl_typesupport_fastrtps_c.cpython-310-x86_64-linux-gnu.so\n'}
[0.423001] (prius_msgs) StdoutLine: {'line': b'-- Up-to-date: /sbel/gazebo-demo/install/prius_msgs/local/lib/python3.10/dist-packages/prius_msgs/msg\n'}
[0.423047] (prius_msgs) StdoutLine: {'line': b'-- Up-to-date: /sbel/gazebo-demo/install/prius_msgs/local/lib/python3.10/dist-packages/prius_msgs/msg/_control.py\n'}
[0.423100] (prius_msgs) StdoutLine: {'line': b'-- Up-to-date: /sbel/gazebo-demo/install/prius_msgs/local/lib/python3.10/dist-packages/prius_msgs/msg/__init__.py\n'}
[0.423147] (prius_msgs) StdoutLine: {'line': b'-- Up-to-date: /sbel/gazebo-demo/install/prius_msgs/local/lib/python3.10/dist-packages/prius_msgs/msg/_control_s.c\n'}
[0.423192] (prius_msgs) StdoutLine: {'line': b'-- Up-to-date: /sbel/gazebo-demo/install/prius_msgs/local/lib/python3.10/dist-packages/prius_msgs/prius_msgs_s__rosidl_typesupport_introspection_c.cpython-310-x86_64-linux-gnu.so\n'}
[0.423236] (prius_msgs) StdoutLine: {'line': b'-- Up-to-date: /sbel/gazebo-demo/install/prius_msgs/local/lib/python3.10/dist-packages/prius_msgs/_prius_msgs_s.ep.rosidl_typesupport_c.c\n'}
[0.445824] (prius_msgs) StdoutLine: {'line': b"Listing '/sbel/gazebo-demo/install/prius_msgs/local/lib/python3.10/dist-packages/prius_msgs'...\n"}
[0.445929] (prius_msgs) StdoutLine: {'line': b"Listing '/sbel/gazebo-demo/install/prius_msgs/local/lib/python3.10/dist-packages/prius_msgs/msg'...\n"}
[0.448387] (prius_msgs) StdoutLine: {'line': b'-- Up-to-date: /sbel/gazebo-demo/install/prius_msgs/local/lib/python3.10/dist-packages/prius_msgs/prius_msgs_s__rosidl_typesupport_fastrtps_c.cpython-310-x86_64-linux-gnu.so\n'}
[0.448809] (prius_msgs) StdoutLine: {'line': b'-- Up-to-date: /sbel/gazebo-demo/install/prius_msgs/local/lib/python3.10/dist-packages/prius_msgs/prius_msgs_s__rosidl_typesupport_introspection_c.cpython-310-x86_64-linux-gnu.so\n'}
[0.449180] (prius_msgs) StdoutLine: {'line': b'-- Up-to-date: /sbel/gazebo-demo/install/prius_msgs/local/lib/python3.10/dist-packages/prius_msgs/prius_msgs_s__rosidl_typesupport_c.cpython-310-x86_64-linux-gnu.so\n'}
[0.449507] (prius_msgs) StdoutLine: {'line': b'-- Up-to-date: /sbel/gazebo-demo/install/prius_msgs/lib/libprius_msgs__rosidl_generator_py.so\n'}
[0.449705] (prius_msgs) StdoutLine: {'line': b'-- Up-to-date: /sbel/gazebo-demo/install/prius_msgs/share/prius_msgs/msg/Control.idl\n'}
[0.449767] (prius_msgs) StdoutLine: {'line': b'-- Up-to-date: /sbel/gazebo-demo/install/prius_msgs/share/prius_msgs/msg/Control.msg\n'}
[0.449836] (prius_msgs) StdoutLine: {'line': b'-- Up-to-date: /sbel/gazebo-demo/install/prius_msgs/share/ament_index/resource_index/package_run_dependencies/prius_msgs\n'}
[0.449907] (prius_msgs) StdoutLine: {'line': b'-- Up-to-date: /sbel/gazebo-demo/install/prius_msgs/share/ament_index/resource_index/parent_prefix_path/prius_msgs\n'}
[0.449989] (prius_msgs) StdoutLine: {'line': b'-- Up-to-date: /sbel/gazebo-demo/install/prius_msgs/share/prius_msgs/environment/ament_prefix_path.sh\n'}
[0.450053] (prius_msgs) StdoutLine: {'line': b'-- Up-to-date: /sbel/gazebo-demo/install/prius_msgs/share/prius_msgs/environment/ament_prefix_path.dsv\n'}
[0.450116] (prius_msgs) StdoutLine: {'line': b'-- Up-to-date: /sbel/gazebo-demo/install/prius_msgs/share/prius_msgs/environment/path.sh\n'}
[0.450163] (prius_msgs) StdoutLine: {'line': b'-- Up-to-date: /sbel/gazebo-demo/install/prius_msgs/share/prius_msgs/environment/path.dsv\n'}
[0.450219] (prius_msgs) StdoutLine: {'line': b'-- Up-to-date: /sbel/gazebo-demo/install/prius_msgs/share/prius_msgs/local_setup.bash\n'}
[0.450276] (prius_msgs) StdoutLine: {'line': b'-- Up-to-date: /sbel/gazebo-demo/install/prius_msgs/share/prius_msgs/local_setup.sh\n'}
[0.450332] (prius_msgs) StdoutLine: {'line': b'-- Up-to-date: /sbel/gazebo-demo/install/prius_msgs/share/prius_msgs/local_setup.zsh\n'}
[0.450376] (prius_msgs) StdoutLine: {'line': b'-- Up-to-date: /sbel/gazebo-demo/install/prius_msgs/share/prius_msgs/local_setup.dsv\n'}
[0.450425] (prius_msgs) StdoutLine: {'line': b'-- Installing: /sbel/gazebo-demo/install/prius_msgs/share/prius_msgs/package.dsv\n'}
[0.450517] (prius_msgs) StdoutLine: {'line': b'-- Up-to-date: /sbel/gazebo-demo/install/prius_msgs/share/ament_index/resource_index/packages/prius_msgs\n'}
[0.450622] (prius_msgs) StdoutLine: {'line': b'-- Up-to-date: /sbel/gazebo-demo/install/prius_msgs/share/prius_msgs/cmake/export_prius_msgs__rosidl_generator_cExport.cmake\n'}
[0.450685] (prius_msgs) StdoutLine: {'line': b'-- Up-to-date: /sbel/gazebo-demo/install/prius_msgs/share/prius_msgs/cmake/export_prius_msgs__rosidl_generator_cExport-noconfig.cmake\n'}
[0.450772] (prius_msgs) StdoutLine: {'line': b'-- Up-to-date: /sbel/gazebo-demo/install/prius_msgs/share/prius_msgs/cmake/export_prius_msgs__rosidl_typesupport_fastrtps_cExport.cmake\n'}
[0.450833] (prius_msgs) StdoutLine: {'line': b'-- Up-to-date: /sbel/gazebo-demo/install/prius_msgs/share/prius_msgs/cmake/export_prius_msgs__rosidl_typesupport_fastrtps_cExport-noconfig.cmake\n'}
[0.450915] (prius_msgs) StdoutLine: {'line': b'-- Up-to-date: /sbel/gazebo-demo/install/prius_msgs/share/prius_msgs/cmake/export_prius_msgs__rosidl_generator_cppExport.cmake\n'}
[0.451007] (prius_msgs) StdoutLine: {'line': b'-- Up-to-date: /sbel/gazebo-demo/install/prius_msgs/share/prius_msgs/cmake/export_prius_msgs__rosidl_typesupport_fastrtps_cppExport.cmake\n'}
[0.451064] (prius_msgs) StdoutLine: {'line': b'-- Up-to-date: /sbel/gazebo-demo/install/prius_msgs/share/prius_msgs/cmake/export_prius_msgs__rosidl_typesupport_fastrtps_cppExport-noconfig.cmake\n'}
[0.451148] (prius_msgs) StdoutLine: {'line': b'-- Up-to-date: /sbel/gazebo-demo/install/prius_msgs/share/prius_msgs/cmake/prius_msgs__rosidl_typesupport_introspection_cExport.cmake\n'}
[0.451207] (prius_msgs) StdoutLine: {'line': b'-- Up-to-date: /sbel/gazebo-demo/install/prius_msgs/share/prius_msgs/cmake/prius_msgs__rosidl_typesupport_introspection_cExport-noconfig.cmake\n'}
[0.451290] (prius_msgs) StdoutLine: {'line': b'-- Up-to-date: /sbel/gazebo-demo/install/prius_msgs/share/prius_msgs/cmake/prius_msgs__rosidl_typesupport_cExport.cmake\n'}
[0.451356] (prius_msgs) StdoutLine: {'line': b'-- Up-to-date: /sbel/gazebo-demo/install/prius_msgs/share/prius_msgs/cmake/prius_msgs__rosidl_typesupport_cExport-noconfig.cmake\n'}
[0.451443] (prius_msgs) StdoutLine: {'line': b'-- Up-to-date: /sbel/gazebo-demo/install/prius_msgs/share/prius_msgs/cmake/prius_msgs__rosidl_typesupport_introspection_cppExport.cmake\n'}
[0.451505] (prius_msgs) StdoutLine: {'line': b'-- Up-to-date: /sbel/gazebo-demo/install/prius_msgs/share/prius_msgs/cmake/prius_msgs__rosidl_typesupport_introspection_cppExport-noconfig.cmake\n'}
[0.451586] (prius_msgs) StdoutLine: {'line': b'-- Up-to-date: /sbel/gazebo-demo/install/prius_msgs/share/prius_msgs/cmake/prius_msgs__rosidl_typesupport_cppExport.cmake\n'}
[0.451644] (prius_msgs) StdoutLine: {'line': b'-- Up-to-date: /sbel/gazebo-demo/install/prius_msgs/share/prius_msgs/cmake/prius_msgs__rosidl_typesupport_cppExport-noconfig.cmake\n'}
[0.451729] (prius_msgs) StdoutLine: {'line': b'-- Up-to-date: /sbel/gazebo-demo/install/prius_msgs/share/prius_msgs/cmake/export_prius_msgs__rosidl_generator_pyExport.cmake\n'}
[0.451786] (prius_msgs) StdoutLine: {'line': b'-- Up-to-date: /sbel/gazebo-demo/install/prius_msgs/share/prius_msgs/cmake/export_prius_msgs__rosidl_generator_pyExport-noconfig.cmake\n'}
[0.451842] (prius_msgs) StdoutLine: {'line': b'-- Up-to-date: /sbel/gazebo-demo/install/prius_msgs/share/prius_msgs/cmake/rosidl_cmake-extras.cmake\n'}
[0.451895] (prius_msgs) StdoutLine: {'line': b'-- Up-to-date: /sbel/gazebo-demo/install/prius_msgs/share/prius_msgs/cmake/ament_cmake_export_dependencies-extras.cmake\n'}
[0.451949] (prius_msgs) StdoutLine: {'line': b'-- Up-to-date: /sbel/gazebo-demo/install/prius_msgs/share/prius_msgs/cmake/ament_cmake_export_include_directories-extras.cmake\n'}
[0.452001] (prius_msgs) StdoutLine: {'line': b'-- Up-to-date: /sbel/gazebo-demo/install/prius_msgs/share/prius_msgs/cmake/ament_cmake_export_libraries-extras.cmake\n'}
[0.452054] (prius_msgs) StdoutLine: {'line': b'-- Up-to-date: /sbel/gazebo-demo/install/prius_msgs/share/prius_msgs/cmake/ament_cmake_export_targets-extras.cmake\n'}
[0.452112] (prius_msgs) StdoutLine: {'line': b'-- Up-to-date: /sbel/gazebo-demo/install/prius_msgs/share/prius_msgs/cmake/rosidl_cmake_export_typesupport_targets-extras.cmake\n'}
[0.452165] (prius_msgs) StdoutLine: {'line': b'-- Up-to-date: /sbel/gazebo-demo/install/prius_msgs/share/prius_msgs/cmake/rosidl_cmake_export_typesupport_libraries-extras.cmake\n'}
[0.452220] (prius_msgs) StdoutLine: {'line': b'-- Up-to-date: /sbel/gazebo-demo/install/prius_msgs/share/prius_msgs/cmake/prius_msgsConfig.cmake\n'}
[0.452272] (prius_msgs) StdoutLine: {'line': b'-- Up-to-date: /sbel/gazebo-demo/install/prius_msgs/share/prius_msgs/cmake/prius_msgsConfig-version.cmake\n'}
[0.452315] (prius_msgs) StdoutLine: {'line': b'-- Up-to-date: /sbel/gazebo-demo/install/prius_msgs/share/prius_msgs/package.xml\n'}
[0.453929] (prius_msgs) CommandEnded: {'returncode': 0}
[0.500104] (-) TimerEvent: {}
[0.600288] (-) TimerEvent: {}
[0.616499] (prius_msgs) JobEnded: {'identifier': 'prius_msgs', 'rc': 0}
[0.617168] (car_demo) JobStarted: {'identifier': 'car_demo'}
[0.669929] (car_demo) JobProgress: {'identifier': 'car_demo', 'progress': 'cmake'}
[0.670521] (car_demo) JobProgress: {'identifier': 'car_demo', 'progress': 'build'}
[0.670892] (car_demo) Command: {'cmd': ['/usr/bin/cmake', '--build', '/sbel/gazebo-demo/build/car_demo', '--', '-j16', '-l16'], 'cwd': '/sbel/gazebo-demo/build/car_demo', 'env': OrderedDict([('TMUX', '/tmp/tmux-0/default,42667,2'), ('LANGUAGE', 'en_US:en'), ('HOSTNAME', 'ef32acc5240d'), ('SHLVL', '2'), ('LD_LIBRARY_PATH', '/sbel/gazebo-demo/install/prius_msgs/lib:/sbel/gazebo-demo/install/car_demo/lib:/chrono_ros_interfaces/install/chrono_ros_interfaces/lib:/usr/lib/x86_64-linux-gnu/gazebo-11/plugins:/opt/ros/humble/opt/rviz_ogre_vendor/lib:/opt/ros/humble/lib/x86_64-linux-gnu:/opt/ros/humble/lib'), ('HOME', '/sbel'), ('NO_VNC_PORT', '6901'), ('OLDPWD', '/sbel/gazebo-demo/build'), ('TERM_PROGRAM_VERSION', '3.2a'), ('STARTUPDIR', '/dockerstartup'), ('ROS_PYTHON_VERSION', '3'), ('VNC_COL_DEPTH', '24'), ('COLCON_PREFIX_PATH', '/sbel/gazebo-demo/install:/chrono_ros_interfaces/install'), ('ROS_DISTRO', 'humble'), ('_', '/usr/bin/colcon'), ('ROS_VERSION', '2'), ('NO_VNC_HOME', '/sbel/noVNC'), ('TERM', 'screen'), ('GAZEBO_MODEL_PATH', '/sbel/gazebo-demo/install/prius_description/share/prius_description/models:/opt/ros/humble/share/prius_description/models'), ('ROS_LOCALHOST_ONLY', '0'), ('PATH', '/opt/ros/humble/bin:/usr/local/sbin:/usr/local/bin:/usr/sbin:/usr/bin:/sbin:/bin'), ('DISPLAY', ':1'), ('LANG', 'en_US.UTF-8'), ('TERM_PROGRAM', 'tmux'), ('AMENT_PREFIX_PATH', '/sbel/gazebo-demo/install/car_demo:/sbel/gazebo-demo/install/prius_msgs:/sbel/gazebo-demo/install/prius_description:/chrono_ros_interfaces/install/chrono_ros_interfaces:/opt/ros/humble'), ('DEBIAN_FRONTEND', 'noninteractive'), ('SHELL', '/bin/bash'), ('PWD', '/sbel/gazebo-demo/build/car_demo'), ('VNC_RESOLUTION', '1600x900'), ('LC_ALL', 'en_US.UTF-8'), ('PYTHONPATH', '/sbel/gazebo-demo/install/car_demo/local/lib/python3.10/dist-packages:/sbel/gazebo-demo/install/prius_msgs/local/lib/python3.10/dist-packages:/chrono_ros_interfaces/install/chrono_ros_interfaces/local/lib/python3.10/dist-packages:/opt/ros/humble/lib/python3.10/site-packages:/opt/ros/humble/local/lib/python3.10/dist-packages'), ('VNC_PW', 'sbel'), ('COLCON', '1'), ('TMUX_PANE', '%5'), ('CMAKE_PREFIX_PATH', '/sbel/gazebo-demo/install/prius_msgs:/sbel/gazebo-demo/install/prius_description:/sbel/gazebo-demo/install/car_demo:/chrono_ros_interfaces/install/chrono_ros_interfaces:/opt/ros/humble'), ('VNC_PORT', '5901')]), 'shell': False}
[0.700366] (-) TimerEvent: {}
[0.718978] (car_demo) StdoutLine: {'line': b'[ 37%] Built target gtest_main\n'}
[0.719161] (car_demo) StdoutLine: {'line': b'[ 50%] Built target gtest\n'}
[0.723153] (car_demo) StdoutLine: {'line': b'[ 50%] Built target ament_cmake_python_copy_car_demo\n'}
[0.739016] (car_demo) StdoutLine: {'line': b'[ 75%] Built target PriusHybridPlugin\n'}
[0.758653] (car_demo) StdoutLine: {'line': b'[100%] Built target PriusHybridPluginTest\n'}
[0.800442] (-) TimerEvent: {}
[0.887721] (car_demo) StdoutLine: {'line': b'running egg_info\n'}
[0.888123] (car_demo) StdoutLine: {'line': b'writing car_demo.egg-info/PKG-INFO\n'}
[0.888305] (car_demo) StdoutLine: {'line': b'writing dependency_links to car_demo.egg-info/dependency_links.txt\n'}
[0.888442] (car_demo) StdoutLine: {'line': b'writing top-level names to car_demo.egg-info/top_level.txt\n'}
[0.889846] (car_demo) StdoutLine: {'line': b"reading manifest file 'car_demo.egg-info/SOURCES.txt'\n"}
[0.890214] (car_demo) StdoutLine: {'line': b"writing manifest file 'car_demo.egg-info/SOURCES.txt'\n"}
[0.900505] (-) TimerEvent: {}
[0.909548] (car_demo) StdoutLine: {'line': b'[100%] Built target ament_cmake_python_build_car_demo_egg\n'}
[0.919943] (car_demo) CommandEnded: {'returncode': 0}
[0.948271] (car_demo) JobProgress: {'identifier': 'car_demo', 'progress': 'install'}
[0.948748] (car_demo) Command: {'cmd': ['/usr/bin/cmake', '--install', '/sbel/gazebo-demo/build/car_demo'], 'cwd': '/sbel/gazebo-demo/build/car_demo', 'env': OrderedDict([('TMUX', '/tmp/tmux-0/default,42667,2'), ('LANGUAGE', 'en_US:en'), ('HOSTNAME', 'ef32acc5240d'), ('SHLVL', '2'), ('LD_LIBRARY_PATH', '/sbel/gazebo-demo/install/prius_msgs/lib:/sbel/gazebo-demo/install/car_demo/lib:/chrono_ros_interfaces/install/chrono_ros_interfaces/lib:/usr/lib/x86_64-linux-gnu/gazebo-11/plugins:/opt/ros/humble/opt/rviz_ogre_vendor/lib:/opt/ros/humble/lib/x86_64-linux-gnu:/opt/ros/humble/lib'), ('HOME', '/sbel'), ('NO_VNC_PORT', '6901'), ('OLDPWD', '/sbel/gazebo-demo/build'), ('TERM_PROGRAM_VERSION', '3.2a'), ('STARTUPDIR', '/dockerstartup'), ('ROS_PYTHON_VERSION', '3'), ('VNC_COL_DEPTH', '24'), ('COLCON_PREFIX_PATH', '/sbel/gazebo-demo/install:/chrono_ros_interfaces/install'), ('ROS_DISTRO', 'humble'), ('_', '/usr/bin/colcon'), ('ROS_VERSION', '2'), ('NO_VNC_HOME', '/sbel/noVNC'), ('TERM', 'screen'), ('GAZEBO_MODEL_PATH', '/sbel/gazebo-demo/install/prius_description/share/prius_description/models:/opt/ros/humble/share/prius_description/models'), ('ROS_LOCALHOST_ONLY', '0'), ('PATH', '/opt/ros/humble/bin:/usr/local/sbin:/usr/local/bin:/usr/sbin:/usr/bin:/sbin:/bin'), ('DISPLAY', ':1'), ('LANG', 'en_US.UTF-8'), ('TERM_PROGRAM', 'tmux'), ('AMENT_PREFIX_PATH', '/sbel/gazebo-demo/install/car_demo:/sbel/gazebo-demo/install/prius_msgs:/sbel/gazebo-demo/install/prius_description:/chrono_ros_interfaces/install/chrono_ros_interfaces:/opt/ros/humble'), ('DEBIAN_FRONTEND', 'noninteractive'), ('SHELL', '/bin/bash'), ('PWD', '/sbel/gazebo-demo/build/car_demo'), ('VNC_RESOLUTION', '1600x900'), ('LC_ALL', 'en_US.UTF-8'), ('PYTHONPATH', '/sbel/gazebo-demo/install/car_demo/local/lib/python3.10/dist-packages:/sbel/gazebo-demo/install/prius_msgs/local/lib/python3.10/dist-packages:/chrono_ros_interfaces/install/chrono_ros_interfaces/local/lib/python3.10/dist-packages:/opt/ros/humble/lib/python3.10/site-packages:/opt/ros/humble/local/lib/python3.10/dist-packages'), ('VNC_PW', 'sbel'), ('COLCON', '1'), ('TMUX_PANE', '%5'), ('CMAKE_PREFIX_PATH', '/sbel/gazebo-demo/install/prius_msgs:/sbel/gazebo-demo/install/prius_description:/sbel/gazebo-demo/install/car_demo:/chrono_ros_interfaces/install/chrono_ros_interfaces:/opt/ros/humble'), ('VNC_PORT', '5901')]), 'shell': False}
[0.955329] (car_demo) StdoutLine: {'line': b'-- Install configuration: ""\n'}
[0.955442] (car_demo) StdoutLine: {'line': b'-- Up-to-date: /sbel/gazebo-demo/install/car_demo/share/car_demo/environment/library_path.sh\n'}
[0.955529] (car_demo) StdoutLine: {'line': b'-- Up-to-date: /sbel/gazebo-demo/install/car_demo/share/car_demo/environment/library_path.dsv\n'}
[0.955608] (car_demo) StdoutLine: {'line': b'-- Up-to-date: /sbel/gazebo-demo/install/car_demo/share/car_demo/environment/gazebo_plugins.sh\n'}
[0.955678] (car_demo) StdoutLine: {'line': b'-- Up-to-date: /sbel/gazebo-demo/install/car_demo/share/car_demo/environment/gazebo_plugins.dsv\n'}
[0.955743] (car_demo) StdoutLine: {'line': b'-- Up-to-date: /sbel/gazebo-demo/install/car_demo/share/car_demo/environment/pythonpath.sh\n'}
[0.955796] (car_demo) StdoutLine: {'line': b'-- Up-to-date: /sbel/gazebo-demo/install/car_demo/share/car_demo/environment/pythonpath.dsv\n'}
[0.955847] (car_demo) StdoutLine: {'line': b'-- Up-to-date: /sbel/gazebo-demo/install/car_demo/local/lib/python3.10/dist-packages/car_demo-0.0.1-py3.10.egg-info\n'}
[0.955897] (car_demo) StdoutLine: {'line': b'-- Installing: /sbel/gazebo-demo/install/car_demo/local/lib/python3.10/dist-packages/car_demo-0.0.1-py3.10.egg-info/dependency_links.txt\n'}
[0.955972] (car_demo) StdoutLine: {'line': b'-- Installing: /sbel/gazebo-demo/install/car_demo/local/lib/python3.10/dist-packages/car_demo-0.0.1-py3.10.egg-info/PKG-INFO\n'}
[0.956167] (car_demo) StdoutLine: {'line': b'-- Installing: /sbel/gazebo-demo/install/car_demo/local/lib/python3.10/dist-packages/car_demo-0.0.1-py3.10.egg-info/SOURCES.txt\n'}
[0.956366] (car_demo) StdoutLine: {'line': b'-- Installing: /sbel/gazebo-demo/install/car_demo/local/lib/python3.10/dist-packages/car_demo-0.0.1-py3.10.egg-info/top_level.txt\n'}
[0.956599] (car_demo) StdoutLine: {'line': b'-- Up-to-date: /sbel/gazebo-demo/install/car_demo/local/lib/python3.10/dist-packages/car_demo\n'}
[0.956657] (car_demo) StdoutLine: {'line': b'-- Up-to-date: /sbel/gazebo-demo/install/car_demo/local/lib/python3.10/dist-packages/car_demo/__init__.py\n'}
[0.979012] (car_demo) StdoutLine: {'line': b"Listing '/sbel/gazebo-demo/install/car_demo/local/lib/python3.10/dist-packages/car_demo'...\n"}
[0.981393] (car_demo) StdoutLine: {'line': b'-- Up-to-date: /sbel/gazebo-demo/install/car_demo/lib/car_demo/trajectory_controller.py\n'}
[0.981483] (car_demo) StdoutLine: {'line': b'-- Up-to-date: /sbel/gazebo-demo/install/car_demo/lib/car_demo/prius_teleop_keyboard.py\n'}
[0.981556] (car_demo) StdoutLine: {'line': b'-- Up-to-date: /sbel/gazebo-demo/install/car_demo/lib/car_demo/joystick_translator.py\n'}
[0.981778] (car_demo) StdoutLine: {'line': b'-- Up-to-date: /sbel/gazebo-demo/install/car_demo/lib/libPriusHybridPlugin.so\n'}
[0.982072] (car_demo) StdoutLine: {'line': b'-- Up-to-date: /sbel/gazebo-demo/install/car_demo/share/ament_index/resource_index/package_run_dependencies/car_demo\n'}
[0.982135] (car_demo) StdoutLine: {'line': b'-- Up-to-date: /sbel/gazebo-demo/install/car_demo/share/ament_index/resource_index/parent_prefix_path/car_demo\n'}
[0.982190] (car_demo) StdoutLine: {'line': b'-- Up-to-date: /sbel/gazebo-demo/install/car_demo/share/car_demo/environment/ament_prefix_path.sh\n'}
[0.982246] (car_demo) StdoutLine: {'line': b'-- Up-to-date: /sbel/gazebo-demo/install/car_demo/share/car_demo/environment/ament_prefix_path.dsv\n'}
[0.982300] (car_demo) StdoutLine: {'line': b'-- Up-to-date: /sbel/gazebo-demo/install/car_demo/share/car_demo/environment/path.sh\n'}
[0.982353] (car_demo) StdoutLine: {'line': b'-- Up-to-date: /sbel/gazebo-demo/install/car_demo/share/car_demo/environment/path.dsv\n'}
[0.982416] (car_demo) StdoutLine: {'line': b'-- Up-to-date: /sbel/gazebo-demo/install/car_demo/share/car_demo/local_setup.bash\n'}
[0.982472] (car_demo) StdoutLine: {'line': b'-- Up-to-date: /sbel/gazebo-demo/install/car_demo/share/car_demo/local_setup.sh\n'}
[0.982530] (car_demo) StdoutLine: {'line': b'-- Up-to-date: /sbel/gazebo-demo/install/car_demo/share/car_demo/local_setup.zsh\n'}
[0.982586] (car_demo) StdoutLine: {'line': b'-- Up-to-date: /sbel/gazebo-demo/install/car_demo/share/car_demo/local_setup.dsv\n'}
[0.982630] (car_demo) StdoutLine: {'line': b'-- Installing: /sbel/gazebo-demo/install/car_demo/share/car_demo/package.dsv\n'}
[0.982771] (car_demo) StdoutLine: {'line': b'-- Up-to-date: /sbel/gazebo-demo/install/car_demo/share/ament_index/resource_index/packages/car_demo\n'}
[0.982829] (car_demo) StdoutLine: {'line': b'-- Up-to-date: /sbel/gazebo-demo/install/car_demo/share/car_demo/cmake/ament_cmake_export_libraries-extras.cmake\n'}
[0.982884] (car_demo) StdoutLine: {'line': b'-- Up-to-date: /sbel/gazebo-demo/install/car_demo/share/car_demo/cmake/ament_cmake_export_include_directories-extras.cmake\n'}
[0.982939] (car_demo) StdoutLine: {'line': b'-- Up-to-date: /sbel/gazebo-demo/install/car_demo/share/car_demo/cmake/ament_cmake_export_dependencies-extras.cmake\n'}
[0.982991] (car_demo) StdoutLine: {'line': b'-- Up-to-date: /sbel/gazebo-demo/install/car_demo/share/car_demo/cmake/car_demoConfig.cmake\n'}
[0.983046] (car_demo) StdoutLine: {'line': b'-- Up-to-date: /sbel/gazebo-demo/install/car_demo/share/car_demo/cmake/car_demoConfig-version.cmake\n'}
[0.983102] (car_demo) StdoutLine: {'line': b'-- Up-to-date: /sbel/gazebo-demo/install/car_demo/share/car_demo/package.xml\n'}
[0.983164] (car_demo) StdoutLine: {'line': b'-- Up-to-date: /sbel/gazebo-demo/install/car_demo/share/car_demo/launch\n'}
[0.983224] (car_demo) StdoutLine: {'line': b'-- Up-to-date: /sbel/gazebo-demo/install/car_demo/share/car_demo/launch/demo.launch.py\n'}
[0.983281] (car_demo) StdoutLine: {'line': b'-- Up-to-date: /sbel/gazebo-demo/install/car_demo/share/car_demo/launch/spawn_prius.launch.py\n'}
[0.983343] (car_demo) StdoutLine: {'line': b'-- Up-to-date: /sbel/gazebo-demo/install/car_demo/share/car_demo/models\n'}
[0.983396] (car_demo) StdoutLine: {'line': b'-- Up-to-date: /sbel/gazebo-demo/install/car_demo/share/car_demo/models/speed_limit_sign\n'}
[0.983451] (car_demo) StdoutLine: {'line': b'-- Up-to-date: /sbel/gazebo-demo/install/car_demo/share/car_demo/models/speed_limit_sign/model-1_4.sdf\n'}
[0.983504] (car_demo) StdoutLine: {'line': b'-- Up-to-date: /sbel/gazebo-demo/install/car_demo/share/car_demo/models/speed_limit_sign/meshes\n'}
[0.983555] (car_demo) StdoutLine: {'line': b'-- Up-to-date: /sbel/gazebo-demo/install/car_demo/share/car_demo/models/speed_limit_sign/meshes/speed_limit_sign.dae\n'}
[0.983615] (car_demo) StdoutLine: {'line': b'-- Up-to-date: /sbel/gazebo-demo/install/car_demo/share/car_demo/models/speed_limit_sign/model-1_3.sdf\n'}
[0.983671] (car_demo) StdoutLine: {'line': b'-- Up-to-date: /sbel/gazebo-demo/install/car_demo/share/car_demo/models/speed_limit_sign/materials\n'}
[0.983731] (car_demo) StdoutLine: {'line': b'-- Up-to-date: /sbel/gazebo-demo/install/car_demo/share/car_demo/models/speed_limit_sign/materials/textures\n'}
[0.983791] (car_demo) StdoutLine: {'line': b'-- Up-to-date: /sbel/gazebo-demo/install/car_demo/share/car_demo/models/speed_limit_sign/materials/textures/Speed_90.png\n'}
[0.983853] (car_demo) StdoutLine: {'line': b'-- Up-to-date: /sbel/gazebo-demo/install/car_demo/share/car_demo/models/speed_limit_sign/materials/textures/Speed_30.png\n'}
[0.983913] (car_demo) StdoutLine: {'line': b'-- Up-to-date: /sbel/gazebo-demo/install/car_demo/share/car_demo/models/speed_limit_sign/materials/textures/Speed_120.png\n'}
[0.983980] (car_demo) StdoutLine: {'line': b'-- Up-to-date: /sbel/gazebo-demo/install/car_demo/share/car_demo/models/speed_limit_sign/materials/textures/Speed_40.png\n'}
[0.984035] (car_demo) StdoutLine: {'line': b'-- Up-to-date: /sbel/gazebo-demo/install/car_demo/share/car_demo/models/speed_limit_sign/materials/textures/Speed_16.png\n'}
[0.984102] (car_demo) StdoutLine: {'line': b'-- Up-to-date: /sbel/gazebo-demo/install/car_demo/share/car_demo/models/speed_limit_sign/materials/textures/Speed_50.png\n'}
[0.984154] (car_demo) StdoutLine: {'line': b'-- Up-to-date: /sbel/gazebo-demo/install/car_demo/share/car_demo/models/speed_limit_sign/materials/textures/Speed_110.png\n'}
[0.984208] (car_demo) StdoutLine: {'line': b'-- Up-to-date: /sbel/gazebo-demo/install/car_demo/share/car_demo/models/speed_limit_sign/materials/textures/Speed_130.png\n'}
[0.984261] (car_demo) StdoutLine: {'line': b'-- Up-to-date: /sbel/gazebo-demo/install/car_demo/share/car_demo/models/speed_limit_sign/materials/textures/StopSign_Diffuse.png\n'}
[0.984313] (car_demo) StdoutLine: {'line': b'-- Up-to-date: /sbel/gazebo-demo/install/car_demo/share/car_demo/models/speed_limit_sign/materials/textures/Speed_60.png\n'}
[0.984365] (car_demo) StdoutLine: {'line': b'-- Up-to-date: /sbel/gazebo-demo/install/car_demo/share/car_demo/models/speed_limit_sign/materials/textures/Speed_100.png\n'}
[0.984423] (car_demo) StdoutLine: {'line': b'-- Up-to-date: /sbel/gazebo-demo/install/car_demo/share/car_demo/models/speed_limit_sign/materials/textures/Speed_80.png\n'}
[0.984483] (car_demo) StdoutLine: {'line': b'-- Up-to-date: /sbel/gazebo-demo/install/car_demo/share/car_demo/models/speed_limit_sign/materials/textures/Speed_70.png\n'}
[0.984542] (car_demo) StdoutLine: {'line': b'-- Up-to-date: /sbel/gazebo-demo/install/car_demo/share/car_demo/models/speed_limit_sign/materials/textures/StopSign_Spec.png\n'}
[0.984586] (car_demo) StdoutLine: {'line': b'-- Up-to-date: /sbel/gazebo-demo/install/car_demo/share/car_demo/models/speed_limit_sign/materials/textures/Speed_Spec.png\n'}
[0.984652] (car_demo) StdoutLine: {'line': b'-- Up-to-date: /sbel/gazebo-demo/install/car_demo/share/car_demo/models/speed_limit_sign/model.config\n'}
[0.984705] (car_demo) StdoutLine: {'line': b'-- Up-to-date: /sbel/gazebo-demo/install/car_demo/share/car_demo/models/speed_limit_sign/model.sdf\n'}
[0.984757] (car_demo) StdoutLine: {'line': b'-- Up-to-date: /sbel/gazebo-demo/install/car_demo/share/car_demo/models/grey_wall\n'}
[0.984815] (car_demo) StdoutLine: {'line': b'-- Up-to-date: /sbel/gazebo-demo/install/car_demo/share/car_demo/models/grey_wall/model-1_4.sdf\n'}
[0.984860] (car_demo) StdoutLine: {'line': b'-- Up-to-date: /sbel/gazebo-demo/install/car_demo/share/car_demo/models/grey_wall/model-1_3.sdf\n'}
[0.984919] (car_demo) StdoutLine: {'line': b'-- Up-to-date: /sbel/gazebo-demo/install/car_demo/share/car_demo/models/grey_wall/materials\n'}
[0.984971] (car_demo) StdoutLine: {'line': b'-- Up-to-date: /sbel/gazebo-demo/install/car_demo/share/car_demo/models/grey_wall/materials/scripts\n'}
[0.985030] (car_demo) StdoutLine: {'line': b'-- Up-to-date: /sbel/gazebo-demo/install/car_demo/share/car_demo/models/grey_wall/materials/scripts/grey_wall.material\n'}
[0.985083] (car_demo) StdoutLine: {'line': b'-- Up-to-date: /sbel/gazebo-demo/install/car_demo/share/car_demo/models/grey_wall/materials/textures\n'}
[0.985141] (car_demo) StdoutLine: {'line': b'-- Up-to-date: /sbel/gazebo-demo/install/car_demo/share/car_demo/models/grey_wall/materials/textures/grey_wall.png\n'}
[0.985194] (car_demo) StdoutLine: {'line': b'-- Up-to-date: /sbel/gazebo-demo/install/car_demo/share/car_demo/models/grey_wall/model.config\n'}
[0.985255] (car_demo) StdoutLine: {'line': b'-- Up-to-date: /sbel/gazebo-demo/install/car_demo/share/car_demo/models/grey_wall/model.sdf\n'}
[0.985308] (car_demo) StdoutLine: {'line': b'-- Up-to-date: /sbel/gazebo-demo/install/car_demo/share/car_demo/models/construction_cone\n'}
[0.985371] (car_demo) StdoutLine: {'line': b'-- Up-to-date: /sbel/gazebo-demo/install/car_demo/share/car_demo/models/construction_cone/model-1_4.sdf\n'}
[0.985431] (car_demo) StdoutLine: {'line': b'-- Up-to-date: /sbel/gazebo-demo/install/car_demo/share/car_demo/models/construction_cone/meshes\n'}
[0.985482] (car_demo) StdoutLine: {'line': b'-- Up-to-date: /sbel/gazebo-demo/install/car_demo/share/car_demo/models/construction_cone/meshes/construction_cone.dae\n'}
[0.985553] (car_demo) StdoutLine: {'line': b'-- Up-to-date: /sbel/gazebo-demo/install/car_demo/share/car_demo/models/construction_cone/model-1_3.sdf\n'}
[0.985609] (car_demo) StdoutLine: {'line': b'-- Up-to-date: /sbel/gazebo-demo/install/car_demo/share/car_demo/models/construction_cone/materials\n'}
[0.985652] (car_demo) StdoutLine: {'line': b'-- Up-to-date: /sbel/gazebo-demo/install/car_demo/share/car_demo/models/construction_cone/materials/textures\n'}
[0.985693] (car_demo) StdoutLine: {'line': b'-- Up-to-date: /sbel/gazebo-demo/install/car_demo/share/car_demo/models/construction_cone/materials/textures/Construction_Cone_Diffuse.png\n'}
[0.985735] (car_demo) StdoutLine: {'line': b'-- Up-to-date: /sbel/gazebo-demo/install/car_demo/share/car_demo/models/construction_cone/model.config\n'}
[0.985776] (car_demo) StdoutLine: {'line': b'-- Up-to-date: /sbel/gazebo-demo/install/car_demo/share/car_demo/models/construction_cone/model.sdf\n'}
[0.985822] (car_demo) StdoutLine: {'line': b'-- Up-to-date: /sbel/gazebo-demo/install/car_demo/share/car_demo/models/house_3\n'}
[0.985885] (car_demo) StdoutLine: {'line': b'-- Up-to-date: /sbel/gazebo-demo/install/car_demo/share/car_demo/models/house_3/model-1_4.sdf\n'}
[0.985938] (car_demo) StdoutLine: {'line': b'-- Up-to-date: /sbel/gazebo-demo/install/car_demo/share/car_demo/models/house_3/meshes\n'}
[0.985992] (car_demo) StdoutLine: {'line': b'-- Up-to-date: /sbel/gazebo-demo/install/car_demo/share/car_demo/models/house_3/meshes/house_3.dae\n'}
[0.986052] (car_demo) StdoutLine: {'line': b'-- Up-to-date: /sbel/gazebo-demo/install/car_demo/share/car_demo/models/house_3/model-1_3.sdf\n'}
[0.986112] (car_demo) StdoutLine: {'line': b'-- Up-to-date: /sbel/gazebo-demo/install/car_demo/share/car_demo/models/house_3/materials\n'}
[0.986157] (car_demo) StdoutLine: {'line': b'-- Up-to-date: /sbel/gazebo-demo/install/car_demo/share/car_demo/models/house_3/materials/scripts\n'}
[0.986215] (car_demo) StdoutLine: {'line': b'-- Up-to-date: /sbel/gazebo-demo/install/car_demo/share/car_demo/models/house_3/materials/scripts/house_3.material\n'}
[0.986269] (car_demo) StdoutLine: {'line': b'-- Up-to-date: /sbel/gazebo-demo/install/car_demo/share/car_demo/models/house_3/materials/textures\n'}
[0.986321] (car_demo) StdoutLine: {'line': b'-- Up-to-date: /sbel/gazebo-demo/install/car_demo/share/car_demo/models/house_3/materials/textures/House_3_Diffuse.png\n'}
[0.986373] (car_demo) StdoutLine: {'line': b'-- Up-to-date: /sbel/gazebo-demo/install/car_demo/share/car_demo/models/house_3/model.config\n'}
[0.986432] (car_demo) StdoutLine: {'line': b'-- Up-to-date: /sbel/gazebo-demo/install/car_demo/share/car_demo/models/house_3/model.sdf\n'}
[0.986490] (car_demo) StdoutLine: {'line': b'-- Up-to-date: /sbel/gazebo-demo/install/car_demo/share/car_demo/models/house_1\n'}
[0.986544] (car_demo) StdoutLine: {'line': b'-- Up-to-date: /sbel/gazebo-demo/install/car_demo/share/car_demo/models/house_1/model-1_4.sdf\n'}
[0.986628] (car_demo) StdoutLine: {'line': b'-- Up-to-date: /sbel/gazebo-demo/install/car_demo/share/car_demo/models/house_1/meshes\n'}
[0.986675] (car_demo) StdoutLine: {'line': b'-- Up-to-date: /sbel/gazebo-demo/install/car_demo/share/car_demo/models/house_1/meshes/house_1.dae\n'}
[0.986743] (car_demo) StdoutLine: {'line': b'-- Up-to-date: /sbel/gazebo-demo/install/car_demo/share/car_demo/models/house_1/model-1_3.sdf\n'}
[0.986805] (car_demo) StdoutLine: {'line': b'-- Up-to-date: /sbel/gazebo-demo/install/car_demo/share/car_demo/models/house_1/materials\n'}
[0.986867] (car_demo) StdoutLine: {'line': b'-- Up-to-date: /sbel/gazebo-demo/install/car_demo/share/car_demo/models/house_1/materials/scripts\n'}
[0.986921] (car_demo) StdoutLine: {'line': b'-- Up-to-date: /sbel/gazebo-demo/install/car_demo/share/car_demo/models/house_1/materials/scripts/house_1.material\n'}
[0.986986] (car_demo) StdoutLine: {'line': b'-- Up-to-date: /sbel/gazebo-demo/install/car_demo/share/car_demo/models/house_1/materials/textures\n'}
[0.987053] (car_demo) StdoutLine: {'line': b'-- Up-to-date: /sbel/gazebo-demo/install/car_demo/share/car_demo/models/house_1/materials/textures/House_1_Normal.png\n'}
[0.987112] (car_demo) StdoutLine: {'line': b'-- Up-to-date: /sbel/gazebo-demo/install/car_demo/share/car_demo/models/house_1/materials/textures/House_1_Diffuse.png\n'}
[0.987176] (car_demo) StdoutLine: {'line': b'-- Up-to-date: /sbel/gazebo-demo/install/car_demo/share/car_demo/models/house_1/materials/textures/House_1_Spec.png\n'}
[0.987240] (car_demo) StdoutLine: {'line': b'-- Up-to-date: /sbel/gazebo-demo/install/car_demo/share/car_demo/models/house_1/model.config\n'}
[0.987295] (car_demo) StdoutLine: {'line': b'-- Up-to-date: /sbel/gazebo-demo/install/car_demo/share/car_demo/models/house_1/model.sdf\n'}
[0.987358] (car_demo) StdoutLine: {'line': b'-- Up-to-date: /sbel/gazebo-demo/install/car_demo/share/car_demo/models/mcity\n'}
[0.987411] (car_demo) StdoutLine: {'line': b'-- Up-to-date: /sbel/gazebo-demo/install/car_demo/share/car_demo/models/mcity/meshes\n'}
[0.987472] (car_demo) StdoutLine: {'line': b'-- Up-to-date: /sbel/gazebo-demo/install/car_demo/share/car_demo/models/mcity/meshes/mcity.obj\n'}
[0.987526] (car_demo) StdoutLine: {'line': b'-- Up-to-date: /sbel/gazebo-demo/install/car_demo/share/car_demo/models/mcity/meshes/mcity.mtl\n'}
[0.987587] (car_demo) StdoutLine: {'line': b'-- Up-to-date: /sbel/gazebo-demo/install/car_demo/share/car_demo/models/mcity/materials\n'}
[0.987649] (car_demo) StdoutLine: {'line': b'-- Up-to-date: /sbel/gazebo-demo/install/car_demo/share/car_demo/models/mcity/materials/textures\n'}
[0.987711] (car_demo) StdoutLine: {'line': b'-- Up-to-date: /sbel/gazebo-demo/install/car_demo/share/car_demo/models/mcity/materials/textures/GuardRail.png\n'}
[0.987772] (car_demo) StdoutLine: {'line': b'-- Up-to-date: /sbel/gazebo-demo/install/car_demo/share/car_demo/models/mcity/materials/textures/OverheadSigns.png\n'}
[0.987825] (car_demo) StdoutLine: {'line': b'-- Up-to-date: /sbel/gazebo-demo/install/car_demo/share/car_demo/models/mcity/materials/textures/Brick.png\n'}
[0.987887] (car_demo) StdoutLine: {'line': b'-- Up-to-date: /sbel/gazebo-demo/install/car_demo/share/car_demo/models/mcity/materials/textures/Road_DoubleYellowLine.png\n'}
[0.987940] (car_demo) StdoutLine: {'line': b'-- Up-to-date: /sbel/gazebo-demo/install/car_demo/share/car_demo/models/mcity/materials/textures/Road_SingleWhiteLine.png\n'}
[0.987993] (car_demo) StdoutLine: {'line': b'-- Up-to-date: /sbel/gazebo-demo/install/car_demo/share/car_demo/models/mcity/materials/textures/Road_DoubleYellowLine_Light.png\n'}
[0.988084] (car_demo) StdoutLine: {'line': b'-- Up-to-date: /sbel/gazebo-demo/install/car_demo/share/car_demo/models/mcity/materials/textures/Road_Blank.png\n'}
[0.988166] (car_demo) StdoutLine: {'line': b'-- Up-to-date: /sbel/gazebo-demo/install/car_demo/share/car_demo/models/mcity/materials/textures/StreetLamp_Short.png\n'}
[0.988237] (car_demo) StdoutLine: {'line': b'-- Up-to-date: /sbel/gazebo-demo/install/car_demo/share/car_demo/models/mcity/materials/textures/Colors.png\n'}
[0.988302] (car_demo) StdoutLine: {'line': b'-- Up-to-date: /sbel/gazebo-demo/install/car_demo/share/car_demo/models/mcity/materials/textures/OverheadSignBase.png\n'}
[0.988350] (car_demo) StdoutLine: {'line': b'-- Up-to-date: /sbel/gazebo-demo/install/car_demo/share/car_demo/models/mcity/materials/textures/StreetLamp_Tall.png\n'}
[0.988403] (car_demo) StdoutLine: {'line': b'-- Up-to-date: /sbel/gazebo-demo/install/car_demo/share/car_demo/models/mcity/materials/textures/Tunnel.png\n'}
[0.988465] (car_demo) StdoutLine: {'line': b'-- Up-to-date: /sbel/gazebo-demo/install/car_demo/share/car_demo/models/mcity/materials/textures/Buildings.png\n'}
[0.988520] (car_demo) StdoutLine: {'line': b'-- Up-to-date: /sbel/gazebo-demo/install/car_demo/share/car_demo/models/mcity/materials/textures/Concrete_Ground.png\n'}
[0.988580] (car_demo) StdoutLine: {'line': b'-- Up-to-date: /sbel/gazebo-demo/install/car_demo/share/car_demo/models/mcity/materials/textures/Crosswalk.png\n'}
[0.988640] (car_demo) StdoutLine: {'line': b'-- Up-to-date: /sbel/gazebo-demo/install/car_demo/share/car_demo/models/mcity/materials/textures/TrafficBarrel.png\n'}
[0.988693] (car_demo) StdoutLine: {'line': b'-- Up-to-date: /sbel/gazebo-demo/install/car_demo/share/car_demo/models/mcity/materials/textures/RailroadGate.png\n'}
[0.988752] (car_demo) StdoutLine: {'line': b'-- Up-to-date: /sbel/gazebo-demo/install/car_demo/share/car_demo/models/mcity/materials/textures/Gravel.png\n'}
[0.988807] (car_demo) StdoutLine: {'line': b'-- Up-to-date: /sbel/gazebo-demo/install/car_demo/share/car_demo/models/mcity/materials/textures/Grass.png\n'}
[0.988868] (car_demo) StdoutLine: {'line': b'-- Up-to-date: /sbel/gazebo-demo/install/car_demo/share/car_demo/models/mcity/materials/textures/Curb.png\n'}
[0.988924] (car_demo) StdoutLine: {'line': b'-- Up-to-date: /sbel/gazebo-demo/install/car_demo/share/car_demo/models/mcity/materials/textures/Road_Blank_Light.png\n'}
[0.988968] (car_demo) StdoutLine: {'line': b'-- Up-to-date: /sbel/gazebo-demo/install/car_demo/share/car_demo/models/mcity/materials/textures/Asphalt.png\n'}
[0.989021] (car_demo) StdoutLine: {'line': b'-- Up-to-date: /sbel/gazebo-demo/install/car_demo/share/car_demo/models/mcity/model.config\n'}
[0.989084] (car_demo) StdoutLine: {'line': b'-- Up-to-date: /sbel/gazebo-demo/install/car_demo/share/car_demo/models/mcity/model.sdf\n'}
[0.989145] (car_demo) StdoutLine: {'line': b'-- Up-to-date: /sbel/gazebo-demo/install/car_demo/share/car_demo/models/house_2\n'}
[0.989200] (car_demo) StdoutLine: {'line': b'-- Up-to-date: /sbel/gazebo-demo/install/car_demo/share/car_demo/models/house_2/model-1_4.sdf\n'}
[0.989262] (car_demo) StdoutLine: {'line': b'-- Up-to-date: /sbel/gazebo-demo/install/car_demo/share/car_demo/models/house_2/meshes\n'}
[0.989322] (car_demo) StdoutLine: {'line': b'-- Up-to-date: /sbel/gazebo-demo/install/car_demo/share/car_demo/models/house_2/meshes/house_2.dae\n'}
[0.989376] (car_demo) StdoutLine: {'line': b'-- Up-to-date: /sbel/gazebo-demo/install/car_demo/share/car_demo/models/house_2/model-1_3.sdf\n'}
[0.989437] (car_demo) StdoutLine: {'line': b'-- Up-to-date: /sbel/gazebo-demo/install/car_demo/share/car_demo/models/house_2/materials\n'}
[0.989489] (car_demo) StdoutLine: {'line': b'-- Up-to-date: /sbel/gazebo-demo/install/car_demo/share/car_demo/models/house_2/materials/scripts\n'}
[0.989557] (car_demo) StdoutLine: {'line': b'-- Up-to-date: /sbel/gazebo-demo/install/car_demo/share/car_demo/models/house_2/materials/scripts/house_2.material\n'}
[0.989621] (car_demo) StdoutLine: {'line': b'-- Up-to-date: /sbel/gazebo-demo/install/car_demo/share/car_demo/models/house_2/materials/textures\n'}
[0.989674] (car_demo) StdoutLine: {'line': b'-- Up-to-date: /sbel/gazebo-demo/install/car_demo/share/car_demo/models/house_2/materials/textures/House_2_Diffuse.png\n'}
[0.989725] (car_demo) StdoutLine: {'line': b'-- Up-to-date: /sbel/gazebo-demo/install/car_demo/share/car_demo/models/house_2/model.config\n'}
[0.989777] (car_demo) StdoutLine: {'line': b'-- Up-to-date: /sbel/gazebo-demo/install/car_demo/share/car_demo/models/house_2/model.sdf\n'}
[0.989831] (car_demo) StdoutLine: {'line': b'-- Up-to-date: /sbel/gazebo-demo/install/car_demo/share/car_demo/models/jersey_barrier\n'}
[0.989884] (car_demo) StdoutLine: {'line': b'-- Up-to-date: /sbel/gazebo-demo/install/car_demo/share/car_demo/models/jersey_barrier/model-1_4.sdf\n'}
[0.989941] (car_demo) StdoutLine: {'line': b'-- Up-to-date: /sbel/gazebo-demo/install/car_demo/share/car_demo/models/jersey_barrier/meshes\n'}
[0.990001] (car_demo) StdoutLine: {'line': b'-- Up-to-date: /sbel/gazebo-demo/install/car_demo/share/car_demo/models/jersey_barrier/meshes/jersey_barrier.dae\n'}
[0.990061] (car_demo) StdoutLine: {'line': b'-- Up-to-date: /sbel/gazebo-demo/install/car_demo/share/car_demo/models/jersey_barrier/materials\n'}
[0.990115] (car_demo) StdoutLine: {'line': b'-- Up-to-date: /sbel/gazebo-demo/install/car_demo/share/car_demo/models/jersey_barrier/materials/textures\n'}
[0.990178] (car_demo) StdoutLine: {'line': b'-- Up-to-date: /sbel/gazebo-demo/install/car_demo/share/car_demo/models/jersey_barrier/materials/textures/jersey_barrier_spec.png\n'}
[0.990232] (car_demo) StdoutLine: {'line': b'-- Up-to-date: /sbel/gazebo-demo/install/car_demo/share/car_demo/models/jersey_barrier/materials/textures/jersey_barrier_diffuse.png\n'}
[0.990285] (car_demo) StdoutLine: {'line': b'-- Up-to-date: /sbel/gazebo-demo/install/car_demo/share/car_demo/models/jersey_barrier/materials/textures/jersey_barrier.png\n'}
[0.990328] (car_demo) StdoutLine: {'line': b'-- Up-to-date: /sbel/gazebo-demo/install/car_demo/share/car_demo/models/jersey_barrier/model.config\n'}
[0.990371] (car_demo) StdoutLine: {'line': b'-- Up-to-date: /sbel/gazebo-demo/install/car_demo/share/car_demo/models/jersey_barrier/model.sdf\n'}
[0.990431] (car_demo) StdoutLine: {'line': b'-- Up-to-date: /sbel/gazebo-demo/install/car_demo/share/car_demo/models/powerplant\n'}
[0.990481] (car_demo) StdoutLine: {'line': b'-- Up-to-date: /sbel/gazebo-demo/install/car_demo/share/car_demo/models/powerplant/model-1_2.sdf\n'}
[0.990536] (car_demo) StdoutLine: {'line': b'-- Up-to-date: /sbel/gazebo-demo/install/car_demo/share/car_demo/models/powerplant/model-1_4.sdf\n'}
[0.990590] (car_demo) StdoutLine: {'line': b'-- Up-to-date: /sbel/gazebo-demo/install/car_demo/share/car_demo/models/powerplant/meshes\n'}
[0.990640] (car_demo) StdoutLine: {'line': b'-- Up-to-date: /sbel/gazebo-demo/install/car_demo/share/car_demo/models/powerplant/meshes/powerplant.dae\n'}
[0.990699] (car_demo) StdoutLine: {'line': b'-- Up-to-date: /sbel/gazebo-demo/install/car_demo/share/car_demo/models/powerplant/model-1_3.sdf\n'}
[0.990750] (car_demo) StdoutLine: {'line': b'-- Up-to-date: /sbel/gazebo-demo/install/car_demo/share/car_demo/models/powerplant/materials\n'}
[0.990808] (car_demo) StdoutLine: {'line': b'-- Up-to-date: /sbel/gazebo-demo/install/car_demo/share/car_demo/models/powerplant/materials/textures\n'}
[0.990860] (car_demo) StdoutLine: {'line': b'-- Up-to-date: /sbel/gazebo-demo/install/car_demo/share/car_demo/models/powerplant/materials/textures/__auto_8.png\n'}
[0.990911] (car_demo) StdoutLine: {'line': b'-- Up-to-date: /sbel/gazebo-demo/install/car_demo/share/car_demo/models/powerplant/materials/textures/__auto_37.png\n'}
[0.990962] (car_demo) StdoutLine: {'line': b'-- Up-to-date: /sbel/gazebo-demo/install/car_demo/share/car_demo/models/powerplant/materials/textures/__auto_1.png\n'}
[0.991030] (car_demo) StdoutLine: {'line': b'-- Up-to-date: /sbel/gazebo-demo/install/car_demo/share/car_demo/models/powerplant/materials/textures/__auto_36.png\n'}
[0.991083] (car_demo) StdoutLine: {'line': b'-- Up-to-date: /sbel/gazebo-demo/install/car_demo/share/car_demo/models/powerplant/materials/textures/__auto_23.png\n'}
[0.991134] (car_demo) StdoutLine: {'line': b'-- Up-to-date: /sbel/gazebo-demo/install/car_demo/share/car_demo/models/powerplant/materials/textures/__auto_25.png\n'}
[0.991186] (car_demo) StdoutLine: {'line': b'-- Up-to-date: /sbel/gazebo-demo/install/car_demo/share/car_demo/models/powerplant/materials/textures/__auto_27.png\n'}
[0.991227] (car_demo) StdoutLine: {'line': b'-- Up-to-date: /sbel/gazebo-demo/install/car_demo/share/car_demo/models/powerplant/materials/textures/__auto_6.png\n'}
[0.991269] (car_demo) StdoutLine: {'line': b'-- Up-to-date: /sbel/gazebo-demo/install/car_demo/share/car_demo/models/powerplant/materials/textures/__auto_13.png\n'}
[0.991309] (car_demo) StdoutLine: {'line': b'-- Up-to-date: /sbel/gazebo-demo/install/car_demo/share/car_demo/models/powerplant/materials/textures/__auto_2.png\n'}
[0.991350] (car_demo) StdoutLine: {'line': b'-- Up-to-date: /sbel/gazebo-demo/install/car_demo/share/car_demo/models/powerplant/materials/textures/__auto_21.png\n'}
[0.991400] (car_demo) StdoutLine: {'line': b'-- Up-to-date: /sbel/gazebo-demo/install/car_demo/share/car_demo/models/powerplant/materials/textures/__auto_34.png\n'}
[0.991441] (car_demo) StdoutLine: {'line': b'-- Up-to-date: /sbel/gazebo-demo/install/car_demo/share/car_demo/models/powerplant/materials/textures/__auto_33.png\n'}
[0.991481] (car_demo) StdoutLine: {'line': b'-- Up-to-date: /sbel/gazebo-demo/install/car_demo/share/car_demo/models/powerplant/materials/textures/__auto_7.png\n'}
[0.991521] (car_demo) StdoutLine: {'line': b'-- Up-to-date: /sbel/gazebo-demo/install/car_demo/share/car_demo/models/powerplant/materials/textures/__auto_32.png\n'}
[0.991561] (car_demo) StdoutLine: {'line': b'-- Up-to-date: /sbel/gazebo-demo/install/car_demo/share/car_demo/models/powerplant/materials/textures/__auto_19.png\n'}
[0.991600] (car_demo) StdoutLine: {'line': b'-- Up-to-date: /sbel/gazebo-demo/install/car_demo/share/car_demo/models/powerplant/materials/textures/__auto_20.png\n'}
[0.991640] (car_demo) StdoutLine: {'line': b'-- Up-to-date: /sbel/gazebo-demo/install/car_demo/share/car_demo/models/powerplant/materials/textures/__auto_11.png\n'}
[0.991680] (car_demo) StdoutLine: {'line': b'-- Up-to-date: /sbel/gazebo-demo/install/car_demo/share/car_demo/models/powerplant/materials/textures/__auto_38.png\n'}
[0.991719] (car_demo) StdoutLine: {'line': b'-- Up-to-date: /sbel/gazebo-demo/install/car_demo/share/car_demo/models/powerplant/materials/textures/__auto_17.png\n'}
[0.991759] (car_demo) StdoutLine: {'line': b'-- Up-to-date: /sbel/gazebo-demo/install/car_demo/share/car_demo/models/powerplant/materials/textures/__auto_3.png\n'}
[0.991811] (car_demo) StdoutLine: {'line': b'-- Up-to-date: /sbel/gazebo-demo/install/car_demo/share/car_demo/models/powerplant/materials/textures/__auto_35.png\n'}
[0.991853] (car_demo) StdoutLine: {'line': b'-- Up-to-date: /sbel/gazebo-demo/install/car_demo/share/car_demo/models/powerplant/materials/textures/__auto_10.png\n'}
[0.991893] (car_demo) StdoutLine: {'line': b'-- Up-to-date: /sbel/gazebo-demo/install/car_demo/share/car_demo/models/powerplant/materials/textures/__auto_12.png\n'}
[0.991938] (car_demo) StdoutLine: {'line': b'-- Up-to-date: /sbel/gazebo-demo/install/car_demo/share/car_demo/models/powerplant/materials/textures/__auto_26.png\n'}
[0.991978] (car_demo) StdoutLine: {'line': b'-- Up-to-date: /sbel/gazebo-demo/install/car_demo/share/car_demo/models/powerplant/materials/textures/__auto_9.png\n'}
[0.992018] (car_demo) StdoutLine: {'line': b'-- Up-to-date: /sbel/gazebo-demo/install/car_demo/share/car_demo/models/powerplant/materials/textures/__auto_.png\n'}
[0.992058] (car_demo) StdoutLine: {'line': b'-- Up-to-date: /sbel/gazebo-demo/install/car_demo/share/car_demo/models/powerplant/materials/textures/__auto_22.png\n'}
[0.992097] (car_demo) StdoutLine: {'line': b'-- Up-to-date: /sbel/gazebo-demo/install/car_demo/share/car_demo/models/powerplant/model.config\n'}
[0.992138] (car_demo) StdoutLine: {'line': b'-- Up-to-date: /sbel/gazebo-demo/install/car_demo/share/car_demo/models/powerplant/model.sdf\n'}
[0.992178] (car_demo) StdoutLine: {'line': b'-- Up-to-date: /sbel/gazebo-demo/install/car_demo/share/car_demo/models/cloverleaf_interchange\n'}
[0.992218] (car_demo) StdoutLine: {'line': b'-- Up-to-date: /sbel/gazebo-demo/install/car_demo/share/car_demo/models/cloverleaf_interchange/meshes\n'}
[0.992258] (car_demo) StdoutLine: {'line': b'-- Up-to-date: /sbel/gazebo-demo/install/car_demo/share/car_demo/models/cloverleaf_interchange/meshes/cloverleaf.obj\n'}
[0.992298] (car_demo) StdoutLine: {'line': b'-- Up-to-date: /sbel/gazebo-demo/install/car_demo/share/car_demo/models/cloverleaf_interchange/meshes/cloverleaf.mtl\n'}
[0.992338] (car_demo) StdoutLine: {'line': b'-- Up-to-date: /sbel/gazebo-demo/install/car_demo/share/car_demo/models/cloverleaf_interchange/materials\n'}
[0.992377] (car_demo) StdoutLine: {'line': b'-- Up-to-date: /sbel/gazebo-demo/install/car_demo/share/car_demo/models/cloverleaf_interchange/materials/textures\n'}
[0.992418] (car_demo) StdoutLine: {'line': b'-- Up-to-date: /sbel/gazebo-demo/install/car_demo/share/car_demo/models/cloverleaf_interchange/materials/textures/arrow.png\n'}
[0.992459] (car_demo) StdoutLine: {'line': b'-- Up-to-date: /sbel/gazebo-demo/install/car_demo/share/car_demo/models/cloverleaf_interchange/materials/textures/grass.png\n'}
[0.992499] (car_demo) StdoutLine: {'line': b'-- Up-to-date: /sbel/gazebo-demo/install/car_demo/share/car_demo/models/cloverleaf_interchange/materials/textures/cross.png\n'}
[0.992539] (car_demo) StdoutLine: {'line': b'-- Up-to-date: /sbel/gazebo-demo/install/car_demo/share/car_demo/models/cloverleaf_interchange/materials/textures/road.png\n'}
[0.992580] (car_demo) StdoutLine: {'line': b'-- Up-to-date: /sbel/gazebo-demo/install/car_demo/share/car_demo/models/cloverleaf_interchange/materials/textures/concrete.png\n'}
[0.992620] (car_demo) StdoutLine: {'line': b'-- Up-to-date: /sbel/gazebo-demo/install/car_demo/share/car_demo/models/cloverleaf_interchange/model.config\n'}
[0.992661] (car_demo) StdoutLine: {'line': b'-- Up-to-date: /sbel/gazebo-demo/install/car_demo/share/car_demo/models/cloverleaf_interchange/model.sdf\n'}
[0.992701] (car_demo) StdoutLine: {'line': b'-- Up-to-date: /sbel/gazebo-demo/install/car_demo/share/car_demo/models/gas_station\n'}
[0.992741] (car_demo) StdoutLine: {'line': b'-- Up-to-date: /sbel/gazebo-demo/install/car_demo/share/car_demo/models/gas_station/model-1_4.sdf\n'}
[0.992781] (car_demo) StdoutLine: {'line': b'-- Up-to-date: /sbel/gazebo-demo/install/car_demo/share/car_demo/models/gas_station/meshes\n'}
[0.992825] (car_demo) StdoutLine: {'line': b'-- Up-to-date: /sbel/gazebo-demo/install/car_demo/share/car_demo/models/gas_station/meshes/gas_station.dae\n'}
[0.992870] (car_demo) StdoutLine: {'line': b'-- Up-to-date: /sbel/gazebo-demo/install/car_demo/share/car_demo/models/gas_station/model-1_3.sdf\n'}
[0.992957] (car_demo) StdoutLine: {'line': b'-- Up-to-date: /sbel/gazebo-demo/install/car_demo/share/car_demo/models/gas_station/materials\n'}
[0.993047] (car_demo) StdoutLine: {'line': b'-- Up-to-date: /sbel/gazebo-demo/install/car_demo/share/car_demo/models/gas_station/materials/scripts\n'}
[0.993234] (car_demo) StdoutLine: {'line': b'-- Up-to-date: /sbel/gazebo-demo/install/car_demo/share/car_demo/models/gas_station/materials/scripts/gas_station.material\n'}
[0.993606] (car_demo) StdoutLine: {'line': b'-- Up-to-date: /sbel/gazebo-demo/install/car_demo/share/car_demo/models/gas_station/materials/textures\n'}
[0.993760] (car_demo) StdoutLine: {'line': b'-- Up-to-date: /sbel/gazebo-demo/install/car_demo/share/car_demo/models/gas_station/materials/textures/GasStation_Normal.png\n'}
[0.993910] (car_demo) StdoutLine: {'line': b'-- Up-to-date: /sbel/gazebo-demo/install/car_demo/share/car_demo/models/gas_station/materials/textures/GasStation_Spec.png\n'}
[0.994043] (car_demo) StdoutLine: {'line': b'-- Up-to-date: /sbel/gazebo-demo/install/car_demo/share/car_demo/models/gas_station/materials/textures/GasStation_Diffuse.png\n'}
[0.994189] (car_demo) StdoutLine: {'line': b'-- Up-to-date: /sbel/gazebo-demo/install/car_demo/share/car_demo/models/gas_station/model.config\n'}
[0.994305] (car_demo) StdoutLine: {'line': b'-- Up-to-date: /sbel/gazebo-demo/install/car_demo/share/car_demo/models/gas_station/model.sdf\n'}
[0.994370] (car_demo) StdoutLine: {'line': b'-- Up-to-date: /sbel/gazebo-demo/install/car_demo/share/car_demo/models/dumpster\n'}
[0.994482] (car_demo) StdoutLine: {'line': b'-- Up-to-date: /sbel/gazebo-demo/install/car_demo/share/car_demo/models/dumpster/model-1_4.sdf\n'}
[0.994613] (car_demo) StdoutLine: {'line': b'-- Up-to-date: /sbel/gazebo-demo/install/car_demo/share/car_demo/models/dumpster/meshes\n'}
[0.994768] (car_demo) StdoutLine: {'line': b'-- Up-to-date: /sbel/gazebo-demo/install/car_demo/share/car_demo/models/dumpster/meshes/dumpster.dae\n'}
[0.994833] (car_demo) StdoutLine: {'line': b'-- Up-to-date: /sbel/gazebo-demo/install/car_demo/share/car_demo/models/dumpster/model-1_3.sdf\n'}
[0.994945] (car_demo) StdoutLine: {'line': b'-- Up-to-date: /sbel/gazebo-demo/install/car_demo/share/car_demo/models/dumpster/materials\n'}
[0.995085] (car_demo) StdoutLine: {'line': b'-- Up-to-date: /sbel/gazebo-demo/install/car_demo/share/car_demo/models/dumpster/materials/scripts\n'}
[0.995147] (car_demo) StdoutLine: {'line': b'-- Up-to-date: /sbel/gazebo-demo/install/car_demo/share/car_demo/models/dumpster/materials/scripts/dumpster.material\n'}
[0.995269] (car_demo) StdoutLine: {'line': b'-- Up-to-date: /sbel/gazebo-demo/install/car_demo/share/car_demo/models/dumpster/materials/textures\n'}
[0.995400] (car_demo) StdoutLine: {'line': b'-- Up-to-date: /sbel/gazebo-demo/install/car_demo/share/car_demo/models/dumpster/materials/textures/Dumpster_Spec.png\n'}
[0.995465] (car_demo) StdoutLine: {'line': b'-- Up-to-date: /sbel/gazebo-demo/install/car_demo/share/car_demo/models/dumpster/materials/textures/Dumpster_Diffuse.png\n'}
[0.995574] (car_demo) StdoutLine: {'line': b'-- Up-to-date: /sbel/gazebo-demo/install/car_demo/share/car_demo/models/dumpster/model.config\n'}
[0.995706] (car_demo) StdoutLine: {'line': b'-- Up-to-date: /sbel/gazebo-demo/install/car_demo/share/car_demo/models/dumpster/model.sdf\n'}
[0.995771] (car_demo) StdoutLine: {'line': b'-- Up-to-date: /sbel/gazebo-demo/install/car_demo/share/car_demo/rviz\n'}
[0.995885] (car_demo) StdoutLine: {'line': b'-- Up-to-date: /sbel/gazebo-demo/install/car_demo/share/car_demo/rviz/ros2.rviz\n'}
[0.995949] (car_demo) StdoutLine: {'line': b'-- Up-to-date: /sbel/gazebo-demo/install/car_demo/share/car_demo/worlds\n'}
[0.996062] (car_demo) StdoutLine: {'line': b'-- Up-to-date: /sbel/gazebo-demo/install/car_demo/share/car_demo/worlds/mcity.world\n'}
[0.996157] (car_demo) StdoutLine: {'line': b'-- Up-to-date: /sbel/gazebo-demo/install/car_demo/lib/libPriusHybridPlugin.so\n'}
[0.996219] (car_demo) CommandEnded: {'returncode': 0}
[1.000584] (-) TimerEvent: {}
[1.100846] (-) TimerEvent: {}
[1.125444] (car_demo) JobEnded: {'identifier': 'car_demo', 'rc': 0}
[1.126011] (-) EventReactorShutdown: {}
