[0.083s] Invoking command in '/sbel/gazebo-demo/build/prius_description': CMAKE_PREFIX_PATH=${CMAKE_PREFIX_PATH}:/opt/ros/humble /usr/bin/cmake /sbel/gazebo-demo/prius_description -DAMENT_CMAKE_SYMLINK_INSTALL=1 -DCMAKE_INSTALL_PREFIX=/sbel/gazebo-demo/install/prius_description
[0.092s] -- Found ament_cmake: 1.3.5 (/opt/ros/humble/share/ament_cmake/cmake)
[0.193s] -- Override CMake install command with custom implementation using symlinks instead of copying resources
[0.201s] -- Found xacro: 2.0.8 (/opt/ros/humble/share/xacro/cmake)
[0.250s] -- Configuring done
[0.253s] -- Generating done
[0.253s] -- Build files have been written to: /sbel/gazebo-demo/build/prius_description
[0.256s] Invoked command in '/sbel/gazebo-demo/build/prius_description' returned '0': CMAKE_PREFIX_PATH=${CMAKE_PREFIX_PATH}:/opt/ros/humble /usr/bin/cmake /sbel/gazebo-demo/prius_description -DAMENT_CMAKE_SYMLINK_INSTALL=1 -DCMAKE_INSTALL_PREFIX=/sbel/gazebo-demo/install/prius_description
[0.257s] Invoking command in '/sbel/gazebo-demo/build/prius_description': CMAKE_PREFIX_PATH=${CMAKE_PREFIX_PATH}:/opt/ros/humble /usr/bin/cmake --build /sbel/gazebo-demo/build/prius_description -- -j16 -l16
[0.286s] Invoked command in '/sbel/gazebo-demo/build/prius_description' returned '0': CMAKE_PREFIX_PATH=${CMAKE_PREFIX_PATH}:/opt/ros/humble /usr/bin/cmake --build /sbel/gazebo-demo/build/prius_description -- -j16 -l16
[0.311s] Invoking command in '/sbel/gazebo-demo/build/prius_description': CMAKE_PREFIX_PATH=${CMAKE_PREFIX_PATH}:/opt/ros/humble /usr/bin/cmake --install /sbel/gazebo-demo/build/prius_description
[0.317s] -- Install configuration: ""
[0.317s] -- Execute custom install script
[0.317s] -- Symlinking: /sbel/gazebo-demo/install/prius_description/share/prius_description/environment/gazebo_envs.sh
[0.324s] -- Symlinking: /sbel/gazebo-demo/install/prius_description/share/prius_description/meshes/Hybrid.png
[0.331s] -- Symlinking: /sbel/gazebo-demo/install/prius_description/share/prius_description/meshes/Hybrid_Interior.png
[0.338s] -- Symlinking: /sbel/gazebo-demo/install/prius_description/share/prius_description/meshes/Wheels3.png
[0.344s] -- Symlinking: /sbel/gazebo-demo/install/prius_description/share/prius_description/meshes/hybrid_body.mtl
[0.351s] -- Symlinking: /sbel/gazebo-demo/install/prius_description/share/prius_description/meshes/hybrid_body.obj
[0.357s] -- Symlinking: /sbel/gazebo-demo/install/prius_description/share/prius_description/meshes/model.config
[0.364s] -- Symlinking: /sbel/gazebo-demo/install/prius_description/share/prius_description/meshes/steering_wheel.mtl
[0.371s] -- Symlinking: /sbel/gazebo-demo/install/prius_description/share/prius_description/meshes/steering_wheel.obj
[0.378s] -- Symlinking: /sbel/gazebo-demo/install/prius_description/share/prius_description/meshes/wheel.mtl
[0.384s] -- Symlinking: /sbel/gazebo-demo/install/prius_description/share/prius_description/meshes/wheel.obj
[0.391s] -- Symlinking: /sbel/gazebo-demo/install/prius_description/share/prius_description/urdf/prius.urdf
[0.398s] -- Symlinking: /sbel/gazebo-demo/install/prius_description/share/prius_description/model.config
[0.404s] -- Symlinking: /sbel/gazebo-demo/install/prius_description/share/ament_index/resource_index/package_run_dependencies/prius_description
[0.411s] -- Symlinking: /sbel/gazebo-demo/install/prius_description/share/ament_index/resource_index/parent_prefix_path/prius_description
[0.418s] -- Symlinking: /sbel/gazebo-demo/install/prius_description/share/prius_description/environment/ament_prefix_path.sh
[0.425s] -- Symlinking: /sbel/gazebo-demo/install/prius_description/share/prius_description/environment/ament_prefix_path.dsv
[0.431s] -- Symlinking: /sbel/gazebo-demo/install/prius_description/share/prius_description/environment/path.sh
[0.438s] -- Symlinking: /sbel/gazebo-demo/install/prius_description/share/prius_description/environment/path.dsv
[0.444s] -- Symlinking: /sbel/gazebo-demo/install/prius_description/share/prius_description/local_setup.bash
[0.451s] -- Symlinking: /sbel/gazebo-demo/install/prius_description/share/prius_description/local_setup.sh
[0.458s] -- Symlinking: /sbel/gazebo-demo/install/prius_description/share/prius_description/local_setup.zsh
[0.465s] -- Symlinking: /sbel/gazebo-demo/install/prius_description/share/prius_description/local_setup.dsv
[0.471s] -- Symlinking: /sbel/gazebo-demo/install/prius_description/share/prius_description/package.dsv
[0.478s] -- Symlinking: /sbel/gazebo-demo/install/prius_description/share/ament_index/resource_index/packages/prius_description
[0.485s] -- Symlinking: /sbel/gazebo-demo/install/prius_description/share/prius_description/cmake/prius_descriptionConfig.cmake
[0.492s] -- Symlinking: /sbel/gazebo-demo/install/prius_description/share/prius_description/cmake/prius_descriptionConfig-version.cmake
[0.498s] -- Symlinking: /sbel/gazebo-demo/install/prius_description/share/prius_description/package.xml
[0.506s] Invoked command in '/sbel/gazebo-demo/build/prius_description' returned '0': CMAKE_PREFIX_PATH=${CMAKE_PREFIX_PATH}:/opt/ros/humble /usr/bin/cmake --install /sbel/gazebo-demo/build/prius_description
