[0.054s] Invoking command in '/sbel/gazebo-demo/build/car_demo': CMAKE_PREFIX_PATH=/sbel/gazebo-demo/install/prius_msgs:/sbel/gazebo-demo/install/prius_description:/sbel/gazebo-demo/install/car_demo:/chrono_ros_interfaces/install/chrono_ros_interfaces:/opt/ros/humble GAZEBO_MODEL_PATH=/sbel/gazebo-demo/install/prius_description/share/prius_description/models:${GAZEBO_MODEL_PATH} LD_LIBRARY_PATH=/sbel/gazebo-demo/install/prius_msgs/lib:/sbel/gazebo-demo/install/car_demo/lib:/usr/lib/x86_64-linux-gnu/gazebo-11/plugins:/chrono_ros_interfaces/install/chrono_ros_interfaces/lib:/opt/ros/humble/opt/rviz_ogre_vendor/lib:/opt/ros/humble/lib/x86_64-linux-gnu:/opt/ros/humble/lib /usr/bin/cmake --build /sbel/gazebo-demo/build/car_demo -- -j16 -l16
[0.078s] -- Found ament_cmake: 1.3.5 (/opt/ros/humble/share/ament_cmake/cmake)
[0.175s] -- Override CMake install command with custom implementation using symlinks instead of copying resources
[0.181s] -- Found rclcpp: 16.0.6 (/opt/ros/humble/share/rclcpp/cmake)
[0.207s] -- Found rosidl_generator_c: 3.1.5 (/opt/ros/humble/share/rosidl_generator_c/cmake)
[0.209s] -- Found rosidl_adapter: 3.1.5 (/opt/ros/humble/share/rosidl_adapter/cmake)
[0.213s] -- Found rosidl_generator_cpp: 3.1.5 (/opt/ros/humble/share/rosidl_generator_cpp/cmake)
[0.221s] -- Using all available rosidl_typesupport_c: rosidl_typesupport_fastrtps_c;rosidl_typesupport_introspection_c
[0.231s] -- Using all available rosidl_typesupport_cpp: rosidl_typesupport_fastrtps_cpp;rosidl_typesupport_introspection_cpp
[0.276s] -- Found rmw_implementation_cmake: 6.1.1 (/opt/ros/humble/share/rmw_implementation_cmake/cmake)
[0.278s] -- Found rmw_fastrtps_cpp: 6.2.4 (/opt/ros/humble/share/rmw_fastrtps_cpp/cmake)
[0.412s] -- Using RMW implementation 'rmw_fastrtps_cpp' as default
[0.519s] -- Found rclpy: 3.3.10 (/opt/ros/humble/share/rclpy/cmake)
[0.519s] -- Found gazebo_dev: 3.7.0 (/opt/ros/humble/share/gazebo_dev/cmake)
[0.545s] -- Found DART: /usr/include (Required is at least version "6.6") found components: dart 
[0.568s] -- Found Protobuf: /usr/lib/x86_64-linux-gnu/libprotobuf.so (found version "3.12.4") 
[0.571s] -- Looking for ignition-math6 -- found version 6.15.1
[0.576s] -- Searching for dependencies of ignition-math6
[0.577s] -- Looking for OGRE...
[0.581s] -- Found Ogre Ghadamon (1.9.0)
[0.581s] -- Found OGRE: optimized;/usr/lib/x86_64-linux-gnu/libOgreMain.so;debug;/usr/lib/x86_64-linux-gnu/libOgreMain.so
[0.588s] -- Looking for OGRE_Paging...
[0.588s] -- Found OGRE_Paging: optimized;/usr/lib/x86_64-linux-gnu/libOgrePaging.so;debug;/usr/lib/x86_64-linux-gnu/libOgrePaging.so
[0.588s] -- Looking for OGRE_Terrain...
[0.588s] -- Found OGRE_Terrain: optimized;/usr/lib/x86_64-linux-gnu/libOgreTerrain.so;debug;/usr/lib/x86_64-linux-gnu/libOgreTerrain.so
[0.588s] -- Looking for OGRE_Property...
[0.588s] -- Found OGRE_Property: optimized;/usr/lib/x86_64-linux-gnu/libOgreProperty.so;debug;/usr/lib/x86_64-linux-gnu/libOgreProperty.so
[0.588s] -- Looking for OGRE_RTShaderSystem...
[0.588s] -- Found OGRE_RTShaderSystem: optimized;/usr/lib/x86_64-linux-gnu/libOgreRTShaderSystem.so;debug;/usr/lib/x86_64-linux-gnu/libOgreRTShaderSystem.so
[0.588s] -- Looking for OGRE_Volume...
[0.588s] -- Found OGRE_Volume: optimized;/usr/lib/x86_64-linux-gnu/libOgreVolume.so;debug;/usr/lib/x86_64-linux-gnu/libOgreVolume.so
[0.588s] -- Looking for OGRE_Overlay...
[0.588s] -- Found OGRE_Overlay: optimized;/usr/lib/x86_64-linux-gnu/libOgreOverlay.so;debug;/usr/lib/x86_64-linux-gnu/libOgreOverlay.so
[0.660s] -- Looking for ignition-math6 -- found version 6.15.1
[0.661s] -- Looking for ignition-transport8 -- found version 8.2.1
[0.661s] -- Searching for dependencies of ignition-transport8
[0.685s] -- Found Protobuf: /usr/lib/x86_64-linux-gnu/libprotobuf.so (found suitable version "3.12.4", minimum required is "3") 
[0.703s] -- Config-file not installed for ZeroMQ -- checking for pkg-config
[0.706s] -- Checking for module 'libzmq >= 4'
[0.720s] --   Found libzmq , version 4.3.4
[0.758s] -- Checking for module 'uuid'
[0.770s] --   Found uuid, version 2.37.2
[0.800s] -- Looking for ignition-msgs5 -- found version 5.8.1
[0.800s] -- Searching for dependencies of ignition-msgs5
[0.824s] -- Looking for ignition-math6 -- found version 6.15.1
[0.828s] -- Checking for module 'tinyxml2'
[0.840s] --   Found tinyxml2, version 9.0.0
[0.870s] -- Looking for ignition-msgs5 -- found version 5.8.1
[0.871s] -- Looking for ignition-common3 -- found version 3.14.0
[0.871s] -- Searching for dependencies of ignition-common3
[0.871s] -- Looking for dlfcn.h - found
[0.871s] -- Looking for libdl - found
[0.880s] -- Searching for <ignition-common3> component [graphics]
[0.881s] -- Looking for ignition-common3-graphics -- found version 3.14.0
[0.881s] -- Searching for dependencies of ignition-common3-graphics
[0.881s] -- Looking for ignition-math6 -- found version 6.15.1
[0.882s] -- Looking for ignition-fuel_tools4 -- found version 4.4.0
[0.883s] -- Searching for dependencies of ignition-fuel_tools4
[0.921s] -- Checking for module 'jsoncpp'
[0.933s] --   Found jsoncpp, version 1.9.5
[0.967s] -- Checking for module 'libzip'
[0.979s] --   Found libzip, version 1.7.3
[1.008s] -- Looking for ignition-common3 -- found version 3.14.0
[1.009s] -- Looking for ignition-math6 -- found version 6.15.1
[1.009s] -- Looking for ignition-msgs5 -- found version 5.8.1
[1.011s] -- Gazebo version: 11.10
[1.011s] -- Found gazebo_msgs: 3.7.0 (/opt/ros/humble/share/gazebo_msgs/cmake)
[1.180s] -- Found gazebo_ros: 3.7.0 (/opt/ros/humble/share/gazebo_ros/cmake)
[1.185s] -- Found prius_msgs: 0.0.1 (/sbel/gazebo-demo/install/prius_msgs/share/prius_msgs/cmake)
[1.221s] -- Looking for ignition-math6 -- found version 6.15.1
[1.221s] -- Found prius_description: 0.0.1 (/sbel/gazebo-demo/install/prius_description/share/prius_description/cmake)
[1.275s] -- Found ament_lint_auto: 0.12.8 (/opt/ros/humble/share/ament_lint_auto/cmake)
[1.316s] -- Found ament_cmake_gtest: 1.3.5 (/opt/ros/humble/share/ament_cmake_gtest/cmake)
[1.317s] -- Found gtest sources under '/opt/ros/humble/src/gtest_vendor': C++ tests using 'Google Test' will be built
[1.335s] -- Configuring done
[1.375s] -- Generating done
[1.377s] -- Build files have been written to: /sbel/gazebo-demo/build/car_demo
[1.401s] [35m[1mConsolidate compiler generated dependencies of target gtest_main[0m
[1.402s] [35m[1mConsolidate compiler generated dependencies of target gtest[0m
[1.403s] [35m[1mConsolidate compiler generated dependencies of target PriusHybridPlugin[0m
[1.414s] [ 25%] Built target gtest_main
[1.414s] [ 50%] Built target gtest
[1.415s] [ 50%] Built target ament_cmake_python_symlink_car_demo
[1.424s] [35m[1mConsolidate compiler generated dependencies of target PriusHybridPluginTest[0m
[1.451s] [ 62%] [32mBuilding CXX object CMakeFiles/PriusHybridPlugin.dir/plugins/PriusHybridPlugin.cc.o[0m
[1.471s] [ 75%] [32mBuilding CXX object CMakeFiles/PriusHybridPluginTest.dir/plugins/PriusHybridPlugin.cc.o[0m
[1.578s] running egg_info
[1.578s] writing car_demo.egg-info/PKG-INFO
[1.579s] writing dependency_links to car_demo.egg-info/dependency_links.txt
[1.579s] writing top-level names to car_demo.egg-info/top_level.txt
[1.580s] reading manifest file 'car_demo.egg-info/SOURCES.txt'
[1.580s] writing manifest file 'car_demo.egg-info/SOURCES.txt'
[1.598s] [ 75%] Built target ament_cmake_python_build_car_demo_egg
[15.767s] [ 87%] [32m[1mLinking CXX shared library libPriusHybridPlugin.so[0m
[15.770s] [100%] [32m[1mLinking CXX executable PriusHybridPluginTest[0m
[16.324s] [100%] Built target PriusHybridPlugin
[16.739s] [100%] Built target PriusHybridPluginTest
[16.749s] Invoked command in '/sbel/gazebo-demo/build/car_demo' returned '0': CMAKE_PREFIX_PATH=/sbel/gazebo-demo/install/prius_msgs:/sbel/gazebo-demo/install/prius_description:/sbel/gazebo-demo/install/car_demo:/chrono_ros_interfaces/install/chrono_ros_interfaces:/opt/ros/humble GAZEBO_MODEL_PATH=/sbel/gazebo-demo/install/prius_description/share/prius_description/models:${GAZEBO_MODEL_PATH} LD_LIBRARY_PATH=/sbel/gazebo-demo/install/prius_msgs/lib:/sbel/gazebo-demo/install/car_demo/lib:/usr/lib/x86_64-linux-gnu/gazebo-11/plugins:/chrono_ros_interfaces/install/chrono_ros_interfaces/lib:/opt/ros/humble/opt/rviz_ogre_vendor/lib:/opt/ros/humble/lib/x86_64-linux-gnu:/opt/ros/humble/lib /usr/bin/cmake --build /sbel/gazebo-demo/build/car_demo -- -j16 -l16
[16.779s] Invoking command in '/sbel/gazebo-demo/build/car_demo': CMAKE_PREFIX_PATH=/sbel/gazebo-demo/install/prius_msgs:/sbel/gazebo-demo/install/prius_description:/sbel/gazebo-demo/install/car_demo:/chrono_ros_interfaces/install/chrono_ros_interfaces:/opt/ros/humble GAZEBO_MODEL_PATH=/sbel/gazebo-demo/install/prius_description/share/prius_description/models:${GAZEBO_MODEL_PATH} LD_LIBRARY_PATH=/sbel/gazebo-demo/install/prius_msgs/lib:/sbel/gazebo-demo/install/car_demo/lib:/usr/lib/x86_64-linux-gnu/gazebo-11/plugins:/chrono_ros_interfaces/install/chrono_ros_interfaces/lib:/opt/ros/humble/opt/rviz_ogre_vendor/lib:/opt/ros/humble/lib/x86_64-linux-gnu:/opt/ros/humble/lib /usr/bin/cmake --install /sbel/gazebo-demo/build/car_demo
[16.785s] -- Install configuration: ""
[16.785s] -- Execute custom install script
[16.786s] -- Up-to-date symlink: /sbel/gazebo-demo/install/car_demo/share/car_demo/environment/library_path.sh
[16.786s] -- Up-to-date symlink: /sbel/gazebo-demo/install/car_demo/share/car_demo/environment/library_path.dsv
[16.786s] -- Up-to-date symlink: /sbel/gazebo-demo/install/car_demo/share/car_demo/environment/gazebo_plugins.sh
[16.786s] -- Up-to-date symlink: /sbel/gazebo-demo/install/car_demo/share/car_demo/environment/gazebo_plugins.dsv
[16.786s] -- Up-to-date symlink: /sbel/gazebo-demo/install/car_demo/share/car_demo/environment/pythonpath.sh
[16.786s] -- Up-to-date symlink: /sbel/gazebo-demo/install/car_demo/share/car_demo/environment/pythonpath.dsv
[16.787s] -- Up-to-date symlink: /sbel/gazebo-demo/install/car_demo/local/lib/python3.10/dist-packages/car_demo-0.0.1-py3.10.egg-info/PKG-INFO
[16.787s] -- Up-to-date symlink: /sbel/gazebo-demo/install/car_demo/local/lib/python3.10/dist-packages/car_demo-0.0.1-py3.10.egg-info/SOURCES.txt
[16.787s] -- Up-to-date symlink: /sbel/gazebo-demo/install/car_demo/local/lib/python3.10/dist-packages/car_demo-0.0.1-py3.10.egg-info/dependency_links.txt
[16.787s] -- Up-to-date symlink: /sbel/gazebo-demo/install/car_demo/local/lib/python3.10/dist-packages/car_demo-0.0.1-py3.10.egg-info/top_level.txt
[16.787s] -- Up-to-date symlink: /sbel/gazebo-demo/install/car_demo/local/lib/python3.10/dist-packages/car_demo/__init__.py
[16.787s] -- Up-to-date symlink: /sbel/gazebo-demo/install/car_demo/lib/car_demo/prius_teleop_keyboard.py
[16.787s] -- Up-to-date symlink: /sbel/gazebo-demo/install/car_demo/lib/car_demo/joystick_translator.py
[16.788s] -- Up-to-date symlink: /sbel/gazebo-demo/install/car_demo/lib/libPriusHybridPlugin.so
[16.788s] -- Up-to-date symlink: /sbel/gazebo-demo/install/car_demo/share/ament_index/resource_index/package_run_dependencies/car_demo
[16.788s] -- Up-to-date symlink: /sbel/gazebo-demo/install/car_demo/share/ament_index/resource_index/parent_prefix_path/car_demo
[16.788s] -- Up-to-date symlink: /sbel/gazebo-demo/install/car_demo/share/car_demo/environment/ament_prefix_path.sh
[16.788s] -- Up-to-date symlink: /sbel/gazebo-demo/install/car_demo/share/car_demo/environment/ament_prefix_path.dsv
[16.788s] -- Up-to-date symlink: /sbel/gazebo-demo/install/car_demo/share/car_demo/environment/path.sh
[16.788s] -- Up-to-date symlink: /sbel/gazebo-demo/install/car_demo/share/car_demo/environment/path.dsv
[16.788s] -- Up-to-date symlink: /sbel/gazebo-demo/install/car_demo/share/car_demo/local_setup.bash
[16.788s] -- Up-to-date symlink: /sbel/gazebo-demo/install/car_demo/share/car_demo/local_setup.sh
[16.789s] -- Up-to-date symlink: /sbel/gazebo-demo/install/car_demo/share/car_demo/local_setup.zsh
[16.789s] -- Up-to-date symlink: /sbel/gazebo-demo/install/car_demo/share/car_demo/local_setup.dsv
[16.789s] -- Symlinking: /sbel/gazebo-demo/install/car_demo/share/car_demo/package.dsv
[16.796s] -- Up-to-date symlink: /sbel/gazebo-demo/install/car_demo/share/ament_index/resource_index/packages/car_demo
[16.796s] -- Up-to-date symlink: /sbel/gazebo-demo/install/car_demo/share/car_demo/cmake/ament_cmake_export_libraries-extras.cmake
[16.796s] -- Up-to-date symlink: /sbel/gazebo-demo/install/car_demo/share/car_demo/cmake/ament_cmake_export_include_directories-extras.cmake
[16.796s] -- Up-to-date symlink: /sbel/gazebo-demo/install/car_demo/share/car_demo/cmake/ament_cmake_export_dependencies-extras.cmake
[16.796s] -- Up-to-date symlink: /sbel/gazebo-demo/install/car_demo/share/car_demo/cmake/car_demoConfig.cmake
[16.797s] -- Up-to-date symlink: /sbel/gazebo-demo/install/car_demo/share/car_demo/cmake/car_demoConfig-version.cmake
[16.797s] -- Up-to-date symlink: /sbel/gazebo-demo/install/car_demo/share/car_demo/package.xml
[16.797s] -- Up-to-date symlink: /sbel/gazebo-demo/install/car_demo/share/car_demo/launch/demo.launch.py
[16.797s] -- Up-to-date symlink: /sbel/gazebo-demo/install/car_demo/share/car_demo/launch/spawn_prius.launch.py
[16.799s] -- Up-to-date symlink: /sbel/gazebo-demo/install/car_demo/share/car_demo/models/cloverleaf_interchange/materials/textures/arrow.png
[16.800s] -- Up-to-date symlink: /sbel/gazebo-demo/install/car_demo/share/car_demo/models/cloverleaf_interchange/materials/textures/concrete.png
[16.800s] -- Up-to-date symlink: /sbel/gazebo-demo/install/car_demo/share/car_demo/models/cloverleaf_interchange/materials/textures/cross.png
[16.800s] -- Up-to-date symlink: /sbel/gazebo-demo/install/car_demo/share/car_demo/models/cloverleaf_interchange/materials/textures/grass.png
[16.800s] -- Up-to-date symlink: /sbel/gazebo-demo/install/car_demo/share/car_demo/models/cloverleaf_interchange/materials/textures/road.png
[16.800s] -- Up-to-date symlink: /sbel/gazebo-demo/install/car_demo/share/car_demo/models/cloverleaf_interchange/meshes/cloverleaf.mtl
[16.800s] -- Up-to-date symlink: /sbel/gazebo-demo/install/car_demo/share/car_demo/models/cloverleaf_interchange/meshes/cloverleaf.obj
[16.800s] -- Up-to-date symlink: /sbel/gazebo-demo/install/car_demo/share/car_demo/models/cloverleaf_interchange/model.config
[16.800s] -- Up-to-date symlink: /sbel/gazebo-demo/install/car_demo/share/car_demo/models/cloverleaf_interchange/model.sdf
[16.800s] -- Up-to-date symlink: /sbel/gazebo-demo/install/car_demo/share/car_demo/models/construction_cone/materials/textures/Construction_Cone_Diffuse.png
[16.800s] -- Up-to-date symlink: /sbel/gazebo-demo/install/car_demo/share/car_demo/models/construction_cone/meshes/construction_cone.dae
[16.801s] -- Up-to-date symlink: /sbel/gazebo-demo/install/car_demo/share/car_demo/models/construction_cone/model-1_3.sdf
[16.801s] -- Up-to-date symlink: /sbel/gazebo-demo/install/car_demo/share/car_demo/models/construction_cone/model-1_4.sdf
[16.801s] -- Up-to-date symlink: /sbel/gazebo-demo/install/car_demo/share/car_demo/models/construction_cone/model.config
[16.801s] -- Up-to-date symlink: /sbel/gazebo-demo/install/car_demo/share/car_demo/models/construction_cone/model.sdf
[16.801s] -- Up-to-date symlink: /sbel/gazebo-demo/install/car_demo/share/car_demo/models/dumpster/materials/scripts/dumpster.material
[16.801s] -- Up-to-date symlink: /sbel/gazebo-demo/install/car_demo/share/car_demo/models/dumpster/materials/textures/Dumpster_Diffuse.png
[16.801s] -- Up-to-date symlink: /sbel/gazebo-demo/install/car_demo/share/car_demo/models/dumpster/materials/textures/Dumpster_Spec.png
[16.801s] -- Up-to-date symlink: /sbel/gazebo-demo/install/car_demo/share/car_demo/models/dumpster/meshes/dumpster.dae
[16.801s] -- Up-to-date symlink: /sbel/gazebo-demo/install/car_demo/share/car_demo/models/dumpster/model-1_3.sdf
[16.801s] -- Up-to-date symlink: /sbel/gazebo-demo/install/car_demo/share/car_demo/models/dumpster/model-1_4.sdf
[16.802s] -- Up-to-date symlink: /sbel/gazebo-demo/install/car_demo/share/car_demo/models/dumpster/model.config
[16.802s] -- Up-to-date symlink: /sbel/gazebo-demo/install/car_demo/share/car_demo/models/dumpster/model.sdf
[16.802s] -- Up-to-date symlink: /sbel/gazebo-demo/install/car_demo/share/car_demo/models/gas_station/materials/scripts/gas_station.material
[16.802s] -- Up-to-date symlink: /sbel/gazebo-demo/install/car_demo/share/car_demo/models/gas_station/materials/textures/GasStation_Diffuse.png
[16.802s] -- Up-to-date symlink: /sbel/gazebo-demo/install/car_demo/share/car_demo/models/gas_station/materials/textures/GasStation_Normal.png
[16.802s] -- Up-to-date symlink: /sbel/gazebo-demo/install/car_demo/share/car_demo/models/gas_station/materials/textures/GasStation_Spec.png
[16.802s] -- Up-to-date symlink: /sbel/gazebo-demo/install/car_demo/share/car_demo/models/gas_station/meshes/gas_station.dae
[16.802s] -- Up-to-date symlink: /sbel/gazebo-demo/install/car_demo/share/car_demo/models/gas_station/model-1_3.sdf
[16.802s] -- Up-to-date symlink: /sbel/gazebo-demo/install/car_demo/share/car_demo/models/gas_station/model-1_4.sdf
[16.802s] -- Up-to-date symlink: /sbel/gazebo-demo/install/car_demo/share/car_demo/models/gas_station/model.config
[16.803s] -- Up-to-date symlink: /sbel/gazebo-demo/install/car_demo/share/car_demo/models/gas_station/model.sdf
[16.803s] -- Up-to-date symlink: /sbel/gazebo-demo/install/car_demo/share/car_demo/models/grey_wall/materials/scripts/grey_wall.material
[16.803s] -- Up-to-date symlink: /sbel/gazebo-demo/install/car_demo/share/car_demo/models/grey_wall/materials/textures/grey_wall.png
[16.803s] -- Up-to-date symlink: /sbel/gazebo-demo/install/car_demo/share/car_demo/models/grey_wall/model-1_3.sdf
[16.803s] -- Up-to-date symlink: /sbel/gazebo-demo/install/car_demo/share/car_demo/models/grey_wall/model-1_4.sdf
[16.803s] -- Up-to-date symlink: /sbel/gazebo-demo/install/car_demo/share/car_demo/models/grey_wall/model.config
[16.803s] -- Up-to-date symlink: /sbel/gazebo-demo/install/car_demo/share/car_demo/models/grey_wall/model.sdf
[16.803s] -- Up-to-date symlink: /sbel/gazebo-demo/install/car_demo/share/car_demo/models/house_1/materials/scripts/house_1.material
[16.803s] -- Up-to-date symlink: /sbel/gazebo-demo/install/car_demo/share/car_demo/models/house_1/materials/textures/House_1_Diffuse.png
[16.803s] -- Up-to-date symlink: /sbel/gazebo-demo/install/car_demo/share/car_demo/models/house_1/materials/textures/House_1_Normal.png
[16.803s] -- Up-to-date symlink: /sbel/gazebo-demo/install/car_demo/share/car_demo/models/house_1/materials/textures/House_1_Spec.png
[16.804s] -- Up-to-date symlink: /sbel/gazebo-demo/install/car_demo/share/car_demo/models/house_1/meshes/house_1.dae
[16.804s] -- Up-to-date symlink: /sbel/gazebo-demo/install/car_demo/share/car_demo/models/house_1/model-1_3.sdf
[16.804s] -- Up-to-date symlink: /sbel/gazebo-demo/install/car_demo/share/car_demo/models/house_1/model-1_4.sdf
[16.804s] -- Up-to-date symlink: /sbel/gazebo-demo/install/car_demo/share/car_demo/models/house_1/model.config
[16.804s] -- Up-to-date symlink: /sbel/gazebo-demo/install/car_demo/share/car_demo/models/house_1/model.sdf
[16.804s] -- Up-to-date symlink: /sbel/gazebo-demo/install/car_demo/share/car_demo/models/house_2/materials/scripts/house_2.material
[16.804s] -- Up-to-date symlink: /sbel/gazebo-demo/install/car_demo/share/car_demo/models/house_2/materials/textures/House_2_Diffuse.png
[16.804s] -- Up-to-date symlink: /sbel/gazebo-demo/install/car_demo/share/car_demo/models/house_2/meshes/house_2.dae
[16.804s] -- Up-to-date symlink: /sbel/gazebo-demo/install/car_demo/share/car_demo/models/house_2/model-1_3.sdf
[16.804s] -- Up-to-date symlink: /sbel/gazebo-demo/install/car_demo/share/car_demo/models/house_2/model-1_4.sdf
[16.804s] -- Up-to-date symlink: /sbel/gazebo-demo/install/car_demo/share/car_demo/models/house_2/model.config
[16.805s] -- Up-to-date symlink: /sbel/gazebo-demo/install/car_demo/share/car_demo/models/house_2/model.sdf
[16.805s] -- Up-to-date symlink: /sbel/gazebo-demo/install/car_demo/share/car_demo/models/house_3/materials/scripts/house_3.material
[16.805s] -- Up-to-date symlink: /sbel/gazebo-demo/install/car_demo/share/car_demo/models/house_3/materials/textures/House_3_Diffuse.png
[16.805s] -- Up-to-date symlink: /sbel/gazebo-demo/install/car_demo/share/car_demo/models/house_3/meshes/house_3.dae
[16.805s] -- Up-to-date symlink: /sbel/gazebo-demo/install/car_demo/share/car_demo/models/house_3/model-1_3.sdf
[16.805s] -- Up-to-date symlink: /sbel/gazebo-demo/install/car_demo/share/car_demo/models/house_3/model-1_4.sdf
[16.805s] -- Up-to-date symlink: /sbel/gazebo-demo/install/car_demo/share/car_demo/models/house_3/model.config
[16.805s] -- Up-to-date symlink: /sbel/gazebo-demo/install/car_demo/share/car_demo/models/house_3/model.sdf
[16.805s] -- Up-to-date symlink: /sbel/gazebo-demo/install/car_demo/share/car_demo/models/jersey_barrier/materials/textures/jersey_barrier.png
[16.805s] -- Up-to-date symlink: /sbel/gazebo-demo/install/car_demo/share/car_demo/models/jersey_barrier/materials/textures/jersey_barrier_diffuse.png
[16.806s] -- Up-to-date symlink: /sbel/gazebo-demo/install/car_demo/share/car_demo/models/jersey_barrier/materials/textures/jersey_barrier_spec.png
[16.806s] -- Up-to-date symlink: /sbel/gazebo-demo/install/car_demo/share/car_demo/models/jersey_barrier/meshes/jersey_barrier.dae
[16.806s] -- Up-to-date symlink: /sbel/gazebo-demo/install/car_demo/share/car_demo/models/jersey_barrier/model-1_4.sdf
[16.806s] -- Up-to-date symlink: /sbel/gazebo-demo/install/car_demo/share/car_demo/models/jersey_barrier/model.config
[16.806s] -- Up-to-date symlink: /sbel/gazebo-demo/install/car_demo/share/car_demo/models/jersey_barrier/model.sdf
[16.806s] -- Up-to-date symlink: /sbel/gazebo-demo/install/car_demo/share/car_demo/models/mcity/materials/textures/Asphalt.png
[16.806s] -- Up-to-date symlink: /sbel/gazebo-demo/install/car_demo/share/car_demo/models/mcity/materials/textures/Brick.png
[16.806s] -- Up-to-date symlink: /sbel/gazebo-demo/install/car_demo/share/car_demo/models/mcity/materials/textures/Buildings.png
[16.806s] -- Up-to-date symlink: /sbel/gazebo-demo/install/car_demo/share/car_demo/models/mcity/materials/textures/Colors.png
[16.806s] -- Up-to-date symlink: /sbel/gazebo-demo/install/car_demo/share/car_demo/models/mcity/materials/textures/Concrete_Ground.png
[16.807s] -- Up-to-date symlink: /sbel/gazebo-demo/install/car_demo/share/car_demo/models/mcity/materials/textures/Crosswalk.png
[16.807s] -- Up-to-date symlink: /sbel/gazebo-demo/install/car_demo/share/car_demo/models/mcity/materials/textures/Curb.png
[16.807s] -- Up-to-date symlink: /sbel/gazebo-demo/install/car_demo/share/car_demo/models/mcity/materials/textures/Grass.png
[16.807s] -- Up-to-date symlink: /sbel/gazebo-demo/install/car_demo/share/car_demo/models/mcity/materials/textures/Gravel.png
[16.807s] -- Up-to-date symlink: /sbel/gazebo-demo/install/car_demo/share/car_demo/models/mcity/materials/textures/GuardRail.png
[16.807s] -- Up-to-date symlink: /sbel/gazebo-demo/install/car_demo/share/car_demo/models/mcity/materials/textures/OverheadSignBase.png
[16.807s] -- Up-to-date symlink: /sbel/gazebo-demo/install/car_demo/share/car_demo/models/mcity/materials/textures/OverheadSigns.png
[16.807s] -- Up-to-date symlink: /sbel/gazebo-demo/install/car_demo/share/car_demo/models/mcity/materials/textures/RailroadGate.png
[16.807s] -- Up-to-date symlink: /sbel/gazebo-demo/install/car_demo/share/car_demo/models/mcity/materials/textures/Road_Blank.png
[16.807s] -- Up-to-date symlink: /sbel/gazebo-demo/install/car_demo/share/car_demo/models/mcity/materials/textures/Road_Blank_Light.png
[16.808s] -- Up-to-date symlink: /sbel/gazebo-demo/install/car_demo/share/car_demo/models/mcity/materials/textures/Road_DoubleYellowLine.png
[16.808s] -- Up-to-date symlink: /sbel/gazebo-demo/install/car_demo/share/car_demo/models/mcity/materials/textures/Road_DoubleYellowLine_Light.png
[16.808s] -- Up-to-date symlink: /sbel/gazebo-demo/install/car_demo/share/car_demo/models/mcity/materials/textures/Road_SingleWhiteLine.png
[16.808s] -- Up-to-date symlink: /sbel/gazebo-demo/install/car_demo/share/car_demo/models/mcity/materials/textures/StreetLamp_Short.png
[16.808s] -- Up-to-date symlink: /sbel/gazebo-demo/install/car_demo/share/car_demo/models/mcity/materials/textures/StreetLamp_Tall.png
[16.808s] -- Up-to-date symlink: /sbel/gazebo-demo/install/car_demo/share/car_demo/models/mcity/materials/textures/TrafficBarrel.png
[16.808s] -- Up-to-date symlink: /sbel/gazebo-demo/install/car_demo/share/car_demo/models/mcity/materials/textures/Tunnel.png
[16.808s] -- Up-to-date symlink: /sbel/gazebo-demo/install/car_demo/share/car_demo/models/mcity/meshes/mcity.mtl
[16.808s] -- Up-to-date symlink: /sbel/gazebo-demo/install/car_demo/share/car_demo/models/mcity/meshes/mcity.obj
[16.808s] -- Up-to-date symlink: /sbel/gazebo-demo/install/car_demo/share/car_demo/models/mcity/model.config
[16.809s] -- Up-to-date symlink: /sbel/gazebo-demo/install/car_demo/share/car_demo/models/mcity/model.sdf
[16.809s] -- Up-to-date symlink: /sbel/gazebo-demo/install/car_demo/share/car_demo/models/powerplant/materials/textures/__auto_.png
[16.809s] -- Up-to-date symlink: /sbel/gazebo-demo/install/car_demo/share/car_demo/models/powerplant/materials/textures/__auto_1.png
[16.809s] -- Up-to-date symlink: /sbel/gazebo-demo/install/car_demo/share/car_demo/models/powerplant/materials/textures/__auto_10.png
[16.809s] -- Up-to-date symlink: /sbel/gazebo-demo/install/car_demo/share/car_demo/models/powerplant/materials/textures/__auto_11.png
[16.809s] -- Up-to-date symlink: /sbel/gazebo-demo/install/car_demo/share/car_demo/models/powerplant/materials/textures/__auto_12.png
[16.809s] -- Up-to-date symlink: /sbel/gazebo-demo/install/car_demo/share/car_demo/models/powerplant/materials/textures/__auto_13.png
[16.809s] -- Up-to-date symlink: /sbel/gazebo-demo/install/car_demo/share/car_demo/models/powerplant/materials/textures/__auto_17.png
[16.809s] -- Up-to-date symlink: /sbel/gazebo-demo/install/car_demo/share/car_demo/models/powerplant/materials/textures/__auto_19.png
[16.809s] -- Up-to-date symlink: /sbel/gazebo-demo/install/car_demo/share/car_demo/models/powerplant/materials/textures/__auto_2.png
[16.810s] -- Up-to-date symlink: /sbel/gazebo-demo/install/car_demo/share/car_demo/models/powerplant/materials/textures/__auto_20.png
[16.810s] -- Up-to-date symlink: /sbel/gazebo-demo/install/car_demo/share/car_demo/models/powerplant/materials/textures/__auto_21.png
[16.810s] -- Up-to-date symlink: /sbel/gazebo-demo/install/car_demo/share/car_demo/models/powerplant/materials/textures/__auto_22.png
[16.810s] -- Up-to-date symlink: /sbel/gazebo-demo/install/car_demo/share/car_demo/models/powerplant/materials/textures/__auto_23.png
[16.810s] -- Up-to-date symlink: /sbel/gazebo-demo/install/car_demo/share/car_demo/models/powerplant/materials/textures/__auto_25.png
[16.810s] -- Up-to-date symlink: /sbel/gazebo-demo/install/car_demo/share/car_demo/models/powerplant/materials/textures/__auto_26.png
[16.810s] -- Up-to-date symlink: /sbel/gazebo-demo/install/car_demo/share/car_demo/models/powerplant/materials/textures/__auto_27.png
[16.811s] -- Up-to-date symlink: /sbel/gazebo-demo/install/car_demo/share/car_demo/models/powerplant/materials/textures/__auto_3.png
[16.811s] -- Up-to-date symlink: /sbel/gazebo-demo/install/car_demo/share/car_demo/models/powerplant/materials/textures/__auto_32.png
[16.811s] -- Up-to-date symlink: /sbel/gazebo-demo/install/car_demo/share/car_demo/models/powerplant/materials/textures/__auto_33.png
[16.811s] -- Up-to-date symlink: /sbel/gazebo-demo/install/car_demo/share/car_demo/models/powerplant/materials/textures/__auto_34.png
[16.811s] -- Up-to-date symlink: /sbel/gazebo-demo/install/car_demo/share/car_demo/models/powerplant/materials/textures/__auto_35.png
[16.811s] -- Up-to-date symlink: /sbel/gazebo-demo/install/car_demo/share/car_demo/models/powerplant/materials/textures/__auto_36.png
[16.811s] -- Up-to-date symlink: /sbel/gazebo-demo/install/car_demo/share/car_demo/models/powerplant/materials/textures/__auto_37.png
[16.811s] -- Up-to-date symlink: /sbel/gazebo-demo/install/car_demo/share/car_demo/models/powerplant/materials/textures/__auto_38.png
[16.811s] -- Up-to-date symlink: /sbel/gazebo-demo/install/car_demo/share/car_demo/models/powerplant/materials/textures/__auto_6.png
[16.811s] -- Up-to-date symlink: /sbel/gazebo-demo/install/car_demo/share/car_demo/models/powerplant/materials/textures/__auto_7.png
[16.811s] -- Up-to-date symlink: /sbel/gazebo-demo/install/car_demo/share/car_demo/models/powerplant/materials/textures/__auto_8.png
[16.812s] -- Up-to-date symlink: /sbel/gazebo-demo/install/car_demo/share/car_demo/models/powerplant/materials/textures/__auto_9.png
[16.812s] -- Up-to-date symlink: /sbel/gazebo-demo/install/car_demo/share/car_demo/models/powerplant/meshes/powerplant.dae
[16.812s] -- Up-to-date symlink: /sbel/gazebo-demo/install/car_demo/share/car_demo/models/powerplant/model-1_2.sdf
[16.812s] -- Up-to-date symlink: /sbel/gazebo-demo/install/car_demo/share/car_demo/models/powerplant/model-1_3.sdf
[16.812s] -- Up-to-date symlink: /sbel/gazebo-demo/install/car_demo/share/car_demo/models/powerplant/model-1_4.sdf
[16.812s] -- Up-to-date symlink: /sbel/gazebo-demo/install/car_demo/share/car_demo/models/powerplant/model.config
[16.812s] -- Up-to-date symlink: /sbel/gazebo-demo/install/car_demo/share/car_demo/models/powerplant/model.sdf
[16.812s] -- Up-to-date symlink: /sbel/gazebo-demo/install/car_demo/share/car_demo/models/speed_limit_sign/materials/textures/Speed_100.png
[16.812s] -- Up-to-date symlink: /sbel/gazebo-demo/install/car_demo/share/car_demo/models/speed_limit_sign/materials/textures/Speed_110.png
[16.812s] -- Up-to-date symlink: /sbel/gazebo-demo/install/car_demo/share/car_demo/models/speed_limit_sign/materials/textures/Speed_120.png
[16.813s] -- Up-to-date symlink: /sbel/gazebo-demo/install/car_demo/share/car_demo/models/speed_limit_sign/materials/textures/Speed_130.png
[16.813s] -- Up-to-date symlink: /sbel/gazebo-demo/install/car_demo/share/car_demo/models/speed_limit_sign/materials/textures/Speed_16.png
[16.813s] -- Up-to-date symlink: /sbel/gazebo-demo/install/car_demo/share/car_demo/models/speed_limit_sign/materials/textures/Speed_30.png
[16.813s] -- Up-to-date symlink: /sbel/gazebo-demo/install/car_demo/share/car_demo/models/speed_limit_sign/materials/textures/Speed_40.png
[16.813s] -- Up-to-date symlink: /sbel/gazebo-demo/install/car_demo/share/car_demo/models/speed_limit_sign/materials/textures/Speed_50.png
[16.813s] -- Up-to-date symlink: /sbel/gazebo-demo/install/car_demo/share/car_demo/models/speed_limit_sign/materials/textures/Speed_60.png
[16.813s] -- Up-to-date symlink: /sbel/gazebo-demo/install/car_demo/share/car_demo/models/speed_limit_sign/materials/textures/Speed_70.png
[16.813s] -- Up-to-date symlink: /sbel/gazebo-demo/install/car_demo/share/car_demo/models/speed_limit_sign/materials/textures/Speed_80.png
[16.813s] -- Up-to-date symlink: /sbel/gazebo-demo/install/car_demo/share/car_demo/models/speed_limit_sign/materials/textures/Speed_90.png
[16.813s] -- Up-to-date symlink: /sbel/gazebo-demo/install/car_demo/share/car_demo/models/speed_limit_sign/materials/textures/Speed_Spec.png
[16.814s] -- Up-to-date symlink: /sbel/gazebo-demo/install/car_demo/share/car_demo/models/speed_limit_sign/materials/textures/StopSign_Diffuse.png
[16.814s] -- Up-to-date symlink: /sbel/gazebo-demo/install/car_demo/share/car_demo/models/speed_limit_sign/materials/textures/StopSign_Spec.png
[16.814s] -- Up-to-date symlink: /sbel/gazebo-demo/install/car_demo/share/car_demo/models/speed_limit_sign/meshes/speed_limit_sign.dae
[16.814s] -- Up-to-date symlink: /sbel/gazebo-demo/install/car_demo/share/car_demo/models/speed_limit_sign/model-1_3.sdf
[16.814s] -- Up-to-date symlink: /sbel/gazebo-demo/install/car_demo/share/car_demo/models/speed_limit_sign/model-1_4.sdf
[16.814s] -- Up-to-date symlink: /sbel/gazebo-demo/install/car_demo/share/car_demo/models/speed_limit_sign/model.config
[16.814s] -- Up-to-date symlink: /sbel/gazebo-demo/install/car_demo/share/car_demo/models/speed_limit_sign/model.sdf
[16.814s] -- Up-to-date symlink: /sbel/gazebo-demo/install/car_demo/share/car_demo/rviz/ros2.rviz
[16.814s] -- Up-to-date symlink: /sbel/gazebo-demo/install/car_demo/share/car_demo/worlds/mcity.world
[16.815s] -- Up-to-date symlink: /sbel/gazebo-demo/install/car_demo/lib/libPriusHybridPlugin.so
[16.838s] Listing '/sbel/gazebo-demo/install/car_demo/local/lib/python3.10/dist-packages/car_demo'...
[16.838s] Compiling '/sbel/gazebo-demo/install/car_demo/local/lib/python3.10/dist-packages/car_demo/__init__.py'...
[16.843s] Invoked command in '/sbel/gazebo-demo/build/car_demo' returned '0': CMAKE_PREFIX_PATH=/sbel/gazebo-demo/install/prius_msgs:/sbel/gazebo-demo/install/prius_description:/sbel/gazebo-demo/install/car_demo:/chrono_ros_interfaces/install/chrono_ros_interfaces:/opt/ros/humble GAZEBO_MODEL_PATH=/sbel/gazebo-demo/install/prius_description/share/prius_description/models:${GAZEBO_MODEL_PATH} LD_LIBRARY_PATH=/sbel/gazebo-demo/install/prius_msgs/lib:/sbel/gazebo-demo/install/car_demo/lib:/usr/lib/x86_64-linux-gnu/gazebo-11/plugins:/chrono_ros_interfaces/install/chrono_ros_interfaces/lib:/opt/ros/humble/opt/rviz_ogre_vendor/lib:/opt/ros/humble/lib/x86_64-linux-gnu:/opt/ros/humble/lib /usr/bin/cmake --install /sbel/gazebo-demo/build/car_demo
