[0.639s] DEBUG:colcon:Command line arguments: ['/usr/bin/colcon', 'build']
[0.639s] DEBUG:colcon:Parsed command line arguments: Namespace(log_base=None, log_level=None, verb_name='build', build_base='build', install_base='install', merge_install=False, symlink_install=False, test_result_base=None, continue_on_error=False, executor='parallel', parallel_workers=16, event_handlers=None, ignore_user_meta=False, metas=['./colcon.meta'], base_paths=['.'], packages_ignore=None, packages_ignore_regex=None, paths=None, packages_up_to=None, packages_up_to_regex=None, packages_above=None, packages_above_and_dependencies=None, packages_above_depth=None, packages_select_by_dep=None, packages_skip_by_dep=None, packages_skip_up_to=None, packages_select_build_failed=False, packages_skip_build_finished=False, packages_select_test_failures=False, packages_skip_test_passed=False, packages_select=None, packages_skip=None, packages_select_regex=None, packages_skip_regex=None, packages_start=None, packages_end=None, allow_overriding=[], cmake_args=None, cmake_target=None, cmake_target_skip_unavailable=False, cmake_clean_cache=False, cmake_clean_first=False, cmake_force_configure=False, ament_cmake_args=None, catkin_cmake_args=None, catkin_skip_building_tests=False, verb_parser=<colcon_defaults.argument_parser.defaults.DefaultArgumentsDecorator object at 0x7e378215da80>, verb_extension=<colcon_core.verb.build.BuildVerb object at 0x7e378215cbe0>, main=<bound method BuildVerb.main of <colcon_core.verb.build.BuildVerb object at 0x7e378215cbe0>>)
[0.671s] Level 1:colcon.colcon_core.package_discovery:discover_packages(colcon_meta) check parameters
[0.671s] Level 1:colcon.colcon_core.package_discovery:discover_packages(recursive) check parameters
[0.671s] Level 1:colcon.colcon_core.package_discovery:discover_packages(ignore) check parameters
[0.671s] Level 1:colcon.colcon_core.package_discovery:discover_packages(path) check parameters
[0.671s] Level 1:colcon.colcon_core.package_discovery:discover_packages(colcon_meta) discover
[0.671s] Level 1:colcon.colcon_core.package_discovery:discover_packages(recursive) discover
[0.671s] INFO:colcon.colcon_core.package_discovery:Crawling recursively for packages in '/sbel/gazebo-demo'
[0.671s] Level 1:colcon.colcon_core.package_identification:_identify(.) by extensions ['ignore', 'ignore_ament_install']
[0.671s] Level 1:colcon.colcon_core.package_identification:_identify(.) by extension 'ignore'
[0.671s] Level 1:colcon.colcon_core.package_identification:_identify(.) by extension 'ignore_ament_install'
[0.671s] Level 1:colcon.colcon_core.package_identification:_identify(.) by extensions ['colcon_pkg']
[0.671s] Level 1:colcon.colcon_core.package_identification:_identify(.) by extension 'colcon_pkg'
[0.671s] Level 1:colcon.colcon_core.package_identification:_identify(.) by extensions ['colcon_meta']
[0.671s] Level 1:colcon.colcon_core.package_identification:_identify(.) by extension 'colcon_meta'
[0.671s] Level 1:colcon.colcon_core.package_identification:_identify(.) by extensions ['ros']
[0.671s] Level 1:colcon.colcon_core.package_identification:_identify(.) by extension 'ros'
[0.679s] Level 1:colcon.colcon_core.package_identification:_identify(.) by extensions ['cmake', 'python']
[0.679s] Level 1:colcon.colcon_core.package_identification:_identify(.) by extension 'cmake'
[0.679s] Level 1:colcon.colcon_core.package_identification:_identify(.) by extension 'python'
[0.679s] Level 1:colcon.colcon_core.package_identification:_identify(.) by extensions ['python_setup_py']
[0.679s] Level 1:colcon.colcon_core.package_identification:_identify(.) by extension 'python_setup_py'
[0.679s] Level 1:colcon.colcon_core.package_identification:_identify(assets) by extensions ['ignore', 'ignore_ament_install']
[0.679s] Level 1:colcon.colcon_core.package_identification:_identify(assets) by extension 'ignore'
[0.679s] Level 1:colcon.colcon_core.package_identification:_identify(assets) by extension 'ignore_ament_install'
[0.679s] Level 1:colcon.colcon_core.package_identification:_identify(assets) by extensions ['colcon_pkg']
[0.679s] Level 1:colcon.colcon_core.package_identification:_identify(assets) by extension 'colcon_pkg'
[0.679s] Level 1:colcon.colcon_core.package_identification:_identify(assets) by extensions ['colcon_meta']
[0.679s] Level 1:colcon.colcon_core.package_identification:_identify(assets) by extension 'colcon_meta'
[0.679s] Level 1:colcon.colcon_core.package_identification:_identify(assets) by extensions ['ros']
[0.679s] Level 1:colcon.colcon_core.package_identification:_identify(assets) by extension 'ros'
[0.680s] Level 1:colcon.colcon_core.package_identification:_identify(assets) by extensions ['cmake', 'python']
[0.680s] Level 1:colcon.colcon_core.package_identification:_identify(assets) by extension 'cmake'
[0.680s] Level 1:colcon.colcon_core.package_identification:_identify(assets) by extension 'python'
[0.680s] Level 1:colcon.colcon_core.package_identification:_identify(assets) by extensions ['python_setup_py']
[0.680s] Level 1:colcon.colcon_core.package_identification:_identify(assets) by extension 'python_setup_py'
[0.680s] Level 1:colcon.colcon_core.package_identification:_identify(build) by extensions ['ignore', 'ignore_ament_install']
[0.680s] Level 1:colcon.colcon_core.package_identification:_identify(build) by extension 'ignore'
[0.680s] Level 1:colcon.colcon_core.package_identification:_identify(build) ignored
[0.680s] Level 1:colcon.colcon_core.package_identification:_identify(car_demo) by extensions ['ignore', 'ignore_ament_install']
[0.680s] Level 1:colcon.colcon_core.package_identification:_identify(car_demo) by extension 'ignore'
[0.680s] Level 1:colcon.colcon_core.package_identification:_identify(car_demo) by extension 'ignore_ament_install'
[0.680s] Level 1:colcon.colcon_core.package_identification:_identify(car_demo) by extensions ['colcon_pkg']
[0.680s] Level 1:colcon.colcon_core.package_identification:_identify(car_demo) by extension 'colcon_pkg'
[0.680s] Level 1:colcon.colcon_core.package_identification:_identify(car_demo) by extensions ['colcon_meta']
[0.680s] Level 1:colcon.colcon_core.package_identification:_identify(car_demo) by extension 'colcon_meta'
[0.680s] Level 1:colcon.colcon_core.package_identification:_identify(car_demo) by extensions ['ros']
[0.680s] Level 1:colcon.colcon_core.package_identification:_identify(car_demo) by extension 'ros'
[0.682s] DEBUG:colcon.colcon_core.package_identification:Package 'car_demo' with type 'ros.ament_cmake' and name 'car_demo'
[0.682s] Level 1:colcon.colcon_core.package_identification:_identify(install) by extensions ['ignore', 'ignore_ament_install']
[0.682s] Level 1:colcon.colcon_core.package_identification:_identify(install) by extension 'ignore'
[0.682s] Level 1:colcon.colcon_core.package_identification:_identify(install) ignored
[0.682s] Level 1:colcon.colcon_core.package_identification:_identify(log) by extensions ['ignore', 'ignore_ament_install']
[0.682s] Level 1:colcon.colcon_core.package_identification:_identify(log) by extension 'ignore'
[0.682s] Level 1:colcon.colcon_core.package_identification:_identify(log) ignored
[0.682s] Level 1:colcon.colcon_core.package_identification:_identify(prius_description) by extensions ['ignore', 'ignore_ament_install']
[0.682s] Level 1:colcon.colcon_core.package_identification:_identify(prius_description) by extension 'ignore'
[0.682s] Level 1:colcon.colcon_core.package_identification:_identify(prius_description) by extension 'ignore_ament_install'
[0.682s] Level 1:colcon.colcon_core.package_identification:_identify(prius_description) by extensions ['colcon_pkg']
[0.682s] Level 1:colcon.colcon_core.package_identification:_identify(prius_description) by extension 'colcon_pkg'
[0.682s] Level 1:colcon.colcon_core.package_identification:_identify(prius_description) by extensions ['colcon_meta']
[0.682s] Level 1:colcon.colcon_core.package_identification:_identify(prius_description) by extension 'colcon_meta'
[0.682s] Level 1:colcon.colcon_core.package_identification:_identify(prius_description) by extensions ['ros']
[0.683s] Level 1:colcon.colcon_core.package_identification:_identify(prius_description) by extension 'ros'
[0.683s] DEBUG:colcon.colcon_core.package_identification:Package 'prius_description' with type 'ros.ament_cmake' and name 'prius_description'
[0.683s] Level 1:colcon.colcon_core.package_identification:_identify(prius_msgs) by extensions ['ignore', 'ignore_ament_install']
[0.683s] Level 1:colcon.colcon_core.package_identification:_identify(prius_msgs) by extension 'ignore'
[0.683s] Level 1:colcon.colcon_core.package_identification:_identify(prius_msgs) by extension 'ignore_ament_install'
[0.683s] Level 1:colcon.colcon_core.package_identification:_identify(prius_msgs) by extensions ['colcon_pkg']
[0.683s] Level 1:colcon.colcon_core.package_identification:_identify(prius_msgs) by extension 'colcon_pkg'
[0.683s] Level 1:colcon.colcon_core.package_identification:_identify(prius_msgs) by extensions ['colcon_meta']
[0.683s] Level 1:colcon.colcon_core.package_identification:_identify(prius_msgs) by extension 'colcon_meta'
[0.683s] Level 1:colcon.colcon_core.package_identification:_identify(prius_msgs) by extensions ['ros']
[0.683s] Level 1:colcon.colcon_core.package_identification:_identify(prius_msgs) by extension 'ros'
[0.684s] DEBUG:colcon.colcon_core.package_identification:Package 'prius_msgs' with type 'ros.ament_cmake' and name 'prius_msgs'
[0.684s] Level 1:colcon.colcon_core.package_identification:_identify(straight_10) by extensions ['ignore', 'ignore_ament_install']
[0.684s] Level 1:colcon.colcon_core.package_identification:_identify(straight_10) by extension 'ignore'
[0.684s] Level 1:colcon.colcon_core.package_identification:_identify(straight_10) by extension 'ignore_ament_install'
[0.684s] Level 1:colcon.colcon_core.package_identification:_identify(straight_10) by extensions ['colcon_pkg']
[0.684s] Level 1:colcon.colcon_core.package_identification:_identify(straight_10) by extension 'colcon_pkg'
[0.684s] Level 1:colcon.colcon_core.package_identification:_identify(straight_10) by extensions ['colcon_meta']
[0.684s] Level 1:colcon.colcon_core.package_identification:_identify(straight_10) by extension 'colcon_meta'
[0.684s] Level 1:colcon.colcon_core.package_identification:_identify(straight_10) by extensions ['ros']
[0.684s] Level 1:colcon.colcon_core.package_identification:_identify(straight_10) by extension 'ros'
[0.684s] Level 1:colcon.colcon_core.package_identification:_identify(straight_10) by extensions ['cmake', 'python']
[0.684s] Level 1:colcon.colcon_core.package_identification:_identify(straight_10) by extension 'cmake'
[0.684s] Level 1:colcon.colcon_core.package_identification:_identify(straight_10) by extension 'python'
[0.684s] Level 1:colcon.colcon_core.package_identification:_identify(straight_10) by extensions ['python_setup_py']
[0.684s] Level 1:colcon.colcon_core.package_identification:_identify(straight_10) by extension 'python_setup_py'
[0.684s] Level 1:colcon.colcon_core.package_identification:_identify(straight_3) by extensions ['ignore', 'ignore_ament_install']
[0.684s] Level 1:colcon.colcon_core.package_identification:_identify(straight_3) by extension 'ignore'
[0.684s] Level 1:colcon.colcon_core.package_identification:_identify(straight_3) by extension 'ignore_ament_install'
[0.684s] Level 1:colcon.colcon_core.package_identification:_identify(straight_3) by extensions ['colcon_pkg']
[0.684s] Level 1:colcon.colcon_core.package_identification:_identify(straight_3) by extension 'colcon_pkg'
[0.684s] Level 1:colcon.colcon_core.package_identification:_identify(straight_3) by extensions ['colcon_meta']
[0.684s] Level 1:colcon.colcon_core.package_identification:_identify(straight_3) by extension 'colcon_meta'
[0.684s] Level 1:colcon.colcon_core.package_identification:_identify(straight_3) by extensions ['ros']
[0.684s] Level 1:colcon.colcon_core.package_identification:_identify(straight_3) by extension 'ros'
[0.684s] Level 1:colcon.colcon_core.package_identification:_identify(straight_3) by extensions ['cmake', 'python']
[0.684s] Level 1:colcon.colcon_core.package_identification:_identify(straight_3) by extension 'cmake'
[0.684s] Level 1:colcon.colcon_core.package_identification:_identify(straight_3) by extension 'python'
[0.684s] Level 1:colcon.colcon_core.package_identification:_identify(straight_3) by extensions ['python_setup_py']
[0.684s] Level 1:colcon.colcon_core.package_identification:_identify(straight_3) by extension 'python_setup_py'
[0.685s] Level 1:colcon.colcon_core.package_identification:_identify(straight_4) by extensions ['ignore', 'ignore_ament_install']
[0.685s] Level 1:colcon.colcon_core.package_identification:_identify(straight_4) by extension 'ignore'
[0.685s] Level 1:colcon.colcon_core.package_identification:_identify(straight_4) by extension 'ignore_ament_install'
[0.685s] Level 1:colcon.colcon_core.package_identification:_identify(straight_4) by extensions ['colcon_pkg']
[0.685s] Level 1:colcon.colcon_core.package_identification:_identify(straight_4) by extension 'colcon_pkg'
[0.685s] Level 1:colcon.colcon_core.package_identification:_identify(straight_4) by extensions ['colcon_meta']
[0.685s] Level 1:colcon.colcon_core.package_identification:_identify(straight_4) by extension 'colcon_meta'
[0.685s] Level 1:colcon.colcon_core.package_identification:_identify(straight_4) by extensions ['ros']
[0.685s] Level 1:colcon.colcon_core.package_identification:_identify(straight_4) by extension 'ros'
[0.685s] Level 1:colcon.colcon_core.package_identification:_identify(straight_4) by extensions ['cmake', 'python']
[0.685s] Level 1:colcon.colcon_core.package_identification:_identify(straight_4) by extension 'cmake'
[0.685s] Level 1:colcon.colcon_core.package_identification:_identify(straight_4) by extension 'python'
[0.685s] Level 1:colcon.colcon_core.package_identification:_identify(straight_4) by extensions ['python_setup_py']
[0.685s] Level 1:colcon.colcon_core.package_identification:_identify(straight_4) by extension 'python_setup_py'
[0.685s] Level 1:colcon.colcon_core.package_identification:_identify(straight_5) by extensions ['ignore', 'ignore_ament_install']
[0.685s] Level 1:colcon.colcon_core.package_identification:_identify(straight_5) by extension 'ignore'
[0.685s] Level 1:colcon.colcon_core.package_identification:_identify(straight_5) by extension 'ignore_ament_install'
[0.685s] Level 1:colcon.colcon_core.package_identification:_identify(straight_5) by extensions ['colcon_pkg']
[0.685s] Level 1:colcon.colcon_core.package_identification:_identify(straight_5) by extension 'colcon_pkg'
[0.685s] Level 1:colcon.colcon_core.package_identification:_identify(straight_5) by extensions ['colcon_meta']
[0.685s] Level 1:colcon.colcon_core.package_identification:_identify(straight_5) by extension 'colcon_meta'
[0.685s] Level 1:colcon.colcon_core.package_identification:_identify(straight_5) by extensions ['ros']
[0.685s] Level 1:colcon.colcon_core.package_identification:_identify(straight_5) by extension 'ros'
[0.685s] Level 1:colcon.colcon_core.package_identification:_identify(straight_5) by extensions ['cmake', 'python']
[0.685s] Level 1:colcon.colcon_core.package_identification:_identify(straight_5) by extension 'cmake'
[0.685s] Level 1:colcon.colcon_core.package_identification:_identify(straight_5) by extension 'python'
[0.685s] Level 1:colcon.colcon_core.package_identification:_identify(straight_5) by extensions ['python_setup_py']
[0.685s] Level 1:colcon.colcon_core.package_identification:_identify(straight_5) by extension 'python_setup_py'
[0.685s] Level 1:colcon.colcon_core.package_identification:_identify(straight_6) by extensions ['ignore', 'ignore_ament_install']
[0.685s] Level 1:colcon.colcon_core.package_identification:_identify(straight_6) by extension 'ignore'
[0.686s] Level 1:colcon.colcon_core.package_identification:_identify(straight_6) by extension 'ignore_ament_install'
[0.686s] Level 1:colcon.colcon_core.package_identification:_identify(straight_6) by extensions ['colcon_pkg']
[0.686s] Level 1:colcon.colcon_core.package_identification:_identify(straight_6) by extension 'colcon_pkg'
[0.686s] Level 1:colcon.colcon_core.package_identification:_identify(straight_6) by extensions ['colcon_meta']
[0.686s] Level 1:colcon.colcon_core.package_identification:_identify(straight_6) by extension 'colcon_meta'
[0.686s] Level 1:colcon.colcon_core.package_identification:_identify(straight_6) by extensions ['ros']
[0.686s] Level 1:colcon.colcon_core.package_identification:_identify(straight_6) by extension 'ros'
[0.686s] Level 1:colcon.colcon_core.package_identification:_identify(straight_6) by extensions ['cmake', 'python']
[0.686s] Level 1:colcon.colcon_core.package_identification:_identify(straight_6) by extension 'cmake'
[0.686s] Level 1:colcon.colcon_core.package_identification:_identify(straight_6) by extension 'python'
[0.686s] Level 1:colcon.colcon_core.package_identification:_identify(straight_6) by extensions ['python_setup_py']
[0.686s] Level 1:colcon.colcon_core.package_identification:_identify(straight_6) by extension 'python_setup_py'
[0.686s] Level 1:colcon.colcon_core.package_identification:_identify(straight_7) by extensions ['ignore', 'ignore_ament_install']
[0.686s] Level 1:colcon.colcon_core.package_identification:_identify(straight_7) by extension 'ignore'
[0.686s] Level 1:colcon.colcon_core.package_identification:_identify(straight_7) by extension 'ignore_ament_install'
[0.686s] Level 1:colcon.colcon_core.package_identification:_identify(straight_7) by extensions ['colcon_pkg']
[0.686s] Level 1:colcon.colcon_core.package_identification:_identify(straight_7) by extension 'colcon_pkg'
[0.686s] Level 1:colcon.colcon_core.package_identification:_identify(straight_7) by extensions ['colcon_meta']
[0.686s] Level 1:colcon.colcon_core.package_identification:_identify(straight_7) by extension 'colcon_meta'
[0.686s] Level 1:colcon.colcon_core.package_identification:_identify(straight_7) by extensions ['ros']
[0.686s] Level 1:colcon.colcon_core.package_identification:_identify(straight_7) by extension 'ros'
[0.686s] Level 1:colcon.colcon_core.package_identification:_identify(straight_7) by extensions ['cmake', 'python']
[0.686s] Level 1:colcon.colcon_core.package_identification:_identify(straight_7) by extension 'cmake'
[0.686s] Level 1:colcon.colcon_core.package_identification:_identify(straight_7) by extension 'python'
[0.686s] Level 1:colcon.colcon_core.package_identification:_identify(straight_7) by extensions ['python_setup_py']
[0.686s] Level 1:colcon.colcon_core.package_identification:_identify(straight_7) by extension 'python_setup_py'
[0.686s] Level 1:colcon.colcon_core.package_identification:_identify(straight_8) by extensions ['ignore', 'ignore_ament_install']
[0.686s] Level 1:colcon.colcon_core.package_identification:_identify(straight_8) by extension 'ignore'
[0.686s] Level 1:colcon.colcon_core.package_identification:_identify(straight_8) by extension 'ignore_ament_install'
[0.686s] Level 1:colcon.colcon_core.package_identification:_identify(straight_8) by extensions ['colcon_pkg']
[0.687s] Level 1:colcon.colcon_core.package_identification:_identify(straight_8) by extension 'colcon_pkg'
[0.687s] Level 1:colcon.colcon_core.package_identification:_identify(straight_8) by extensions ['colcon_meta']
[0.687s] Level 1:colcon.colcon_core.package_identification:_identify(straight_8) by extension 'colcon_meta'
[0.687s] Level 1:colcon.colcon_core.package_identification:_identify(straight_8) by extensions ['ros']
[0.687s] Level 1:colcon.colcon_core.package_identification:_identify(straight_8) by extension 'ros'
[0.687s] Level 1:colcon.colcon_core.package_identification:_identify(straight_8) by extensions ['cmake', 'python']
[0.687s] Level 1:colcon.colcon_core.package_identification:_identify(straight_8) by extension 'cmake'
[0.687s] Level 1:colcon.colcon_core.package_identification:_identify(straight_8) by extension 'python'
[0.687s] Level 1:colcon.colcon_core.package_identification:_identify(straight_8) by extensions ['python_setup_py']
[0.687s] Level 1:colcon.colcon_core.package_identification:_identify(straight_8) by extension 'python_setup_py'
[0.687s] Level 1:colcon.colcon_core.package_identification:_identify(straight_9) by extensions ['ignore', 'ignore_ament_install']
[0.687s] Level 1:colcon.colcon_core.package_identification:_identify(straight_9) by extension 'ignore'
[0.687s] Level 1:colcon.colcon_core.package_identification:_identify(straight_9) by extension 'ignore_ament_install'
[0.687s] Level 1:colcon.colcon_core.package_identification:_identify(straight_9) by extensions ['colcon_pkg']
[0.687s] Level 1:colcon.colcon_core.package_identification:_identify(straight_9) by extension 'colcon_pkg'
[0.687s] Level 1:colcon.colcon_core.package_identification:_identify(straight_9) by extensions ['colcon_meta']
[0.687s] Level 1:colcon.colcon_core.package_identification:_identify(straight_9) by extension 'colcon_meta'
[0.687s] Level 1:colcon.colcon_core.package_identification:_identify(straight_9) by extensions ['ros']
[0.687s] Level 1:colcon.colcon_core.package_identification:_identify(straight_9) by extension 'ros'
[0.687s] Level 1:colcon.colcon_core.package_identification:_identify(straight_9) by extensions ['cmake', 'python']
[0.687s] Level 1:colcon.colcon_core.package_identification:_identify(straight_9) by extension 'cmake'
[0.687s] Level 1:colcon.colcon_core.package_identification:_identify(straight_9) by extension 'python'
[0.687s] Level 1:colcon.colcon_core.package_identification:_identify(straight_9) by extensions ['python_setup_py']
[0.687s] Level 1:colcon.colcon_core.package_identification:_identify(straight_9) by extension 'python_setup_py'
[0.687s] Level 1:colcon.colcon_core.package_discovery:discover_packages(recursive) using defaults
[0.687s] Level 1:colcon.colcon_core.package_discovery:discover_packages(ignore) discover
[0.687s] Level 1:colcon.colcon_core.package_discovery:discover_packages(ignore) using defaults
[0.687s] Level 1:colcon.colcon_core.package_discovery:discover_packages(path) discover
[0.687s] Level 1:colcon.colcon_core.package_discovery:discover_packages(path) using defaults
[0.746s] Level 1:colcon.colcon_core.package_discovery:discover_packages(prefix_path) check parameters
[0.746s] Level 1:colcon.colcon_core.package_discovery:discover_packages(prefix_path) discover
[0.765s] DEBUG:colcon.colcon_installed_package_information.package_discovery:Found 1 installed packages in /chrono_ros_interfaces/install
[0.775s] DEBUG:colcon.colcon_installed_package_information.package_discovery:Found 291 installed packages in /opt/ros/humble
[0.776s] Level 1:colcon.colcon_core.package_discovery:discover_packages(prefix_path) using defaults
[0.838s] Level 5:colcon.colcon_core.verb:set package 'prius_description' build argument 'cmake_args' from command line to 'None'
[0.838s] Level 5:colcon.colcon_core.verb:set package 'prius_description' build argument 'cmake_target' from command line to 'None'
[0.838s] Level 5:colcon.colcon_core.verb:set package 'prius_description' build argument 'cmake_target_skip_unavailable' from command line to 'False'
[0.838s] Level 5:colcon.colcon_core.verb:set package 'prius_description' build argument 'cmake_clean_cache' from command line to 'False'
[0.838s] Level 5:colcon.colcon_core.verb:set package 'prius_description' build argument 'cmake_clean_first' from command line to 'False'
[0.838s] Level 5:colcon.colcon_core.verb:set package 'prius_description' build argument 'cmake_force_configure' from command line to 'False'
[0.838s] Level 5:colcon.colcon_core.verb:set package 'prius_description' build argument 'ament_cmake_args' from command line to 'None'
[0.838s] Level 5:colcon.colcon_core.verb:set package 'prius_description' build argument 'catkin_cmake_args' from command line to 'None'
[0.838s] Level 5:colcon.colcon_core.verb:set package 'prius_description' build argument 'catkin_skip_building_tests' from command line to 'False'
[0.839s] DEBUG:colcon.colcon_core.verb:Building package 'prius_description' with the following arguments: {'ament_cmake_args': None, 'build_base': '/sbel/gazebo-demo/build/prius_description', 'catkin_cmake_args': None, 'catkin_skip_building_tests': False, 'cmake_args': None, 'cmake_clean_cache': False, 'cmake_clean_first': False, 'cmake_force_configure': False, 'cmake_target': None, 'cmake_target_skip_unavailable': False, 'install_base': '/sbel/gazebo-demo/install/prius_description', 'merge_install': False, 'path': '/sbel/gazebo-demo/prius_description', 'symlink_install': False, 'test_result_base': None}
[0.847s] Level 5:colcon.colcon_core.verb:set package 'prius_msgs' build argument 'cmake_args' from command line to 'None'
[0.847s] Level 5:colcon.colcon_core.verb:set package 'prius_msgs' build argument 'cmake_target' from command line to 'None'
[0.847s] Level 5:colcon.colcon_core.verb:set package 'prius_msgs' build argument 'cmake_target_skip_unavailable' from command line to 'False'
[0.848s] Level 5:colcon.colcon_core.verb:set package 'prius_msgs' build argument 'cmake_clean_cache' from command line to 'False'
[0.848s] Level 5:colcon.colcon_core.verb:set package 'prius_msgs' build argument 'cmake_clean_first' from command line to 'False'
[0.848s] Level 5:colcon.colcon_core.verb:set package 'prius_msgs' build argument 'cmake_force_configure' from command line to 'False'
[0.848s] Level 5:colcon.colcon_core.verb:set package 'prius_msgs' build argument 'ament_cmake_args' from command line to 'None'
[0.848s] Level 5:colcon.colcon_core.verb:set package 'prius_msgs' build argument 'catkin_cmake_args' from command line to 'None'
[0.848s] Level 5:colcon.colcon_core.verb:set package 'prius_msgs' build argument 'catkin_skip_building_tests' from command line to 'False'
[0.848s] DEBUG:colcon.colcon_core.verb:Building package 'prius_msgs' with the following arguments: {'ament_cmake_args': None, 'build_base': '/sbel/gazebo-demo/build/prius_msgs', 'catkin_cmake_args': None, 'catkin_skip_building_tests': False, 'cmake_args': None, 'cmake_clean_cache': False, 'cmake_clean_first': False, 'cmake_force_configure': False, 'cmake_target': None, 'cmake_target_skip_unavailable': False, 'install_base': '/sbel/gazebo-demo/install/prius_msgs', 'merge_install': False, 'path': '/sbel/gazebo-demo/prius_msgs', 'symlink_install': False, 'test_result_base': None}
[0.857s] Level 5:colcon.colcon_core.verb:set package 'car_demo' build argument 'cmake_args' from command line to 'None'
[0.857s] Level 5:colcon.colcon_core.verb:set package 'car_demo' build argument 'cmake_target' from command line to 'None'
[0.857s] Level 5:colcon.colcon_core.verb:set package 'car_demo' build argument 'cmake_target_skip_unavailable' from command line to 'False'
[0.857s] Level 5:colcon.colcon_core.verb:set package 'car_demo' build argument 'cmake_clean_cache' from command line to 'False'
[0.857s] Level 5:colcon.colcon_core.verb:set package 'car_demo' build argument 'cmake_clean_first' from command line to 'False'
[0.857s] Level 5:colcon.colcon_core.verb:set package 'car_demo' build argument 'cmake_force_configure' from command line to 'False'
[0.857s] Level 5:colcon.colcon_core.verb:set package 'car_demo' build argument 'ament_cmake_args' from command line to 'None'
[0.857s] Level 5:colcon.colcon_core.verb:set package 'car_demo' build argument 'catkin_cmake_args' from command line to 'None'
[0.857s] Level 5:colcon.colcon_core.verb:set package 'car_demo' build argument 'catkin_skip_building_tests' from command line to 'False'
[0.857s] DEBUG:colcon.colcon_core.verb:Building package 'car_demo' with the following arguments: {'ament_cmake_args': None, 'build_base': '/sbel/gazebo-demo/build/car_demo', 'catkin_cmake_args': None, 'catkin_skip_building_tests': False, 'cmake_args': None, 'cmake_clean_cache': False, 'cmake_clean_first': False, 'cmake_force_configure': False, 'cmake_target': None, 'cmake_target_skip_unavailable': False, 'install_base': '/sbel/gazebo-demo/install/car_demo', 'merge_install': False, 'path': '/sbel/gazebo-demo/car_demo', 'symlink_install': False, 'test_result_base': None}
[0.866s] INFO:colcon.colcon_core.executor:Executing jobs using 'parallel' executor
[0.875s] DEBUG:colcon.colcon_parallel_executor.executor.parallel:run_until_complete
[0.875s] INFO:colcon.colcon_ros.task.ament_cmake.build:Building ROS package in '/sbel/gazebo-demo/prius_description' with build type 'ament_cmake'
[0.876s] INFO:colcon.colcon_cmake.task.cmake.build:Building CMake package in '/sbel/gazebo-demo/prius_description'
[0.886s] INFO:colcon.colcon_core.plugin_system:Skipping extension 'colcon_core.shell.bat': Not used on non-Windows systems
[0.886s] INFO:colcon.colcon_core.shell:Skip shell extension 'powershell' for command environment: Not usable outside of PowerShell
[0.886s] DEBUG:colcon.colcon_core.shell:Skip shell extension 'dsv' for command environment
[0.915s] INFO:colcon.colcon_ros.task.ament_cmake.build:Building ROS package in '/sbel/gazebo-demo/prius_msgs' with build type 'ament_cmake'
[0.915s] INFO:colcon.colcon_cmake.task.cmake.build:Building CMake package in '/sbel/gazebo-demo/prius_msgs'
[0.925s] INFO:colcon.colcon_core.shell:Skip shell extension 'powershell' for command environment: Not usable outside of PowerShell
[0.925s] DEBUG:colcon.colcon_core.shell:Skip shell extension 'dsv' for command environment
[0.957s] DEBUG:colcon.colcon_core.event_handler.log_command:Invoking command in '/sbel/gazebo-demo/build/prius_description': CMAKE_PREFIX_PATH=${CMAKE_PREFIX_PATH}:/opt/ros/humble /usr/bin/cmake --build /sbel/gazebo-demo/build/prius_description -- -j16 -l16
[0.959s] DEBUG:colcon.colcon_core.event_handler.log_command:Invoking command in '/sbel/gazebo-demo/build/prius_msgs': CMAKE_PREFIX_PATH=${CMAKE_PREFIX_PATH}:/opt/ros/humble /usr/bin/cmake --build /sbel/gazebo-demo/build/prius_msgs -- -j16 -l16
[0.987s] DEBUG:colcon.colcon_core.event_handler.log_command:Invoked command in '/sbel/gazebo-demo/build/prius_description' returned '0': CMAKE_PREFIX_PATH=${CMAKE_PREFIX_PATH}:/opt/ros/humble /usr/bin/cmake --build /sbel/gazebo-demo/build/prius_description -- -j16 -l16
[1.011s] DEBUG:colcon.colcon_core.event_handler.log_command:Invoking command in '/sbel/gazebo-demo/build/prius_description': CMAKE_PREFIX_PATH=${CMAKE_PREFIX_PATH}:/opt/ros/humble /usr/bin/cmake --install /sbel/gazebo-demo/build/prius_description
[1.019s] Level 1:colcon.colcon_core.environment:create_environment_scripts_only(prius_description)
[1.020s] DEBUG:colcon.colcon_core.event_handler.log_command:Invoked command in '/sbel/gazebo-demo/build/prius_description' returned '0': CMAKE_PREFIX_PATH=${CMAKE_PREFIX_PATH}:/opt/ros/humble /usr/bin/cmake --install /sbel/gazebo-demo/build/prius_description
[1.037s] Level 1:colcon.colcon_core.environment:checking '/sbel/gazebo-demo/install/prius_description' for CMake module files
[1.038s] Level 1:colcon.colcon_core.environment:checking '/sbel/gazebo-demo/install/prius_description' for CMake config files
[1.038s] Level 1:colcon.colcon_core.shell:create_environment_hook('prius_description', 'cmake_prefix_path')
[1.049s] INFO:colcon.colcon_core.shell:Creating environment hook '/sbel/gazebo-demo/install/prius_description/share/prius_description/hook/cmake_prefix_path.ps1'
[1.050s] INFO:colcon.colcon_core.shell:Creating environment descriptor '/sbel/gazebo-demo/install/prius_description/share/prius_description/hook/cmake_prefix_path.dsv'
[1.050s] INFO:colcon.colcon_core.shell:Creating environment hook '/sbel/gazebo-demo/install/prius_description/share/prius_description/hook/cmake_prefix_path.sh'
[1.051s] Level 1:colcon.colcon_core.environment:checking '/sbel/gazebo-demo/install/prius_description/bin'
[1.051s] Level 1:colcon.colcon_core.environment:checking '/sbel/gazebo-demo/install/prius_description/lib/pkgconfig/prius_description.pc'
[1.051s] Level 1:colcon.colcon_core.environment:checking '/sbel/gazebo-demo/install/prius_description/lib/python3.10/site-packages'
[1.051s] Level 1:colcon.colcon_core.environment:checking '/sbel/gazebo-demo/install/prius_description/bin'
[1.061s] INFO:colcon.colcon_core.shell:Creating package script '/sbel/gazebo-demo/install/prius_description/share/prius_description/package.ps1'
[1.061s] INFO:colcon.colcon_core.shell:Creating package descriptor '/sbel/gazebo-demo/install/prius_description/share/prius_description/package.dsv'
[1.061s] INFO:colcon.colcon_core.shell:Creating package script '/sbel/gazebo-demo/install/prius_description/share/prius_description/package.sh'
[1.062s] INFO:colcon.colcon_core.shell:Creating package script '/sbel/gazebo-demo/install/prius_description/share/prius_description/package.bash'
[1.062s] INFO:colcon.colcon_core.shell:Creating package script '/sbel/gazebo-demo/install/prius_description/share/prius_description/package.zsh'
[1.063s] Level 1:colcon.colcon_core.environment:create_file_with_runtime_dependencies(/sbel/gazebo-demo/install/prius_description/share/colcon-core/packages/prius_description)
[1.091s] Level 1:colcon.colcon_core.environment:create_environment_scripts_only(prius_description)
[1.100s] Level 1:colcon.colcon_core.environment:checking '/sbel/gazebo-demo/install/prius_description' for CMake module files
[1.100s] Level 1:colcon.colcon_core.environment:checking '/sbel/gazebo-demo/install/prius_description' for CMake config files
[1.101s] Level 1:colcon.colcon_core.shell:create_environment_hook('prius_description', 'cmake_prefix_path')
[1.110s] INFO:colcon.colcon_core.shell:Creating environment hook '/sbel/gazebo-demo/install/prius_description/share/prius_description/hook/cmake_prefix_path.ps1'
[1.110s] INFO:colcon.colcon_core.shell:Creating environment descriptor '/sbel/gazebo-demo/install/prius_description/share/prius_description/hook/cmake_prefix_path.dsv'
[1.110s] INFO:colcon.colcon_core.shell:Creating environment hook '/sbel/gazebo-demo/install/prius_description/share/prius_description/hook/cmake_prefix_path.sh'
[1.111s] Level 1:colcon.colcon_core.environment:checking '/sbel/gazebo-demo/install/prius_description/bin'
[1.111s] Level 1:colcon.colcon_core.environment:checking '/sbel/gazebo-demo/install/prius_description/lib/pkgconfig/prius_description.pc'
[1.111s] Level 1:colcon.colcon_core.environment:checking '/sbel/gazebo-demo/install/prius_description/lib/python3.10/site-packages'
[1.111s] Level 1:colcon.colcon_core.environment:checking '/sbel/gazebo-demo/install/prius_description/bin'
[1.120s] INFO:colcon.colcon_core.shell:Creating package script '/sbel/gazebo-demo/install/prius_description/share/prius_description/package.ps1'
[1.120s] INFO:colcon.colcon_core.shell:Creating package descriptor '/sbel/gazebo-demo/install/prius_description/share/prius_description/package.dsv'
[1.121s] INFO:colcon.colcon_core.shell:Creating package script '/sbel/gazebo-demo/install/prius_description/share/prius_description/package.sh'
[1.121s] INFO:colcon.colcon_core.shell:Creating package script '/sbel/gazebo-demo/install/prius_description/share/prius_description/package.bash'
[1.121s] INFO:colcon.colcon_core.shell:Creating package script '/sbel/gazebo-demo/install/prius_description/share/prius_description/package.zsh'
[1.121s] Level 1:colcon.colcon_core.environment:create_file_with_runtime_dependencies(/sbel/gazebo-demo/install/prius_description/share/colcon-core/packages/prius_description)
[1.205s] DEBUG:colcon.colcon_core.event_handler.log_command:Invoked command in '/sbel/gazebo-demo/build/prius_msgs' returned '0': CMAKE_PREFIX_PATH=${CMAKE_PREFIX_PATH}:/opt/ros/humble /usr/bin/cmake --build /sbel/gazebo-demo/build/prius_msgs -- -j16 -l16
[1.260s] DEBUG:colcon.colcon_core.event_handler.log_command:Invoking command in '/sbel/gazebo-demo/build/prius_msgs': CMAKE_PREFIX_PATH=${CMAKE_PREFIX_PATH}:/opt/ros/humble /usr/bin/cmake --install /sbel/gazebo-demo/build/prius_msgs
[1.301s] Level 1:colcon.colcon_core.environment:create_environment_scripts_only(prius_msgs)
[1.302s] DEBUG:colcon.colcon_core.event_handler.log_command:Invoked command in '/sbel/gazebo-demo/build/prius_msgs' returned '0': CMAKE_PREFIX_PATH=${CMAKE_PREFIX_PATH}:/opt/ros/humble /usr/bin/cmake --install /sbel/gazebo-demo/build/prius_msgs
[1.311s] Level 1:colcon.colcon_core.environment:checking '/sbel/gazebo-demo/install/prius_msgs' for CMake module files
[1.312s] Level 1:colcon.colcon_core.environment:checking '/sbel/gazebo-demo/install/prius_msgs' for CMake config files
[1.312s] Level 1:colcon.colcon_core.shell:create_environment_hook('prius_msgs', 'cmake_prefix_path')
[1.321s] INFO:colcon.colcon_core.shell:Creating environment hook '/sbel/gazebo-demo/install/prius_msgs/share/prius_msgs/hook/cmake_prefix_path.ps1'
[1.321s] INFO:colcon.colcon_core.shell:Creating environment descriptor '/sbel/gazebo-demo/install/prius_msgs/share/prius_msgs/hook/cmake_prefix_path.dsv'
[1.322s] INFO:colcon.colcon_core.shell:Creating environment hook '/sbel/gazebo-demo/install/prius_msgs/share/prius_msgs/hook/cmake_prefix_path.sh'
[1.322s] Level 1:colcon.colcon_core.environment:checking '/sbel/gazebo-demo/install/prius_msgs/lib'
[1.322s] Level 1:colcon.colcon_core.shell:create_environment_hook('prius_msgs', 'ld_library_path_lib')
[1.331s] INFO:colcon.colcon_core.shell:Creating environment hook '/sbel/gazebo-demo/install/prius_msgs/share/prius_msgs/hook/ld_library_path_lib.ps1'
[1.331s] INFO:colcon.colcon_core.shell:Creating environment descriptor '/sbel/gazebo-demo/install/prius_msgs/share/prius_msgs/hook/ld_library_path_lib.dsv'
[1.331s] INFO:colcon.colcon_core.shell:Creating environment hook '/sbel/gazebo-demo/install/prius_msgs/share/prius_msgs/hook/ld_library_path_lib.sh'
[1.332s] Level 1:colcon.colcon_core.environment:checking '/sbel/gazebo-demo/install/prius_msgs/bin'
[1.332s] Level 1:colcon.colcon_core.environment:checking '/sbel/gazebo-demo/install/prius_msgs/lib/pkgconfig/prius_msgs.pc'
[1.332s] Level 1:colcon.colcon_core.environment:checking '/sbel/gazebo-demo/install/prius_msgs/lib/python3.10/site-packages'
[1.332s] Level 1:colcon.colcon_core.environment:checking '/sbel/gazebo-demo/install/prius_msgs/bin'
[1.341s] INFO:colcon.colcon_core.shell:Creating package script '/sbel/gazebo-demo/install/prius_msgs/share/prius_msgs/package.ps1'
[1.341s] INFO:colcon.colcon_core.shell:Creating package descriptor '/sbel/gazebo-demo/install/prius_msgs/share/prius_msgs/package.dsv'
[1.341s] INFO:colcon.colcon_core.shell:Creating package script '/sbel/gazebo-demo/install/prius_msgs/share/prius_msgs/package.sh'
[1.342s] INFO:colcon.colcon_core.shell:Creating package script '/sbel/gazebo-demo/install/prius_msgs/share/prius_msgs/package.bash'
[1.342s] INFO:colcon.colcon_core.shell:Creating package script '/sbel/gazebo-demo/install/prius_msgs/share/prius_msgs/package.zsh'
[1.342s] Level 1:colcon.colcon_core.environment:create_file_with_runtime_dependencies(/sbel/gazebo-demo/install/prius_msgs/share/colcon-core/packages/prius_msgs)
[1.406s] Level 1:colcon.colcon_core.environment:create_environment_scripts_only(prius_msgs)
[1.415s] Level 1:colcon.colcon_core.environment:checking '/sbel/gazebo-demo/install/prius_msgs' for CMake module files
[1.415s] Level 1:colcon.colcon_core.environment:checking '/sbel/gazebo-demo/install/prius_msgs' for CMake config files
[1.416s] Level 1:colcon.colcon_core.shell:create_environment_hook('prius_msgs', 'cmake_prefix_path')
[1.425s] INFO:colcon.colcon_core.shell:Creating environment hook '/sbel/gazebo-demo/install/prius_msgs/share/prius_msgs/hook/cmake_prefix_path.ps1'
[1.426s] INFO:colcon.colcon_core.shell:Creating environment descriptor '/sbel/gazebo-demo/install/prius_msgs/share/prius_msgs/hook/cmake_prefix_path.dsv'
[1.426s] INFO:colcon.colcon_core.shell:Creating environment hook '/sbel/gazebo-demo/install/prius_msgs/share/prius_msgs/hook/cmake_prefix_path.sh'
[1.426s] Level 1:colcon.colcon_core.environment:checking '/sbel/gazebo-demo/install/prius_msgs/lib'
[1.426s] Level 1:colcon.colcon_core.shell:create_environment_hook('prius_msgs', 'ld_library_path_lib')
[1.436s] INFO:colcon.colcon_core.shell:Creating environment hook '/sbel/gazebo-demo/install/prius_msgs/share/prius_msgs/hook/ld_library_path_lib.ps1'
[1.436s] INFO:colcon.colcon_core.shell:Creating environment descriptor '/sbel/gazebo-demo/install/prius_msgs/share/prius_msgs/hook/ld_library_path_lib.dsv'
[1.436s] INFO:colcon.colcon_core.shell:Creating environment hook '/sbel/gazebo-demo/install/prius_msgs/share/prius_msgs/hook/ld_library_path_lib.sh'
[1.437s] Level 1:colcon.colcon_core.environment:checking '/sbel/gazebo-demo/install/prius_msgs/bin'
[1.437s] Level 1:colcon.colcon_core.environment:checking '/sbel/gazebo-demo/install/prius_msgs/lib/pkgconfig/prius_msgs.pc'
[1.437s] Level 1:colcon.colcon_core.environment:checking '/sbel/gazebo-demo/install/prius_msgs/lib/python3.10/site-packages'
[1.437s] Level 1:colcon.colcon_core.environment:checking '/sbel/gazebo-demo/install/prius_msgs/bin'
[1.447s] INFO:colcon.colcon_core.shell:Creating package script '/sbel/gazebo-demo/install/prius_msgs/share/prius_msgs/package.ps1'
[1.447s] INFO:colcon.colcon_core.shell:Creating package descriptor '/sbel/gazebo-demo/install/prius_msgs/share/prius_msgs/package.dsv'
[1.447s] INFO:colcon.colcon_core.shell:Creating package script '/sbel/gazebo-demo/install/prius_msgs/share/prius_msgs/package.sh'
[1.447s] INFO:colcon.colcon_core.shell:Creating package script '/sbel/gazebo-demo/install/prius_msgs/share/prius_msgs/package.bash'
[1.448s] INFO:colcon.colcon_core.shell:Creating package script '/sbel/gazebo-demo/install/prius_msgs/share/prius_msgs/package.zsh'
[1.448s] Level 1:colcon.colcon_core.environment:create_file_with_runtime_dependencies(/sbel/gazebo-demo/install/prius_msgs/share/colcon-core/packages/prius_msgs)
[1.448s] INFO:colcon.colcon_ros.task.ament_cmake.build:Building ROS package in '/sbel/gazebo-demo/car_demo' with build type 'ament_cmake'
[1.448s] INFO:colcon.colcon_cmake.task.cmake.build:Building CMake package in '/sbel/gazebo-demo/car_demo'
[1.458s] INFO:colcon.colcon_core.shell:Skip shell extension 'powershell' for command environment: Not usable outside of PowerShell
[1.459s] DEBUG:colcon.colcon_core.shell:Skip shell extension 'dsv' for command environment
[1.501s] DEBUG:colcon.colcon_core.event_handler.log_command:Invoking command in '/sbel/gazebo-demo/build/car_demo': AMENT_PREFIX_PATH=/sbel/gazebo-demo/install/prius_msgs:/sbel/gazebo-demo/install/prius_description:${AMENT_PREFIX_PATH} CMAKE_PREFIX_PATH=/sbel/gazebo-demo/install/prius_msgs:/sbel/gazebo-demo/install/prius_description:/chrono_ros_interfaces/install/chrono_ros_interfaces:/opt/ros/humble GAZEBO_MODEL_PATH=/sbel/gazebo-demo/install/prius_description/share/prius_description/models LD_LIBRARY_PATH=/sbel/gazebo-demo/install/prius_msgs/lib:${LD_LIBRARY_PATH} PYTHONPATH=/sbel/gazebo-demo/install/prius_msgs/local/lib/python3.10/dist-packages:${PYTHONPATH} /usr/bin/cmake --build /sbel/gazebo-demo/build/car_demo -- -j16 -l16
[1.744s] DEBUG:colcon.colcon_core.event_handler.log_command:Invoked command in '/sbel/gazebo-demo/build/car_demo' returned '0': AMENT_PREFIX_PATH=/sbel/gazebo-demo/install/prius_msgs:/sbel/gazebo-demo/install/prius_description:${AMENT_PREFIX_PATH} CMAKE_PREFIX_PATH=/sbel/gazebo-demo/install/prius_msgs:/sbel/gazebo-demo/install/prius_description:/chrono_ros_interfaces/install/chrono_ros_interfaces:/opt/ros/humble GAZEBO_MODEL_PATH=/sbel/gazebo-demo/install/prius_description/share/prius_description/models LD_LIBRARY_PATH=/sbel/gazebo-demo/install/prius_msgs/lib:${LD_LIBRARY_PATH} PYTHONPATH=/sbel/gazebo-demo/install/prius_msgs/local/lib/python3.10/dist-packages:${PYTHONPATH} /usr/bin/cmake --build /sbel/gazebo-demo/build/car_demo -- -j16 -l16
[1.770s] DEBUG:colcon.colcon_core.event_handler.log_command:Invoking command in '/sbel/gazebo-demo/build/car_demo': AMENT_PREFIX_PATH=/sbel/gazebo-demo/install/prius_msgs:/sbel/gazebo-demo/install/prius_description:${AMENT_PREFIX_PATH} CMAKE_PREFIX_PATH=/sbel/gazebo-demo/install/prius_msgs:/sbel/gazebo-demo/install/prius_description:/chrono_ros_interfaces/install/chrono_ros_interfaces:/opt/ros/humble GAZEBO_MODEL_PATH=/sbel/gazebo-demo/install/prius_description/share/prius_description/models LD_LIBRARY_PATH=/sbel/gazebo-demo/install/prius_msgs/lib:${LD_LIBRARY_PATH} PYTHONPATH=/sbel/gazebo-demo/install/prius_msgs/local/lib/python3.10/dist-packages:${PYTHONPATH} /usr/bin/cmake --install /sbel/gazebo-demo/build/car_demo
[1.812s] Level 1:colcon.colcon_core.environment:create_environment_scripts_only(car_demo)
[1.815s] DEBUG:colcon.colcon_core.event_handler.log_command:Invoked command in '/sbel/gazebo-demo/build/car_demo' returned '0': AMENT_PREFIX_PATH=/sbel/gazebo-demo/install/prius_msgs:/sbel/gazebo-demo/install/prius_description:${AMENT_PREFIX_PATH} CMAKE_PREFIX_PATH=/sbel/gazebo-demo/install/prius_msgs:/sbel/gazebo-demo/install/prius_description:/chrono_ros_interfaces/install/chrono_ros_interfaces:/opt/ros/humble GAZEBO_MODEL_PATH=/sbel/gazebo-demo/install/prius_description/share/prius_description/models LD_LIBRARY_PATH=/sbel/gazebo-demo/install/prius_msgs/lib:${LD_LIBRARY_PATH} PYTHONPATH=/sbel/gazebo-demo/install/prius_msgs/local/lib/python3.10/dist-packages:${PYTHONPATH} /usr/bin/cmake --install /sbel/gazebo-demo/build/car_demo
[1.823s] Level 1:colcon.colcon_core.environment:checking '/sbel/gazebo-demo/install/car_demo' for CMake module files
[1.824s] Level 1:colcon.colcon_core.environment:checking '/sbel/gazebo-demo/install/car_demo' for CMake config files
[1.824s] Level 1:colcon.colcon_core.shell:create_environment_hook('car_demo', 'cmake_prefix_path')
[1.833s] INFO:colcon.colcon_core.shell:Creating environment hook '/sbel/gazebo-demo/install/car_demo/share/car_demo/hook/cmake_prefix_path.ps1'
[1.833s] INFO:colcon.colcon_core.shell:Creating environment descriptor '/sbel/gazebo-demo/install/car_demo/share/car_demo/hook/cmake_prefix_path.dsv'
[1.833s] INFO:colcon.colcon_core.shell:Creating environment hook '/sbel/gazebo-demo/install/car_demo/share/car_demo/hook/cmake_prefix_path.sh'
[1.834s] Level 1:colcon.colcon_core.environment:checking '/sbel/gazebo-demo/install/car_demo/lib'
[1.834s] Level 1:colcon.colcon_core.shell:create_environment_hook('car_demo', 'ld_library_path_lib')
[1.843s] INFO:colcon.colcon_core.shell:Creating environment hook '/sbel/gazebo-demo/install/car_demo/share/car_demo/hook/ld_library_path_lib.ps1'
[1.843s] INFO:colcon.colcon_core.shell:Creating environment descriptor '/sbel/gazebo-demo/install/car_demo/share/car_demo/hook/ld_library_path_lib.dsv'
[1.843s] INFO:colcon.colcon_core.shell:Creating environment hook '/sbel/gazebo-demo/install/car_demo/share/car_demo/hook/ld_library_path_lib.sh'
[1.843s] Level 1:colcon.colcon_core.environment:checking '/sbel/gazebo-demo/install/car_demo/bin'
[1.843s] Level 1:colcon.colcon_core.environment:checking '/sbel/gazebo-demo/install/car_demo/lib/pkgconfig/car_demo.pc'
[1.844s] Level 1:colcon.colcon_core.environment:checking '/sbel/gazebo-demo/install/car_demo/lib/python3.10/site-packages'
[1.844s] Level 1:colcon.colcon_core.environment:checking '/sbel/gazebo-demo/install/car_demo/bin'
[1.853s] INFO:colcon.colcon_core.shell:Creating package script '/sbel/gazebo-demo/install/car_demo/share/car_demo/package.ps1'
[1.853s] INFO:colcon.colcon_core.shell:Creating package descriptor '/sbel/gazebo-demo/install/car_demo/share/car_demo/package.dsv'
[1.853s] INFO:colcon.colcon_core.shell:Creating package script '/sbel/gazebo-demo/install/car_demo/share/car_demo/package.sh'
[1.854s] INFO:colcon.colcon_core.shell:Creating package script '/sbel/gazebo-demo/install/car_demo/share/car_demo/package.bash'
[1.854s] INFO:colcon.colcon_core.shell:Creating package script '/sbel/gazebo-demo/install/car_demo/share/car_demo/package.zsh'
[1.854s] Level 1:colcon.colcon_core.environment:create_file_with_runtime_dependencies(/sbel/gazebo-demo/install/car_demo/share/colcon-core/packages/car_demo)
[1.890s] Level 1:colcon.colcon_core.environment:create_environment_scripts_only(car_demo)
[1.899s] Level 1:colcon.colcon_core.environment:checking '/sbel/gazebo-demo/install/car_demo' for CMake module files
[1.899s] Level 1:colcon.colcon_core.environment:checking '/sbel/gazebo-demo/install/car_demo' for CMake config files
[1.900s] Level 1:colcon.colcon_core.shell:create_environment_hook('car_demo', 'cmake_prefix_path')
[1.909s] INFO:colcon.colcon_core.shell:Creating environment hook '/sbel/gazebo-demo/install/car_demo/share/car_demo/hook/cmake_prefix_path.ps1'
[1.909s] INFO:colcon.colcon_core.shell:Creating environment descriptor '/sbel/gazebo-demo/install/car_demo/share/car_demo/hook/cmake_prefix_path.dsv'
[1.909s] INFO:colcon.colcon_core.shell:Creating environment hook '/sbel/gazebo-demo/install/car_demo/share/car_demo/hook/cmake_prefix_path.sh'
[1.909s] Level 1:colcon.colcon_core.environment:checking '/sbel/gazebo-demo/install/car_demo/lib'
[1.910s] Level 1:colcon.colcon_core.shell:create_environment_hook('car_demo', 'ld_library_path_lib')
[1.919s] INFO:colcon.colcon_core.shell:Creating environment hook '/sbel/gazebo-demo/install/car_demo/share/car_demo/hook/ld_library_path_lib.ps1'
[1.919s] INFO:colcon.colcon_core.shell:Creating environment descriptor '/sbel/gazebo-demo/install/car_demo/share/car_demo/hook/ld_library_path_lib.dsv'
[1.919s] INFO:colcon.colcon_core.shell:Creating environment hook '/sbel/gazebo-demo/install/car_demo/share/car_demo/hook/ld_library_path_lib.sh'
[1.919s] Level 1:colcon.colcon_core.environment:checking '/sbel/gazebo-demo/install/car_demo/bin'
[1.919s] Level 1:colcon.colcon_core.environment:checking '/sbel/gazebo-demo/install/car_demo/lib/pkgconfig/car_demo.pc'
[1.920s] Level 1:colcon.colcon_core.environment:checking '/sbel/gazebo-demo/install/car_demo/lib/python3.10/site-packages'
[1.920s] Level 1:colcon.colcon_core.environment:checking '/sbel/gazebo-demo/install/car_demo/bin'
[1.929s] INFO:colcon.colcon_core.shell:Creating package script '/sbel/gazebo-demo/install/car_demo/share/car_demo/package.ps1'
[1.929s] INFO:colcon.colcon_core.shell:Creating package descriptor '/sbel/gazebo-demo/install/car_demo/share/car_demo/package.dsv'
[1.930s] INFO:colcon.colcon_core.shell:Creating package script '/sbel/gazebo-demo/install/car_demo/share/car_demo/package.sh'
[1.930s] INFO:colcon.colcon_core.shell:Creating package script '/sbel/gazebo-demo/install/car_demo/share/car_demo/package.bash'
[1.930s] INFO:colcon.colcon_core.shell:Creating package script '/sbel/gazebo-demo/install/car_demo/share/car_demo/package.zsh'
[1.930s] Level 1:colcon.colcon_core.environment:create_file_with_runtime_dependencies(/sbel/gazebo-demo/install/car_demo/share/colcon-core/packages/car_demo)
[1.930s] DEBUG:colcon.colcon_parallel_executor.executor.parallel:closing loop
[1.931s] DEBUG:colcon.colcon_parallel_executor.executor.parallel:loop closed
[1.931s] DEBUG:colcon.colcon_parallel_executor.executor.parallel:run_until_complete finished with '0'
[1.931s] DEBUG:colcon.colcon_core.event_reactor:joining thread
[1.943s] INFO:colcon.colcon_core.plugin_system:Skipping extension 'colcon_notification.desktop_notification.terminal_notifier': Not used on non-Darwin systems
[1.943s] INFO:colcon.colcon_core.plugin_system:Skipping extension 'colcon_notification.desktop_notification.win32': Not used on non-Windows systems
[1.943s] INFO:colcon.colcon_notification.desktop_notification:Sending desktop notification using 'notify2'
[1.950s] DEBUG:colcon.colcon_core.event_reactor:joined thread
[1.961s] INFO:colcon.colcon_core.shell:Creating prefix script '/sbel/gazebo-demo/install/local_setup.ps1'
[1.961s] INFO:colcon.colcon_core.shell:Creating prefix util module '/sbel/gazebo-demo/install/_local_setup_util_ps1.py'
[1.962s] INFO:colcon.colcon_core.shell:Creating prefix chain script '/sbel/gazebo-demo/install/setup.ps1'
[1.972s] INFO:colcon.colcon_core.shell:Creating prefix script '/sbel/gazebo-demo/install/local_setup.sh'
[1.972s] INFO:colcon.colcon_core.shell:Creating prefix util module '/sbel/gazebo-demo/install/_local_setup_util_sh.py'
[1.972s] INFO:colcon.colcon_core.shell:Creating prefix chain script '/sbel/gazebo-demo/install/setup.sh'
[1.982s] INFO:colcon.colcon_core.shell:Creating prefix script '/sbel/gazebo-demo/install/local_setup.bash'
[1.982s] INFO:colcon.colcon_core.shell:Creating prefix chain script '/sbel/gazebo-demo/install/setup.bash'
[1.991s] INFO:colcon.colcon_core.shell:Creating prefix script '/sbel/gazebo-demo/install/local_setup.zsh'
[1.992s] INFO:colcon.colcon_core.shell:Creating prefix chain script '/sbel/gazebo-demo/install/setup.zsh'
