[0.000000] (-) TimerEvent: {}
[0.000333] (prius_description) JobQueued: {'identifier': 'prius_description', 'dependencies': OrderedDict()}
[0.000447] (prius_msgs) JobQueued: {'identifier': 'prius_msgs', 'dependencies': OrderedDict()}
[0.000496] (car_demo) JobQueued: {'identifier': 'car_demo', 'dependencies': OrderedDict([('prius_description', '/sbel/gazebo-demo/install/prius_description'), ('prius_msgs', '/sbel/gazebo-demo/install/prius_msgs')])}
[0.000527] (prius_description) JobStarted: {'identifier': 'prius_description'}
[0.049073] (prius_msgs) JobStarted: {'identifier': 'prius_msgs'}
[0.096908] (prius_description) JobProgress: {'identifier': 'prius_description', 'progress': 'cmake'}
[0.097280] (prius_description) JobProgress: {'identifier': 'prius_description', 'progress': 'build'}
[0.097700] (prius_description) Command: {'cmd': ['/usr/bin/cmake', '--build', '/sbel/gazebo-demo/build/prius_description', '--', '-j16', '-l16'], 'cwd': '/sbel/gazebo-demo/build/prius_description', 'env': OrderedDict([('TMUX', '/tmp/tmux-0/default,42667,4'), ('LANGUAGE', 'en_US:en'), ('HOSTNAME', 'ef32acc5240d'), ('SHLVL', '2'), ('LD_LIBRARY_PATH', '/sbel/gazebo-demo/install/car_demo/lib:/sbel/gazebo-demo/install/prius_msgs/lib:/chrono_ros_interfaces/install/chrono_ros_interfaces/lib:/usr/lib/x86_64-linux-gnu/gazebo-11/plugins:/opt/ros/humble/opt/rviz_ogre_vendor/lib:/opt/ros/humble/lib/x86_64-linux-gnu:/opt/ros/humble/lib'), ('HOME', '/sbel'), ('NO_VNC_PORT', '6901'), ('OLDPWD', '/sbel'), ('TERM_PROGRAM_VERSION', '3.2a'), ('STARTUPDIR', '/dockerstartup'), ('ROS_PYTHON_VERSION', '3'), ('VNC_COL_DEPTH', '24'), ('COLCON_PREFIX_PATH', '/sbel/gazebo-demo/install:/chrono_ros_interfaces/install'), ('ROS_DISTRO', 'humble'), ('_', '/usr/bin/colcon'), ('ROS_VERSION', '2'), ('NO_VNC_HOME', '/sbel/noVNC'), ('TERM', 'screen'), ('GAZEBO_MODEL_PATH', '/opt/ros/humble/share/prius_description/models'), ('ROS_LOCALHOST_ONLY', '0'), ('PATH', '/opt/ros/humble/bin:/usr/local/sbin:/usr/local/bin:/usr/sbin:/usr/bin:/sbin:/bin'), ('DISPLAY', ':1'), ('LANG', 'en_US.UTF-8'), ('TERM_PROGRAM', 'tmux'), ('AMENT_PREFIX_PATH', '/sbel/gazebo-demo/install/car_demo:/sbel/gazebo-demo/install/prius_msgs:/sbel/gazebo-demo/install/prius_description:/chrono_ros_interfaces/install/chrono_ros_interfaces:/opt/ros/humble'), ('DEBIAN_FRONTEND', 'noninteractive'), ('SHELL', '/bin/bash'), ('PWD', '/sbel/gazebo-demo/build/prius_description'), ('VNC_RESOLUTION', '1600x900'), ('LC_ALL', 'en_US.UTF-8'), ('PYTHONPATH', '/sbel/gazebo-demo/install/car_demo/local/lib/python3.10/dist-packages:/sbel/gazebo-demo/install/prius_msgs/local/lib/python3.10/dist-packages:/chrono_ros_interfaces/install/chrono_ros_interfaces/local/lib/python3.10/dist-packages:/opt/ros/humble/lib/python3.10/site-packages:/opt/ros/humble/local/lib/python3.10/dist-packages'), ('VNC_PW', 'sbel'), ('COLCON', '1'), ('TMUX_PANE', '%8'), ('CMAKE_PREFIX_PATH', '/sbel/gazebo-demo/install/car_demo:/sbel/gazebo-demo/install/prius_msgs:/sbel/gazebo-demo/install/prius_description:/chrono_ros_interfaces/install/chrono_ros_interfaces:/opt/ros/humble'), ('VNC_PORT', '5901')]), 'shell': False}
[0.099794] (-) TimerEvent: {}
[0.100012] (prius_msgs) JobProgress: {'identifier': 'prius_msgs', 'progress': 'cmake'}
[0.100422] (prius_msgs) JobProgress: {'identifier': 'prius_msgs', 'progress': 'build'}
[0.100584] (prius_msgs) Command: {'cmd': ['/usr/bin/cmake', '--build', '/sbel/gazebo-demo/build/prius_msgs', '--', '-j16', '-l16'], 'cwd': '/sbel/gazebo-demo/build/prius_msgs', 'env': OrderedDict([('TMUX', '/tmp/tmux-0/default,42667,4'), ('LANGUAGE', 'en_US:en'), ('HOSTNAME', 'ef32acc5240d'), ('SHLVL', '2'), ('LD_LIBRARY_PATH', '/sbel/gazebo-demo/install/car_demo/lib:/sbel/gazebo-demo/install/prius_msgs/lib:/chrono_ros_interfaces/install/chrono_ros_interfaces/lib:/usr/lib/x86_64-linux-gnu/gazebo-11/plugins:/opt/ros/humble/opt/rviz_ogre_vendor/lib:/opt/ros/humble/lib/x86_64-linux-gnu:/opt/ros/humble/lib'), ('HOME', '/sbel'), ('NO_VNC_PORT', '6901'), ('OLDPWD', '/sbel'), ('TERM_PROGRAM_VERSION', '3.2a'), ('STARTUPDIR', '/dockerstartup'), ('ROS_PYTHON_VERSION', '3'), ('VNC_COL_DEPTH', '24'), ('COLCON_PREFIX_PATH', '/sbel/gazebo-demo/install:/chrono_ros_interfaces/install'), ('ROS_DISTRO', 'humble'), ('_', '/usr/bin/colcon'), ('ROS_VERSION', '2'), ('NO_VNC_HOME', '/sbel/noVNC'), ('TERM', 'screen'), ('GAZEBO_MODEL_PATH', '/opt/ros/humble/share/prius_description/models'), ('ROS_LOCALHOST_ONLY', '0'), ('PATH', '/opt/ros/humble/bin:/usr/local/sbin:/usr/local/bin:/usr/sbin:/usr/bin:/sbin:/bin'), ('DISPLAY', ':1'), ('LANG', 'en_US.UTF-8'), ('TERM_PROGRAM', 'tmux'), ('AMENT_PREFIX_PATH', '/sbel/gazebo-demo/install/car_demo:/sbel/gazebo-demo/install/prius_msgs:/sbel/gazebo-demo/install/prius_description:/chrono_ros_interfaces/install/chrono_ros_interfaces:/opt/ros/humble'), ('DEBIAN_FRONTEND', 'noninteractive'), ('SHELL', '/bin/bash'), ('PWD', '/sbel/gazebo-demo/build/prius_msgs'), ('VNC_RESOLUTION', '1600x900'), ('LC_ALL', 'en_US.UTF-8'), ('PYTHONPATH', '/sbel/gazebo-demo/install/car_demo/local/lib/python3.10/dist-packages:/sbel/gazebo-demo/install/prius_msgs/local/lib/python3.10/dist-packages:/chrono_ros_interfaces/install/chrono_ros_interfaces/local/lib/python3.10/dist-packages:/opt/ros/humble/lib/python3.10/site-packages:/opt/ros/humble/local/lib/python3.10/dist-packages'), ('VNC_PW', 'sbel'), ('COLCON', '1'), ('TMUX_PANE', '%8'), ('CMAKE_PREFIX_PATH', '/sbel/gazebo-demo/install/car_demo:/sbel/gazebo-demo/install/prius_msgs:/sbel/gazebo-demo/install/prius_description:/chrono_ros_interfaces/install/chrono_ros_interfaces:/opt/ros/humble'), ('VNC_PORT', '5901')]), 'shell': False}
[0.129606] (prius_description) CommandEnded: {'returncode': 0}
[0.141664] (prius_msgs) StdoutLine: {'line': b'[  3%] Built target prius_msgs__cpp\n'}
[0.142294] (prius_msgs) StdoutLine: {'line': b'[ 12%] Built target prius_msgs__rosidl_generator_c\n'}
[0.149181] (prius_description) JobProgress: {'identifier': 'prius_description', 'progress': 'install'}
[0.150607] (prius_msgs) StdoutLine: {'line': b'[ 12%] Built target ament_cmake_python_copy_prius_msgs\n'}
[0.156813] (prius_description) Command: {'cmd': ['/usr/bin/cmake', '--install', '/sbel/gazebo-demo/build/prius_description'], 'cwd': '/sbel/gazebo-demo/build/prius_description', 'env': OrderedDict([('TMUX', '/tmp/tmux-0/default,42667,4'), ('LANGUAGE', 'en_US:en'), ('HOSTNAME', 'ef32acc5240d'), ('SHLVL', '2'), ('LD_LIBRARY_PATH', '/sbel/gazebo-demo/install/car_demo/lib:/sbel/gazebo-demo/install/prius_msgs/lib:/chrono_ros_interfaces/install/chrono_ros_interfaces/lib:/usr/lib/x86_64-linux-gnu/gazebo-11/plugins:/opt/ros/humble/opt/rviz_ogre_vendor/lib:/opt/ros/humble/lib/x86_64-linux-gnu:/opt/ros/humble/lib'), ('HOME', '/sbel'), ('NO_VNC_PORT', '6901'), ('OLDPWD', '/sbel'), ('TERM_PROGRAM_VERSION', '3.2a'), ('STARTUPDIR', '/dockerstartup'), ('ROS_PYTHON_VERSION', '3'), ('VNC_COL_DEPTH', '24'), ('COLCON_PREFIX_PATH', '/sbel/gazebo-demo/install:/chrono_ros_interfaces/install'), ('ROS_DISTRO', 'humble'), ('_', '/usr/bin/colcon'), ('ROS_VERSION', '2'), ('NO_VNC_HOME', '/sbel/noVNC'), ('TERM', 'screen'), ('GAZEBO_MODEL_PATH', '/opt/ros/humble/share/prius_description/models'), ('ROS_LOCALHOST_ONLY', '0'), ('PATH', '/opt/ros/humble/bin:/usr/local/sbin:/usr/local/bin:/usr/sbin:/usr/bin:/sbin:/bin'), ('DISPLAY', ':1'), ('LANG', 'en_US.UTF-8'), ('TERM_PROGRAM', 'tmux'), ('AMENT_PREFIX_PATH', '/sbel/gazebo-demo/install/car_demo:/sbel/gazebo-demo/install/prius_msgs:/sbel/gazebo-demo/install/prius_description:/chrono_ros_interfaces/install/chrono_ros_interfaces:/opt/ros/humble'), ('DEBIAN_FRONTEND', 'noninteractive'), ('SHELL', '/bin/bash'), ('PWD', '/sbel/gazebo-demo/build/prius_description'), ('VNC_RESOLUTION', '1600x900'), ('LC_ALL', 'en_US.UTF-8'), ('PYTHONPATH', '/sbel/gazebo-demo/install/car_demo/local/lib/python3.10/dist-packages:/sbel/gazebo-demo/install/prius_msgs/local/lib/python3.10/dist-packages:/chrono_ros_interfaces/install/chrono_ros_interfaces/local/lib/python3.10/dist-packages:/opt/ros/humble/lib/python3.10/site-packages:/opt/ros/humble/local/lib/python3.10/dist-packages'), ('VNC_PW', 'sbel'), ('COLCON', '1'), ('TMUX_PANE', '%8'), ('CMAKE_PREFIX_PATH', '/sbel/gazebo-demo/install/car_demo:/sbel/gazebo-demo/install/prius_msgs:/sbel/gazebo-demo/install/prius_description:/chrono_ros_interfaces/install/chrono_ros_interfaces:/opt/ros/humble'), ('VNC_PORT', '5901')]), 'shell': False}
[0.159874] (prius_msgs) StdoutLine: {'line': b'[ 22%] Built target prius_msgs__rosidl_typesupport_c\n'}
[0.160860] (prius_msgs) StdoutLine: {'line': b'[ 41%] Built target prius_msgs__rosidl_typesupport_introspection_cpp\n'}
[0.160963] (prius_msgs) StdoutLine: {'line': b'[ 41%] Built target prius_msgs__rosidl_typesupport_introspection_c\n'}
[0.161253] (prius_msgs) StdoutLine: {'line': b'[ 51%] Built target prius_msgs__rosidl_typesupport_cpp\n'}
[0.161361] (prius_msgs) StdoutLine: {'line': b'[ 61%] Built target prius_msgs__rosidl_typesupport_fastrtps_cpp\n'}
[0.164085] (prius_msgs) StdoutLine: {'line': b'[ 70%] Built target prius_msgs__rosidl_typesupport_fastrtps_c\n'}
[0.165153] (prius_description) StdoutLine: {'line': b'-- Install configuration: ""\n'}
[0.165244] (prius_description) StdoutLine: {'line': b'-- Up-to-date: /sbel/gazebo-demo/install/prius_description/share/prius_description/environment/gazebo_envs.sh\n'}
[0.165327] (prius_description) StdoutLine: {'line': b'-- Up-to-date: /sbel/gazebo-demo/install/prius_description/share/prius_description/meshes\n'}
[0.165404] (prius_description) StdoutLine: {'line': b'-- Up-to-date: /sbel/gazebo-demo/install/prius_description/share/prius_description/meshes/wheel.obj\n'}
[0.165483] (prius_description) StdoutLine: {'line': b'-- Up-to-date: /sbel/gazebo-demo/install/prius_description/share/prius_description/meshes/hybrid_body.mtl\n'}
[0.165547] (prius_description) StdoutLine: {'line': b'-- Up-to-date: /sbel/gazebo-demo/install/prius_description/share/prius_description/meshes/Hybrid.png\n'}
[0.165615] (prius_description) StdoutLine: {'line': b'-- Up-to-date: /sbel/gazebo-demo/install/prius_description/share/prius_description/meshes/steering_wheel.mtl\n'}
[0.165678] (prius_description) StdoutLine: {'line': b'-- Up-to-date: /sbel/gazebo-demo/install/prius_description/share/prius_description/meshes/model.config\n'}
[0.165737] (prius_description) StdoutLine: {'line': b'-- Up-to-date: /sbel/gazebo-demo/install/prius_description/share/prius_description/meshes/Wheels3.png\n'}
[0.165796] (prius_description) StdoutLine: {'line': b'-- Up-to-date: /sbel/gazebo-demo/install/prius_description/share/prius_description/meshes/Hybrid_Interior.png\n'}
[0.165857] (prius_description) StdoutLine: {'line': b'-- Up-to-date: /sbel/gazebo-demo/install/prius_description/share/prius_description/meshes/steering_wheel.obj\n'}
[0.165918] (prius_description) StdoutLine: {'line': b'-- Up-to-date: /sbel/gazebo-demo/install/prius_description/share/prius_description/meshes/wheel.mtl\n'}
[0.165979] (prius_description) StdoutLine: {'line': b'-- Up-to-date: /sbel/gazebo-demo/install/prius_description/share/prius_description/meshes/hybrid_body.obj\n'}
[0.166037] (prius_description) StdoutLine: {'line': b'-- Up-to-date: /sbel/gazebo-demo/install/prius_description/share/prius_description/urdf\n'}
[0.166249] (prius_description) StdoutLine: {'line': b'-- Up-to-date: /sbel/gazebo-demo/install/prius_description/share/prius_description/urdf/prius.urdf\n'}
[0.166325] (prius_description) StdoutLine: {'line': b'-- Up-to-date: /sbel/gazebo-demo/install/prius_description/share/prius_description/model.config\n'}
[0.166374] (prius_description) StdoutLine: {'line': b'-- Up-to-date: /sbel/gazebo-demo/install/prius_description/share/ament_index/resource_index/package_run_dependencies/prius_description\n'}
[0.166421] (prius_description) StdoutLine: {'line': b'-- Up-to-date: /sbel/gazebo-demo/install/prius_description/share/ament_index/resource_index/parent_prefix_path/prius_description\n'}
[0.166469] (prius_description) StdoutLine: {'line': b'-- Up-to-date: /sbel/gazebo-demo/install/prius_description/share/prius_description/environment/ament_prefix_path.sh\n'}
[0.166516] (prius_description) StdoutLine: {'line': b'-- Up-to-date: /sbel/gazebo-demo/install/prius_description/share/prius_description/environment/ament_prefix_path.dsv\n'}
[0.166589] (prius_description) StdoutLine: {'line': b'-- Up-to-date: /sbel/gazebo-demo/install/prius_description/share/prius_description/environment/path.sh\n'}
[0.166665] (prius_description) StdoutLine: {'line': b'-- Up-to-date: /sbel/gazebo-demo/install/prius_description/share/prius_description/environment/path.dsv\n'}
[0.166732] (prius_description) StdoutLine: {'line': b'-- Up-to-date: /sbel/gazebo-demo/install/prius_description/share/prius_description/local_setup.bash\n'}
[0.166780] (prius_description) StdoutLine: {'line': b'-- Up-to-date: /sbel/gazebo-demo/install/prius_description/share/prius_description/local_setup.sh\n'}
[0.166827] (prius_description) StdoutLine: {'line': b'-- Up-to-date: /sbel/gazebo-demo/install/prius_description/share/prius_description/local_setup.zsh\n'}
[0.166872] (prius_description) StdoutLine: {'line': b'-- Up-to-date: /sbel/gazebo-demo/install/prius_description/share/prius_description/local_setup.dsv\n'}
[0.166918] (prius_description) StdoutLine: {'line': b'-- Installing: /sbel/gazebo-demo/install/prius_description/share/prius_description/package.dsv\n'}
[0.166962] (prius_description) StdoutLine: {'line': b'-- Up-to-date: /sbel/gazebo-demo/install/prius_description/share/ament_index/resource_index/packages/prius_description\n'}
[0.167007] (prius_description) StdoutLine: {'line': b'-- Up-to-date: /sbel/gazebo-demo/install/prius_description/share/prius_description/cmake/prius_descriptionConfig.cmake\n'}
[0.167054] (prius_description) StdoutLine: {'line': b'-- Up-to-date: /sbel/gazebo-demo/install/prius_description/share/prius_description/cmake/prius_descriptionConfig-version.cmake\n'}
[0.167100] (prius_description) StdoutLine: {'line': b'-- Up-to-date: /sbel/gazebo-demo/install/prius_description/share/prius_description/package.xml\n'}
[0.168047] (prius_description) CommandEnded: {'returncode': 0}
[0.181409] (prius_msgs) StdoutLine: {'line': b'[ 70%] Built target prius_msgs\n'}
[0.198655] (prius_msgs) StdoutLine: {'line': b'[ 74%] Built target prius_msgs__py\n'}
[0.199886] (-) TimerEvent: {}
[0.217214] (prius_msgs) StdoutLine: {'line': b'[ 80%] Built target prius_msgs__rosidl_generator_py\n'}
[0.236089] (prius_msgs) StdoutLine: {'line': b'[100%] Built target prius_msgs__rosidl_typesupport_introspection_c__pyext\n'}
[0.236270] (prius_msgs) StdoutLine: {'line': b'[100%] Built target prius_msgs__rosidl_typesupport_fastrtps_c__pyext\n'}
[0.236407] (prius_msgs) StdoutLine: {'line': b'[100%] Built target prius_msgs__rosidl_typesupport_c__pyext\n'}
[0.265620] (prius_description) JobEnded: {'identifier': 'prius_description', 'rc': 0}
[0.299960] (-) TimerEvent: {}
[0.316437] (prius_msgs) StdoutLine: {'line': b'running egg_info\n'}
[0.316820] (prius_msgs) StdoutLine: {'line': b'writing prius_msgs.egg-info/PKG-INFO\n'}
[0.316977] (prius_msgs) StdoutLine: {'line': b'writing dependency_links to prius_msgs.egg-info/dependency_links.txt\n'}
[0.317115] (prius_msgs) StdoutLine: {'line': b'writing top-level names to prius_msgs.egg-info/top_level.txt\n'}
[0.318486] (prius_msgs) StdoutLine: {'line': b"reading manifest file 'prius_msgs.egg-info/SOURCES.txt'\n"}
[0.318910] (prius_msgs) StdoutLine: {'line': b"writing manifest file 'prius_msgs.egg-info/SOURCES.txt'\n"}
[0.337064] (prius_msgs) StdoutLine: {'line': b'[100%] Built target ament_cmake_python_build_prius_msgs_egg\n'}
[0.346643] (prius_msgs) CommandEnded: {'returncode': 0}
[0.400038] (-) TimerEvent: {}
[0.405195] (prius_msgs) JobProgress: {'identifier': 'prius_msgs', 'progress': 'install'}
[0.405524] (prius_msgs) Command: {'cmd': ['/usr/bin/cmake', '--install', '/sbel/gazebo-demo/build/prius_msgs'], 'cwd': '/sbel/gazebo-demo/build/prius_msgs', 'env': OrderedDict([('TMUX', '/tmp/tmux-0/default,42667,4'), ('LANGUAGE', 'en_US:en'), ('HOSTNAME', 'ef32acc5240d'), ('SHLVL', '2'), ('LD_LIBRARY_PATH', '/sbel/gazebo-demo/install/car_demo/lib:/sbel/gazebo-demo/install/prius_msgs/lib:/chrono_ros_interfaces/install/chrono_ros_interfaces/lib:/usr/lib/x86_64-linux-gnu/gazebo-11/plugins:/opt/ros/humble/opt/rviz_ogre_vendor/lib:/opt/ros/humble/lib/x86_64-linux-gnu:/opt/ros/humble/lib'), ('HOME', '/sbel'), ('NO_VNC_PORT', '6901'), ('OLDPWD', '/sbel'), ('TERM_PROGRAM_VERSION', '3.2a'), ('STARTUPDIR', '/dockerstartup'), ('ROS_PYTHON_VERSION', '3'), ('VNC_COL_DEPTH', '24'), ('COLCON_PREFIX_PATH', '/sbel/gazebo-demo/install:/chrono_ros_interfaces/install'), ('ROS_DISTRO', 'humble'), ('_', '/usr/bin/colcon'), ('ROS_VERSION', '2'), ('NO_VNC_HOME', '/sbel/noVNC'), ('TERM', 'screen'), ('GAZEBO_MODEL_PATH', '/opt/ros/humble/share/prius_description/models'), ('ROS_LOCALHOST_ONLY', '0'), ('PATH', '/opt/ros/humble/bin:/usr/local/sbin:/usr/local/bin:/usr/sbin:/usr/bin:/sbin:/bin'), ('DISPLAY', ':1'), ('LANG', 'en_US.UTF-8'), ('TERM_PROGRAM', 'tmux'), ('AMENT_PREFIX_PATH', '/sbel/gazebo-demo/install/car_demo:/sbel/gazebo-demo/install/prius_msgs:/sbel/gazebo-demo/install/prius_description:/chrono_ros_interfaces/install/chrono_ros_interfaces:/opt/ros/humble'), ('DEBIAN_FRONTEND', 'noninteractive'), ('SHELL', '/bin/bash'), ('PWD', '/sbel/gazebo-demo/build/prius_msgs'), ('VNC_RESOLUTION', '1600x900'), ('LC_ALL', 'en_US.UTF-8'), ('PYTHONPATH', '/sbel/gazebo-demo/install/car_demo/local/lib/python3.10/dist-packages:/sbel/gazebo-demo/install/prius_msgs/local/lib/python3.10/dist-packages:/chrono_ros_interfaces/install/chrono_ros_interfaces/local/lib/python3.10/dist-packages:/opt/ros/humble/lib/python3.10/site-packages:/opt/ros/humble/local/lib/python3.10/dist-packages'), ('VNC_PW', 'sbel'), ('COLCON', '1'), ('TMUX_PANE', '%8'), ('CMAKE_PREFIX_PATH', '/sbel/gazebo-demo/install/car_demo:/sbel/gazebo-demo/install/prius_msgs:/sbel/gazebo-demo/install/prius_description:/chrono_ros_interfaces/install/chrono_ros_interfaces:/opt/ros/humble'), ('VNC_PORT', '5901')]), 'shell': False}
[0.412743] (prius_msgs) StdoutLine: {'line': b'-- Install configuration: ""\n'}
[0.412857] (prius_msgs) StdoutLine: {'line': b'-- Up-to-date: /sbel/gazebo-demo/install/prius_msgs/share/ament_index/resource_index/rosidl_interfaces/prius_msgs\n'}
[0.412944] (prius_msgs) StdoutLine: {'line': b'-- Up-to-date: /sbel/gazebo-demo/install/prius_msgs/include/prius_msgs/prius_msgs\n'}
[0.413032] (prius_msgs) StdoutLine: {'line': b'-- Up-to-date: /sbel/gazebo-demo/install/prius_msgs/include/prius_msgs/prius_msgs/msg\n'}
[0.413111] (prius_msgs) StdoutLine: {'line': b'-- Up-to-date: /sbel/gazebo-demo/install/prius_msgs/include/prius_msgs/prius_msgs/msg/rosidl_generator_c__visibility_control.h\n'}
[0.413190] (prius_msgs) StdoutLine: {'line': b'-- Up-to-date: /sbel/gazebo-demo/install/prius_msgs/include/prius_msgs/prius_msgs/msg/detail\n'}
[0.413258] (prius_msgs) StdoutLine: {'line': b'-- Up-to-date: /sbel/gazebo-demo/install/prius_msgs/include/prius_msgs/prius_msgs/msg/detail/control__struct.h\n'}
[0.413315] (prius_msgs) StdoutLine: {'line': b'-- Up-to-date: /sbel/gazebo-demo/install/prius_msgs/include/prius_msgs/prius_msgs/msg/detail/control__type_support.h\n'}
[0.413370] (prius_msgs) StdoutLine: {'line': b'-- Up-to-date: /sbel/gazebo-demo/install/prius_msgs/include/prius_msgs/prius_msgs/msg/detail/control__functions.c\n'}
[0.413425] (prius_msgs) StdoutLine: {'line': b'-- Up-to-date: /sbel/gazebo-demo/install/prius_msgs/include/prius_msgs/prius_msgs/msg/detail/control__functions.h\n'}
[0.413479] (prius_msgs) StdoutLine: {'line': b'-- Up-to-date: /sbel/gazebo-demo/install/prius_msgs/include/prius_msgs/prius_msgs/msg/control.h\n'}
[0.413549] (prius_msgs) StdoutLine: {'line': b'-- Up-to-date: /sbel/gazebo-demo/install/prius_msgs/share/prius_msgs/environment/library_path.sh\n'}
[0.413607] (prius_msgs) StdoutLine: {'line': b'-- Up-to-date: /sbel/gazebo-demo/install/prius_msgs/share/prius_msgs/environment/library_path.dsv\n'}
[0.413661] (prius_msgs) StdoutLine: {'line': b'-- Up-to-date: /sbel/gazebo-demo/install/prius_msgs/lib/libprius_msgs__rosidl_generator_c.so\n'}
[0.413724] (prius_msgs) StdoutLine: {'line': b'-- Up-to-date: /sbel/gazebo-demo/install/prius_msgs/include/prius_msgs/prius_msgs\n'}
[0.413772] (prius_msgs) StdoutLine: {'line': b'-- Up-to-date: /sbel/gazebo-demo/install/prius_msgs/include/prius_msgs/prius_msgs/msg\n'}
[0.413843] (prius_msgs) StdoutLine: {'line': b'-- Up-to-date: /sbel/gazebo-demo/install/prius_msgs/include/prius_msgs/prius_msgs/msg/rosidl_typesupport_fastrtps_c__visibility_control.h\n'}
[0.413900] (prius_msgs) StdoutLine: {'line': b'-- Up-to-date: /sbel/gazebo-demo/install/prius_msgs/include/prius_msgs/prius_msgs/msg/detail\n'}
[0.413947] (prius_msgs) StdoutLine: {'line': b'-- Up-to-date: /sbel/gazebo-demo/install/prius_msgs/include/prius_msgs/prius_msgs/msg/detail/control__rosidl_typesupport_fastrtps_c.h\n'}
[0.414063] (prius_msgs) StdoutLine: {'line': b'-- Up-to-date: /sbel/gazebo-demo/install/prius_msgs/lib/libprius_msgs__rosidl_typesupport_fastrtps_c.so\n'}
[0.414249] (prius_msgs) StdoutLine: {'line': b'-- Up-to-date: /sbel/gazebo-demo/install/prius_msgs/include/prius_msgs/prius_msgs\n'}
[0.414301] (prius_msgs) StdoutLine: {'line': b'-- Up-to-date: /sbel/gazebo-demo/install/prius_msgs/include/prius_msgs/prius_msgs/msg\n'}
[0.414361] (prius_msgs) StdoutLine: {'line': b'-- Up-to-date: /sbel/gazebo-demo/install/prius_msgs/include/prius_msgs/prius_msgs/msg/control.hpp\n'}
[0.414418] (prius_msgs) StdoutLine: {'line': b'-- Up-to-date: /sbel/gazebo-demo/install/prius_msgs/include/prius_msgs/prius_msgs/msg/detail\n'}
[0.414473] (prius_msgs) StdoutLine: {'line': b'-- Up-to-date: /sbel/gazebo-demo/install/prius_msgs/include/prius_msgs/prius_msgs/msg/detail/control__builder.hpp\n'}
[0.414532] (prius_msgs) StdoutLine: {'line': b'-- Up-to-date: /sbel/gazebo-demo/install/prius_msgs/include/prius_msgs/prius_msgs/msg/detail/control__traits.hpp\n'}
[0.414591] (prius_msgs) StdoutLine: {'line': b'-- Up-to-date: /sbel/gazebo-demo/install/prius_msgs/include/prius_msgs/prius_msgs/msg/detail/control__struct.hpp\n'}
[0.414646] (prius_msgs) StdoutLine: {'line': b'-- Up-to-date: /sbel/gazebo-demo/install/prius_msgs/include/prius_msgs/prius_msgs\n'}
[0.414709] (prius_msgs) StdoutLine: {'line': b'-- Up-to-date: /sbel/gazebo-demo/install/prius_msgs/include/prius_msgs/prius_msgs/msg\n'}
[0.414768] (prius_msgs) StdoutLine: {'line': b'-- Up-to-date: /sbel/gazebo-demo/install/prius_msgs/include/prius_msgs/prius_msgs/msg/rosidl_typesupport_fastrtps_cpp__visibility_control.h\n'}
[0.414827] (prius_msgs) StdoutLine: {'line': b'-- Up-to-date: /sbel/gazebo-demo/install/prius_msgs/include/prius_msgs/prius_msgs/msg/detail\n'}
[0.414872] (prius_msgs) StdoutLine: {'line': b'-- Up-to-date: /sbel/gazebo-demo/install/prius_msgs/include/prius_msgs/prius_msgs/msg/detail/dds_fastrtps\n'}
[0.414916] (prius_msgs) StdoutLine: {'line': b'-- Up-to-date: /sbel/gazebo-demo/install/prius_msgs/include/prius_msgs/prius_msgs/msg/detail/control__rosidl_typesupport_fastrtps_cpp.hpp\n'}
[0.414982] (prius_msgs) StdoutLine: {'line': b'-- Up-to-date: /sbel/gazebo-demo/install/prius_msgs/lib/libprius_msgs__rosidl_typesupport_fastrtps_cpp.so\n'}
[0.415170] (prius_msgs) StdoutLine: {'line': b'-- Up-to-date: /sbel/gazebo-demo/install/prius_msgs/include/prius_msgs/prius_msgs\n'}
[0.415226] (prius_msgs) StdoutLine: {'line': b'-- Up-to-date: /sbel/gazebo-demo/install/prius_msgs/include/prius_msgs/prius_msgs/msg\n'}
[0.415279] (prius_msgs) StdoutLine: {'line': b'-- Up-to-date: /sbel/gazebo-demo/install/prius_msgs/include/prius_msgs/prius_msgs/msg/rosidl_typesupport_introspection_c__visibility_control.h\n'}
[0.415337] (prius_msgs) StdoutLine: {'line': b'-- Up-to-date: /sbel/gazebo-demo/install/prius_msgs/include/prius_msgs/prius_msgs/msg/detail\n'}
[0.415398] (prius_msgs) StdoutLine: {'line': b'-- Up-to-date: /sbel/gazebo-demo/install/prius_msgs/include/prius_msgs/prius_msgs/msg/detail/control__rosidl_typesupport_introspection_c.h\n'}
[0.415446] (prius_msgs) StdoutLine: {'line': b'-- Up-to-date: /sbel/gazebo-demo/install/prius_msgs/include/prius_msgs/prius_msgs/msg/detail/control__type_support.c\n'}
[0.415561] (prius_msgs) StdoutLine: {'line': b'-- Up-to-date: /sbel/gazebo-demo/install/prius_msgs/lib/libprius_msgs__rosidl_typesupport_introspection_c.so\n'}
[0.415854] (prius_msgs) StdoutLine: {'line': b'-- Up-to-date: /sbel/gazebo-demo/install/prius_msgs/lib/libprius_msgs__rosidl_typesupport_c.so\n'}
[0.416016] (prius_msgs) StdoutLine: {'line': b'-- Up-to-date: /sbel/gazebo-demo/install/prius_msgs/include/prius_msgs/prius_msgs\n'}
[0.416073] (prius_msgs) StdoutLine: {'line': b'-- Up-to-date: /sbel/gazebo-demo/install/prius_msgs/include/prius_msgs/prius_msgs/msg\n'}
[0.416127] (prius_msgs) StdoutLine: {'line': b'-- Up-to-date: /sbel/gazebo-demo/install/prius_msgs/include/prius_msgs/prius_msgs/msg/detail\n'}
[0.416181] (prius_msgs) StdoutLine: {'line': b'-- Up-to-date: /sbel/gazebo-demo/install/prius_msgs/include/prius_msgs/prius_msgs/msg/detail/control__type_support.cpp\n'}
[0.416238] (prius_msgs) StdoutLine: {'line': b'-- Up-to-date: /sbel/gazebo-demo/install/prius_msgs/include/prius_msgs/prius_msgs/msg/detail/control__rosidl_typesupport_introspection_cpp.hpp\n'}
[0.416389] (prius_msgs) StdoutLine: {'line': b'-- Up-to-date: /sbel/gazebo-demo/install/prius_msgs/lib/libprius_msgs__rosidl_typesupport_introspection_cpp.so\n'}
[0.416699] (prius_msgs) StdoutLine: {'line': b'-- Up-to-date: /sbel/gazebo-demo/install/prius_msgs/lib/libprius_msgs__rosidl_typesupport_cpp.so\n'}
[0.416877] (prius_msgs) StdoutLine: {'line': b'-- Up-to-date: /sbel/gazebo-demo/install/prius_msgs/share/prius_msgs/environment/pythonpath.sh\n'}
[0.416928] (prius_msgs) StdoutLine: {'line': b'-- Up-to-date: /sbel/gazebo-demo/install/prius_msgs/share/prius_msgs/environment/pythonpath.dsv\n'}
[0.416981] (prius_msgs) StdoutLine: {'line': b'-- Up-to-date: /sbel/gazebo-demo/install/prius_msgs/local/lib/python3.10/dist-packages/prius_msgs-0.0.1-py3.10.egg-info\n'}
[0.417037] (prius_msgs) StdoutLine: {'line': b'-- Installing: /sbel/gazebo-demo/install/prius_msgs/local/lib/python3.10/dist-packages/prius_msgs-0.0.1-py3.10.egg-info/dependency_links.txt\n'}
[0.417273] (prius_msgs) StdoutLine: {'line': b'-- Installing: /sbel/gazebo-demo/install/prius_msgs/local/lib/python3.10/dist-packages/prius_msgs-0.0.1-py3.10.egg-info/PKG-INFO\n'}
[0.417485] (prius_msgs) StdoutLine: {'line': b'-- Installing: /sbel/gazebo-demo/install/prius_msgs/local/lib/python3.10/dist-packages/prius_msgs-0.0.1-py3.10.egg-info/SOURCES.txt\n'}
[0.417687] (prius_msgs) StdoutLine: {'line': b'-- Installing: /sbel/gazebo-demo/install/prius_msgs/local/lib/python3.10/dist-packages/prius_msgs-0.0.1-py3.10.egg-info/top_level.txt\n'}
[0.417910] (prius_msgs) StdoutLine: {'line': b'-- Up-to-date: /sbel/gazebo-demo/install/prius_msgs/local/lib/python3.10/dist-packages/prius_msgs\n'}
[0.417973] (prius_msgs) StdoutLine: {'line': b'-- Up-to-date: /sbel/gazebo-demo/install/prius_msgs/local/lib/python3.10/dist-packages/prius_msgs/_prius_msgs_s.ep.rosidl_typesupport_fastrtps_c.c\n'}
[0.418035] (prius_msgs) StdoutLine: {'line': b'-- Up-to-date: /sbel/gazebo-demo/install/prius_msgs/local/lib/python3.10/dist-packages/prius_msgs/prius_msgs_s__rosidl_typesupport_c.cpython-310-x86_64-linux-gnu.so\n'}
[0.418103] (prius_msgs) StdoutLine: {'line': b'-- Up-to-date: /sbel/gazebo-demo/install/prius_msgs/local/lib/python3.10/dist-packages/prius_msgs/__init__.py\n'}
[0.418171] (prius_msgs) StdoutLine: {'line': b'-- Up-to-date: /sbel/gazebo-demo/install/prius_msgs/local/lib/python3.10/dist-packages/prius_msgs/libprius_msgs__rosidl_generator_py.so\n'}
[0.418228] (prius_msgs) StdoutLine: {'line': b'-- Up-to-date: /sbel/gazebo-demo/install/prius_msgs/local/lib/python3.10/dist-packages/prius_msgs/_prius_msgs_s.ep.rosidl_typesupport_introspection_c.c\n'}
[0.418294] (prius_msgs) StdoutLine: {'line': b'-- Up-to-date: /sbel/gazebo-demo/install/prius_msgs/local/lib/python3.10/dist-packages/prius_msgs/prius_msgs_s__rosidl_typesupport_fastrtps_c.cpython-310-x86_64-linux-gnu.so\n'}
[0.418359] (prius_msgs) StdoutLine: {'line': b'-- Up-to-date: /sbel/gazebo-demo/install/prius_msgs/local/lib/python3.10/dist-packages/prius_msgs/msg\n'}
[0.418416] (prius_msgs) StdoutLine: {'line': b'-- Up-to-date: /sbel/gazebo-demo/install/prius_msgs/local/lib/python3.10/dist-packages/prius_msgs/msg/_control.py\n'}
[0.418580] (prius_msgs) StdoutLine: {'line': b'-- Up-to-date: /sbel/gazebo-demo/install/prius_msgs/local/lib/python3.10/dist-packages/prius_msgs/msg/__init__.py\n'}
[0.418630] (prius_msgs) StdoutLine: {'line': b'-- Up-to-date: /sbel/gazebo-demo/install/prius_msgs/local/lib/python3.10/dist-packages/prius_msgs/msg/_control_s.c\n'}
[0.418676] (prius_msgs) StdoutLine: {'line': b'-- Up-to-date: /sbel/gazebo-demo/install/prius_msgs/local/lib/python3.10/dist-packages/prius_msgs/prius_msgs_s__rosidl_typesupport_introspection_c.cpython-310-x86_64-linux-gnu.so\n'}
[0.418722] (prius_msgs) StdoutLine: {'line': b'-- Up-to-date: /sbel/gazebo-demo/install/prius_msgs/local/lib/python3.10/dist-packages/prius_msgs/_prius_msgs_s.ep.rosidl_typesupport_c.c\n'}
[0.441494] (prius_msgs) StdoutLine: {'line': b"Listing '/sbel/gazebo-demo/install/prius_msgs/local/lib/python3.10/dist-packages/prius_msgs'...\n"}
[0.441613] (prius_msgs) StdoutLine: {'line': b"Listing '/sbel/gazebo-demo/install/prius_msgs/local/lib/python3.10/dist-packages/prius_msgs/msg'...\n"}
[0.444198] (prius_msgs) StdoutLine: {'line': b'-- Up-to-date: /sbel/gazebo-demo/install/prius_msgs/local/lib/python3.10/dist-packages/prius_msgs/prius_msgs_s__rosidl_typesupport_fastrtps_c.cpython-310-x86_64-linux-gnu.so\n'}
[0.444530] (prius_msgs) StdoutLine: {'line': b'-- Up-to-date: /sbel/gazebo-demo/install/prius_msgs/local/lib/python3.10/dist-packages/prius_msgs/prius_msgs_s__rosidl_typesupport_introspection_c.cpython-310-x86_64-linux-gnu.so\n'}
[0.444855] (prius_msgs) StdoutLine: {'line': b'-- Up-to-date: /sbel/gazebo-demo/install/prius_msgs/local/lib/python3.10/dist-packages/prius_msgs/prius_msgs_s__rosidl_typesupport_c.cpython-310-x86_64-linux-gnu.so\n'}
[0.445180] (prius_msgs) StdoutLine: {'line': b'-- Up-to-date: /sbel/gazebo-demo/install/prius_msgs/lib/libprius_msgs__rosidl_generator_py.so\n'}
[0.445374] (prius_msgs) StdoutLine: {'line': b'-- Up-to-date: /sbel/gazebo-demo/install/prius_msgs/share/prius_msgs/msg/Control.idl\n'}
[0.445443] (prius_msgs) StdoutLine: {'line': b'-- Up-to-date: /sbel/gazebo-demo/install/prius_msgs/share/prius_msgs/msg/Control.msg\n'}
[0.445502] (prius_msgs) StdoutLine: {'line': b'-- Up-to-date: /sbel/gazebo-demo/install/prius_msgs/share/ament_index/resource_index/package_run_dependencies/prius_msgs\n'}
[0.445557] (prius_msgs) StdoutLine: {'line': b'-- Up-to-date: /sbel/gazebo-demo/install/prius_msgs/share/ament_index/resource_index/parent_prefix_path/prius_msgs\n'}
[0.445626] (prius_msgs) StdoutLine: {'line': b'-- Up-to-date: /sbel/gazebo-demo/install/prius_msgs/share/prius_msgs/environment/ament_prefix_path.sh\n'}
[0.445681] (prius_msgs) StdoutLine: {'line': b'-- Up-to-date: /sbel/gazebo-demo/install/prius_msgs/share/prius_msgs/environment/ament_prefix_path.dsv\n'}
[0.445748] (prius_msgs) StdoutLine: {'line': b'-- Up-to-date: /sbel/gazebo-demo/install/prius_msgs/share/prius_msgs/environment/path.sh\n'}
[0.445807] (prius_msgs) StdoutLine: {'line': b'-- Up-to-date: /sbel/gazebo-demo/install/prius_msgs/share/prius_msgs/environment/path.dsv\n'}
[0.445866] (prius_msgs) StdoutLine: {'line': b'-- Up-to-date: /sbel/gazebo-demo/install/prius_msgs/share/prius_msgs/local_setup.bash\n'}
[0.445929] (prius_msgs) StdoutLine: {'line': b'-- Up-to-date: /sbel/gazebo-demo/install/prius_msgs/share/prius_msgs/local_setup.sh\n'}
[0.445984] (prius_msgs) StdoutLine: {'line': b'-- Up-to-date: /sbel/gazebo-demo/install/prius_msgs/share/prius_msgs/local_setup.zsh\n'}
[0.446029] (prius_msgs) StdoutLine: {'line': b'-- Up-to-date: /sbel/gazebo-demo/install/prius_msgs/share/prius_msgs/local_setup.dsv\n'}
[0.446080] (prius_msgs) StdoutLine: {'line': b'-- Installing: /sbel/gazebo-demo/install/prius_msgs/share/prius_msgs/package.dsv\n'}
[0.446219] (prius_msgs) StdoutLine: {'line': b'-- Up-to-date: /sbel/gazebo-demo/install/prius_msgs/share/ament_index/resource_index/packages/prius_msgs\n'}
[0.446325] (prius_msgs) StdoutLine: {'line': b'-- Up-to-date: /sbel/gazebo-demo/install/prius_msgs/share/prius_msgs/cmake/export_prius_msgs__rosidl_generator_cExport.cmake\n'}
[0.446389] (prius_msgs) StdoutLine: {'line': b'-- Up-to-date: /sbel/gazebo-demo/install/prius_msgs/share/prius_msgs/cmake/export_prius_msgs__rosidl_generator_cExport-noconfig.cmake\n'}
[0.446478] (prius_msgs) StdoutLine: {'line': b'-- Up-to-date: /sbel/gazebo-demo/install/prius_msgs/share/prius_msgs/cmake/export_prius_msgs__rosidl_typesupport_fastrtps_cExport.cmake\n'}
[0.446540] (prius_msgs) StdoutLine: {'line': b'-- Up-to-date: /sbel/gazebo-demo/install/prius_msgs/share/prius_msgs/cmake/export_prius_msgs__rosidl_typesupport_fastrtps_cExport-noconfig.cmake\n'}
[0.446624] (prius_msgs) StdoutLine: {'line': b'-- Up-to-date: /sbel/gazebo-demo/install/prius_msgs/share/prius_msgs/cmake/export_prius_msgs__rosidl_generator_cppExport.cmake\n'}
[0.446717] (prius_msgs) StdoutLine: {'line': b'-- Up-to-date: /sbel/gazebo-demo/install/prius_msgs/share/prius_msgs/cmake/export_prius_msgs__rosidl_typesupport_fastrtps_cppExport.cmake\n'}
[0.446778] (prius_msgs) StdoutLine: {'line': b'-- Up-to-date: /sbel/gazebo-demo/install/prius_msgs/share/prius_msgs/cmake/export_prius_msgs__rosidl_typesupport_fastrtps_cppExport-noconfig.cmake\n'}
[0.446864] (prius_msgs) StdoutLine: {'line': b'-- Up-to-date: /sbel/gazebo-demo/install/prius_msgs/share/prius_msgs/cmake/prius_msgs__rosidl_typesupport_introspection_cExport.cmake\n'}
[0.446925] (prius_msgs) StdoutLine: {'line': b'-- Up-to-date: /sbel/gazebo-demo/install/prius_msgs/share/prius_msgs/cmake/prius_msgs__rosidl_typesupport_introspection_cExport-noconfig.cmake\n'}
[0.447008] (prius_msgs) StdoutLine: {'line': b'-- Up-to-date: /sbel/gazebo-demo/install/prius_msgs/share/prius_msgs/cmake/prius_msgs__rosidl_typesupport_cExport.cmake\n'}
[0.447077] (prius_msgs) StdoutLine: {'line': b'-- Up-to-date: /sbel/gazebo-demo/install/prius_msgs/share/prius_msgs/cmake/prius_msgs__rosidl_typesupport_cExport-noconfig.cmake\n'}
[0.447162] (prius_msgs) StdoutLine: {'line': b'-- Up-to-date: /sbel/gazebo-demo/install/prius_msgs/share/prius_msgs/cmake/prius_msgs__rosidl_typesupport_introspection_cppExport.cmake\n'}
[0.447224] (prius_msgs) StdoutLine: {'line': b'-- Up-to-date: /sbel/gazebo-demo/install/prius_msgs/share/prius_msgs/cmake/prius_msgs__rosidl_typesupport_introspection_cppExport-noconfig.cmake\n'}
[0.447309] (prius_msgs) StdoutLine: {'line': b'-- Up-to-date: /sbel/gazebo-demo/install/prius_msgs/share/prius_msgs/cmake/prius_msgs__rosidl_typesupport_cppExport.cmake\n'}
[0.447369] (prius_msgs) StdoutLine: {'line': b'-- Up-to-date: /sbel/gazebo-demo/install/prius_msgs/share/prius_msgs/cmake/prius_msgs__rosidl_typesupport_cppExport-noconfig.cmake\n'}
[0.447455] (prius_msgs) StdoutLine: {'line': b'-- Up-to-date: /sbel/gazebo-demo/install/prius_msgs/share/prius_msgs/cmake/export_prius_msgs__rosidl_generator_pyExport.cmake\n'}
[0.447514] (prius_msgs) StdoutLine: {'line': b'-- Up-to-date: /sbel/gazebo-demo/install/prius_msgs/share/prius_msgs/cmake/export_prius_msgs__rosidl_generator_pyExport-noconfig.cmake\n'}
[0.447569] (prius_msgs) StdoutLine: {'line': b'-- Up-to-date: /sbel/gazebo-demo/install/prius_msgs/share/prius_msgs/cmake/rosidl_cmake-extras.cmake\n'}
[0.447624] (prius_msgs) StdoutLine: {'line': b'-- Up-to-date: /sbel/gazebo-demo/install/prius_msgs/share/prius_msgs/cmake/ament_cmake_export_dependencies-extras.cmake\n'}
[0.447671] (prius_msgs) StdoutLine: {'line': b'-- Up-to-date: /sbel/gazebo-demo/install/prius_msgs/share/prius_msgs/cmake/ament_cmake_export_include_directories-extras.cmake\n'}
[0.447724] (prius_msgs) StdoutLine: {'line': b'-- Up-to-date: /sbel/gazebo-demo/install/prius_msgs/share/prius_msgs/cmake/ament_cmake_export_libraries-extras.cmake\n'}
[0.447792] (prius_msgs) StdoutLine: {'line': b'-- Up-to-date: /sbel/gazebo-demo/install/prius_msgs/share/prius_msgs/cmake/ament_cmake_export_targets-extras.cmake\n'}
[0.447849] (prius_msgs) StdoutLine: {'line': b'-- Up-to-date: /sbel/gazebo-demo/install/prius_msgs/share/prius_msgs/cmake/rosidl_cmake_export_typesupport_targets-extras.cmake\n'}
[0.447904] (prius_msgs) StdoutLine: {'line': b'-- Up-to-date: /sbel/gazebo-demo/install/prius_msgs/share/prius_msgs/cmake/rosidl_cmake_export_typesupport_libraries-extras.cmake\n'}
[0.447965] (prius_msgs) StdoutLine: {'line': b'-- Up-to-date: /sbel/gazebo-demo/install/prius_msgs/share/prius_msgs/cmake/prius_msgsConfig.cmake\n'}
[0.448016] (prius_msgs) StdoutLine: {'line': b'-- Up-to-date: /sbel/gazebo-demo/install/prius_msgs/share/prius_msgs/cmake/prius_msgsConfig-version.cmake\n'}
[0.448060] (prius_msgs) StdoutLine: {'line': b'-- Up-to-date: /sbel/gazebo-demo/install/prius_msgs/share/prius_msgs/package.xml\n'}
[0.449616] (prius_msgs) CommandEnded: {'returncode': 0}
[0.500113] (-) TimerEvent: {}
[0.605160] (-) TimerEvent: {}
[0.610749] (prius_msgs) JobEnded: {'identifier': 'prius_msgs', 'rc': 0}
[0.611377] (car_demo) JobStarted: {'identifier': 'car_demo'}
[0.663723] (car_demo) JobProgress: {'identifier': 'car_demo', 'progress': 'cmake'}
[0.664285] (car_demo) JobProgress: {'identifier': 'car_demo', 'progress': 'build'}
[0.664625] (car_demo) Command: {'cmd': ['/usr/bin/cmake', '--build', '/sbel/gazebo-demo/build/car_demo', '--', '-j16', '-l16'], 'cwd': '/sbel/gazebo-demo/build/car_demo', 'env': OrderedDict([('TMUX', '/tmp/tmux-0/default,42667,4'), ('LANGUAGE', 'en_US:en'), ('HOSTNAME', 'ef32acc5240d'), ('SHLVL', '2'), ('LD_LIBRARY_PATH', '/sbel/gazebo-demo/install/prius_msgs/lib:/sbel/gazebo-demo/install/car_demo/lib:/chrono_ros_interfaces/install/chrono_ros_interfaces/lib:/usr/lib/x86_64-linux-gnu/gazebo-11/plugins:/opt/ros/humble/opt/rviz_ogre_vendor/lib:/opt/ros/humble/lib/x86_64-linux-gnu:/opt/ros/humble/lib'), ('HOME', '/sbel'), ('NO_VNC_PORT', '6901'), ('OLDPWD', '/sbel'), ('TERM_PROGRAM_VERSION', '3.2a'), ('STARTUPDIR', '/dockerstartup'), ('ROS_PYTHON_VERSION', '3'), ('VNC_COL_DEPTH', '24'), ('COLCON_PREFIX_PATH', '/sbel/gazebo-demo/install:/chrono_ros_interfaces/install'), ('ROS_DISTRO', 'humble'), ('_', '/usr/bin/colcon'), ('ROS_VERSION', '2'), ('NO_VNC_HOME', '/sbel/noVNC'), ('TERM', 'screen'), ('GAZEBO_MODEL_PATH', '/sbel/gazebo-demo/install/prius_description/share/prius_description/models:/opt/ros/humble/share/prius_description/models'), ('ROS_LOCALHOST_ONLY', '0'), ('PATH', '/opt/ros/humble/bin:/usr/local/sbin:/usr/local/bin:/usr/sbin:/usr/bin:/sbin:/bin'), ('DISPLAY', ':1'), ('LANG', 'en_US.UTF-8'), ('TERM_PROGRAM', 'tmux'), ('AMENT_PREFIX_PATH', '/sbel/gazebo-demo/install/car_demo:/sbel/gazebo-demo/install/prius_msgs:/sbel/gazebo-demo/install/prius_description:/chrono_ros_interfaces/install/chrono_ros_interfaces:/opt/ros/humble'), ('DEBIAN_FRONTEND', 'noninteractive'), ('SHELL', '/bin/bash'), ('PWD', '/sbel/gazebo-demo/build/car_demo'), ('VNC_RESOLUTION', '1600x900'), ('LC_ALL', 'en_US.UTF-8'), ('PYTHONPATH', '/sbel/gazebo-demo/install/car_demo/local/lib/python3.10/dist-packages:/sbel/gazebo-demo/install/prius_msgs/local/lib/python3.10/dist-packages:/chrono_ros_interfaces/install/chrono_ros_interfaces/local/lib/python3.10/dist-packages:/opt/ros/humble/lib/python3.10/site-packages:/opt/ros/humble/local/lib/python3.10/dist-packages'), ('VNC_PW', 'sbel'), ('COLCON', '1'), ('TMUX_PANE', '%8'), ('CMAKE_PREFIX_PATH', '/sbel/gazebo-demo/install/prius_msgs:/sbel/gazebo-demo/install/prius_description:/sbel/gazebo-demo/install/car_demo:/chrono_ros_interfaces/install/chrono_ros_interfaces:/opt/ros/humble'), ('VNC_PORT', '5901')]), 'shell': False}
[0.705266] (-) TimerEvent: {}
[0.712530] (car_demo) StdoutLine: {'line': b'[ 50%] Built target gtest_main\n'}
[0.712726] (car_demo) StdoutLine: {'line': b'[ 50%] Built target gtest\n'}
[0.717160] (car_demo) StdoutLine: {'line': b'[ 50%] Built target ament_cmake_python_copy_car_demo\n'}
[0.732450] (car_demo) StdoutLine: {'line': b'[ 75%] Built target PriusHybridPlugin\n'}
[0.751037] (car_demo) StdoutLine: {'line': b'[100%] Built target PriusHybridPluginTest\n'}
[0.805345] (-) TimerEvent: {}
[0.878264] (car_demo) StdoutLine: {'line': b'running egg_info\n'}
[0.878646] (car_demo) StdoutLine: {'line': b'writing car_demo.egg-info/PKG-INFO\n'}
[0.878811] (car_demo) StdoutLine: {'line': b'writing dependency_links to car_demo.egg-info/dependency_links.txt\n'}
[0.878942] (car_demo) StdoutLine: {'line': b'writing top-level names to car_demo.egg-info/top_level.txt\n'}
[0.880141] (car_demo) StdoutLine: {'line': b"reading manifest file 'car_demo.egg-info/SOURCES.txt'\n"}
[0.880509] (car_demo) StdoutLine: {'line': b"writing manifest file 'car_demo.egg-info/SOURCES.txt'\n"}
[0.898285] (car_demo) StdoutLine: {'line': b'[100%] Built target ament_cmake_python_build_car_demo_egg\n'}
[0.905410] (-) TimerEvent: {}
[0.907676] (car_demo) CommandEnded: {'returncode': 0}
[0.935571] (car_demo) JobProgress: {'identifier': 'car_demo', 'progress': 'install'}
[0.936066] (car_demo) Command: {'cmd': ['/usr/bin/cmake', '--install', '/sbel/gazebo-demo/build/car_demo'], 'cwd': '/sbel/gazebo-demo/build/car_demo', 'env': OrderedDict([('TMUX', '/tmp/tmux-0/default,42667,4'), ('LANGUAGE', 'en_US:en'), ('HOSTNAME', 'ef32acc5240d'), ('SHLVL', '2'), ('LD_LIBRARY_PATH', '/sbel/gazebo-demo/install/prius_msgs/lib:/sbel/gazebo-demo/install/car_demo/lib:/chrono_ros_interfaces/install/chrono_ros_interfaces/lib:/usr/lib/x86_64-linux-gnu/gazebo-11/plugins:/opt/ros/humble/opt/rviz_ogre_vendor/lib:/opt/ros/humble/lib/x86_64-linux-gnu:/opt/ros/humble/lib'), ('HOME', '/sbel'), ('NO_VNC_PORT', '6901'), ('OLDPWD', '/sbel'), ('TERM_PROGRAM_VERSION', '3.2a'), ('STARTUPDIR', '/dockerstartup'), ('ROS_PYTHON_VERSION', '3'), ('VNC_COL_DEPTH', '24'), ('COLCON_PREFIX_PATH', '/sbel/gazebo-demo/install:/chrono_ros_interfaces/install'), ('ROS_DISTRO', 'humble'), ('_', '/usr/bin/colcon'), ('ROS_VERSION', '2'), ('NO_VNC_HOME', '/sbel/noVNC'), ('TERM', 'screen'), ('GAZEBO_MODEL_PATH', '/sbel/gazebo-demo/install/prius_description/share/prius_description/models:/opt/ros/humble/share/prius_description/models'), ('ROS_LOCALHOST_ONLY', '0'), ('PATH', '/opt/ros/humble/bin:/usr/local/sbin:/usr/local/bin:/usr/sbin:/usr/bin:/sbin:/bin'), ('DISPLAY', ':1'), ('LANG', 'en_US.UTF-8'), ('TERM_PROGRAM', 'tmux'), ('AMENT_PREFIX_PATH', '/sbel/gazebo-demo/install/car_demo:/sbel/gazebo-demo/install/prius_msgs:/sbel/gazebo-demo/install/prius_description:/chrono_ros_interfaces/install/chrono_ros_interfaces:/opt/ros/humble'), ('DEBIAN_FRONTEND', 'noninteractive'), ('SHELL', '/bin/bash'), ('PWD', '/sbel/gazebo-demo/build/car_demo'), ('VNC_RESOLUTION', '1600x900'), ('LC_ALL', 'en_US.UTF-8'), ('PYTHONPATH', '/sbel/gazebo-demo/install/car_demo/local/lib/python3.10/dist-packages:/sbel/gazebo-demo/install/prius_msgs/local/lib/python3.10/dist-packages:/chrono_ros_interfaces/install/chrono_ros_interfaces/local/lib/python3.10/dist-packages:/opt/ros/humble/lib/python3.10/site-packages:/opt/ros/humble/local/lib/python3.10/dist-packages'), ('VNC_PW', 'sbel'), ('COLCON', '1'), ('TMUX_PANE', '%8'), ('CMAKE_PREFIX_PATH', '/sbel/gazebo-demo/install/prius_msgs:/sbel/gazebo-demo/install/prius_description:/sbel/gazebo-demo/install/car_demo:/chrono_ros_interfaces/install/chrono_ros_interfaces:/opt/ros/humble'), ('VNC_PORT', '5901')]), 'shell': False}
[0.942737] (car_demo) StdoutLine: {'line': b'-- Install configuration: ""\n'}
[0.942838] (car_demo) StdoutLine: {'line': b'-- Up-to-date: /sbel/gazebo-demo/install/car_demo/share/car_demo/environment/library_path.sh\n'}
[0.942913] (car_demo) StdoutLine: {'line': b'-- Up-to-date: /sbel/gazebo-demo/install/car_demo/share/car_demo/environment/library_path.dsv\n'}
[0.942966] (car_demo) StdoutLine: {'line': b'-- Up-to-date: /sbel/gazebo-demo/install/car_demo/share/car_demo/environment/gazebo_plugins.sh\n'}
[0.943014] (car_demo) StdoutLine: {'line': b'-- Up-to-date: /sbel/gazebo-demo/install/car_demo/share/car_demo/environment/gazebo_plugins.dsv\n'}
[0.943062] (car_demo) StdoutLine: {'line': b'-- Up-to-date: /sbel/gazebo-demo/install/car_demo/share/car_demo/environment/pythonpath.sh\n'}
[0.943122] (car_demo) StdoutLine: {'line': b'-- Up-to-date: /sbel/gazebo-demo/install/car_demo/share/car_demo/environment/pythonpath.dsv\n'}
[0.943172] (car_demo) StdoutLine: {'line': b'-- Up-to-date: /sbel/gazebo-demo/install/car_demo/local/lib/python3.10/dist-packages/car_demo-0.0.1-py3.10.egg-info\n'}
[0.943218] (car_demo) StdoutLine: {'line': b'-- Installing: /sbel/gazebo-demo/install/car_demo/local/lib/python3.10/dist-packages/car_demo-0.0.1-py3.10.egg-info/dependency_links.txt\n'}
[0.943418] (car_demo) StdoutLine: {'line': b'-- Installing: /sbel/gazebo-demo/install/car_demo/local/lib/python3.10/dist-packages/car_demo-0.0.1-py3.10.egg-info/PKG-INFO\n'}
[0.943626] (car_demo) StdoutLine: {'line': b'-- Installing: /sbel/gazebo-demo/install/car_demo/local/lib/python3.10/dist-packages/car_demo-0.0.1-py3.10.egg-info/SOURCES.txt\n'}
[0.944407] (car_demo) StdoutLine: {'line': b'-- Installing: /sbel/gazebo-demo/install/car_demo/local/lib/python3.10/dist-packages/car_demo-0.0.1-py3.10.egg-info/top_level.txt\n'}
[0.944628] (car_demo) StdoutLine: {'line': b'-- Up-to-date: /sbel/gazebo-demo/install/car_demo/local/lib/python3.10/dist-packages/car_demo\n'}
[0.944696] (car_demo) StdoutLine: {'line': b'-- Up-to-date: /sbel/gazebo-demo/install/car_demo/local/lib/python3.10/dist-packages/car_demo/__init__.py\n'}
[0.966656] (car_demo) StdoutLine: {'line': b"Listing '/sbel/gazebo-demo/install/car_demo/local/lib/python3.10/dist-packages/car_demo'...\n"}
[0.969015] (car_demo) StdoutLine: {'line': b'-- Installing: /sbel/gazebo-demo/install/car_demo/lib/car_demo/trajectory_controller.py\n'}
[0.969289] (car_demo) StdoutLine: {'line': b'-- Up-to-date: /sbel/gazebo-demo/install/car_demo/lib/car_demo/prius_teleop_keyboard.py\n'}
[0.969372] (car_demo) StdoutLine: {'line': b'-- Up-to-date: /sbel/gazebo-demo/install/car_demo/lib/car_demo/joystick_translator.py\n'}
[0.969618] (car_demo) StdoutLine: {'line': b'-- Up-to-date: /sbel/gazebo-demo/install/car_demo/lib/libPriusHybridPlugin.so\n'}
[0.969882] (car_demo) StdoutLine: {'line': b'-- Up-to-date: /sbel/gazebo-demo/install/car_demo/share/ament_index/resource_index/package_run_dependencies/car_demo\n'}
[0.969951] (car_demo) StdoutLine: {'line': b'-- Up-to-date: /sbel/gazebo-demo/install/car_demo/share/ament_index/resource_index/parent_prefix_path/car_demo\n'}
[0.970012] (car_demo) StdoutLine: {'line': b'-- Up-to-date: /sbel/gazebo-demo/install/car_demo/share/car_demo/environment/ament_prefix_path.sh\n'}
[0.970064] (car_demo) StdoutLine: {'line': b'-- Up-to-date: /sbel/gazebo-demo/install/car_demo/share/car_demo/environment/ament_prefix_path.dsv\n'}
[0.970122] (car_demo) StdoutLine: {'line': b'-- Up-to-date: /sbel/gazebo-demo/install/car_demo/share/car_demo/environment/path.sh\n'}
[0.970182] (car_demo) StdoutLine: {'line': b'-- Up-to-date: /sbel/gazebo-demo/install/car_demo/share/car_demo/environment/path.dsv\n'}
[0.970236] (car_demo) StdoutLine: {'line': b'-- Up-to-date: /sbel/gazebo-demo/install/car_demo/share/car_demo/local_setup.bash\n'}
[0.970295] (car_demo) StdoutLine: {'line': b'-- Up-to-date: /sbel/gazebo-demo/install/car_demo/share/car_demo/local_setup.sh\n'}
[0.970352] (car_demo) StdoutLine: {'line': b'-- Up-to-date: /sbel/gazebo-demo/install/car_demo/share/car_demo/local_setup.zsh\n'}
[0.970413] (car_demo) StdoutLine: {'line': b'-- Up-to-date: /sbel/gazebo-demo/install/car_demo/share/car_demo/local_setup.dsv\n'}
[0.970462] (car_demo) StdoutLine: {'line': b'-- Installing: /sbel/gazebo-demo/install/car_demo/share/car_demo/package.dsv\n'}
[0.970618] (car_demo) StdoutLine: {'line': b'-- Up-to-date: /sbel/gazebo-demo/install/car_demo/share/ament_index/resource_index/packages/car_demo\n'}
[0.970675] (car_demo) StdoutLine: {'line': b'-- Up-to-date: /sbel/gazebo-demo/install/car_demo/share/car_demo/cmake/ament_cmake_export_libraries-extras.cmake\n'}
[0.970730] (car_demo) StdoutLine: {'line': b'-- Up-to-date: /sbel/gazebo-demo/install/car_demo/share/car_demo/cmake/ament_cmake_export_include_directories-extras.cmake\n'}
[0.970784] (car_demo) StdoutLine: {'line': b'-- Up-to-date: /sbel/gazebo-demo/install/car_demo/share/car_demo/cmake/ament_cmake_export_dependencies-extras.cmake\n'}
[0.970833] (car_demo) StdoutLine: {'line': b'-- Up-to-date: /sbel/gazebo-demo/install/car_demo/share/car_demo/cmake/car_demoConfig.cmake\n'}
[0.970889] (car_demo) StdoutLine: {'line': b'-- Up-to-date: /sbel/gazebo-demo/install/car_demo/share/car_demo/cmake/car_demoConfig-version.cmake\n'}
[0.970950] (car_demo) StdoutLine: {'line': b'-- Up-to-date: /sbel/gazebo-demo/install/car_demo/share/car_demo/package.xml\n'}
[0.971009] (car_demo) StdoutLine: {'line': b'-- Up-to-date: /sbel/gazebo-demo/install/car_demo/share/car_demo/launch\n'}
[0.971062] (car_demo) StdoutLine: {'line': b'-- Up-to-date: /sbel/gazebo-demo/install/car_demo/share/car_demo/launch/demo.launch.py\n'}
[0.971117] (car_demo) StdoutLine: {'line': b'-- Up-to-date: /sbel/gazebo-demo/install/car_demo/share/car_demo/launch/spawn_prius.launch.py\n'}
[0.971171] (car_demo) StdoutLine: {'line': b'-- Up-to-date: /sbel/gazebo-demo/install/car_demo/share/car_demo/models\n'}
[0.971243] (car_demo) StdoutLine: {'line': b'-- Up-to-date: /sbel/gazebo-demo/install/car_demo/share/car_demo/models/speed_limit_sign\n'}
[0.971306] (car_demo) StdoutLine: {'line': b'-- Up-to-date: /sbel/gazebo-demo/install/car_demo/share/car_demo/models/speed_limit_sign/model-1_4.sdf\n'}
[0.971354] (car_demo) StdoutLine: {'line': b'-- Up-to-date: /sbel/gazebo-demo/install/car_demo/share/car_demo/models/speed_limit_sign/meshes\n'}
[0.971407] (car_demo) StdoutLine: {'line': b'-- Up-to-date: /sbel/gazebo-demo/install/car_demo/share/car_demo/models/speed_limit_sign/meshes/speed_limit_sign.dae\n'}
[0.971462] (car_demo) StdoutLine: {'line': b'-- Up-to-date: /sbel/gazebo-demo/install/car_demo/share/car_demo/models/speed_limit_sign/model-1_3.sdf\n'}
[0.971519] (car_demo) StdoutLine: {'line': b'-- Up-to-date: /sbel/gazebo-demo/install/car_demo/share/car_demo/models/speed_limit_sign/materials\n'}
[0.971574] (car_demo) StdoutLine: {'line': b'-- Up-to-date: /sbel/gazebo-demo/install/car_demo/share/car_demo/models/speed_limit_sign/materials/textures\n'}
[0.971628] (car_demo) StdoutLine: {'line': b'-- Up-to-date: /sbel/gazebo-demo/install/car_demo/share/car_demo/models/speed_limit_sign/materials/textures/Speed_90.png\n'}
[0.971687] (car_demo) StdoutLine: {'line': b'-- Up-to-date: /sbel/gazebo-demo/install/car_demo/share/car_demo/models/speed_limit_sign/materials/textures/Speed_30.png\n'}
[0.971741] (car_demo) StdoutLine: {'line': b'-- Up-to-date: /sbel/gazebo-demo/install/car_demo/share/car_demo/models/speed_limit_sign/materials/textures/Speed_120.png\n'}
[0.971818] (car_demo) StdoutLine: {'line': b'-- Up-to-date: /sbel/gazebo-demo/install/car_demo/share/car_demo/models/speed_limit_sign/materials/textures/Speed_40.png\n'}
[0.971877] (car_demo) StdoutLine: {'line': b'-- Up-to-date: /sbel/gazebo-demo/install/car_demo/share/car_demo/models/speed_limit_sign/materials/textures/Speed_16.png\n'}
[0.971932] (car_demo) StdoutLine: {'line': b'-- Up-to-date: /sbel/gazebo-demo/install/car_demo/share/car_demo/models/speed_limit_sign/materials/textures/Speed_50.png\n'}
[0.971978] (car_demo) StdoutLine: {'line': b'-- Up-to-date: /sbel/gazebo-demo/install/car_demo/share/car_demo/models/speed_limit_sign/materials/textures/Speed_110.png\n'}
[0.972039] (car_demo) StdoutLine: {'line': b'-- Up-to-date: /sbel/gazebo-demo/install/car_demo/share/car_demo/models/speed_limit_sign/materials/textures/Speed_130.png\n'}
[0.972093] (car_demo) StdoutLine: {'line': b'-- Up-to-date: /sbel/gazebo-demo/install/car_demo/share/car_demo/models/speed_limit_sign/materials/textures/StopSign_Diffuse.png\n'}
[0.972147] (car_demo) StdoutLine: {'line': b'-- Up-to-date: /sbel/gazebo-demo/install/car_demo/share/car_demo/models/speed_limit_sign/materials/textures/Speed_60.png\n'}
[0.972203] (car_demo) StdoutLine: {'line': b'-- Up-to-date: /sbel/gazebo-demo/install/car_demo/share/car_demo/models/speed_limit_sign/materials/textures/Speed_100.png\n'}
[0.972255] (car_demo) StdoutLine: {'line': b'-- Up-to-date: /sbel/gazebo-demo/install/car_demo/share/car_demo/models/speed_limit_sign/materials/textures/Speed_80.png\n'}
[0.972311] (car_demo) StdoutLine: {'line': b'-- Up-to-date: /sbel/gazebo-demo/install/car_demo/share/car_demo/models/speed_limit_sign/materials/textures/Speed_70.png\n'}
[0.972372] (car_demo) StdoutLine: {'line': b'-- Up-to-date: /sbel/gazebo-demo/install/car_demo/share/car_demo/models/speed_limit_sign/materials/textures/StopSign_Spec.png\n'}
[0.972435] (car_demo) StdoutLine: {'line': b'-- Up-to-date: /sbel/gazebo-demo/install/car_demo/share/car_demo/models/speed_limit_sign/materials/textures/Speed_Spec.png\n'}
[0.972490] (car_demo) StdoutLine: {'line': b'-- Up-to-date: /sbel/gazebo-demo/install/car_demo/share/car_demo/models/speed_limit_sign/model.config\n'}
[0.972549] (car_demo) StdoutLine: {'line': b'-- Up-to-date: /sbel/gazebo-demo/install/car_demo/share/car_demo/models/speed_limit_sign/model.sdf\n'}
[0.972610] (car_demo) StdoutLine: {'line': b'-- Up-to-date: /sbel/gazebo-demo/install/car_demo/share/car_demo/models/grey_wall\n'}
[0.972665] (car_demo) StdoutLine: {'line': b'-- Up-to-date: /sbel/gazebo-demo/install/car_demo/share/car_demo/models/grey_wall/model-1_4.sdf\n'}
[0.972720] (car_demo) StdoutLine: {'line': b'-- Up-to-date: /sbel/gazebo-demo/install/car_demo/share/car_demo/models/grey_wall/model-1_3.sdf\n'}
[0.972790] (car_demo) StdoutLine: {'line': b'-- Up-to-date: /sbel/gazebo-demo/install/car_demo/share/car_demo/models/grey_wall/materials\n'}
[0.972862] (car_demo) StdoutLine: {'line': b'-- Up-to-date: /sbel/gazebo-demo/install/car_demo/share/car_demo/models/grey_wall/materials/scripts\n'}
[0.972929] (car_demo) StdoutLine: {'line': b'-- Up-to-date: /sbel/gazebo-demo/install/car_demo/share/car_demo/models/grey_wall/materials/scripts/grey_wall.material\n'}
[0.972986] (car_demo) StdoutLine: {'line': b'-- Up-to-date: /sbel/gazebo-demo/install/car_demo/share/car_demo/models/grey_wall/materials/textures\n'}
[0.973051] (car_demo) StdoutLine: {'line': b'-- Up-to-date: /sbel/gazebo-demo/install/car_demo/share/car_demo/models/grey_wall/materials/textures/grey_wall.png\n'}
[0.973109] (car_demo) StdoutLine: {'line': b'-- Up-to-date: /sbel/gazebo-demo/install/car_demo/share/car_demo/models/grey_wall/model.config\n'}
[0.973169] (car_demo) StdoutLine: {'line': b'-- Up-to-date: /sbel/gazebo-demo/install/car_demo/share/car_demo/models/grey_wall/model.sdf\n'}
[0.973224] (car_demo) StdoutLine: {'line': b'-- Up-to-date: /sbel/gazebo-demo/install/car_demo/share/car_demo/models/construction_cone\n'}
[0.973287] (car_demo) StdoutLine: {'line': b'-- Up-to-date: /sbel/gazebo-demo/install/car_demo/share/car_demo/models/construction_cone/model-1_4.sdf\n'}
[0.973336] (car_demo) StdoutLine: {'line': b'-- Up-to-date: /sbel/gazebo-demo/install/car_demo/share/car_demo/models/construction_cone/meshes\n'}
[0.973403] (car_demo) StdoutLine: {'line': b'-- Up-to-date: /sbel/gazebo-demo/install/car_demo/share/car_demo/models/construction_cone/meshes/construction_cone.dae\n'}
[0.973452] (car_demo) StdoutLine: {'line': b'-- Up-to-date: /sbel/gazebo-demo/install/car_demo/share/car_demo/models/construction_cone/model-1_3.sdf\n'}
[0.973514] (car_demo) StdoutLine: {'line': b'-- Up-to-date: /sbel/gazebo-demo/install/car_demo/share/car_demo/models/construction_cone/materials\n'}
[0.973570] (car_demo) StdoutLine: {'line': b'-- Up-to-date: /sbel/gazebo-demo/install/car_demo/share/car_demo/models/construction_cone/materials/textures\n'}
[0.973626] (car_demo) StdoutLine: {'line': b'-- Up-to-date: /sbel/gazebo-demo/install/car_demo/share/car_demo/models/construction_cone/materials/textures/Construction_Cone_Diffuse.png\n'}
[0.973682] (car_demo) StdoutLine: {'line': b'-- Up-to-date: /sbel/gazebo-demo/install/car_demo/share/car_demo/models/construction_cone/model.config\n'}
[0.973744] (car_demo) StdoutLine: {'line': b'-- Up-to-date: /sbel/gazebo-demo/install/car_demo/share/car_demo/models/construction_cone/model.sdf\n'}
[0.973803] (car_demo) StdoutLine: {'line': b'-- Up-to-date: /sbel/gazebo-demo/install/car_demo/share/car_demo/models/house_3\n'}
[0.973865] (car_demo) StdoutLine: {'line': b'-- Up-to-date: /sbel/gazebo-demo/install/car_demo/share/car_demo/models/house_3/model-1_4.sdf\n'}
[0.973921] (car_demo) StdoutLine: {'line': b'-- Up-to-date: /sbel/gazebo-demo/install/car_demo/share/car_demo/models/house_3/meshes\n'}
[0.973974] (car_demo) StdoutLine: {'line': b'-- Up-to-date: /sbel/gazebo-demo/install/car_demo/share/car_demo/models/house_3/meshes/house_3.dae\n'}
[0.974035] (car_demo) StdoutLine: {'line': b'-- Up-to-date: /sbel/gazebo-demo/install/car_demo/share/car_demo/models/house_3/model-1_3.sdf\n'}
[0.974090] (car_demo) StdoutLine: {'line': b'-- Up-to-date: /sbel/gazebo-demo/install/car_demo/share/car_demo/models/house_3/materials\n'}
[0.974154] (car_demo) StdoutLine: {'line': b'-- Up-to-date: /sbel/gazebo-demo/install/car_demo/share/car_demo/models/house_3/materials/scripts\n'}
[0.974294] (car_demo) StdoutLine: {'line': b'-- Up-to-date: /sbel/gazebo-demo/install/car_demo/share/car_demo/models/house_3/materials/scripts/house_3.material\n'}
[0.974428] (car_demo) StdoutLine: {'line': b'-- Up-to-date: /sbel/gazebo-demo/install/car_demo/share/car_demo/models/house_3/materials/textures\n'}
[0.974503] (car_demo) StdoutLine: {'line': b'-- Up-to-date: /sbel/gazebo-demo/install/car_demo/share/car_demo/models/house_3/materials/textures/House_3_Diffuse.png\n'}
[0.974569] (car_demo) StdoutLine: {'line': b'-- Up-to-date: /sbel/gazebo-demo/install/car_demo/share/car_demo/models/house_3/model.config\n'}
[0.974633] (car_demo) StdoutLine: {'line': b'-- Up-to-date: /sbel/gazebo-demo/install/car_demo/share/car_demo/models/house_3/model.sdf\n'}
[0.974689] (car_demo) StdoutLine: {'line': b'-- Up-to-date: /sbel/gazebo-demo/install/car_demo/share/car_demo/models/house_1\n'}
[0.974745] (car_demo) StdoutLine: {'line': b'-- Up-to-date: /sbel/gazebo-demo/install/car_demo/share/car_demo/models/house_1/model-1_4.sdf\n'}
[0.974801] (car_demo) StdoutLine: {'line': b'-- Up-to-date: /sbel/gazebo-demo/install/car_demo/share/car_demo/models/house_1/meshes\n'}
[0.974856] (car_demo) StdoutLine: {'line': b'-- Up-to-date: /sbel/gazebo-demo/install/car_demo/share/car_demo/models/house_1/meshes/house_1.dae\n'}
[0.974903] (car_demo) StdoutLine: {'line': b'-- Up-to-date: /sbel/gazebo-demo/install/car_demo/share/car_demo/models/house_1/model-1_3.sdf\n'}
[0.974965] (car_demo) StdoutLine: {'line': b'-- Up-to-date: /sbel/gazebo-demo/install/car_demo/share/car_demo/models/house_1/materials\n'}
[0.975030] (car_demo) StdoutLine: {'line': b'-- Up-to-date: /sbel/gazebo-demo/install/car_demo/share/car_demo/models/house_1/materials/scripts\n'}
[0.975088] (car_demo) StdoutLine: {'line': b'-- Up-to-date: /sbel/gazebo-demo/install/car_demo/share/car_demo/models/house_1/materials/scripts/house_1.material\n'}
[0.975158] (car_demo) StdoutLine: {'line': b'-- Up-to-date: /sbel/gazebo-demo/install/car_demo/share/car_demo/models/house_1/materials/textures\n'}
[0.975225] (car_demo) StdoutLine: {'line': b'-- Up-to-date: /sbel/gazebo-demo/install/car_demo/share/car_demo/models/house_1/materials/textures/House_1_Normal.png\n'}
[0.975281] (car_demo) StdoutLine: {'line': b'-- Up-to-date: /sbel/gazebo-demo/install/car_demo/share/car_demo/models/house_1/materials/textures/House_1_Diffuse.png\n'}
[0.975346] (car_demo) StdoutLine: {'line': b'-- Up-to-date: /sbel/gazebo-demo/install/car_demo/share/car_demo/models/house_1/materials/textures/House_1_Spec.png\n'}
[0.975402] (car_demo) StdoutLine: {'line': b'-- Up-to-date: /sbel/gazebo-demo/install/car_demo/share/car_demo/models/house_1/model.config\n'}
[0.975457] (car_demo) StdoutLine: {'line': b'-- Up-to-date: /sbel/gazebo-demo/install/car_demo/share/car_demo/models/house_1/model.sdf\n'}
[0.975523] (car_demo) StdoutLine: {'line': b'-- Up-to-date: /sbel/gazebo-demo/install/car_demo/share/car_demo/models/mcity\n'}
[0.975576] (car_demo) StdoutLine: {'line': b'-- Up-to-date: /sbel/gazebo-demo/install/car_demo/share/car_demo/models/mcity/meshes\n'}
[0.975631] (car_demo) StdoutLine: {'line': b'-- Up-to-date: /sbel/gazebo-demo/install/car_demo/share/car_demo/models/mcity/meshes/mcity.obj\n'}
[0.975692] (car_demo) StdoutLine: {'line': b'-- Up-to-date: /sbel/gazebo-demo/install/car_demo/share/car_demo/models/mcity/meshes/mcity.mtl\n'}
[0.975746] (car_demo) StdoutLine: {'line': b'-- Up-to-date: /sbel/gazebo-demo/install/car_demo/share/car_demo/models/mcity/materials\n'}
[0.975807] (car_demo) StdoutLine: {'line': b'-- Up-to-date: /sbel/gazebo-demo/install/car_demo/share/car_demo/models/mcity/materials/textures\n'}
[0.975878] (car_demo) StdoutLine: {'line': b'-- Up-to-date: /sbel/gazebo-demo/install/car_demo/share/car_demo/models/mcity/materials/textures/GuardRail.png\n'}
[0.975924] (car_demo) StdoutLine: {'line': b'-- Up-to-date: /sbel/gazebo-demo/install/car_demo/share/car_demo/models/mcity/materials/textures/OverheadSigns.png\n'}
[0.975973] (car_demo) StdoutLine: {'line': b'-- Up-to-date: /sbel/gazebo-demo/install/car_demo/share/car_demo/models/mcity/materials/textures/Brick.png\n'}
[0.976017] (car_demo) StdoutLine: {'line': b'-- Up-to-date: /sbel/gazebo-demo/install/car_demo/share/car_demo/models/mcity/materials/textures/Road_DoubleYellowLine.png\n'}
[0.976061] (car_demo) StdoutLine: {'line': b'-- Up-to-date: /sbel/gazebo-demo/install/car_demo/share/car_demo/models/mcity/materials/textures/Road_SingleWhiteLine.png\n'}
[0.976105] (car_demo) StdoutLine: {'line': b'-- Up-to-date: /sbel/gazebo-demo/install/car_demo/share/car_demo/models/mcity/materials/textures/Road_DoubleYellowLine_Light.png\n'}
[0.976164] (car_demo) StdoutLine: {'line': b'-- Up-to-date: /sbel/gazebo-demo/install/car_demo/share/car_demo/models/mcity/materials/textures/Road_Blank.png\n'}
[0.976211] (car_demo) StdoutLine: {'line': b'-- Up-to-date: /sbel/gazebo-demo/install/car_demo/share/car_demo/models/mcity/materials/textures/StreetLamp_Short.png\n'}
[0.976267] (car_demo) StdoutLine: {'line': b'-- Up-to-date: /sbel/gazebo-demo/install/car_demo/share/car_demo/models/mcity/materials/textures/Colors.png\n'}
[0.976321] (car_demo) StdoutLine: {'line': b'-- Up-to-date: /sbel/gazebo-demo/install/car_demo/share/car_demo/models/mcity/materials/textures/OverheadSignBase.png\n'}
[0.976372] (car_demo) StdoutLine: {'line': b'-- Up-to-date: /sbel/gazebo-demo/install/car_demo/share/car_demo/models/mcity/materials/textures/StreetLamp_Tall.png\n'}
[0.976427] (car_demo) StdoutLine: {'line': b'-- Up-to-date: /sbel/gazebo-demo/install/car_demo/share/car_demo/models/mcity/materials/textures/Tunnel.png\n'}
[0.976487] (car_demo) StdoutLine: {'line': b'-- Up-to-date: /sbel/gazebo-demo/install/car_demo/share/car_demo/models/mcity/materials/textures/Buildings.png\n'}
[0.976542] (car_demo) StdoutLine: {'line': b'-- Up-to-date: /sbel/gazebo-demo/install/car_demo/share/car_demo/models/mcity/materials/textures/Concrete_Ground.png\n'}
[0.976596] (car_demo) StdoutLine: {'line': b'-- Up-to-date: /sbel/gazebo-demo/install/car_demo/share/car_demo/models/mcity/materials/textures/Crosswalk.png\n'}
[0.976645] (car_demo) StdoutLine: {'line': b'-- Up-to-date: /sbel/gazebo-demo/install/car_demo/share/car_demo/models/mcity/materials/textures/TrafficBarrel.png\n'}
[0.976703] (car_demo) StdoutLine: {'line': b'-- Up-to-date: /sbel/gazebo-demo/install/car_demo/share/car_demo/models/mcity/materials/textures/RailroadGate.png\n'}
[0.976751] (car_demo) StdoutLine: {'line': b'-- Up-to-date: /sbel/gazebo-demo/install/car_demo/share/car_demo/models/mcity/materials/textures/Gravel.png\n'}
[0.976810] (car_demo) StdoutLine: {'line': b'-- Up-to-date: /sbel/gazebo-demo/install/car_demo/share/car_demo/models/mcity/materials/textures/Grass.png\n'}
[0.976857] (car_demo) StdoutLine: {'line': b'-- Up-to-date: /sbel/gazebo-demo/install/car_demo/share/car_demo/models/mcity/materials/textures/Curb.png\n'}
[0.976910] (car_demo) StdoutLine: {'line': b'-- Up-to-date: /sbel/gazebo-demo/install/car_demo/share/car_demo/models/mcity/materials/textures/Road_Blank_Light.png\n'}
[0.976969] (car_demo) StdoutLine: {'line': b'-- Up-to-date: /sbel/gazebo-demo/install/car_demo/share/car_demo/models/mcity/materials/textures/Asphalt.png\n'}
[0.977022] (car_demo) StdoutLine: {'line': b'-- Up-to-date: /sbel/gazebo-demo/install/car_demo/share/car_demo/models/mcity/model.config\n'}
[0.977067] (car_demo) StdoutLine: {'line': b'-- Up-to-date: /sbel/gazebo-demo/install/car_demo/share/car_demo/models/mcity/model.sdf\n'}
[0.977120] (car_demo) StdoutLine: {'line': b'-- Up-to-date: /sbel/gazebo-demo/install/car_demo/share/car_demo/models/house_2\n'}
[0.977177] (car_demo) StdoutLine: {'line': b'-- Up-to-date: /sbel/gazebo-demo/install/car_demo/share/car_demo/models/house_2/model-1_4.sdf\n'}
[0.977232] (car_demo) StdoutLine: {'line': b'-- Up-to-date: /sbel/gazebo-demo/install/car_demo/share/car_demo/models/house_2/meshes\n'}
[0.977292] (car_demo) StdoutLine: {'line': b'-- Up-to-date: /sbel/gazebo-demo/install/car_demo/share/car_demo/models/house_2/meshes/house_2.dae\n'}
[0.977343] (car_demo) StdoutLine: {'line': b'-- Up-to-date: /sbel/gazebo-demo/install/car_demo/share/car_demo/models/house_2/model-1_3.sdf\n'}
[0.977396] (car_demo) StdoutLine: {'line': b'-- Up-to-date: /sbel/gazebo-demo/install/car_demo/share/car_demo/models/house_2/materials\n'}
[0.977455] (car_demo) StdoutLine: {'line': b'-- Up-to-date: /sbel/gazebo-demo/install/car_demo/share/car_demo/models/house_2/materials/scripts\n'}
[0.977509] (car_demo) StdoutLine: {'line': b'-- Up-to-date: /sbel/gazebo-demo/install/car_demo/share/car_demo/models/house_2/materials/scripts/house_2.material\n'}
[0.977554] (car_demo) StdoutLine: {'line': b'-- Up-to-date: /sbel/gazebo-demo/install/car_demo/share/car_demo/models/house_2/materials/textures\n'}
[0.977614] (car_demo) StdoutLine: {'line': b'-- Up-to-date: /sbel/gazebo-demo/install/car_demo/share/car_demo/models/house_2/materials/textures/House_2_Diffuse.png\n'}
[0.977669] (car_demo) StdoutLine: {'line': b'-- Up-to-date: /sbel/gazebo-demo/install/car_demo/share/car_demo/models/house_2/model.config\n'}
[0.977724] (car_demo) StdoutLine: {'line': b'-- Up-to-date: /sbel/gazebo-demo/install/car_demo/share/car_demo/models/house_2/model.sdf\n'}
[0.977777] (car_demo) StdoutLine: {'line': b'-- Up-to-date: /sbel/gazebo-demo/install/car_demo/share/car_demo/models/jersey_barrier\n'}
[0.977839] (car_demo) StdoutLine: {'line': b'-- Up-to-date: /sbel/gazebo-demo/install/car_demo/share/car_demo/models/jersey_barrier/model-1_4.sdf\n'}
[0.977885] (car_demo) StdoutLine: {'line': b'-- Up-to-date: /sbel/gazebo-demo/install/car_demo/share/car_demo/models/jersey_barrier/meshes\n'}
[0.977941] (car_demo) StdoutLine: {'line': b'-- Up-to-date: /sbel/gazebo-demo/install/car_demo/share/car_demo/models/jersey_barrier/meshes/jersey_barrier.dae\n'}
[0.978005] (car_demo) StdoutLine: {'line': b'-- Up-to-date: /sbel/gazebo-demo/install/car_demo/share/car_demo/models/jersey_barrier/materials\n'}
[0.978060] (car_demo) StdoutLine: {'line': b'-- Up-to-date: /sbel/gazebo-demo/install/car_demo/share/car_demo/models/jersey_barrier/materials/textures\n'}
[0.978125] (car_demo) StdoutLine: {'line': b'-- Up-to-date: /sbel/gazebo-demo/install/car_demo/share/car_demo/models/jersey_barrier/materials/textures/jersey_barrier_spec.png\n'}
[0.978184] (car_demo) StdoutLine: {'line': b'-- Up-to-date: /sbel/gazebo-demo/install/car_demo/share/car_demo/models/jersey_barrier/materials/textures/jersey_barrier_diffuse.png\n'}
[0.978236] (car_demo) StdoutLine: {'line': b'-- Up-to-date: /sbel/gazebo-demo/install/car_demo/share/car_demo/models/jersey_barrier/materials/textures/jersey_barrier.png\n'}
[0.978300] (car_demo) StdoutLine: {'line': b'-- Up-to-date: /sbel/gazebo-demo/install/car_demo/share/car_demo/models/jersey_barrier/model.config\n'}
[0.978354] (car_demo) StdoutLine: {'line': b'-- Up-to-date: /sbel/gazebo-demo/install/car_demo/share/car_demo/models/jersey_barrier/model.sdf\n'}
[0.978415] (car_demo) StdoutLine: {'line': b'-- Up-to-date: /sbel/gazebo-demo/install/car_demo/share/car_demo/models/powerplant\n'}
[0.978470] (car_demo) StdoutLine: {'line': b'-- Up-to-date: /sbel/gazebo-demo/install/car_demo/share/car_demo/models/powerplant/model-1_2.sdf\n'}
[0.978523] (car_demo) StdoutLine: {'line': b'-- Up-to-date: /sbel/gazebo-demo/install/car_demo/share/car_demo/models/powerplant/model-1_4.sdf\n'}
[0.978568] (car_demo) StdoutLine: {'line': b'-- Up-to-date: /sbel/gazebo-demo/install/car_demo/share/car_demo/models/powerplant/meshes\n'}
[0.978623] (car_demo) StdoutLine: {'line': b'-- Up-to-date: /sbel/gazebo-demo/install/car_demo/share/car_demo/models/powerplant/meshes/powerplant.dae\n'}
[0.978684] (car_demo) StdoutLine: {'line': b'-- Up-to-date: /sbel/gazebo-demo/install/car_demo/share/car_demo/models/powerplant/model-1_3.sdf\n'}
[0.978742] (car_demo) StdoutLine: {'line': b'-- Up-to-date: /sbel/gazebo-demo/install/car_demo/share/car_demo/models/powerplant/materials\n'}
[0.978794] (car_demo) StdoutLine: {'line': b'-- Up-to-date: /sbel/gazebo-demo/install/car_demo/share/car_demo/models/powerplant/materials/textures\n'}
[0.978853] (car_demo) StdoutLine: {'line': b'-- Up-to-date: /sbel/gazebo-demo/install/car_demo/share/car_demo/models/powerplant/materials/textures/__auto_8.png\n'}
[0.978906] (car_demo) StdoutLine: {'line': b'-- Up-to-date: /sbel/gazebo-demo/install/car_demo/share/car_demo/models/powerplant/materials/textures/__auto_37.png\n'}
[0.978966] (car_demo) StdoutLine: {'line': b'-- Up-to-date: /sbel/gazebo-demo/install/car_demo/share/car_demo/models/powerplant/materials/textures/__auto_1.png\n'}
[0.979013] (car_demo) StdoutLine: {'line': b'-- Up-to-date: /sbel/gazebo-demo/install/car_demo/share/car_demo/models/powerplant/materials/textures/__auto_36.png\n'}
[0.979066] (car_demo) StdoutLine: {'line': b'-- Up-to-date: /sbel/gazebo-demo/install/car_demo/share/car_demo/models/powerplant/materials/textures/__auto_23.png\n'}
[0.979121] (car_demo) StdoutLine: {'line': b'-- Up-to-date: /sbel/gazebo-demo/install/car_demo/share/car_demo/models/powerplant/materials/textures/__auto_25.png\n'}
[0.979175] (car_demo) StdoutLine: {'line': b'-- Up-to-date: /sbel/gazebo-demo/install/car_demo/share/car_demo/models/powerplant/materials/textures/__auto_27.png\n'}
[0.979230] (car_demo) StdoutLine: {'line': b'-- Up-to-date: /sbel/gazebo-demo/install/car_demo/share/car_demo/models/powerplant/materials/textures/__auto_6.png\n'}
[0.979290] (car_demo) StdoutLine: {'line': b'-- Up-to-date: /sbel/gazebo-demo/install/car_demo/share/car_demo/models/powerplant/materials/textures/__auto_13.png\n'}
[0.979344] (car_demo) StdoutLine: {'line': b'-- Up-to-date: /sbel/gazebo-demo/install/car_demo/share/car_demo/models/powerplant/materials/textures/__auto_2.png\n'}
[0.979391] (car_demo) StdoutLine: {'line': b'-- Up-to-date: /sbel/gazebo-demo/install/car_demo/share/car_demo/models/powerplant/materials/textures/__auto_21.png\n'}
[0.979444] (car_demo) StdoutLine: {'line': b'-- Up-to-date: /sbel/gazebo-demo/install/car_demo/share/car_demo/models/powerplant/materials/textures/__auto_34.png\n'}
[0.979491] (car_demo) StdoutLine: {'line': b'-- Up-to-date: /sbel/gazebo-demo/install/car_demo/share/car_demo/models/powerplant/materials/textures/__auto_33.png\n'}
[0.979535] (car_demo) StdoutLine: {'line': b'-- Up-to-date: /sbel/gazebo-demo/install/car_demo/share/car_demo/models/powerplant/materials/textures/__auto_7.png\n'}
[0.979578] (car_demo) StdoutLine: {'line': b'-- Up-to-date: /sbel/gazebo-demo/install/car_demo/share/car_demo/models/powerplant/materials/textures/__auto_32.png\n'}
[0.979622] (car_demo) StdoutLine: {'line': b'-- Up-to-date: /sbel/gazebo-demo/install/car_demo/share/car_demo/models/powerplant/materials/textures/__auto_19.png\n'}
[0.979675] (car_demo) StdoutLine: {'line': b'-- Up-to-date: /sbel/gazebo-demo/install/car_demo/share/car_demo/models/powerplant/materials/textures/__auto_20.png\n'}
[0.979721] (car_demo) StdoutLine: {'line': b'-- Up-to-date: /sbel/gazebo-demo/install/car_demo/share/car_demo/models/powerplant/materials/textures/__auto_11.png\n'}
[0.979765] (car_demo) StdoutLine: {'line': b'-- Up-to-date: /sbel/gazebo-demo/install/car_demo/share/car_demo/models/powerplant/materials/textures/__auto_38.png\n'}
[0.979820] (car_demo) StdoutLine: {'line': b'-- Up-to-date: /sbel/gazebo-demo/install/car_demo/share/car_demo/models/powerplant/materials/textures/__auto_17.png\n'}
[0.979867] (car_demo) StdoutLine: {'line': b'-- Up-to-date: /sbel/gazebo-demo/install/car_demo/share/car_demo/models/powerplant/materials/textures/__auto_3.png\n'}
[0.979923] (car_demo) StdoutLine: {'line': b'-- Up-to-date: /sbel/gazebo-demo/install/car_demo/share/car_demo/models/powerplant/materials/textures/__auto_35.png\n'}
[0.979969] (car_demo) StdoutLine: {'line': b'-- Up-to-date: /sbel/gazebo-demo/install/car_demo/share/car_demo/models/powerplant/materials/textures/__auto_10.png\n'}
[0.980012] (car_demo) StdoutLine: {'line': b'-- Up-to-date: /sbel/gazebo-demo/install/car_demo/share/car_demo/models/powerplant/materials/textures/__auto_12.png\n'}
[0.980055] (car_demo) StdoutLine: {'line': b'-- Up-to-date: /sbel/gazebo-demo/install/car_demo/share/car_demo/models/powerplant/materials/textures/__auto_26.png\n'}
[0.980103] (car_demo) StdoutLine: {'line': b'-- Up-to-date: /sbel/gazebo-demo/install/car_demo/share/car_demo/models/powerplant/materials/textures/__auto_9.png\n'}
[0.980146] (car_demo) StdoutLine: {'line': b'-- Up-to-date: /sbel/gazebo-demo/install/car_demo/share/car_demo/models/powerplant/materials/textures/__auto_.png\n'}
[0.980188] (car_demo) StdoutLine: {'line': b'-- Up-to-date: /sbel/gazebo-demo/install/car_demo/share/car_demo/models/powerplant/materials/textures/__auto_22.png\n'}
[0.980233] (car_demo) StdoutLine: {'line': b'-- Up-to-date: /sbel/gazebo-demo/install/car_demo/share/car_demo/models/powerplant/model.config\n'}
[0.980276] (car_demo) StdoutLine: {'line': b'-- Up-to-date: /sbel/gazebo-demo/install/car_demo/share/car_demo/models/powerplant/model.sdf\n'}
[0.980319] (car_demo) StdoutLine: {'line': b'-- Up-to-date: /sbel/gazebo-demo/install/car_demo/share/car_demo/models/cloverleaf_interchange\n'}
[0.980361] (car_demo) StdoutLine: {'line': b'-- Up-to-date: /sbel/gazebo-demo/install/car_demo/share/car_demo/models/cloverleaf_interchange/meshes\n'}
[0.980404] (car_demo) StdoutLine: {'line': b'-- Up-to-date: /sbel/gazebo-demo/install/car_demo/share/car_demo/models/cloverleaf_interchange/meshes/cloverleaf.obj\n'}
[0.980447] (car_demo) StdoutLine: {'line': b'-- Up-to-date: /sbel/gazebo-demo/install/car_demo/share/car_demo/models/cloverleaf_interchange/meshes/cloverleaf.mtl\n'}
[0.980490] (car_demo) StdoutLine: {'line': b'-- Up-to-date: /sbel/gazebo-demo/install/car_demo/share/car_demo/models/cloverleaf_interchange/materials\n'}
[0.980543] (car_demo) StdoutLine: {'line': b'-- Up-to-date: /sbel/gazebo-demo/install/car_demo/share/car_demo/models/cloverleaf_interchange/materials/textures\n'}
[0.980592] (car_demo) StdoutLine: {'line': b'-- Up-to-date: /sbel/gazebo-demo/install/car_demo/share/car_demo/models/cloverleaf_interchange/materials/textures/arrow.png\n'}
[0.980636] (car_demo) StdoutLine: {'line': b'-- Up-to-date: /sbel/gazebo-demo/install/car_demo/share/car_demo/models/cloverleaf_interchange/materials/textures/grass.png\n'}
[0.980679] (car_demo) StdoutLine: {'line': b'-- Up-to-date: /sbel/gazebo-demo/install/car_demo/share/car_demo/models/cloverleaf_interchange/materials/textures/cross.png\n'}
[0.980722] (car_demo) StdoutLine: {'line': b'-- Up-to-date: /sbel/gazebo-demo/install/car_demo/share/car_demo/models/cloverleaf_interchange/materials/textures/road.png\n'}
[0.980765] (car_demo) StdoutLine: {'line': b'-- Up-to-date: /sbel/gazebo-demo/install/car_demo/share/car_demo/models/cloverleaf_interchange/materials/textures/concrete.png\n'}
[0.980808] (car_demo) StdoutLine: {'line': b'-- Up-to-date: /sbel/gazebo-demo/install/car_demo/share/car_demo/models/cloverleaf_interchange/model.config\n'}
[0.980851] (car_demo) StdoutLine: {'line': b'-- Up-to-date: /sbel/gazebo-demo/install/car_demo/share/car_demo/models/cloverleaf_interchange/model.sdf\n'}
[0.980894] (car_demo) StdoutLine: {'line': b'-- Up-to-date: /sbel/gazebo-demo/install/car_demo/share/car_demo/models/gas_station\n'}
[0.980939] (car_demo) StdoutLine: {'line': b'-- Up-to-date: /sbel/gazebo-demo/install/car_demo/share/car_demo/models/gas_station/model-1_4.sdf\n'}
[0.980983] (car_demo) StdoutLine: {'line': b'-- Up-to-date: /sbel/gazebo-demo/install/car_demo/share/car_demo/models/gas_station/meshes\n'}
[0.981026] (car_demo) StdoutLine: {'line': b'-- Up-to-date: /sbel/gazebo-demo/install/car_demo/share/car_demo/models/gas_station/meshes/gas_station.dae\n'}
[0.981069] (car_demo) StdoutLine: {'line': b'-- Up-to-date: /sbel/gazebo-demo/install/car_demo/share/car_demo/models/gas_station/model-1_3.sdf\n'}
[0.981169] (car_demo) StdoutLine: {'line': b'-- Up-to-date: /sbel/gazebo-demo/install/car_demo/share/car_demo/models/gas_station/materials\n'}
[0.981389] (car_demo) StdoutLine: {'line': b'-- Up-to-date: /sbel/gazebo-demo/install/car_demo/share/car_demo/models/gas_station/materials/scripts\n'}
[0.981750] (car_demo) StdoutLine: {'line': b'-- Up-to-date: /sbel/gazebo-demo/install/car_demo/share/car_demo/models/gas_station/materials/scripts/gas_station.material\n'}
[0.981917] (car_demo) StdoutLine: {'line': b'-- Up-to-date: /sbel/gazebo-demo/install/car_demo/share/car_demo/models/gas_station/materials/textures\n'}
[0.982062] (car_demo) StdoutLine: {'line': b'-- Up-to-date: /sbel/gazebo-demo/install/car_demo/share/car_demo/models/gas_station/materials/textures/GasStation_Normal.png\n'}
[0.982126] (car_demo) StdoutLine: {'line': b'-- Up-to-date: /sbel/gazebo-demo/install/car_demo/share/car_demo/models/gas_station/materials/textures/GasStation_Spec.png\n'}
[0.982252] (car_demo) StdoutLine: {'line': b'-- Up-to-date: /sbel/gazebo-demo/install/car_demo/share/car_demo/models/gas_station/materials/textures/GasStation_Diffuse.png\n'}
[0.982370] (car_demo) StdoutLine: {'line': b'-- Up-to-date: /sbel/gazebo-demo/install/car_demo/share/car_demo/models/gas_station/model.config\n'}
[0.982478] (car_demo) StdoutLine: {'line': b'-- Up-to-date: /sbel/gazebo-demo/install/car_demo/share/car_demo/models/gas_station/model.sdf\n'}
[0.982580] (car_demo) StdoutLine: {'line': b'-- Up-to-date: /sbel/gazebo-demo/install/car_demo/share/car_demo/models/dumpster\n'}
[0.982718] (car_demo) StdoutLine: {'line': b'-- Up-to-date: /sbel/gazebo-demo/install/car_demo/share/car_demo/models/dumpster/model-1_4.sdf\n'}
[0.982891] (car_demo) StdoutLine: {'line': b'-- Up-to-date: /sbel/gazebo-demo/install/car_demo/share/car_demo/models/dumpster/meshes\n'}
[0.983000] (car_demo) StdoutLine: {'line': b'-- Up-to-date: /sbel/gazebo-demo/install/car_demo/share/car_demo/models/dumpster/meshes/dumpster.dae\n'}
[0.983064] (car_demo) StdoutLine: {'line': b'-- Up-to-date: /sbel/gazebo-demo/install/car_demo/share/car_demo/models/dumpster/model-1_3.sdf\n'}
[0.983193] (car_demo) StdoutLine: {'line': b'-- Up-to-date: /sbel/gazebo-demo/install/car_demo/share/car_demo/models/dumpster/materials\n'}
[0.983336] (car_demo) StdoutLine: {'line': b'-- Up-to-date: /sbel/gazebo-demo/install/car_demo/share/car_demo/models/dumpster/materials/scripts\n'}
[0.983428] (car_demo) StdoutLine: {'line': b'-- Up-to-date: /sbel/gazebo-demo/install/car_demo/share/car_demo/models/dumpster/materials/scripts/dumpster.material\n'}
[0.983544] (car_demo) StdoutLine: {'line': b'-- Up-to-date: /sbel/gazebo-demo/install/car_demo/share/car_demo/models/dumpster/materials/textures\n'}
[0.983649] (car_demo) StdoutLine: {'line': b'-- Up-to-date: /sbel/gazebo-demo/install/car_demo/share/car_demo/models/dumpster/materials/textures/Dumpster_Spec.png\n'}
[0.983748] (car_demo) StdoutLine: {'line': b'-- Up-to-date: /sbel/gazebo-demo/install/car_demo/share/car_demo/models/dumpster/materials/textures/Dumpster_Diffuse.png\n'}
[0.983881] (car_demo) StdoutLine: {'line': b'-- Up-to-date: /sbel/gazebo-demo/install/car_demo/share/car_demo/models/dumpster/model.config\n'}
[0.983987] (car_demo) StdoutLine: {'line': b'-- Up-to-date: /sbel/gazebo-demo/install/car_demo/share/car_demo/models/dumpster/model.sdf\n'}
[0.984088] (car_demo) StdoutLine: {'line': b'-- Up-to-date: /sbel/gazebo-demo/install/car_demo/share/car_demo/rviz\n'}
[0.984240] (car_demo) StdoutLine: {'line': b'-- Up-to-date: /sbel/gazebo-demo/install/car_demo/share/car_demo/rviz/ros2.rviz\n'}
[0.984330] (car_demo) StdoutLine: {'line': b'-- Up-to-date: /sbel/gazebo-demo/install/car_demo/share/car_demo/worlds\n'}
[0.984429] (car_demo) StdoutLine: {'line': b'-- Up-to-date: /sbel/gazebo-demo/install/car_demo/share/car_demo/worlds/mcity.world\n'}
[0.984537] (car_demo) StdoutLine: {'line': b'-- Up-to-date: /sbel/gazebo-demo/install/car_demo/lib/libPriusHybridPlugin.so\n'}
[0.984635] (car_demo) CommandEnded: {'returncode': 0}
[1.005547] (-) TimerEvent: {}
[1.105731] (-) TimerEvent: {}
[1.107370] (car_demo) JobEnded: {'identifier': 'car_demo', 'rc': 0}
[1.107896] (-) EventReactorShutdown: {}
