[0.085s] Invoking command in '/sbel/gazebo-demo/build/prius_msgs': CMAKE_PREFIX_PATH=${CMAKE_PREFIX_PATH}:/opt/ros/humble /usr/bin/cmake /sbel/gazebo-demo/prius_msgs -DCMAKE_INSTALL_PREFIX=/sbel/gazebo-demo/install/prius_msgs
[0.158s] -- The C compiler identification is GNU 11.4.0
[0.228s] -- The CXX compiler identification is GNU 11.4.0
[0.236s] -- Detecting C compiler ABI info
[0.331s] -- Detecting C compiler ABI info - done
[0.339s] -- Check for working C compiler: /usr/bin/cc - skipped
[0.342s] -- Detecting C compile features
[0.343s] -- Detecting C compile features - done
[0.350s] -- Detecting CXX compiler ABI info
[0.456s] -- Detecting CXX compiler ABI info - done
[0.464s] -- Check for working CXX compiler: /usr/bin/c++ - skipped
[0.464s] -- Detecting CXX compile features
[0.465s] -- Detecting CXX compile features - done
[0.470s] -- Found ament_cmake: 1.3.5 (/opt/ros/humble/share/ament_cmake/cmake)
[0.669s] -- Found Python3: /usr/bin/python3.10 (found version "3.10.12") found components: Interpreter 
[0.780s] -- Found builtin_interfaces: 1.2.1 (/opt/ros/humble/share/builtin_interfaces/cmake)
[0.829s] -- Found rosidl_generator_c: 3.1.5 (/opt/ros/humble/share/rosidl_generator_c/cmake)
[0.843s] -- Found rosidl_adapter: 3.1.5 (/opt/ros/humble/share/rosidl_adapter/cmake)
[0.853s] -- Found rosidl_generator_cpp: 3.1.5 (/opt/ros/humble/share/rosidl_generator_cpp/cmake)
[0.869s] -- Using all available rosidl_typesupport_c: rosidl_typesupport_fastrtps_c;rosidl_typesupport_introspection_c
[0.895s] -- Using all available rosidl_typesupport_cpp: rosidl_typesupport_fastrtps_cpp;rosidl_typesupport_introspection_cpp
[0.915s] -- Found rosidl_default_generators: 1.2.0 (/opt/ros/humble/share/rosidl_default_generators/cmake)
[0.927s] -- Found std_msgs: 4.2.3 (/opt/ros/humble/share/std_msgs/cmake)
[1.244s] -- Found ament_cmake_cppcheck: 0.12.8 (/opt/ros/humble/share/ament_cmake_cppcheck/cmake)
[1.248s] -- Found ament_cmake_cpplint: 0.12.8 (/opt/ros/humble/share/ament_cmake_cpplint/cmake)
[1.251s] -- Found ament_cmake_uncrustify: 0.12.8 (/opt/ros/humble/share/ament_cmake_uncrustify/cmake)
[1.255s] -- Found ament_cmake_ros: 0.10.0 (/opt/ros/humble/share/ament_cmake_ros/cmake)
[1.675s] -- Using all available rosidl_typesupport_c: rosidl_typesupport_fastrtps_c;rosidl_typesupport_introspection_c
[1.840s] -- Using all available rosidl_typesupport_cpp: rosidl_typesupport_fastrtps_cpp;rosidl_typesupport_introspection_cpp
[1.866s] -- Found PythonInterp: /usr/bin/python3 (found suitable version "3.10.12", minimum required is "3.6") 
[1.869s] -- Found python_cmake_module: 0.10.0 (/opt/ros/humble/share/python_cmake_module/cmake)
[1.906s] -- Found PythonLibs: /usr/lib/x86_64-linux-gnu/libpython3.10.so (found suitable version "3.10.12", minimum required is "3.5") 
[1.906s] -- Using PYTHON_EXECUTABLE: /usr/bin/python3
[1.906s] -- Using PYTHON_INCLUDE_DIRS: /usr/include/python3.10
[1.906s] -- Using PYTHON_LIBRARIES: /usr/lib/x86_64-linux-gnu/libpython3.10.so
[1.933s] -- Found PythonExtra: .so  
[1.988s] -- Found ament_cmake_flake8: 0.12.8 (/opt/ros/humble/share/ament_cmake_flake8/cmake)
[1.993s] -- Found ament_cmake_pep257: 0.12.8 (/opt/ros/humble/share/ament_cmake_pep257/cmake)
[2.013s] -- Configuring done
[2.062s] -- Generating done
[2.065s] -- Build files have been written to: /sbel/gazebo-demo/build/prius_msgs
[2.073s] Invoked command in '/sbel/gazebo-demo/build/prius_msgs' returned '0': CMAKE_PREFIX_PATH=${CMAKE_PREFIX_PATH}:/opt/ros/humble /usr/bin/cmake /sbel/gazebo-demo/prius_msgs -DCMAKE_INSTALL_PREFIX=/sbel/gazebo-demo/install/prius_msgs
[2.075s] Invoking command in '/sbel/gazebo-demo/build/prius_msgs': CMAKE_PREFIX_PATH=${CMAKE_PREFIX_PATH}:/opt/ros/humble /usr/bin/cmake --build /sbel/gazebo-demo/build/prius_msgs -- -j16 -l16
[2.149s] [  3%] [34m[1mGenerating C++ code for ROS interfaces[0m
[2.466s] [  3%] Built target prius_msgs__cpp
[2.504s] [  3%] Built target ament_cmake_python_copy_prius_msgs
[2.518s] [  6%] [34m[1mGenerating C++ introspection for ROS interfaces[0m
[2.808s] [  9%] [32mBuilding CXX object CMakeFiles/prius_msgs__rosidl_typesupport_introspection_cpp.dir/rosidl_typesupport_introspection_cpp/prius_msgs/msg/detail/control__type_support.cpp.o[0m
[3.206s] [ 12%] [32m[1mLinking CXX shared library libprius_msgs__rosidl_typesupport_introspection_cpp.so[0m
[3.286s] [ 12%] Built target prius_msgs__rosidl_typesupport_introspection_cpp
[3.533s] running egg_info
[3.534s] creating prius_msgs.egg-info
[3.534s] writing prius_msgs.egg-info/PKG-INFO
[3.534s] writing dependency_links to prius_msgs.egg-info/dependency_links.txt
[3.534s] writing top-level names to prius_msgs.egg-info/top_level.txt
[3.535s] writing manifest file 'prius_msgs.egg-info/SOURCES.txt'
[3.536s] reading manifest file 'prius_msgs.egg-info/SOURCES.txt'
[3.537s] writing manifest file 'prius_msgs.egg-info/SOURCES.txt'
[3.565s] [ 12%] Built target ament_cmake_python_build_prius_msgs_egg
[3.581s] [ 16%] [34m[1mGenerating C++ type support for eProsima Fast-RTPS[0m
[3.871s] [ 19%] [32mBuilding CXX object CMakeFiles/prius_msgs__rosidl_typesupport_fastrtps_cpp.dir/rosidl_typesupport_fastrtps_cpp/prius_msgs/msg/detail/dds_fastrtps/control__type_support.cpp.o[0m
[4.265s] [ 22%] [32m[1mLinking CXX shared library libprius_msgs__rosidl_typesupport_fastrtps_cpp.so[0m
[4.364s] [ 22%] Built target prius_msgs__rosidl_typesupport_fastrtps_cpp
[4.379s] [ 25%] [34m[1mGenerating C++ type support dispatch for ROS interfaces[0m
[4.651s] [ 29%] [32mBuilding CXX object CMakeFiles/prius_msgs__rosidl_typesupport_cpp.dir/rosidl_typesupport_cpp/prius_msgs/msg/control__type_support.cpp.o[0m
[4.920s] [ 32%] [32m[1mLinking CXX shared library libprius_msgs__rosidl_typesupport_cpp.so[0m
[4.974s] [ 32%] Built target prius_msgs__rosidl_typesupport_cpp
[4.990s] [ 35%] [34m[1mGenerating C code for ROS interfaces[0m
[5.346s] [ 38%] [32mBuilding C object CMakeFiles/prius_msgs__rosidl_generator_c.dir/rosidl_generator_c/prius_msgs/msg/detail/control__functions.c.o[0m
[5.405s] [ 41%] [32m[1mLinking C shared library libprius_msgs__rosidl_generator_c.so[0m
[5.458s] [ 41%] Built target prius_msgs__rosidl_generator_c
[5.474s] [ 45%] [34m[1mGenerating C type support for eProsima Fast-RTPS[0m
[5.769s] [ 48%] [32mBuilding CXX object CMakeFiles/prius_msgs__rosidl_typesupport_fastrtps_c.dir/rosidl_typesupport_fastrtps_c/prius_msgs/msg/detail/control__type_support_c.cpp.o[0m
[6.114s] [ 51%] [32m[1mLinking CXX shared library libprius_msgs__rosidl_typesupport_fastrtps_c.so[0m
[6.212s] [ 51%] Built target prius_msgs__rosidl_typesupport_fastrtps_c
[6.227s] [ 54%] [34m[1mGenerating C type support dispatch for ROS interfaces[0m
[6.499s] [ 58%] [32mBuilding CXX object CMakeFiles/prius_msgs__rosidl_typesupport_c.dir/rosidl_typesupport_c/prius_msgs/msg/control__type_support.cpp.o[0m
[6.538s] [ 61%] [32m[1mLinking CXX shared library libprius_msgs__rosidl_typesupport_c.so[0m
[6.597s] [ 61%] Built target prius_msgs__rosidl_typesupport_c
[6.612s] [ 64%] [34m[1mGenerating C introspection for ROS interfaces[0m
[6.900s] [ 67%] [32mBuilding C object CMakeFiles/prius_msgs__rosidl_typesupport_introspection_c.dir/rosidl_typesupport_introspection_c/prius_msgs/msg/detail/control__type_support.c.o[0m
[6.945s] [ 70%] [32m[1mLinking C shared library libprius_msgs__rosidl_typesupport_introspection_c.so[0m
[6.988s] [ 70%] Built target prius_msgs__rosidl_typesupport_introspection_c
[7.022s] [ 70%] Built target prius_msgs
[7.052s] [ 74%] [34m[1mGenerating Python code for ROS interfaces[0m
[7.481s] [ 74%] Built target prius_msgs__py
[7.507s] [ 77%] [32mBuilding C object CMakeFiles/prius_msgs__rosidl_generator_py.dir/rosidl_generator_py/prius_msgs/msg/_control_s.c.o[0m
[7.619s] [ 80%] [32m[1mLinking C shared library rosidl_generator_py/prius_msgs/libprius_msgs__rosidl_generator_py.so[0m
[7.672s] [ 80%] Built target prius_msgs__rosidl_generator_py
[7.705s] [ 83%] [32mBuilding C object CMakeFiles/prius_msgs__rosidl_typesupport_fastrtps_c__pyext.dir/rosidl_generator_py/prius_msgs/_prius_msgs_s.ep.rosidl_typesupport_fastrtps_c.c.o[0m
[7.821s] [ 87%] [32m[1mLinking C shared library rosidl_generator_py/prius_msgs/prius_msgs_s__rosidl_typesupport_fastrtps_c.cpython-310-x86_64-linux-gnu.so[0m
[7.874s] [ 87%] Built target prius_msgs__rosidl_typesupport_fastrtps_c__pyext
[7.901s] [ 90%] [32mBuilding C object CMakeFiles/prius_msgs__rosidl_typesupport_c__pyext.dir/rosidl_generator_py/prius_msgs/_prius_msgs_s.ep.rosidl_typesupport_c.c.o[0m
[8.024s] [ 93%] [32m[1mLinking C shared library rosidl_generator_py/prius_msgs/prius_msgs_s__rosidl_typesupport_c.cpython-310-x86_64-linux-gnu.so[0m
[8.077s] [ 93%] Built target prius_msgs__rosidl_typesupport_c__pyext
[8.101s] [ 96%] [32mBuilding C object CMakeFiles/prius_msgs__rosidl_typesupport_introspection_c__pyext.dir/rosidl_generator_py/prius_msgs/_prius_msgs_s.ep.rosidl_typesupport_introspection_c.c.o[0m
[8.215s] [100%] [32m[1mLinking C shared library rosidl_generator_py/prius_msgs/prius_msgs_s__rosidl_typesupport_introspection_c.cpython-310-x86_64-linux-gnu.so[0m
[8.268s] [100%] Built target prius_msgs__rosidl_typesupport_introspection_c__pyext
[8.286s] Invoked command in '/sbel/gazebo-demo/build/prius_msgs' returned '0': CMAKE_PREFIX_PATH=${CMAKE_PREFIX_PATH}:/opt/ros/humble /usr/bin/cmake --build /sbel/gazebo-demo/build/prius_msgs -- -j16 -l16
[8.385s] Invoking command in '/sbel/gazebo-demo/build/prius_msgs': CMAKE_PREFIX_PATH=${CMAKE_PREFIX_PATH}:/opt/ros/humble /usr/bin/cmake --install /sbel/gazebo-demo/build/prius_msgs
[8.397s] -- Install configuration: ""
[8.397s] -- Installing: /sbel/gazebo-demo/install/prius_msgs/share/ament_index/resource_index/rosidl_interfaces/prius_msgs
[8.397s] -- Installing: /sbel/gazebo-demo/install/prius_msgs/include/prius_msgs/prius_msgs
[8.398s] -- Installing: /sbel/gazebo-demo/install/prius_msgs/include/prius_msgs/prius_msgs/msg
[8.398s] -- Installing: /sbel/gazebo-demo/install/prius_msgs/include/prius_msgs/prius_msgs/msg/rosidl_generator_c__visibility_control.h
[8.398s] -- Installing: /sbel/gazebo-demo/install/prius_msgs/include/prius_msgs/prius_msgs/msg/detail
[8.398s] -- Installing: /sbel/gazebo-demo/install/prius_msgs/include/prius_msgs/prius_msgs/msg/detail/control__struct.h
[8.398s] -- Installing: /sbel/gazebo-demo/install/prius_msgs/include/prius_msgs/prius_msgs/msg/detail/control__type_support.h
[8.399s] -- Installing: /sbel/gazebo-demo/install/prius_msgs/include/prius_msgs/prius_msgs/msg/detail/control__functions.c
[8.399s] -- Installing: /sbel/gazebo-demo/install/prius_msgs/include/prius_msgs/prius_msgs/msg/detail/control__functions.h
[8.399s] -- Installing: /sbel/gazebo-demo/install/prius_msgs/include/prius_msgs/prius_msgs/msg/control.h
[8.400s] -- Installing: /sbel/gazebo-demo/install/prius_msgs/share/prius_msgs/environment/library_path.sh
[8.400s] -- Installing: /sbel/gazebo-demo/install/prius_msgs/share/prius_msgs/environment/library_path.dsv
[8.400s] -- Installing: /sbel/gazebo-demo/install/prius_msgs/lib/libprius_msgs__rosidl_generator_c.so
[8.401s] -- Set runtime path of "/sbel/gazebo-demo/install/prius_msgs/lib/libprius_msgs__rosidl_generator_c.so" to ""
[8.401s] -- Up-to-date: /sbel/gazebo-demo/install/prius_msgs/include/prius_msgs/prius_msgs
[8.401s] -- Up-to-date: /sbel/gazebo-demo/install/prius_msgs/include/prius_msgs/prius_msgs/msg
[8.401s] -- Installing: /sbel/gazebo-demo/install/prius_msgs/include/prius_msgs/prius_msgs/msg/rosidl_typesupport_fastrtps_c__visibility_control.h
[8.401s] -- Up-to-date: /sbel/gazebo-demo/install/prius_msgs/include/prius_msgs/prius_msgs/msg/detail
[8.401s] -- Installing: /sbel/gazebo-demo/install/prius_msgs/include/prius_msgs/prius_msgs/msg/detail/control__rosidl_typesupport_fastrtps_c.h
[8.402s] -- Installing: /sbel/gazebo-demo/install/prius_msgs/lib/libprius_msgs__rosidl_typesupport_fastrtps_c.so
[8.402s] -- Set runtime path of "/sbel/gazebo-demo/install/prius_msgs/lib/libprius_msgs__rosidl_typesupport_fastrtps_c.so" to ""
[8.402s] -- Up-to-date: /sbel/gazebo-demo/install/prius_msgs/include/prius_msgs/prius_msgs
[8.403s] -- Up-to-date: /sbel/gazebo-demo/install/prius_msgs/include/prius_msgs/prius_msgs/msg
[8.403s] -- Installing: /sbel/gazebo-demo/install/prius_msgs/include/prius_msgs/prius_msgs/msg/control.hpp
[8.403s] -- Up-to-date: /sbel/gazebo-demo/install/prius_msgs/include/prius_msgs/prius_msgs/msg/detail
[8.403s] -- Installing: /sbel/gazebo-demo/install/prius_msgs/include/prius_msgs/prius_msgs/msg/detail/control__builder.hpp
[8.403s] -- Installing: /sbel/gazebo-demo/install/prius_msgs/include/prius_msgs/prius_msgs/msg/detail/control__traits.hpp
[8.403s] -- Installing: /sbel/gazebo-demo/install/prius_msgs/include/prius_msgs/prius_msgs/msg/detail/control__struct.hpp
[8.404s] -- Up-to-date: /sbel/gazebo-demo/install/prius_msgs/include/prius_msgs/prius_msgs
[8.404s] -- Up-to-date: /sbel/gazebo-demo/install/prius_msgs/include/prius_msgs/prius_msgs/msg
[8.404s] -- Installing: /sbel/gazebo-demo/install/prius_msgs/include/prius_msgs/prius_msgs/msg/rosidl_typesupport_fastrtps_cpp__visibility_control.h
[8.404s] -- Up-to-date: /sbel/gazebo-demo/install/prius_msgs/include/prius_msgs/prius_msgs/msg/detail
[8.404s] -- Installing: /sbel/gazebo-demo/install/prius_msgs/include/prius_msgs/prius_msgs/msg/detail/dds_fastrtps
[8.404s] -- Installing: /sbel/gazebo-demo/install/prius_msgs/include/prius_msgs/prius_msgs/msg/detail/control__rosidl_typesupport_fastrtps_cpp.hpp
[8.404s] -- Installing: /sbel/gazebo-demo/install/prius_msgs/lib/libprius_msgs__rosidl_typesupport_fastrtps_cpp.so
[8.405s] -- Set runtime path of "/sbel/gazebo-demo/install/prius_msgs/lib/libprius_msgs__rosidl_typesupport_fastrtps_cpp.so" to ""
[8.405s] -- Up-to-date: /sbel/gazebo-demo/install/prius_msgs/include/prius_msgs/prius_msgs
[8.406s] -- Up-to-date: /sbel/gazebo-demo/install/prius_msgs/include/prius_msgs/prius_msgs/msg
[8.406s] -- Installing: /sbel/gazebo-demo/install/prius_msgs/include/prius_msgs/prius_msgs/msg/rosidl_typesupport_introspection_c__visibility_control.h
[8.406s] -- Up-to-date: /sbel/gazebo-demo/install/prius_msgs/include/prius_msgs/prius_msgs/msg/detail
[8.406s] -- Installing: /sbel/gazebo-demo/install/prius_msgs/include/prius_msgs/prius_msgs/msg/detail/control__rosidl_typesupport_introspection_c.h
[8.407s] -- Installing: /sbel/gazebo-demo/install/prius_msgs/include/prius_msgs/prius_msgs/msg/detail/control__type_support.c
[8.407s] -- Installing: /sbel/gazebo-demo/install/prius_msgs/lib/libprius_msgs__rosidl_typesupport_introspection_c.so
[8.408s] -- Set runtime path of "/sbel/gazebo-demo/install/prius_msgs/lib/libprius_msgs__rosidl_typesupport_introspection_c.so" to ""
[8.408s] -- Installing: /sbel/gazebo-demo/install/prius_msgs/lib/libprius_msgs__rosidl_typesupport_c.so
[8.409s] -- Set runtime path of "/sbel/gazebo-demo/install/prius_msgs/lib/libprius_msgs__rosidl_typesupport_c.so" to ""
[8.409s] -- Up-to-date: /sbel/gazebo-demo/install/prius_msgs/include/prius_msgs/prius_msgs
[8.409s] -- Up-to-date: /sbel/gazebo-demo/install/prius_msgs/include/prius_msgs/prius_msgs/msg
[8.409s] -- Up-to-date: /sbel/gazebo-demo/install/prius_msgs/include/prius_msgs/prius_msgs/msg/detail
[8.409s] -- Installing: /sbel/gazebo-demo/install/prius_msgs/include/prius_msgs/prius_msgs/msg/detail/control__type_support.cpp
[8.409s] -- Installing: /sbel/gazebo-demo/install/prius_msgs/include/prius_msgs/prius_msgs/msg/detail/control__rosidl_typesupport_introspection_cpp.hpp
[8.409s] -- Installing: /sbel/gazebo-demo/install/prius_msgs/lib/libprius_msgs__rosidl_typesupport_introspection_cpp.so
[8.410s] -- Set runtime path of "/sbel/gazebo-demo/install/prius_msgs/lib/libprius_msgs__rosidl_typesupport_introspection_cpp.so" to ""
[8.410s] -- Installing: /sbel/gazebo-demo/install/prius_msgs/lib/libprius_msgs__rosidl_typesupport_cpp.so
[8.411s] -- Set runtime path of "/sbel/gazebo-demo/install/prius_msgs/lib/libprius_msgs__rosidl_typesupport_cpp.so" to ""
[8.411s] -- Installing: /sbel/gazebo-demo/install/prius_msgs/share/prius_msgs/environment/pythonpath.sh
[8.411s] -- Installing: /sbel/gazebo-demo/install/prius_msgs/share/prius_msgs/environment/pythonpath.dsv
[8.411s] -- Installing: /sbel/gazebo-demo/install/prius_msgs/local/lib/python3.10/dist-packages/prius_msgs-0.0.1-py3.10.egg-info
[8.412s] -- Installing: /sbel/gazebo-demo/install/prius_msgs/local/lib/python3.10/dist-packages/prius_msgs-0.0.1-py3.10.egg-info/dependency_links.txt
[8.412s] -- Installing: /sbel/gazebo-demo/install/prius_msgs/local/lib/python3.10/dist-packages/prius_msgs-0.0.1-py3.10.egg-info/PKG-INFO
[8.412s] -- Installing: /sbel/gazebo-demo/install/prius_msgs/local/lib/python3.10/dist-packages/prius_msgs-0.0.1-py3.10.egg-info/SOURCES.txt
[8.413s] -- Installing: /sbel/gazebo-demo/install/prius_msgs/local/lib/python3.10/dist-packages/prius_msgs-0.0.1-py3.10.egg-info/top_level.txt
[8.413s] -- Installing: /sbel/gazebo-demo/install/prius_msgs/local/lib/python3.10/dist-packages/prius_msgs
[8.413s] -- Installing: /sbel/gazebo-demo/install/prius_msgs/local/lib/python3.10/dist-packages/prius_msgs/_prius_msgs_s.ep.rosidl_typesupport_fastrtps_c.c
[8.414s] -- Installing: /sbel/gazebo-demo/install/prius_msgs/local/lib/python3.10/dist-packages/prius_msgs/prius_msgs_s__rosidl_typesupport_c.cpython-310-x86_64-linux-gnu.so
[8.414s] -- Installing: /sbel/gazebo-demo/install/prius_msgs/local/lib/python3.10/dist-packages/prius_msgs/__init__.py
[8.415s] -- Installing: /sbel/gazebo-demo/install/prius_msgs/local/lib/python3.10/dist-packages/prius_msgs/libprius_msgs__rosidl_generator_py.so
[8.415s] -- Installing: /sbel/gazebo-demo/install/prius_msgs/local/lib/python3.10/dist-packages/prius_msgs/_prius_msgs_s.ep.rosidl_typesupport_introspection_c.c
[8.415s] -- Installing: /sbel/gazebo-demo/install/prius_msgs/local/lib/python3.10/dist-packages/prius_msgs/prius_msgs_s__rosidl_typesupport_fastrtps_c.cpython-310-x86_64-linux-gnu.so
[8.416s] -- Installing: /sbel/gazebo-demo/install/prius_msgs/local/lib/python3.10/dist-packages/prius_msgs/msg
[8.416s] -- Installing: /sbel/gazebo-demo/install/prius_msgs/local/lib/python3.10/dist-packages/prius_msgs/msg/_control.py
[8.416s] -- Installing: /sbel/gazebo-demo/install/prius_msgs/local/lib/python3.10/dist-packages/prius_msgs/msg/__init__.py
[8.417s] -- Installing: /sbel/gazebo-demo/install/prius_msgs/local/lib/python3.10/dist-packages/prius_msgs/msg/_control_s.c
[8.417s] -- Installing: /sbel/gazebo-demo/install/prius_msgs/local/lib/python3.10/dist-packages/prius_msgs/prius_msgs_s__rosidl_typesupport_introspection_c.cpython-310-x86_64-linux-gnu.so
[8.417s] -- Installing: /sbel/gazebo-demo/install/prius_msgs/local/lib/python3.10/dist-packages/prius_msgs/_prius_msgs_s.ep.rosidl_typesupport_c.c
[8.465s] Listing '/sbel/gazebo-demo/install/prius_msgs/local/lib/python3.10/dist-packages/prius_msgs'...
[8.465s] Compiling '/sbel/gazebo-demo/install/prius_msgs/local/lib/python3.10/dist-packages/prius_msgs/__init__.py'...
[8.465s] Listing '/sbel/gazebo-demo/install/prius_msgs/local/lib/python3.10/dist-packages/prius_msgs/msg'...
[8.465s] Compiling '/sbel/gazebo-demo/install/prius_msgs/local/lib/python3.10/dist-packages/prius_msgs/msg/__init__.py'...
[8.465s] Compiling '/sbel/gazebo-demo/install/prius_msgs/local/lib/python3.10/dist-packages/prius_msgs/msg/_control.py'...
[8.470s] -- Installing: /sbel/gazebo-demo/install/prius_msgs/local/lib/python3.10/dist-packages/prius_msgs/prius_msgs_s__rosidl_typesupport_fastrtps_c.cpython-310-x86_64-linux-gnu.so
[8.471s] -- Set runtime path of "/sbel/gazebo-demo/install/prius_msgs/local/lib/python3.10/dist-packages/prius_msgs/prius_msgs_s__rosidl_typesupport_fastrtps_c.cpython-310-x86_64-linux-gnu.so" to ""
[8.471s] -- Installing: /sbel/gazebo-demo/install/prius_msgs/local/lib/python3.10/dist-packages/prius_msgs/prius_msgs_s__rosidl_typesupport_introspection_c.cpython-310-x86_64-linux-gnu.so
[8.471s] -- Set runtime path of "/sbel/gazebo-demo/install/prius_msgs/local/lib/python3.10/dist-packages/prius_msgs/prius_msgs_s__rosidl_typesupport_introspection_c.cpython-310-x86_64-linux-gnu.so" to ""
[8.471s] -- Installing: /sbel/gazebo-demo/install/prius_msgs/local/lib/python3.10/dist-packages/prius_msgs/prius_msgs_s__rosidl_typesupport_c.cpython-310-x86_64-linux-gnu.so
[8.472s] -- Set runtime path of "/sbel/gazebo-demo/install/prius_msgs/local/lib/python3.10/dist-packages/prius_msgs/prius_msgs_s__rosidl_typesupport_c.cpython-310-x86_64-linux-gnu.so" to ""
[8.472s] -- Installing: /sbel/gazebo-demo/install/prius_msgs/lib/libprius_msgs__rosidl_generator_py.so
[8.472s] -- Set runtime path of "/sbel/gazebo-demo/install/prius_msgs/lib/libprius_msgs__rosidl_generator_py.so" to ""
[8.473s] -- Installing: /sbel/gazebo-demo/install/prius_msgs/share/prius_msgs/msg/Control.idl
[8.473s] -- Installing: /sbel/gazebo-demo/install/prius_msgs/share/prius_msgs/msg/Control.msg
[8.473s] -- Installing: /sbel/gazebo-demo/install/prius_msgs/share/ament_index/resource_index/package_run_dependencies/prius_msgs
[8.473s] -- Installing: /sbel/gazebo-demo/install/prius_msgs/share/ament_index/resource_index/parent_prefix_path/prius_msgs
[8.473s] -- Installing: /sbel/gazebo-demo/install/prius_msgs/share/prius_msgs/environment/ament_prefix_path.sh
[8.474s] -- Installing: /sbel/gazebo-demo/install/prius_msgs/share/prius_msgs/environment/ament_prefix_path.dsv
[8.474s] -- Installing: /sbel/gazebo-demo/install/prius_msgs/share/prius_msgs/environment/path.sh
[8.474s] -- Installing: /sbel/gazebo-demo/install/prius_msgs/share/prius_msgs/environment/path.dsv
[8.474s] -- Installing: /sbel/gazebo-demo/install/prius_msgs/share/prius_msgs/local_setup.bash
[8.475s] -- Installing: /sbel/gazebo-demo/install/prius_msgs/share/prius_msgs/local_setup.sh
[8.475s] -- Installing: /sbel/gazebo-demo/install/prius_msgs/share/prius_msgs/local_setup.zsh
[8.475s] -- Installing: /sbel/gazebo-demo/install/prius_msgs/share/prius_msgs/local_setup.dsv
[8.475s] -- Installing: /sbel/gazebo-demo/install/prius_msgs/share/prius_msgs/package.dsv
[8.475s] -- Installing: /sbel/gazebo-demo/install/prius_msgs/share/ament_index/resource_index/packages/prius_msgs
[8.476s] -- Installing: /sbel/gazebo-demo/install/prius_msgs/share/prius_msgs/cmake/export_prius_msgs__rosidl_generator_cExport.cmake
[8.476s] -- Installing: /sbel/gazebo-demo/install/prius_msgs/share/prius_msgs/cmake/export_prius_msgs__rosidl_generator_cExport-noconfig.cmake
[8.476s] -- Installing: /sbel/gazebo-demo/install/prius_msgs/share/prius_msgs/cmake/export_prius_msgs__rosidl_typesupport_fastrtps_cExport.cmake
[8.476s] -- Installing: /sbel/gazebo-demo/install/prius_msgs/share/prius_msgs/cmake/export_prius_msgs__rosidl_typesupport_fastrtps_cExport-noconfig.cmake
[8.477s] -- Installing: /sbel/gazebo-demo/install/prius_msgs/share/prius_msgs/cmake/export_prius_msgs__rosidl_generator_cppExport.cmake
[8.477s] -- Installing: /sbel/gazebo-demo/install/prius_msgs/share/prius_msgs/cmake/export_prius_msgs__rosidl_typesupport_fastrtps_cppExport.cmake
[8.477s] -- Installing: /sbel/gazebo-demo/install/prius_msgs/share/prius_msgs/cmake/export_prius_msgs__rosidl_typesupport_fastrtps_cppExport-noconfig.cmake
[8.477s] -- Installing: /sbel/gazebo-demo/install/prius_msgs/share/prius_msgs/cmake/prius_msgs__rosidl_typesupport_introspection_cExport.cmake
[8.477s] -- Installing: /sbel/gazebo-demo/install/prius_msgs/share/prius_msgs/cmake/prius_msgs__rosidl_typesupport_introspection_cExport-noconfig.cmake
[8.478s] -- Installing: /sbel/gazebo-demo/install/prius_msgs/share/prius_msgs/cmake/prius_msgs__rosidl_typesupport_cExport.cmake
[8.478s] -- Installing: /sbel/gazebo-demo/install/prius_msgs/share/prius_msgs/cmake/prius_msgs__rosidl_typesupport_cExport-noconfig.cmake
[8.478s] -- Installing: /sbel/gazebo-demo/install/prius_msgs/share/prius_msgs/cmake/prius_msgs__rosidl_typesupport_introspection_cppExport.cmake
[8.478s] -- Installing: /sbel/gazebo-demo/install/prius_msgs/share/prius_msgs/cmake/prius_msgs__rosidl_typesupport_introspection_cppExport-noconfig.cmake
[8.479s] -- Installing: /sbel/gazebo-demo/install/prius_msgs/share/prius_msgs/cmake/prius_msgs__rosidl_typesupport_cppExport.cmake
[8.479s] -- Installing: /sbel/gazebo-demo/install/prius_msgs/share/prius_msgs/cmake/prius_msgs__rosidl_typesupport_cppExport-noconfig.cmake
[8.479s] -- Installing: /sbel/gazebo-demo/install/prius_msgs/share/prius_msgs/cmake/export_prius_msgs__rosidl_generator_pyExport.cmake
[8.480s] -- Installing: /sbel/gazebo-demo/install/prius_msgs/share/prius_msgs/cmake/export_prius_msgs__rosidl_generator_pyExport-noconfig.cmake
[8.480s] -- Installing: /sbel/gazebo-demo/install/prius_msgs/share/prius_msgs/cmake/rosidl_cmake-extras.cmake
[8.480s] -- Installing: /sbel/gazebo-demo/install/prius_msgs/share/prius_msgs/cmake/ament_cmake_export_dependencies-extras.cmake
[8.480s] -- Installing: /sbel/gazebo-demo/install/prius_msgs/share/prius_msgs/cmake/ament_cmake_export_include_directories-extras.cmake
[8.481s] -- Installing: /sbel/gazebo-demo/install/prius_msgs/share/prius_msgs/cmake/ament_cmake_export_libraries-extras.cmake
[8.481s] -- Installing: /sbel/gazebo-demo/install/prius_msgs/share/prius_msgs/cmake/ament_cmake_export_targets-extras.cmake
[8.481s] -- Installing: /sbel/gazebo-demo/install/prius_msgs/share/prius_msgs/cmake/rosidl_cmake_export_typesupport_targets-extras.cmake
[8.482s] -- Installing: /sbel/gazebo-demo/install/prius_msgs/share/prius_msgs/cmake/rosidl_cmake_export_typesupport_libraries-extras.cmake
[8.482s] -- Installing: /sbel/gazebo-demo/install/prius_msgs/share/prius_msgs/cmake/prius_msgsConfig.cmake
[8.483s] -- Installing: /sbel/gazebo-demo/install/prius_msgs/share/prius_msgs/cmake/prius_msgsConfig-version.cmake
[8.483s] -- Installing: /sbel/gazebo-demo/install/prius_msgs/share/prius_msgs/package.xml
[8.487s] Invoked command in '/sbel/gazebo-demo/build/prius_msgs' returned '0': CMAKE_PREFIX_PATH=${CMAKE_PREFIX_PATH}:/opt/ros/humble /usr/bin/cmake --install /sbel/gazebo-demo/build/prius_msgs
