[0.000000] (-) TimerEvent: {}
[0.000272] (prius_description) JobQueued: {'identifier': 'prius_description', 'dependencies': OrderedDict()}
[0.000328] (prius_msgs) JobQueued: {'identifier': 'prius_msgs', 'dependencies': OrderedDict()}
[0.000361] (car_demo) JobQueued: {'identifier': 'car_demo', 'dependencies': OrderedDict([('prius_description', '/sbel/gazebo-demo/install/prius_description'), ('prius_msgs', '/sbel/gazebo-demo/install/prius_msgs')])}
[0.000414] (prius_description) JobStarted: {'identifier': 'prius_description'}
[0.039542] (prius_msgs) JobStarted: {'identifier': 'prius_msgs'}
[0.077389] (prius_description) JobProgress: {'identifier': 'prius_description', 'progress': 'cmake'}
[0.077563] (prius_description) Command: {'cmd': ['/usr/bin/cmake', '/sbel/gazebo-demo/prius_description', '-DAMENT_CMAKE_SYMLINK_INSTALL=1', '-DCMAKE_INSTALL_PREFIX=/sbel/gazebo-demo/install/prius_description'], 'cwd': '/sbel/gazebo-demo/build/prius_description', 'env': OrderedDict([('LANGUAGE', 'en_US:en'), ('HOSTNAME', '8badff0a978e'), ('SSH_AGENT_PID', '994'), ('SHLVL', '1'), ('LD_LIBRARY_PATH', '/chrono_ros_interfaces/install/chrono_ros_interfaces/lib:/opt/ros/humble/opt/rviz_ogre_vendor/lib:/opt/ros/humble/lib/x86_64-linux-gnu:/opt/ros/humble/lib'), ('HOME', '/sbel'), ('NO_VNC_PORT', '6901'), ('OLDPWD', '/sbel'), ('STARTUPDIR', '/dockerstartup'), ('ROS_PYTHON_VERSION', '3'), ('VNC_COL_DEPTH', '24'), ('COLCON_PREFIX_PATH', '/chrono_ros_interfaces/install'), ('ROS_DISTRO', 'humble'), ('_', '/usr/bin/colcon'), ('ROS_VERSION', '2'), ('NO_VNC_HOME', '/sbel/noVNC'), ('TERM', 'xterm'), ('ROS_LOCALHOST_ONLY', '0'), ('PATH', '/opt/ros/humble/bin:/usr/local/sbin:/usr/local/bin:/usr/sbin:/usr/bin:/sbin:/bin'), ('DISPLAY', ':1'), ('LANG', 'en_US.UTF-8'), ('SSH_AUTH_SOCK', '/tmp/ssh-XXXXXXIYocdq/agent.993'), ('AMENT_PREFIX_PATH', '/chrono_ros_interfaces/install/chrono_ros_interfaces:/opt/ros/humble'), ('DEBIAN_FRONTEND', 'noninteractive'), ('PWD', '/sbel/gazebo-demo/build/prius_description'), ('VNC_RESOLUTION', '1600x900'), ('LC_ALL', 'en_US.UTF-8'), ('PYTHONPATH', '/chrono_ros_interfaces/install/chrono_ros_interfaces/local/lib/python3.10/dist-packages:/opt/ros/humble/lib/python3.10/site-packages:/opt/ros/humble/local/lib/python3.10/dist-packages'), ('VNC_PW', 'sbel'), ('COLCON', '1'), ('CMAKE_PREFIX_PATH', '/chrono_ros_interfaces/install/chrono_ros_interfaces:/opt/ros/humble'), ('VNC_PORT', '5901')]), 'shell': False}
[0.079582] (prius_msgs) JobProgress: {'identifier': 'prius_msgs', 'progress': 'cmake'}
[0.079800] (prius_msgs) Command: {'cmd': ['/usr/bin/cmake', '/sbel/gazebo-demo/prius_msgs', '-DAMENT_CMAKE_SYMLINK_INSTALL=1', '-DCMAKE_INSTALL_PREFIX=/sbel/gazebo-demo/install/prius_msgs'], 'cwd': '/sbel/gazebo-demo/build/prius_msgs', 'env': OrderedDict([('LANGUAGE', 'en_US:en'), ('HOSTNAME', '8badff0a978e'), ('SSH_AGENT_PID', '994'), ('SHLVL', '1'), ('LD_LIBRARY_PATH', '/chrono_ros_interfaces/install/chrono_ros_interfaces/lib:/opt/ros/humble/opt/rviz_ogre_vendor/lib:/opt/ros/humble/lib/x86_64-linux-gnu:/opt/ros/humble/lib'), ('HOME', '/sbel'), ('NO_VNC_PORT', '6901'), ('OLDPWD', '/sbel'), ('STARTUPDIR', '/dockerstartup'), ('ROS_PYTHON_VERSION', '3'), ('VNC_COL_DEPTH', '24'), ('COLCON_PREFIX_PATH', '/chrono_ros_interfaces/install'), ('ROS_DISTRO', 'humble'), ('_', '/usr/bin/colcon'), ('ROS_VERSION', '2'), ('NO_VNC_HOME', '/sbel/noVNC'), ('TERM', 'xterm'), ('ROS_LOCALHOST_ONLY', '0'), ('PATH', '/opt/ros/humble/bin:/usr/local/sbin:/usr/local/bin:/usr/sbin:/usr/bin:/sbin:/bin'), ('DISPLAY', ':1'), ('LANG', 'en_US.UTF-8'), ('SSH_AUTH_SOCK', '/tmp/ssh-XXXXXXIYocdq/agent.993'), ('AMENT_PREFIX_PATH', '/chrono_ros_interfaces/install/chrono_ros_interfaces:/opt/ros/humble'), ('DEBIAN_FRONTEND', 'noninteractive'), ('PWD', '/sbel/gazebo-demo/build/prius_msgs'), ('VNC_RESOLUTION', '1600x900'), ('LC_ALL', 'en_US.UTF-8'), ('PYTHONPATH', '/chrono_ros_interfaces/install/chrono_ros_interfaces/local/lib/python3.10/dist-packages:/opt/ros/humble/lib/python3.10/site-packages:/opt/ros/humble/local/lib/python3.10/dist-packages'), ('VNC_PW', 'sbel'), ('COLCON', '1'), ('CMAKE_PREFIX_PATH', '/chrono_ros_interfaces/install/chrono_ros_interfaces:/opt/ros/humble'), ('VNC_PORT', '5901')]), 'shell': False}
[0.099763] (-) TimerEvent: {}
[0.119786] (prius_msgs) StdoutLine: {'line': b'-- The C compiler identification is GNU 11.4.0\n'}
[0.119990] (prius_description) StdoutLine: {'line': b'-- The C compiler identification is GNU 11.4.0\n'}
[0.159638] (prius_description) StdoutLine: {'line': b'-- The CXX compiler identification is GNU 11.4.0\n'}
[0.159834] (prius_msgs) StdoutLine: {'line': b'-- The CXX compiler identification is GNU 11.4.0\n'}
[0.165100] (prius_msgs) StdoutLine: {'line': b'-- Detecting C compiler ABI info\n'}
[0.165207] (prius_description) StdoutLine: {'line': b'-- Detecting C compiler ABI info\n'}
[0.199865] (-) TimerEvent: {}
[0.216809] (prius_msgs) StdoutLine: {'line': b'-- Detecting C compiler ABI info - done\n'}
[0.216992] (prius_description) StdoutLine: {'line': b'-- Detecting C compiler ABI info - done\n'}
[0.221299] (prius_msgs) StdoutLine: {'line': b'-- Check for working C compiler: /usr/bin/cc - skipped\n'}
[0.221479] (prius_msgs) StdoutLine: {'line': b'-- Detecting C compile features\n'}
[0.221735] (prius_msgs) StdoutLine: {'line': b'-- Detecting C compile features - done\n'}
[0.222000] (prius_description) StdoutLine: {'line': b'-- Check for working C compiler: /usr/bin/cc - skipped\n'}
[0.222179] (prius_description) StdoutLine: {'line': b'-- Detecting C compile features\n'}
[0.222429] (prius_description) StdoutLine: {'line': b'-- Detecting C compile features - done\n'}
[0.223947] (prius_msgs) StdoutLine: {'line': b'-- Detecting CXX compiler ABI info\n'}
[0.224567] (prius_description) StdoutLine: {'line': b'-- Detecting CXX compiler ABI info\n'}
[0.282618] (prius_description) StdoutLine: {'line': b'-- Detecting CXX compiler ABI info - done\n'}
[0.282902] (prius_msgs) StdoutLine: {'line': b'-- Detecting CXX compiler ABI info - done\n'}
[0.287460] (prius_description) StdoutLine: {'line': b'-- Check for working CXX compiler: /usr/bin/c++ - skipped\n'}
[0.287702] (prius_description) StdoutLine: {'line': b'-- Detecting CXX compile features\n'}
[0.287805] (prius_msgs) StdoutLine: {'line': b'-- Check for working CXX compiler: /usr/bin/c++ - skipped\n'}
[0.287942] (prius_msgs) StdoutLine: {'line': b'-- Detecting CXX compile features\n'}
[0.288134] (prius_description) StdoutLine: {'line': b'-- Detecting CXX compile features - done\n'}
[0.288244] (prius_msgs) StdoutLine: {'line': b'-- Detecting CXX compile features - done\n'}
[0.296274] (prius_msgs) StdoutLine: {'line': b'-- Found ament_cmake: 1.3.5 (/opt/ros/humble/share/ament_cmake/cmake)\n'}
[0.296360] (prius_description) StdoutLine: {'line': b'-- Found ament_cmake: 1.3.5 (/opt/ros/humble/share/ament_cmake/cmake)\n'}
[0.299920] (-) TimerEvent: {}
[0.400108] (-) TimerEvent: {}
[0.421523] (prius_msgs) StdoutLine: {'line': b'-- Found Python3: /usr/bin/python3.10 (found version "3.10.12") found components: Interpreter \n'}
[0.421713] (prius_description) StdoutLine: {'line': b'-- Found Python3: /usr/bin/python3.10 (found version "3.10.12") found components: Interpreter \n'}
[0.469298] (prius_description) StdoutLine: {'line': b'-- Override CMake install command with custom implementation using symlinks instead of copying resources\n'}
[0.469477] (prius_msgs) StdoutLine: {'line': b'-- Override CMake install command with custom implementation using symlinks instead of copying resources\n'}
[0.500178] (-) TimerEvent: {}
[0.504928] (prius_msgs) StdoutLine: {'line': b'-- Found builtin_interfaces: 1.2.1 (/opt/ros/humble/share/builtin_interfaces/cmake)\n'}
[0.517106] (prius_description) StderrLine: {'line': b'\x1b[31mCMake Error at CMakeLists.txt:5 (find_package):\n'}
[0.517249] (prius_description) StderrLine: {'line': b'  By not providing "Findxacro.cmake" in CMAKE_MODULE_PATH this project has\n'}
[0.517315] (prius_description) StderrLine: {'line': b'  asked CMake to find a package configuration file provided by "xacro", but\n'}
[0.517372] (prius_description) StderrLine: {'line': b'  CMake did not find one.\n'}
[0.517425] (prius_description) StderrLine: {'line': b'\n'}
[0.517484] (prius_description) StderrLine: {'line': b'  Could not find a package configuration file provided by "xacro" with any of\n'}
[0.517536] (prius_description) StderrLine: {'line': b'  the following names:\n'}
[0.517589] (prius_description) StderrLine: {'line': b'\n'}
[0.517640] (prius_description) StderrLine: {'line': b'    xacroConfig.cmake\n'}
[0.517690] (prius_description) StderrLine: {'line': b'    xacro-config.cmake\n'}
[0.517741] (prius_description) StderrLine: {'line': b'\n'}
[0.517790] (prius_description) StderrLine: {'line': b'  Add the installation prefix of "xacro" to CMAKE_PREFIX_PATH or set\n'}
[0.517842] (prius_description) StderrLine: {'line': b'  "xacro_DIR" to a directory containing one of the above files.  If "xacro"\n'}
[0.517893] (prius_description) StderrLine: {'line': b'  provides a separate development package or SDK, be sure it has been\n'}
[0.517934] (prius_description) StderrLine: {'line': b'  installed.\n'}
[0.517974] (prius_description) StderrLine: {'line': b'\n'}
[0.518013] (prius_description) StderrLine: {'line': b'\x1b[0m\n'}
[0.518052] (prius_description) StdoutLine: {'line': b'-- Configuring incomplete, errors occurred!\n'}
[0.518097] (prius_description) StdoutLine: {'line': b'See also "/sbel/gazebo-demo/build/prius_description/CMakeFiles/CMakeOutput.log".\n'}
[0.520776] (prius_description) CommandEnded: {'returncode': 1}
[0.541059] (prius_msgs) StdoutLine: {'line': b'-- Found rosidl_generator_c: 3.1.5 (/opt/ros/humble/share/rosidl_generator_c/cmake)\n'}
[0.546068] (prius_msgs) StdoutLine: {'line': b'-- Found rosidl_adapter: 3.1.5 (/opt/ros/humble/share/rosidl_adapter/cmake)\n'}
[0.555033] (prius_msgs) StdoutLine: {'line': b'-- Found rosidl_generator_cpp: 3.1.5 (/opt/ros/humble/share/rosidl_generator_cpp/cmake)\n'}
[0.558916] (prius_description) JobEnded: {'identifier': 'prius_description', 'rc': 1}
[0.569743] (prius_msgs) StdoutLine: {'line': b'-- Using all available rosidl_typesupport_c: rosidl_typesupport_fastrtps_c;rosidl_typesupport_introspection_c\n'}
[0.588919] (prius_msgs) StdoutLine: {'line': b'-- Using all available rosidl_typesupport_cpp: rosidl_typesupport_fastrtps_cpp;rosidl_typesupport_introspection_cpp\n'}
[0.600237] (-) TimerEvent: {}
[0.604584] (prius_msgs) StdoutLine: {'line': b'-- Found rosidl_default_generators: 1.2.0 (/opt/ros/humble/share/rosidl_default_generators/cmake)\n'}
[0.613295] (prius_msgs) StdoutLine: {'line': b'-- Found std_msgs: 4.2.3 (/opt/ros/humble/share/std_msgs/cmake)\n'}
[0.700340] (-) TimerEvent: {}
[0.800882] (-) TimerEvent: {}
[0.821775] (prius_msgs) StdoutLine: {'line': b'-- Found ament_cmake_cppcheck: 0.12.8 (/opt/ros/humble/share/ament_cmake_cppcheck/cmake)\n'}
[0.824197] (prius_msgs) StdoutLine: {'line': b'-- Found ament_cmake_cpplint: 0.12.8 (/opt/ros/humble/share/ament_cmake_cpplint/cmake)\n'}
[0.825857] (prius_msgs) StdoutLine: {'line': b'-- Found ament_cmake_uncrustify: 0.12.8 (/opt/ros/humble/share/ament_cmake_uncrustify/cmake)\n'}
[0.828377] (prius_msgs) StdoutLine: {'line': b'-- Found ament_cmake_ros: 0.10.0 (/opt/ros/humble/share/ament_cmake_ros/cmake)\n'}
[0.901221] (-) TimerEvent: {}
[1.001437] (-) TimerEvent: {}
[1.085943] (prius_msgs) StdoutLine: {'line': b'-- Using all available rosidl_typesupport_c: rosidl_typesupport_fastrtps_c;rosidl_typesupport_introspection_c\n'}
[1.101511] (-) TimerEvent: {}
[1.184967] (prius_msgs) StdoutLine: {'line': b'-- Using all available rosidl_typesupport_cpp: rosidl_typesupport_fastrtps_cpp;rosidl_typesupport_introspection_cpp\n'}
[1.201591] (-) TimerEvent: {}
[1.202021] (prius_msgs) StdoutLine: {'line': b'-- Found PythonInterp: /usr/bin/python3 (found suitable version "3.10.12", minimum required is "3.6") \n'}
[1.203593] (prius_msgs) StdoutLine: {'line': b'-- Found python_cmake_module: 0.10.0 (/opt/ros/humble/share/python_cmake_module/cmake)\n'}
[1.223875] (prius_msgs) StdoutLine: {'line': b'-- Found PythonLibs: /usr/lib/x86_64-linux-gnu/libpython3.10.so (found suitable version "3.10.12", minimum required is "3.5") \n'}
[1.223989] (prius_msgs) StdoutLine: {'line': b'-- Using PYTHON_EXECUTABLE: /usr/bin/python3\n'}
[1.224060] (prius_msgs) StdoutLine: {'line': b'-- Using PYTHON_INCLUDE_DIRS: /usr/include/python3.10\n'}
[1.224113] (prius_msgs) StdoutLine: {'line': b'-- Using PYTHON_LIBRARIES: /usr/lib/x86_64-linux-gnu/libpython3.10.so\n'}
[1.238660] (prius_msgs) StdoutLine: {'line': b'-- Found PythonExtra: .so  \n'}
[1.274538] (prius_msgs) StdoutLine: {'line': b'-- Found ament_cmake_flake8: 0.12.8 (/opt/ros/humble/share/ament_cmake_flake8/cmake)\n'}
[1.276569] (prius_msgs) StdoutLine: {'line': b'-- Found ament_cmake_pep257: 0.12.8 (/opt/ros/humble/share/ament_cmake_pep257/cmake)\n'}
[1.289070] (prius_msgs) StdoutLine: {'line': b'-- Configuring done\n'}
[1.301668] (-) TimerEvent: {}
[1.320723] (prius_msgs) StdoutLine: {'line': b'-- Generating done\n'}
[1.323201] (prius_msgs) StdoutLine: {'line': b'-- Build files have been written to: /sbel/gazebo-demo/build/prius_msgs\n'}
[1.328371] (prius_msgs) JobEnded: {'identifier': 'prius_msgs', 'rc': 'SIGINT'}
[1.338739] (car_demo) JobSkipped: {'identifier': 'car_demo'}
[1.338798] (-) EventReactorShutdown: {}
